2024-07-20 13:56:29,516 [INFO] Activator:176 - 


2024-07-20 13:56:29,521 [INFO] Activator:177 - !SESSION log4j initialized
2024-07-20 13:56:35,363 [INFO] LogOutputStream:77 - [STDOUT_REDIRECT] 
2024-07-20 13:56:42,089 [INFO] ApplicationProperties:184 - Using Application install path: C:\ST\STM32CubeIDE_1.12.1\STM32CubeIDE\plugins\com.st.stm32cube.common.mx_6.11.0.202403141607
2024-07-20 13:56:42,111 [INFO] DbMcusXml:78 - Set database path to: C:\ST\STM32CubeIDE_1.12.1\STM32CubeIDE\plugins\com.st.stm32cube.common.mx_6.11.0.202403141607\\db\/mcu/
2024-07-20 13:56:42,113 [INFO] ApiDb:274 - Set plugin database path to: C:\ST\STM32CubeIDE_1.12.1\STM32CubeIDE\plugins\com.st.stm32cube.common.mx_6.11.0.202403141607\\db\/plugins/boardmanager/
2024-07-20 13:56:42,113 [WARN] ApiDb:259 - Overriding images path with different value:  => C:\ST\STM32CubeIDE_1.12.1\STM32CubeIDE\plugins\com.st.stm32cube.common.mx_6.11.0.202403141607\\db\/plugins/mcufinder/images/
2024-07-20 13:56:42,127 [INFO] ApiDb:250 - Set database path to: C:\Users\kha\.stmcufinder\plugins\mcufinder//mcu/
2024-07-20 13:56:42,129 [INFO] DbMcusAds:125 - Set database path to: C:\Users\kha\.stmcufinder\plugins\mcufinder//mcu/
2024-07-20 13:56:42,688 [INFO] CrossReferenceDbSqlite:203 - Set database path to: C:\Users\kha\.stmcufinder\plugins\mcufinder//mcu/cs/
2024-07-20 13:56:42,887 [INFO] RulesReader:64 - Compatibility file has been processed (297 Rules)
2024-07-20 13:56:43,017 [INFO] DbMcusXml:78 - Set database path to: C:\ST\STM32CubeIDE_1.12.1\STM32CubeIDE\plugins\com.st.stm32cube.common.mx_6.11.0.202403141607\\db\/mcu/
2024-07-20 13:56:43,018 [INFO] ApiDb:274 - Set plugin database path to: C:\ST\STM32CubeIDE_1.12.1\STM32CubeIDE\plugins\com.st.stm32cube.common.mx_6.11.0.202403141607\\db\/plugins/boardmanager/
2024-07-20 13:56:43,018 [INFO] ApiDb:261 - Set plugin images path to: C:\ST\STM32CubeIDE_1.12.1\STM32CubeIDE\plugins\com.st.stm32cube.common.mx_6.11.0.202403141607\\db\/plugins/mcufinder/images/
2024-07-20 13:56:43,018 [WARN] DbFile:41 - Overriding database path with different value: C:\Users\kha\.stmcufinder\plugins\mcufinder/ => C:\Users\kha\.stmcufinder\plugins\mcufinder
2024-07-20 13:56:43,018 [INFO] ApiDb:250 - Set database path to: C:\Users\kha\.stmcufinder\plugins\mcufinder//mcu/
2024-07-20 13:56:43,018 [WARN] DbFile:41 - Overriding database path with different value: C:\Users\kha\.stmcufinder\plugins\mcufinder/ => C:\Users\kha\.stmcufinder\plugins\mcufinder
2024-07-20 13:56:43,019 [INFO] DbMcusAds:125 - Set database path to: C:\Users\kha\.stmcufinder\plugins\mcufinder//mcu/
2024-07-20 13:56:43,019 [WARN] DbFile:41 - Overriding database path with different value: C:\Users\kha\.stmcufinder\plugins\mcufinder/ => C:\Users\kha\.stmcufinder\plugins\mcufinder
2024-07-20 13:56:43,019 [WARN] DbFile:41 - Overriding database path with different value: C:\Users\kha\.stmcufinder\plugins\mcufinder/ => C:\Users\kha\.stmcufinder\plugins\mcufinder
2024-07-20 13:56:43,688 [INFO] CrossReferenceDbSqlite:203 - Set database path to: C:\Users\kha\.stmcufinder\plugins\mcufinder//mcu/cs/
2024-07-20 13:56:43,811 [INFO] MainPanel:264 - HeapMemory: 268435456
2024-07-20 13:56:43,937 [INFO] DbMcusXml:78 - Set database path to: C:\ST\STM32CubeIDE_1.12.1\STM32CubeIDE\plugins\com.st.stm32cube.common.mx_6.11.0.202403141607\\db\/mcu/
2024-07-20 13:56:43,937 [INFO] ApiDb:274 - Set plugin database path to: C:\ST\STM32CubeIDE_1.12.1\STM32CubeIDE\plugins\com.st.stm32cube.common.mx_6.11.0.202403141607\\db\/plugins/boardmanager/
2024-07-20 13:56:43,937 [INFO] ApiDb:261 - Set plugin images path to: C:\ST\STM32CubeIDE_1.12.1\STM32CubeIDE\plugins\com.st.stm32cube.common.mx_6.11.0.202403141607\\db\/plugins/mcufinder/images/
2024-07-20 13:56:43,937 [WARN] DbFile:41 - Overriding database path with different value: C:\Users\kha\.stmcufinder\plugins\mcufinder/ => C:\Users\kha\.stmcufinder\plugins\mcufinder
2024-07-20 13:56:43,937 [INFO] ApiDb:250 - Set database path to: C:\Users\kha\.stmcufinder\plugins\mcufinder//mcu/
2024-07-20 13:56:43,937 [WARN] DbFile:41 - Overriding database path with different value: C:\Users\kha\.stmcufinder\plugins\mcufinder/ => C:\Users\kha\.stmcufinder\plugins\mcufinder
2024-07-20 13:56:43,938 [INFO] DbMcusAds:125 - Set database path to: C:\Users\kha\.stmcufinder\plugins\mcufinder//mcu/
2024-07-20 13:56:43,938 [WARN] DbFile:41 - Overriding database path with different value: C:\Users\kha\.stmcufinder\plugins\mcufinder/ => C:\Users\kha\.stmcufinder\plugins\mcufinder
2024-07-20 13:56:43,938 [WARN] DbFile:41 - Overriding database path with different value: C:\Users\kha\.stmcufinder\plugins\mcufinder/ => C:\Users\kha\.stmcufinder\plugins\mcufinder
2024-07-20 13:56:44,688 [INFO] CrossReferenceDbSqlite:203 - Set database path to: C:\Users\kha\.stmcufinder\plugins\mcufinder//mcu/cs/
2024-07-20 13:56:44,708 [INFO] ApplicationProperties:184 - Using Application install path: C:\ST\STM32CubeIDE_1.12.1\STM32CubeIDE\plugins\com.st.stm32cube.common.mx_6.11.0.202403141607
2024-07-20 13:56:44,709 [INFO] PluginManage:196 - Search for loadable plugins [exclusion list=, ]
2024-07-20 13:56:44,711 [INFO] PluginManage:310 - Check plugin analytics
2024-07-20 13:56:45,781 [INFO] AnalyticsPlugin:253 - Accepted Software Licenses: 
2024-07-20 13:56:45,781 [INFO] AnalyticsPlugin:255 - Accepted CMSIS Pack Licenses: STMicroelectronics.X-CUBE-AI.9.0.0
2024-07-20 13:56:45,782 [INFO] AnalyticsPlugin:257 - Accepted Firmware Licenses: 
2024-07-20 13:56:45,786 [INFO] PluginManage:359 - Loaded plugin analytics (category:tool,tabindex:-1)
2024-07-20 13:56:45,786 [INFO] PluginManage:310 - Check plugin cadmodel
2024-07-20 13:56:45,795 [INFO] CADModel:105 - Init CAD model plugin
2024-07-20 13:56:45,795 [INFO] PluginManage:359 - Loaded plugin cadmodel (category:power,tabindex:5)
2024-07-20 13:56:45,796 [INFO] PluginManage:310 - Check plugin clock
2024-07-20 13:56:45,813 [INFO] PluginManage:359 - Loaded plugin clock (category:base,tabindex:2)
2024-07-20 13:56:45,813 [INFO] PluginManage:310 - Check plugin ddr
2024-07-20 13:56:45,816 [INFO] PluginManage:359 - Loaded plugin ddr (category:tool,tabindex:6)
2024-07-20 13:56:45,816 [INFO] PluginManage:310 - Check plugin filemanager
2024-07-20 13:56:45,962 [INFO] PluginManage:359 - Loaded plugin filemanager (category:base,tabindex:10)
2024-07-20 13:56:45,962 [INFO] PluginManage:310 - Check plugin ipmanager
2024-07-20 13:56:45,970 [INFO] PluginManage:359 - Loaded plugin ipmanager (category:base,tabindex:5)
2024-07-20 13:56:45,970 [INFO] PluginManage:310 - Check plugin lpbam
2024-07-20 13:56:45,979 [INFO] PluginManage:359 - Loaded plugin lpbam (category:base,tabindex:0)
2024-07-20 13:56:45,979 [INFO] PluginManage:310 - Check plugin memorymap
2024-07-20 13:56:45,992 [INFO] PluginManage:359 - Loaded plugin memorymap (category:base,tabindex:4)
2024-07-20 13:56:45,992 [INFO] PluginManage:310 - Check plugin pinoutandconfiguration
2024-07-20 13:56:46,000 [INFO] PluginManage:359 - Loaded plugin pinoutandconfiguration (category:base,tabindex:1)
2024-07-20 13:56:46,000 [INFO] PluginManage:310 - Check plugin pinoutconfig
2024-07-20 13:56:46,077 [WARN] SupportedApi:132 - Cannot load RTOS API schema: s4s-elt-must-match.1: The content of 'definitions' must match (annotation?, (simpleType | complexType)?, (unique | key | keyref)*)). A problem was found starting at: attribute.
2024-07-20 13:56:46,214 [INFO] PluginManage:359 - Loaded plugin pinoutconfig (category:base,tabindex:0)
2024-07-20 13:56:46,214 [INFO] PluginManage:310 - Check plugin power
2024-07-20 13:56:46,225 [INFO] PluginManage:359 - Loaded plugin power (category:power,tabindex:4)
2024-07-20 13:56:46,225 [INFO] PluginManage:310 - Check plugin projectmanager
2024-07-20 13:56:46,247 [INFO] PluginManage:359 - Loaded plugin projectmanager (category:projectmanager,tabindex:3)
2024-07-20 13:56:46,247 [INFO] PluginManage:310 - Check plugin thirdparty
2024-07-20 13:56:46,433 [INFO] PluginManage:359 - Loaded plugin thirdparty (category:base,tabindex:-1)
2024-07-20 13:56:46,433 [WARN] IntegrityCheckThread:84 - waiting for thirdparty lock release [integrity check]
2024-07-20 13:56:46,433 [INFO] IntegrityCheckThread:86 - entering critical section [integrity check]
2024-07-20 13:56:46,433 [INFO] PluginManage:310 - Check plugin tools
2024-07-20 13:56:46,433 [INFO] ThirdPartyUpdaterWithRetryManager:70 - Updater plugin not ready yet. [1/15]
2024-07-20 13:56:46,437 [INFO] PluginManage:359 - Loaded plugin tools (category:base,tabindex:7)
2024-07-20 13:56:46,437 [INFO] PluginManage:310 - Check plugin tutovideos
2024-07-20 13:56:46,637 [INFO] PluginManage:359 - Loaded plugin tutovideos (category:base,tabindex:-1)
2024-07-20 13:56:46,637 [INFO] PluginManage:310 - Check plugin updater
2024-07-20 13:56:46,650 [INFO] PluginManage:359 - Loaded plugin updater (category:base,tabindex:12)
2024-07-20 13:56:46,652 [INFO] PluginManage:310 - Check plugin userauth
2024-07-20 13:56:46,656 [INFO] UserAuth:114 - Init User Auth plugin
2024-07-20 13:56:46,657 [INFO] PluginManage:359 - Loaded plugin userauth (category:base,tabindex:14)
2024-07-20 13:56:46,657 [INFO] PluginManage:283 - PluginManage : Loaded plugins [17]
2024-07-20 13:56:46,876 [INFO] PinOutPanel:1561 - setPackage(No Configuration,No Configuration)
2024-07-20 13:56:46,955 [INFO] CADModel:165 - CPN selected for project level
2024-07-20 13:56:46,955 [INFO] CADModel:114 - Register for checkConnection events
2024-07-20 13:56:46,971 [INFO] IPUIPlugin:80 - create IPUIPlugin
2024-07-20 13:56:46,971 [INFO] PluginManager:220 - loadIPPluginJar : add adc
2024-07-20 13:56:46,974 [INFO] IPUIPlugin:80 - create IPUIPlugin
2024-07-20 13:56:46,974 [INFO] PluginManager:220 - loadIPPluginJar : add aes
2024-07-20 13:56:46,976 [INFO] IPUIPlugin:80 - create IPUIPlugin
2024-07-20 13:56:46,977 [INFO] PluginManager:220 - loadIPPluginJar : add can
2024-07-20 13:56:46,978 [INFO] IPUIPlugin:80 - create IPUIPlugin
2024-07-20 13:56:46,978 [INFO] PluginManager:220 - loadIPPluginJar : add comp
2024-07-20 13:56:46,981 [INFO] IPUIPlugin:80 - create IPUIPlugin
2024-07-20 13:56:46,982 [INFO] PluginManager:220 - loadIPPluginJar : add cryp
2024-07-20 13:56:46,984 [INFO] IPUIPlugin:80 - create IPUIPlugin
2024-07-20 13:56:46,984 [INFO] PluginManager:220 - loadIPPluginJar : add dfsdm
2024-07-20 13:56:46,989 [INFO] IPUIPlugin:80 - create IPUIPlugin
2024-07-20 13:56:46,989 [INFO] PluginManager:220 - loadIPPluginJar : add dma
2024-07-20 13:56:46,992 [INFO] IPUIPlugin:80 - create IPUIPlugin
2024-07-20 13:56:46,993 [INFO] PluginManager:220 - loadIPPluginJar : add dma3
2024-07-20 13:56:46,995 [INFO] IPUIPlugin:80 - create IPUIPlugin
2024-07-20 13:56:46,995 [INFO] PluginManager:220 - loadIPPluginJar : add extmemmanager
2024-07-20 13:56:46,996 [INFO] IPUIPlugin:80 - create IPUIPlugin
2024-07-20 13:56:46,996 [INFO] PluginManager:220 - loadIPPluginJar : add fatfs
2024-07-20 13:56:47,000 [INFO] IPUIPlugin:80 - create IPUIPlugin
2024-07-20 13:56:47,000 [INFO] PluginManager:220 - loadIPPluginJar : add fmc
2024-07-20 13:56:47,006 [INFO] IPUIPlugin:80 - create IPUIPlugin
2024-07-20 13:56:47,007 [INFO] PluginManager:220 - loadIPPluginJar : add freertos
2024-07-20 13:56:47,008 [INFO] IPUIPlugin:80 - create IPUIPlugin
2024-07-20 13:56:47,008 [INFO] PluginManager:220 - loadIPPluginJar : add genericplugin
2024-07-20 13:56:47,010 [INFO] IPUIPlugin:80 - create IPUIPlugin
2024-07-20 13:56:47,010 [INFO] PluginManager:220 - loadIPPluginJar : add gfxmmu
2024-07-20 13:56:47,016 [INFO] IPUIPlugin:80 - create IPUIPlugin
2024-07-20 13:56:47,016 [INFO] PluginManager:220 - loadIPPluginJar : add gic
2024-07-20 13:56:47,020 [INFO] IPUIPlugin:80 - create IPUIPlugin
2024-07-20 13:56:47,020 [INFO] PluginManager:220 - loadIPPluginJar : add gpio
2024-07-20 13:56:47,022 [INFO] IPUIPlugin:80 - create IPUIPlugin
2024-07-20 13:56:47,022 [INFO] PluginManager:220 - loadIPPluginJar : add gtzc
2024-07-20 13:56:47,025 [INFO] IPUIPlugin:80 - create IPUIPlugin
2024-07-20 13:56:47,025 [INFO] PluginManager:220 - loadIPPluginJar : add hash
2024-07-20 13:56:47,027 [INFO] IPUIPlugin:80 - create IPUIPlugin
2024-07-20 13:56:47,027 [INFO] PluginManager:220 - loadIPPluginJar : add i2c
2024-07-20 13:56:47,030 [INFO] IPUIPlugin:80 - create IPUIPlugin
2024-07-20 13:56:47,030 [INFO] PluginManager:220 - loadIPPluginJar : add i2s
2024-07-20 13:56:47,034 [INFO] IPUIPlugin:80 - create IPUIPlugin
2024-07-20 13:56:47,035 [INFO] PluginManager:220 - loadIPPluginJar : add i3c
2024-07-20 13:56:47,038 [INFO] IPUIPlugin:80 - create IPUIPlugin
2024-07-20 13:56:47,038 [INFO] PluginManager:220 - loadIPPluginJar : add ipddr
2024-07-20 13:56:47,044 [INFO] IPUIPlugin:80 - create IPUIPlugin
2024-07-20 13:56:47,044 [INFO] PluginManager:220 - loadIPPluginJar : add linkedlist
2024-07-20 13:56:47,048 [INFO] IPUIPlugin:80 - create IPUIPlugin
2024-07-20 13:56:47,048 [INFO] PluginManager:220 - loadIPPluginJar : add lorawan
2024-07-20 13:56:47,050 [INFO] IPUIPlugin:80 - create IPUIPlugin
2024-07-20 13:56:47,050 [INFO] PluginManager:220 - loadIPPluginJar : add ltdc
2024-07-20 13:56:47,057 [INFO] IPUIPlugin:80 - create IPUIPlugin
2024-07-20 13:56:47,057 [INFO] PluginManager:220 - loadIPPluginJar : add mdma
2024-07-20 13:56:47,061 [INFO] IPUIPlugin:80 - create IPUIPlugin
2024-07-20 13:56:47,061 [INFO] PluginManager:220 - loadIPPluginJar : add nvic
2024-07-20 13:56:47,065 [INFO] IPUIPlugin:80 - create IPUIPlugin
2024-07-20 13:56:47,065 [INFO] PluginManager:220 - loadIPPluginJar : add opamp
2024-07-20 13:56:47,068 [INFO] IPUIPlugin:80 - create IPUIPlugin
2024-07-20 13:56:47,068 [INFO] PluginManager:220 - loadIPPluginJar : add openamp
2024-07-20 13:56:47,073 [INFO] IPUIPlugin:80 - create IPUIPlugin
2024-07-20 13:56:47,073 [INFO] PluginManager:220 - loadIPPluginJar : add pdm2pcm
2024-07-20 13:56:47,080 [INFO] IPUIPlugin:80 - create IPUIPlugin
2024-07-20 13:56:47,083 [INFO] PluginManager:220 - loadIPPluginJar : add plateformsettings
2024-07-20 13:56:47,085 [INFO] IPUIPlugin:80 - create IPUIPlugin
2024-07-20 13:56:47,085 [INFO] PluginManager:220 - loadIPPluginJar : add quadspi
2024-07-20 13:56:47,089 [INFO] IPUIPlugin:80 - create IPUIPlugin
2024-07-20 13:56:47,089 [INFO] PluginManager:220 - loadIPPluginJar : add resmgrutility
2024-07-20 13:56:47,094 [INFO] IPUIPlugin:80 - create IPUIPlugin
2024-07-20 13:56:47,094 [INFO] PluginManager:220 - loadIPPluginJar : add sai
2024-07-20 13:56:47,096 [INFO] IPUIPlugin:80 - create IPUIPlugin
2024-07-20 13:56:47,097 [INFO] PluginManager:220 - loadIPPluginJar : add spi
2024-07-20 13:56:47,103 [INFO] IPUIPlugin:80 - create IPUIPlugin
2024-07-20 13:56:47,104 [INFO] PluginManager:220 - loadIPPluginJar : add stm32_wpan
2024-07-20 13:56:47,106 [INFO] IPUIPlugin:80 - create IPUIPlugin
2024-07-20 13:56:47,106 [INFO] PluginManager:220 - loadIPPluginJar : add tim
2024-07-20 13:56:47,109 [INFO] IPUIPlugin:80 - create IPUIPlugin
2024-07-20 13:56:47,109 [INFO] PluginManager:220 - loadIPPluginJar : add touchsensing
2024-07-20 13:56:47,112 [INFO] IPUIPlugin:80 - create IPUIPlugin
2024-07-20 13:56:47,112 [INFO] PluginManager:220 - loadIPPluginJar : add tracer_emb
2024-07-20 13:56:47,114 [INFO] IPUIPlugin:80 - create IPUIPlugin
2024-07-20 13:56:47,115 [INFO] PluginManager:220 - loadIPPluginJar : add ts
2024-07-20 13:56:47,119 [INFO] IPUIPlugin:80 - create IPUIPlugin
2024-07-20 13:56:47,119 [INFO] PluginManager:220 - loadIPPluginJar : add tsc
2024-07-20 13:56:47,121 [INFO] IPUIPlugin:80 - create IPUIPlugin
2024-07-20 13:56:47,121 [INFO] PluginManager:220 - loadIPPluginJar : add ucpd
2024-07-20 13:56:47,124 [INFO] IPUIPlugin:80 - create IPUIPlugin
2024-07-20 13:56:47,124 [INFO] PluginManager:220 - loadIPPluginJar : add usart
2024-07-20 13:56:47,127 [INFO] IPUIPlugin:80 - create IPUIPlugin
2024-07-20 13:56:47,127 [INFO] PluginManager:220 - loadIPPluginJar : add usbx
2024-07-20 13:56:47,264 [INFO] CADModel:165 - CPN selected for project level
2024-07-20 13:56:47,264 [INFO] CADModel:114 - Register for checkConnection events
2024-07-20 13:56:47,264 [FATAL] Updater:308 - Updater called before beeing initialized
2024-07-20 13:56:47,264 [ERROR] CADModel:125 - Updater not yet initialized, retry later 
2024-07-20 13:56:47,400 [INFO] CADModel:165 - CPN selected for project level
2024-07-20 13:56:47,400 [INFO] CADModel:114 - Register for checkConnection events
2024-07-20 13:56:47,401 [FATAL] Updater:308 - Updater called before beeing initialized
2024-07-20 13:56:47,401 [ERROR] CADModel:125 - Updater not yet initialized, retry later 
2024-07-20 13:56:47,405 [FATAL] Updater:308 - Updater called before beeing initialized
2024-07-20 13:56:47,517 [FATAL] Updater:308 - Updater called before beeing initialized
2024-07-20 13:56:47,520 [INFO] DbMcusAds:53 - JSON generation date=Thu May 16 16:22:00 ICT 2024 (1715851320667)
2024-07-20 13:56:47,521 [FATAL] Updater:308 - Updater called before beeing initialized
2024-07-20 13:56:47,561 [WARN] DetailPanel:346 - Failed to get advertising image, set to default
2024-07-20 13:56:47,658 [FATAL] Updater:308 - Updater called before beeing initialized
2024-07-20 13:56:47,660 [FATAL] Updater:308 - Updater called before beeing initialized
2024-07-20 13:56:47,660 [FATAL] Updater:308 - Updater called before beeing initialized
2024-07-20 13:56:47,660 [WARN] DetailPanel:346 - Failed to get advertising image, set to default
2024-07-20 13:56:47,661 [FATAL] Updater:308 - Updater called before beeing initialized
2024-07-20 13:56:47,745 [ERROR] Updater:1120 - MainUpdater not yet initialized. External WinMGr cannot be set.
2024-07-20 13:56:47,748 [INFO] Updater:1056 - Updater Version found : 6.11.0
2024-07-20 13:56:47,768 [INFO] ApplicationProperties:184 - Using Application install path: C:\ST\STM32CubeIDE_1.12.1\STM32CubeIDE\plugins\com.st.stm32cube.common.mx_6.11.0.202403141607
2024-07-20 13:56:48,378 [INFO] MainUpdater:2873 - connection check result : 10
2024-07-20 13:56:48,379 [INFO] MainUpdater:290 - Updater Check For Update Now.
2024-07-20 13:56:48,379 [INFO] MicroXplorer:498 - Change Database Version : DB.6.0.110
2024-07-20 13:56:48,387 [INFO] McuFinderGlobals:63 - Set McuFinder mode to 2 (CubeIDE integrated)
2024-07-20 13:56:48,393 [INFO] UserAuth:415 - Internet connection configuration mode: 1
2024-07-20 13:56:48,420 [INFO] JxBrowserEngine:152 - Initiate JxBrowser Engine with user profile folder
2024-07-20 13:56:48,657 [INFO] CheckServerUpdateThread:120 - End of CheckServer Thread
2024-07-20 13:56:49,592 [INFO] WebApp:161 - Instantiating new browser for Auth
2024-07-20 13:56:49,890 [WARN] PackLoader:240 - Cannot read IP mode file for STMicroelectronics.FP-SNS-MOTENVWB1.1.4.0
2024-07-20 13:56:49,908 [WARN] PackLoader:240 - Cannot read IP mode file for STMicroelectronics.X-CUBE-SMBUS.2.1.0
2024-07-20 13:56:49,915 [WARN] PackLoader:240 - Cannot read IP mode file for STMicroelectronics.X-CUBE-TOUCHGFX.4.23.1
2024-07-20 13:56:49,928 [WARN] PackLoader:240 - Cannot read IP mode file for STMicroelectronics.X-CUBE-TOUCHGFX.4.23.0
2024-07-20 13:56:49,935 [WARN] PackLoader:240 - Cannot read IP mode file for STMicroelectronics.X-CUBE-TOUCHGFX.4.23.2
2024-07-20 13:56:50,008 [WARN] PackLoader:240 - Cannot read IP mode file for STMicroelectronics.X-CUBE-AZRTOS-F7.1.1.0
2024-07-20 13:56:50,026 [WARN] PackLoader:240 - Cannot read IP mode file for STMicroelectronics.FP-SNS-MOTENV1.4.3.2
2024-07-20 13:56:50,038 [ERROR] RealEvaluatedCondition:428 - Found unsupported composite condition: GROUP='STM32_MetaDataManager' CLASS='Data Exchange'
2024-07-20 13:56:50,039 [ERROR] RealEvaluatedCondition:428 - Found unsupported composite condition: CLASS='Data Exchange' GROUP='STM32_MetaDataManager'
2024-07-20 13:56:50,041 [WARN] PackLoader:240 - Cannot read IP mode file for STMicroelectronics.FP-SNS-MOTENV1.4.3.1
2024-07-20 13:56:50,052 [WARN] PackLoader:240 - Cannot read IP mode file for STMicroelectronics.FP-SNS-FLIGHT1.5.0.1
2024-07-20 13:56:50,065 [WARN] PackLoader:240 - Cannot read IP mode file for STMicroelectronics.X-CUBE-BLE1.6.2.4
2024-07-20 13:56:50,074 [WARN] PackLoader:240 - Cannot read IP mode file for STMicroelectronics.FP-SNS-FLIGHT1.5.0.2
2024-07-20 13:56:50,089 [WARN] PackLoader:240 - Cannot read IP mode file for STMicroelectronics.X-CUBE-DISPLAY.3.0.0
2024-07-20 13:56:50,106 [WARN] PackLoader:240 - Cannot read IP mode file for STMicroelectronics.X-CUBE-BLE1.7.0.0
2024-07-20 13:56:50,116 [WARN] PackLoader:240 - Cannot read IP mode file for emotas.I-CUBE-CANOPEN.1.3.0
2024-07-20 13:56:50,121 [WARN] PackLoader:240 - Cannot read IP mode file for STMicroelectronics.X-CUBE-TOUCHGFX.4.22.0
2024-07-20 13:56:50,125 [WARN] PackLoader:240 - Cannot read IP mode file for STMicroelectronics.X-CUBE-TOUCHGFX.4.22.1
2024-07-20 13:56:50,142 [WARN] PackLoader:240 - Cannot read IP mode file for STMicroelectronics.X-CUBE-BLEMGR.3.1.0
2024-07-20 13:56:50,154 [WARN] PackLoader:240 - Cannot read IP mode file for STMicroelectronics.FP-SNS-SMARTAG2.1.2.0
2024-07-20 13:56:50,170 [INFO] LogOutputStream:77 - [STDOUT_REDIRECT] 1 : Invalid condition id : UX_CORESTACK_Condition cause : null
2024-07-20 13:56:50,172 [INFO] LogOutputStream:77 - [STDOUT_REDIRECT] 1 : Invalid condition id : UX_CORESTACK_Condition cause : null
2024-07-20 13:56:50,174 [INFO] LogOutputStream:77 - [STDOUT_REDIRECT] 1 : Invalid condition id : UX_CORESTACK_Condition cause : null
2024-07-20 13:56:50,177 [INFO] LogOutputStream:77 - [STDOUT_REDIRECT] 1 : Invalid condition id : UX_CORESTACK_Condition cause : null
2024-07-20 13:56:50,180 [INFO] LogOutputStream:77 - [STDOUT_REDIRECT] 1 : Invalid condition id : UX_CORESTACK_Condition cause : null
2024-07-20 13:56:50,190 [WARN] PackLoader:240 - Cannot read IP mode file for STMicroelectronics.X-CUBE-AZRTOS-WL.2.0.0
2024-07-20 13:56:50,201 [WARN] PackLoader:240 - Cannot read IP mode file for STMicroelectronics.FP-SNS-MOTENV1.5.0.0
2024-07-20 13:56:50,210 [WARN] PackLoader:240 - Cannot read IP mode file for wolfSSL.I-CUBE-wolfMQTT.1.19.0
2024-07-20 13:56:50,223 [WARN] PackLoader:240 - Cannot read IP mode file for WES.I-CUBE-Cesium.1.3.0
2024-07-20 13:56:50,230 [WARN] PackLoader:240 - Cannot read IP mode file for STMicroelectronics.X-CUBE-BLE2.3.3.0
2024-07-20 13:56:50,243 [WARN] PackLoader:240 - Cannot read IP mode file for STMicroelectronics.X-CUBE-TCPP.4.1.0
2024-07-20 13:56:50,250 [WARN] PackLoader:240 - Cannot read IP mode file for STMicroelectronics.X-CUBE-TOUCHGFX.4.21.3
2024-07-20 13:56:50,254 [WARN] PackLoader:240 - Cannot read IP mode file for STMicroelectronics.X-CUBE-TOUCHGFX.4.21.4
2024-07-20 13:56:50,264 [WARN] PackLoader:240 - Cannot read IP mode file for STMicroelectronics.X-CUBE-ALGOBUILD.1.3.0
2024-07-20 13:56:50,295 [WARN] PackLoader:240 - Cannot read IP mode file for STMicroelectronics.X-CUBE-AZRTOS-G0.1.1.0
2024-07-20 13:56:50,309 [WARN] PackLoader:240 - Cannot read IP mode file for STMicroelectronics.X-CUBE-SAFEA1.1.2.2
2024-07-20 13:56:50,323 [WARN] PackLoader:240 - Cannot read IP mode file for STMicroelectronics.X-CUBE-NFC4.3.0.0
2024-07-20 13:56:50,329 [WARN] PackLoader:240 - Cannot read IP mode file for wolfSSL.I-CUBE-wolfMQTT.1.18.0
2024-07-20 13:56:50,345 [WARN] PackLoader:240 - Cannot read IP mode file for EmbeddedOffice.I-CUBE-FS-RTOS.1.0.1
2024-07-20 13:56:50,345 [ERROR] ConditionMgr:805 - Attr not supported : Dmpu
2024-07-20 13:56:50,345 [ERROR] ConditionMgr:805 - Attr not supported : Dmpu
2024-07-20 13:56:50,346 [ERROR] ConditionMgr:805 - Attr not supported : Dmpu
2024-07-20 13:56:50,346 [ERROR] ConditionMgr:805 - Attr not supported : Dmpu
2024-07-20 13:56:50,346 [ERROR] ConditionMgr:805 - Attr not supported : Dmpu
2024-07-20 13:56:50,346 [ERROR] ConditionMgr:805 - Attr not supported : Dmpu
2024-07-20 13:56:50,346 [ERROR] ConditionMgr:805 - Attr not supported : Dmpu
2024-07-20 13:56:50,346 [ERROR] ConditionMgr:805 - Attr not supported : Dmpu
2024-07-20 13:56:50,346 [ERROR] ConditionMgr:805 - Attr not supported : Dmpu
2024-07-20 13:56:50,346 [ERROR] ConditionMgr:805 - Attr not supported : Dmpu
2024-07-20 13:56:50,346 [ERROR] ConditionMgr:805 - Attr not supported : Dmpu
2024-07-20 13:56:50,347 [ERROR] ConditionMgr:805 - Attr not supported : Dmpu
2024-07-20 13:56:50,347 [ERROR] ConditionMgr:805 - Attr not supported : Dmpu
2024-07-20 13:56:50,347 [ERROR] ConditionMgr:805 - Attr not supported : Dmpu
2024-07-20 13:56:50,347 [ERROR] ConditionMgr:805 - Attr not supported : Dmpu
2024-07-20 13:56:50,347 [ERROR] ConditionMgr:805 - Attr not supported : Dmpu
2024-07-20 13:56:50,347 [ERROR] ConditionMgr:805 - Attr not supported : Dmpu
2024-07-20 13:56:50,347 [ERROR] ConditionMgr:805 - Attr not supported : Dmpu
2024-07-20 13:56:50,349 [ERROR] ConditionMgr:805 - Attr not supported : Dmpu
2024-07-20 13:56:50,349 [ERROR] ConditionMgr:805 - Attr not supported : Dmpu
2024-07-20 13:56:50,350 [ERROR] ConditionMgr:805 - Attr not supported : Dmpu
2024-07-20 13:56:50,350 [ERROR] ConditionMgr:805 - Attr not supported : Dmpu
2024-07-20 13:56:50,350 [ERROR] ConditionMgr:805 - Attr not supported : Dmpu
2024-07-20 13:56:50,350 [ERROR] ConditionMgr:805 - Attr not supported : Dmpu
2024-07-20 13:56:50,350 [ERROR] ConditionMgr:805 - Attr not supported : Dmpu
2024-07-20 13:56:50,350 [ERROR] ConditionMgr:805 - Attr not supported : Dmpu
2024-07-20 13:56:50,350 [ERROR] ConditionMgr:805 - Attr not supported : Dmpu
2024-07-20 13:56:50,350 [ERROR] ConditionMgr:805 - Attr not supported : Dmpu
2024-07-20 13:56:50,350 [ERROR] ConditionMgr:805 - Attr not supported : Dmpu
2024-07-20 13:56:50,352 [ERROR] ConditionMgr:805 - Attr not supported : Dmpu
2024-07-20 13:56:50,352 [ERROR] ConditionMgr:805 - Attr not supported : Dmpu
2024-07-20 13:56:50,352 [ERROR] ConditionMgr:805 - Attr not supported : Dmpu
2024-07-20 13:56:50,352 [ERROR] ConditionMgr:805 - Attr not supported : Dmpu
2024-07-20 13:56:50,352 [ERROR] ConditionMgr:805 - Attr not supported : Dmpu
2024-07-20 13:56:50,352 [ERROR] ConditionMgr:805 - Attr not supported : Dmpu
2024-07-20 13:56:50,352 [ERROR] ConditionMgr:805 - Attr not supported : Dmpu
2024-07-20 13:56:50,353 [ERROR] ConditionMgr:805 - Attr not supported : Dmpu
2024-07-20 13:56:50,353 [ERROR] ConditionMgr:805 - Attr not supported : Dmpu
2024-07-20 13:56:50,353 [ERROR] ConditionMgr:805 - Attr not supported : Dmpu
2024-07-20 13:56:50,353 [ERROR] ConditionMgr:805 - Attr not supported : Dmpu
2024-07-20 13:56:50,353 [ERROR] ConditionMgr:805 - Attr not supported : Dmpu
2024-07-20 13:56:50,353 [ERROR] ConditionMgr:805 - Attr not supported : Dmpu
2024-07-20 13:56:50,354 [ERROR] ConditionMgr:805 - Attr not supported : Dmpu
2024-07-20 13:56:50,354 [ERROR] ConditionMgr:805 - Attr not supported : Dmpu
2024-07-20 13:56:50,354 [ERROR] ConditionMgr:805 - Attr not supported : Dmpu
2024-07-20 13:56:50,354 [ERROR] ConditionMgr:805 - Attr not supported : Dmpu
2024-07-20 13:56:50,354 [ERROR] ConditionMgr:805 - Attr not supported : Dmpu
2024-07-20 13:56:50,354 [ERROR] ConditionMgr:805 - Attr not supported : Dmpu
2024-07-20 13:56:50,354 [ERROR] ConditionMgr:805 - Attr not supported : Dmpu
2024-07-20 13:56:50,354 [ERROR] ConditionMgr:805 - Attr not supported : Dmpu
2024-07-20 13:56:50,355 [ERROR] ConditionMgr:805 - Attr not supported : Dmpu
2024-07-20 13:56:50,355 [ERROR] ConditionMgr:805 - Attr not supported : Dmpu
2024-07-20 13:56:50,355 [ERROR] ConditionMgr:805 - Attr not supported : Dmpu
2024-07-20 13:56:50,355 [ERROR] ConditionMgr:805 - Attr not supported : Dmpu
2024-07-20 13:56:50,355 [ERROR] ConditionMgr:805 - Attr not supported : Dmpu
2024-07-20 13:56:50,355 [ERROR] ConditionMgr:805 - Attr not supported : Dmpu
2024-07-20 13:56:50,355 [ERROR] ConditionMgr:805 - Attr not supported : Dmpu
2024-07-20 13:56:50,355 [ERROR] ConditionMgr:805 - Attr not supported : Dmpu
2024-07-20 13:56:50,356 [ERROR] ConditionMgr:805 - Attr not supported : Dmpu
2024-07-20 13:56:50,356 [ERROR] ConditionMgr:805 - Attr not supported : Dmpu
2024-07-20 13:56:50,356 [ERROR] ConditionMgr:805 - Attr not supported : Dmpu
2024-07-20 13:56:50,356 [ERROR] ConditionMgr:805 - Attr not supported : Dmpu
2024-07-20 13:56:50,356 [ERROR] ConditionMgr:805 - Attr not supported : Dmpu
2024-07-20 13:56:50,356 [ERROR] ConditionMgr:805 - Attr not supported : Dmpu
2024-07-20 13:56:50,370 [WARN] PackLoader:240 - Cannot read IP mode file for STMicroelectronics.X-CUBE-BLEMGR.3.0.0
2024-07-20 13:56:50,382 [WARN] PackLoader:240 - Cannot read IP mode file for RealThread.X-CUBE-RT-Thread_Nano.4.1.1
2024-07-20 13:56:50,388 [WARN] PackLoader:240 - Cannot read IP mode file for wolfSSL.I-CUBE-wolfSSL.5.7.0
2024-07-20 13:56:50,395 [WARN] PackLoader:240 - Cannot read IP mode file for STMicroelectronics.FP-ATR-SIGFOX1.3.2.0
2024-07-20 13:56:50,405 [WARN] PackLoader:240 - Cannot read IP mode file for STMicroelectronics.X-CUBE-EEPRMA1.5.1.0
2024-07-20 13:56:50,418 [WARN] PackLoader:240 - Cannot read IP mode file for ITTIA_DB.I-CUBE-ITTIADB.8.9.0
2024-07-20 13:56:50,473 [WARN] PackLoader:240 - Cannot read IP mode file for SEGGER.I-CUBE-embOS.1.3.1
2024-07-20 13:56:50,549 [WARN] PackLoader:240 - Cannot read IP mode file for STMicroelectronics.X-CUBE-ALGOBUILD.1.4.0
2024-07-20 13:56:50,559 [WARN] PackLoader:240 - Cannot read IP mode file for STMicroelectronics.X-CUBE-GNSS1.6.0.0
2024-07-20 13:56:50,587 [WARN] PackLoader:240 - Cannot read IP mode file for STMicroelectronics.X-CUBE-AZRTOS-F4.1.1.0
2024-07-20 13:56:50,596 [WARN] PackLoader:240 - Cannot read IP mode file for wolfSSL.I-CUBE-wolfSSL.5.6.0
2024-07-20 13:56:50,605 [WARN] PackLoader:240 - Cannot read IP mode file for STMicroelectronics.X-CUBE-FREERTOS.1.2.0
2024-07-20 13:56:50,630 [WARN] PackLoader:240 - Cannot read IP mode file for STMicroelectronics.X-CUBE-AZRTOS-L5.2.0.0
2024-07-20 13:56:50,705 [WARN] PackLoader:240 - Cannot read IP mode file for STMicroelectronics.X-CUBE-MEMS1.9.6.0
2024-07-20 13:56:50,794 [INFO] WebApp:779 - Register for checkConnection events
2024-07-20 13:56:50,794 [INFO] WebApp:414 - Apply proxy settings
2024-07-20 13:56:50,794 [INFO] WebApp:499 - Chromium requires no authentication
2024-07-20 13:56:50,808 [INFO] WebApp:442 - Direct internet connection detected
2024-07-20 13:56:50,944 [WARN] PackLoader:240 - Cannot read IP mode file for STMicroelectronics.X-CUBE-EEPRMA1.4.2.0
2024-07-20 13:56:50,954 [WARN] PackLoader:240 - Cannot read IP mode file for STMicroelectronics.X-CUBE-NFC6.3.1.0
2024-07-20 13:56:50,961 [WARN] PackLoader:240 - Cannot read IP mode file for ITTIA_DB.I-CUBE-ITTIADB.8.8.0
2024-07-20 13:56:50,974 [WARN] PackLoader:240 - Cannot read IP mode file for emotas.I-CUBE-CANOPEN.1.1.3
2024-07-20 13:56:50,985 [WARN] PackLoader:240 - Cannot read IP mode file for STMicroelectronics.X-CUBE-BLEMGR.2.0.0
2024-07-20 13:56:51,000 [WARN] PackLoader:240 - Cannot read IP mode file for STMicroelectronics.X-CUBE-DPower.1.2.0
2024-07-20 13:56:51,011 [WARN] PackLoader:240 - Cannot read IP mode file for STMicroelectronics.X-CUBE-AI.9.0.0
2024-07-20 13:56:51,047 [WARN] ConditionMgr:438 - getConditionDescription Invalid condition id : UX DEVICE CLASS RTOS Condition cause : null
2024-07-20 13:56:51,047 [WARN] ConditionMgr:438 - getConditionDescription Invalid condition id : UX DEVICE CLASS RTOS Condition cause : null
2024-07-20 13:56:51,051 [WARN] PackLoader:240 - Cannot read IP mode file for STMicroelectronics.X-CUBE-AZRTOS-H7.3.1.0
2024-07-20 13:56:51,053 [WARN] ConditionMgr:1039 - genDependencies : Invalid condition id : UX DEVICE CLASS RTOS Condition cause : null
2024-07-20 13:56:51,054 [WARN] ConditionMgr:1039 - genDependencies : Invalid condition id : UX DEVICE CLASS RTOS Condition cause : null
2024-07-20 13:56:51,056 [WARN] ConditionMgr:1039 - genDependencies : Invalid condition id : UX DEVICE CLASS RTOS Condition cause : null
2024-07-20 13:56:51,058 [WARN] ConditionMgr:1039 - genDependencies : Invalid condition id : UX DEVICE CLASS RTOS Condition cause : null
2024-07-20 13:56:51,058 [WARN] ConditionMgr:1039 - genDependencies : Invalid condition id : UX DEVICE CLASS RTOS Condition cause : null
2024-07-20 13:56:51,066 [WARN] PackLoader:240 - Cannot read IP mode file for STMicroelectronics.X-CUBE-NFC7.1.0.1
2024-07-20 13:56:51,071 [WARN] PackLoader:240 - Cannot read IP mode file for STMicroelectronics.X-CUBE-NFC7.1.0.0
2024-07-20 13:56:51,078 [WARN] PackLoader:240 - Cannot read IP mode file for wolfSSL.I-CUBE-wolfTPM.3.2.0
2024-07-20 13:56:51,086 [WARN] PackLoader:240 - Cannot read IP mode file for STMicroelectronics.X-CUBE-NFC6.3.0.0
2024-07-20 13:56:51,092 [WARN] PackLoader:240 - Cannot read IP mode file for STMicroelectronics.X-CUBE-EEPRMA1.4.1.0
2024-07-20 13:56:51,097 [WARN] PackLoader:240 - Cannot read IP mode file for STMicroelectronics.X-CUBE-AI.8.1.0
2024-07-20 13:56:51,115 [WARN] ConditionMgr:438 - getConditionDescription Invalid condition id : LAN8742 Phy interface Condition cause : null
2024-07-20 13:56:51,116 [WARN] PackLoader:240 - Cannot read IP mode file for STMicroelectronics.X-CUBE-AZRTOS-L4.2.0.0
2024-07-20 13:56:51,117 [WARN] ConditionMgr:1039 - genDependencies : Invalid condition id : LAN8742 Phy interface Condition cause : null
2024-07-20 13:56:51,118 [WARN] ConditionMgr:1039 - genDependencies : Invalid condition id : LAN8742 Phy interface Condition cause : null
2024-07-20 13:56:51,119 [WARN] ConditionMgr:1039 - genDependencies : Invalid condition id : LAN8742 Phy interface Condition cause : null
2024-07-20 13:56:51,128 [WARN] PackLoader:240 - Cannot read IP mode file for STMicroelectronics.X-CUBE-SFXS2LP1.4.0.0
2024-07-20 13:56:51,137 [WARN] PackLoader:240 - Cannot read IP mode file for STMicroelectronics.X-CUBE-ISPU.1.1.0
2024-07-20 13:56:51,141 [WARN] PackLoader:240 - Cannot read IP mode file for STMicroelectronics.X-CUBE-AI.8.0.0
2024-07-20 13:56:51,156 [WARN] ConditionMgr:438 - getConditionDescription Invalid condition id : UX DEVICE CLASS RTOS Condition cause : null
2024-07-20 13:56:51,156 [WARN] ConditionMgr:438 - getConditionDescription Invalid condition id : UX DEVICE CLASS RTOS Condition cause : null
2024-07-20 13:56:51,158 [WARN] PackLoader:240 - Cannot read IP mode file for STMicroelectronics.X-CUBE-AZRTOS-WB.2.0.0
2024-07-20 13:56:51,158 [WARN] ConditionMgr:1039 - genDependencies : Invalid condition id : UX DEVICE CLASS RTOS Condition cause : null
2024-07-20 13:56:51,159 [WARN] ConditionMgr:1039 - genDependencies : Invalid condition id : UX DEVICE CLASS RTOS Condition cause : null
2024-07-20 13:56:51,159 [WARN] ConditionMgr:1039 - genDependencies : Invalid condition id : UX DEVICE CLASS RTOS Condition cause : null
2024-07-20 13:56:51,159 [WARN] ConditionMgr:1039 - genDependencies : Invalid condition id : UX DEVICE CLASS RTOS Condition cause : null
2024-07-20 13:56:51,159 [WARN] ConditionMgr:1039 - genDependencies : Invalid condition id : UX DEVICE CLASS RTOS Condition cause : null
2024-07-20 13:56:51,162 [WARN] PackLoader:240 - Cannot read IP mode file for STMicroelectronics.X-CUBE-FREERTOS.1.0.1
2024-07-20 13:56:51,172 [WARN] PackLoader:240 - Cannot read IP mode file for STMicroelectronics.FP-SNS-STBOX1.2.0.0
2024-07-20 13:56:51,189 [WARN] PackLoader:240 - Cannot read IP mode file for STMicroelectronics.X-CUBE-AZRTOS-L5.1.1.0
2024-07-20 13:56:51,194 [WARN] PackLoader:240 - Cannot read IP mode file for STMicroelectronics.X-CUBE-AI.8.0.1
2024-07-20 13:56:51,205 [WARN] PackLoader:240 - Cannot read IP mode file for STMicroelectronics.X-CUBE-SUBG2.5.0.0
2024-07-20 13:56:51,208 [INFO] WebApp:192 - Starting web application
2024-07-20 13:56:51,208 [INFO] WebApp:544 - Web application path used C:\ST\STM32CubeIDE_1.12.1\STM32CubeIDE\plugins\com.st.stm32cube.common.mx_6.11.0.202403141607\db\plugins\mcufinder\reactClient1\index.html
2024-07-20 13:56:51,213 [WARN] PackLoader:240 - Cannot read IP mode file for Cesanta.I-CUBE-Mongoose.7.13.0
2024-07-20 13:56:51,224 [WARN] PackLoader:240 - Cannot read IP mode file for STMicroelectronics.X-CUBE-TOF1.3.3.1
2024-07-20 13:56:51,253 [WARN] PackLoader:240 - Cannot read IP mode file for STMicroelectronics.X-CUBE-AZRTOS-G4.2.0.0
2024-07-20 13:56:51,264 [WARN] PackLoader:240 - Cannot read IP mode file for STMicroelectronics.X-CUBE-TOF1.3.3.0
2024-07-20 13:56:51,286 [WARN] PackLoader:240 - Cannot read IP mode file for Infineon.AIROC-Wi-Fi-Bluetooth-STM32.1.5.1
2024-07-20 13:56:51,291 [WARN] PackLoader:240 - Cannot read IP mode file for STMicroelectronics.FP-SNS-MOTENVWB1.1.3.1
2024-07-20 13:56:51,306 [WARN] PackLoader:240 - Cannot read IP mode file for STMicroelectronics.X-CUBE-AZRTOS-L4.1.0.0
2024-07-20 13:56:51,312 [WARN] PackLoader:240 - Cannot read IP mode file for STMicroelectronics.X-CUBE-ISPU.2.0.0
2024-07-20 13:56:51,317 [WARN] PackLoader:240 - Cannot read IP mode file for STMicroelectronics.X-CUBE-ALS.1.0.2
2024-07-20 13:56:51,369 [WARN] PackLoader:240 - Cannot read IP mode file for STMicroelectronics.X-CUBE-MEMS1.10.0.0
2024-07-20 13:56:51,505 [WARN] PackLoader:240 - Cannot read IP mode file for STMicroelectronics.X-CUBE-FREERTOS.1.1.0
2024-07-20 13:56:51,508 [WARN] PackLoader:240 - Cannot read IP mode file for STMicroelectronics.X-CUBE-TOUCHGFX.4.24.0
2024-07-20 13:56:51,517 [WARN] PackLoader:240 - Cannot read IP mode file for STMicroelectronics.X-CUBE-AZRTOS-WL.1.0.0
2024-07-20 13:56:51,523 [WARN] PackLoader:240 - Cannot read IP mode file for portGmbH.I-Cube-SoM-uGOAL.1.1.0
2024-07-20 13:56:51,526 [WARN] PackLoader:240 - Cannot read IP mode file for STMicroelectronics.X-CUBE-ALS.1.0.1
2024-07-20 13:56:51,538 [WARN] PackLoader:240 - Cannot read IP mode file for STMicroelectronics.X-CUBE-AZRTOS-WB.1.1.0
2024-07-20 13:56:51,555 [WARN] PackLoader:240 - Cannot read IP mode file for STMicroelectronics.X-CUBE-AZRTOS-H7RS.1.0.0
2024-07-20 13:56:51,562 [WARN] PackLoader:240 - Cannot read IP mode file for STMicroelectronics.FP-ATR-ASTRA1.2.0.0
2024-07-20 13:56:51,589 [WARN] PackLoader:240 - Cannot read IP mode file for STMicroelectronics.X-CUBE-TOF1.3.4.0
2024-07-20 13:56:51,627 [WARN] PackLoader:240 - Cannot read IP mode file for STMicroelectronics.X-CUBE-TOF1.3.4.1
2024-07-20 13:56:51,678 [WARN] PackLoader:240 - Cannot read IP mode file for STMicroelectronics.X-CUBE-AZRTOS-H7.3.2.0
2024-07-20 13:56:51,703 [WARN] PackLoader:240 - Cannot read IP mode file for Infineon.AIROC-Wi-Fi-Bluetooth-STM32.1.6.0
2024-07-20 13:56:51,739 [WARN] PackLoader:240 - Cannot read IP mode file for wolfSSL.I-CUBE-wolfSSH.1.4.17
2024-07-20 13:56:51,740 [INFO] ThirdParty:978 - Integrity check success = true
2024-07-20 13:56:51,740 [INFO] IntegrityCheckThread:100 - exiting critical section [integrity check]
2024-07-20 13:56:51,740 [INFO] IntegrityCheckThread:103 - End integrity checks thread
2024-07-20 15:30:09,871 [ERROR] LogOutputStream:75 - [STDERR_REDIRECT] 
