2024-05-14 11:36:28,977 [INFO] Activator:176 - 


2024-05-14 11:36:28,983 [INFO] Activator:177 - !SESSION log4j initialized
2024-05-14 11:36:35,021 [INFO] LogOutputStream:77 - [STDOUT_REDIRECT] 
2024-05-14 11:36:38,109 [INFO] ApplicationProperties:184 - Using Application install path: C:\ST\STM32CubeIDE_1.12.1\STM32CubeIDE\plugins\com.st.stm32cube.common.mx_6.11.0.202403141607
2024-05-14 11:36:38,148 [INFO] DbMcusXml:78 - Set database path to: C:\ST\STM32CubeIDE_1.12.1\STM32CubeIDE\plugins\com.st.stm32cube.common.mx_6.11.0.202403141607\\db\/mcu/
2024-05-14 11:36:38,148 [INFO] ApiDb:274 - Set plugin database path to: C:\ST\STM32CubeIDE_1.12.1\STM32CubeIDE\plugins\com.st.stm32cube.common.mx_6.11.0.202403141607\\db\/plugins/boardmanager/
2024-05-14 11:36:38,150 [WARN] ApiDb:259 - Overriding images path with different value:  => C:\ST\STM32CubeIDE_1.12.1\STM32CubeIDE\plugins\com.st.stm32cube.common.mx_6.11.0.202403141607\\db\/plugins/mcufinder/images/
2024-05-14 11:36:38,167 [INFO] ApiDb:250 - Set database path to: C:\Users\kha\.stmcufinder\plugins\mcufinder//mcu/
2024-05-14 11:36:38,168 [INFO] DbMcusAds:125 - Set database path to: C:\Users\kha\.stmcufinder\plugins\mcufinder//mcu/
2024-05-14 11:36:38,685 [INFO] CrossReferenceDbSqlite:203 - Set database path to: C:\Users\kha\.stmcufinder\plugins\mcufinder//mcu/cs/
2024-05-14 11:36:38,905 [INFO] RulesReader:64 - Compatibility file has been processed (297 Rules)
2024-05-14 11:36:39,046 [INFO] DbMcusXml:78 - Set database path to: C:\ST\STM32CubeIDE_1.12.1\STM32CubeIDE\plugins\com.st.stm32cube.common.mx_6.11.0.202403141607\\db\/mcu/
2024-05-14 11:36:39,046 [INFO] ApiDb:274 - Set plugin database path to: C:\ST\STM32CubeIDE_1.12.1\STM32CubeIDE\plugins\com.st.stm32cube.common.mx_6.11.0.202403141607\\db\/plugins/boardmanager/
2024-05-14 11:36:39,047 [INFO] ApiDb:261 - Set plugin images path to: C:\ST\STM32CubeIDE_1.12.1\STM32CubeIDE\plugins\com.st.stm32cube.common.mx_6.11.0.202403141607\\db\/plugins/mcufinder/images/
2024-05-14 11:36:39,047 [WARN] DbFile:41 - Overriding database path with different value: C:\Users\kha\.stmcufinder\plugins\mcufinder/ => C:\Users\kha\.stmcufinder\plugins\mcufinder
2024-05-14 11:36:39,048 [INFO] ApiDb:250 - Set database path to: C:\Users\kha\.stmcufinder\plugins\mcufinder//mcu/
2024-05-14 11:36:39,048 [WARN] DbFile:41 - Overriding database path with different value: C:\Users\kha\.stmcufinder\plugins\mcufinder/ => C:\Users\kha\.stmcufinder\plugins\mcufinder
2024-05-14 11:36:39,048 [INFO] DbMcusAds:125 - Set database path to: C:\Users\kha\.stmcufinder\plugins\mcufinder//mcu/
2024-05-14 11:36:39,048 [WARN] DbFile:41 - Overriding database path with different value: C:\Users\kha\.stmcufinder\plugins\mcufinder/ => C:\Users\kha\.stmcufinder\plugins\mcufinder
2024-05-14 11:36:39,048 [WARN] DbFile:41 - Overriding database path with different value: C:\Users\kha\.stmcufinder\plugins\mcufinder/ => C:\Users\kha\.stmcufinder\plugins\mcufinder
2024-05-14 11:36:39,685 [INFO] CrossReferenceDbSqlite:203 - Set database path to: C:\Users\kha\.stmcufinder\plugins\mcufinder//mcu/cs/
2024-05-14 11:36:39,829 [INFO] MainPanel:264 - HeapMemory: 268435456
2024-05-14 11:36:39,998 [INFO] DbMcusXml:78 - Set database path to: C:\ST\STM32CubeIDE_1.12.1\STM32CubeIDE\plugins\com.st.stm32cube.common.mx_6.11.0.202403141607\\db\/mcu/
2024-05-14 11:36:39,999 [INFO] ApiDb:274 - Set plugin database path to: C:\ST\STM32CubeIDE_1.12.1\STM32CubeIDE\plugins\com.st.stm32cube.common.mx_6.11.0.202403141607\\db\/plugins/boardmanager/
2024-05-14 11:36:39,999 [INFO] ApiDb:261 - Set plugin images path to: C:\ST\STM32CubeIDE_1.12.1\STM32CubeIDE\plugins\com.st.stm32cube.common.mx_6.11.0.202403141607\\db\/plugins/mcufinder/images/
2024-05-14 11:36:39,999 [WARN] DbFile:41 - Overriding database path with different value: C:\Users\kha\.stmcufinder\plugins\mcufinder/ => C:\Users\kha\.stmcufinder\plugins\mcufinder
2024-05-14 11:36:40,000 [INFO] ApiDb:250 - Set database path to: C:\Users\kha\.stmcufinder\plugins\mcufinder//mcu/
2024-05-14 11:36:40,000 [WARN] DbFile:41 - Overriding database path with different value: C:\Users\kha\.stmcufinder\plugins\mcufinder/ => C:\Users\kha\.stmcufinder\plugins\mcufinder
2024-05-14 11:36:40,001 [INFO] DbMcusAds:125 - Set database path to: C:\Users\kha\.stmcufinder\plugins\mcufinder//mcu/
2024-05-14 11:36:40,001 [WARN] DbFile:41 - Overriding database path with different value: C:\Users\kha\.stmcufinder\plugins\mcufinder/ => C:\Users\kha\.stmcufinder\plugins\mcufinder
2024-05-14 11:36:40,001 [WARN] DbFile:41 - Overriding database path with different value: C:\Users\kha\.stmcufinder\plugins\mcufinder/ => C:\Users\kha\.stmcufinder\plugins\mcufinder
2024-05-14 11:36:40,686 [INFO] CrossReferenceDbSqlite:203 - Set database path to: C:\Users\kha\.stmcufinder\plugins\mcufinder//mcu/cs/
2024-05-14 11:36:40,710 [INFO] ApplicationProperties:184 - Using Application install path: C:\ST\STM32CubeIDE_1.12.1\STM32CubeIDE\plugins\com.st.stm32cube.common.mx_6.11.0.202403141607
2024-05-14 11:36:40,712 [INFO] PluginManage:196 - Search for loadable plugins [exclusion list=, ]
2024-05-14 11:36:40,714 [INFO] PluginManage:310 - Check plugin analytics
2024-05-14 11:36:41,788 [INFO] AnalyticsPlugin:253 - Accepted Software Licenses: 
2024-05-14 11:36:41,789 [INFO] AnalyticsPlugin:255 - Accepted CMSIS Pack Licenses: 
2024-05-14 11:36:41,789 [INFO] AnalyticsPlugin:257 - Accepted Firmware Licenses: 
2024-05-14 11:36:41,793 [INFO] PluginManage:359 - Loaded plugin analytics (category:tool,tabindex:-1)
2024-05-14 11:36:41,794 [INFO] PluginManage:310 - Check plugin cadmodel
2024-05-14 11:36:41,801 [INFO] CADModel:105 - Init CAD model plugin
2024-05-14 11:36:41,801 [INFO] PluginManage:359 - Loaded plugin cadmodel (category:power,tabindex:5)
2024-05-14 11:36:41,801 [INFO] PluginManage:310 - Check plugin clock
2024-05-14 11:36:41,820 [INFO] PluginManage:359 - Loaded plugin clock (category:base,tabindex:2)
2024-05-14 11:36:41,820 [INFO] PluginManage:310 - Check plugin ddr
2024-05-14 11:36:41,823 [INFO] PluginManage:359 - Loaded plugin ddr (category:tool,tabindex:6)
2024-05-14 11:36:41,823 [INFO] PluginManage:310 - Check plugin filemanager
2024-05-14 11:36:42,046 [INFO] PluginManage:359 - Loaded plugin filemanager (category:base,tabindex:10)
2024-05-14 11:36:42,046 [INFO] PluginManage:310 - Check plugin ipmanager
2024-05-14 11:36:42,058 [INFO] PluginManage:359 - Loaded plugin ipmanager (category:base,tabindex:5)
2024-05-14 11:36:42,059 [INFO] PluginManage:310 - Check plugin lpbam
2024-05-14 11:36:42,073 [INFO] PluginManage:359 - Loaded plugin lpbam (category:base,tabindex:0)
2024-05-14 11:36:42,073 [INFO] PluginManage:310 - Check plugin memorymap
2024-05-14 11:36:42,094 [INFO] PluginManage:359 - Loaded plugin memorymap (category:base,tabindex:4)
2024-05-14 11:36:42,094 [INFO] PluginManage:310 - Check plugin pinoutandconfiguration
2024-05-14 11:36:42,106 [INFO] PluginManage:359 - Loaded plugin pinoutandconfiguration (category:base,tabindex:1)
2024-05-14 11:36:42,107 [INFO] PluginManage:310 - Check plugin pinoutconfig
2024-05-14 11:36:42,242 [WARN] SupportedApi:132 - Cannot load RTOS API schema: s4s-elt-must-match.1: The content of 'definitions' must match (annotation?, (simpleType | complexType)?, (unique | key | keyref)*)). A problem was found starting at: attribute.
2024-05-14 11:36:42,445 [INFO] PluginManage:359 - Loaded plugin pinoutconfig (category:base,tabindex:0)
2024-05-14 11:36:42,446 [INFO] PluginManage:310 - Check plugin power
2024-05-14 11:36:42,460 [INFO] PluginManage:359 - Loaded plugin power (category:power,tabindex:4)
2024-05-14 11:36:42,461 [INFO] PluginManage:310 - Check plugin projectmanager
2024-05-14 11:36:42,484 [INFO] PluginManage:359 - Loaded plugin projectmanager (category:projectmanager,tabindex:3)
2024-05-14 11:36:42,484 [INFO] PluginManage:310 - Check plugin thirdparty
2024-05-14 11:36:42,678 [INFO] PluginManage:359 - Loaded plugin thirdparty (category:base,tabindex:-1)
2024-05-14 11:36:42,678 [INFO] PluginManage:310 - Check plugin tools
2024-05-14 11:36:42,678 [WARN] IntegrityCheckThread:84 - waiting for thirdparty lock release [integrity check]
2024-05-14 11:36:42,678 [INFO] IntegrityCheckThread:86 - entering critical section [integrity check]
2024-05-14 11:36:42,679 [INFO] ThirdPartyUpdaterWithRetryManager:70 - Updater plugin not ready yet. [1/15]
2024-05-14 11:36:42,682 [INFO] PluginManage:359 - Loaded plugin tools (category:base,tabindex:7)
2024-05-14 11:36:42,683 [INFO] PluginManage:310 - Check plugin tutovideos
2024-05-14 11:36:42,929 [INFO] PluginManage:359 - Loaded plugin tutovideos (category:base,tabindex:-1)
2024-05-14 11:36:42,929 [INFO] PluginManage:310 - Check plugin updater
2024-05-14 11:36:42,943 [INFO] PluginManage:359 - Loaded plugin updater (category:base,tabindex:12)
2024-05-14 11:36:42,943 [INFO] PluginManage:310 - Check plugin userauth
2024-05-14 11:36:42,950 [INFO] UserAuth:114 - Init User Auth plugin
2024-05-14 11:36:42,950 [INFO] PluginManage:359 - Loaded plugin userauth (category:base,tabindex:14)
2024-05-14 11:36:42,951 [INFO] PluginManage:283 - PluginManage : Loaded plugins [17]
2024-05-14 11:36:43,199 [INFO] PinOutPanel:1561 - setPackage(No Configuration,No Configuration)
2024-05-14 11:36:43,286 [INFO] CADModel:165 - CPN selected for project level
2024-05-14 11:36:43,286 [INFO] CADModel:114 - Register for checkConnection events
2024-05-14 11:36:43,306 [INFO] IPUIPlugin:80 - create IPUIPlugin
2024-05-14 11:36:43,306 [INFO] PluginManager:220 - loadIPPluginJar : add adc
2024-05-14 11:36:43,310 [INFO] IPUIPlugin:80 - create IPUIPlugin
2024-05-14 11:36:43,311 [INFO] PluginManager:220 - loadIPPluginJar : add aes
2024-05-14 11:36:43,316 [INFO] IPUIPlugin:80 - create IPUIPlugin
2024-05-14 11:36:43,316 [INFO] PluginManager:220 - loadIPPluginJar : add can
2024-05-14 11:36:43,319 [INFO] IPUIPlugin:80 - create IPUIPlugin
2024-05-14 11:36:43,319 [INFO] PluginManager:220 - loadIPPluginJar : add comp
2024-05-14 11:36:43,323 [INFO] IPUIPlugin:80 - create IPUIPlugin
2024-05-14 11:36:43,324 [INFO] PluginManager:220 - loadIPPluginJar : add cryp
2024-05-14 11:36:43,326 [INFO] IPUIPlugin:80 - create IPUIPlugin
2024-05-14 11:36:43,326 [INFO] PluginManager:220 - loadIPPluginJar : add dfsdm
2024-05-14 11:36:43,335 [INFO] IPUIPlugin:80 - create IPUIPlugin
2024-05-14 11:36:43,335 [INFO] PluginManager:220 - loadIPPluginJar : add dma
2024-05-14 11:36:43,339 [INFO] IPUIPlugin:80 - create IPUIPlugin
2024-05-14 11:36:43,339 [INFO] PluginManager:220 - loadIPPluginJar : add dma3
2024-05-14 11:36:43,343 [INFO] IPUIPlugin:80 - create IPUIPlugin
2024-05-14 11:36:43,343 [INFO] PluginManager:220 - loadIPPluginJar : add extmemmanager
2024-05-14 11:36:43,347 [INFO] IPUIPlugin:80 - create IPUIPlugin
2024-05-14 11:36:43,347 [INFO] PluginManager:220 - loadIPPluginJar : add fatfs
2024-05-14 11:36:43,354 [INFO] IPUIPlugin:80 - create IPUIPlugin
2024-05-14 11:36:43,355 [INFO] PluginManager:220 - loadIPPluginJar : add fmc
2024-05-14 11:36:43,363 [INFO] IPUIPlugin:80 - create IPUIPlugin
2024-05-14 11:36:43,364 [INFO] PluginManager:220 - loadIPPluginJar : add freertos
2024-05-14 11:36:43,367 [INFO] IPUIPlugin:80 - create IPUIPlugin
2024-05-14 11:36:43,367 [INFO] PluginManager:220 - loadIPPluginJar : add genericplugin
2024-05-14 11:36:43,371 [INFO] IPUIPlugin:80 - create IPUIPlugin
2024-05-14 11:36:43,372 [INFO] PluginManager:220 - loadIPPluginJar : add gfxmmu
2024-05-14 11:36:43,382 [INFO] IPUIPlugin:80 - create IPUIPlugin
2024-05-14 11:36:43,382 [INFO] PluginManager:220 - loadIPPluginJar : add gic
2024-05-14 11:36:43,388 [INFO] IPUIPlugin:80 - create IPUIPlugin
2024-05-14 11:36:43,388 [INFO] PluginManager:220 - loadIPPluginJar : add gpio
2024-05-14 11:36:43,393 [INFO] IPUIPlugin:80 - create IPUIPlugin
2024-05-14 11:36:43,393 [INFO] PluginManager:220 - loadIPPluginJar : add gtzc
2024-05-14 11:36:43,396 [INFO] IPUIPlugin:80 - create IPUIPlugin
2024-05-14 11:36:43,397 [INFO] PluginManager:220 - loadIPPluginJar : add hash
2024-05-14 11:36:43,401 [INFO] IPUIPlugin:80 - create IPUIPlugin
2024-05-14 11:36:43,401 [INFO] PluginManager:220 - loadIPPluginJar : add i2c
2024-05-14 11:36:43,406 [INFO] IPUIPlugin:80 - create IPUIPlugin
2024-05-14 11:36:43,406 [INFO] PluginManager:220 - loadIPPluginJar : add i2s
2024-05-14 11:36:43,412 [INFO] IPUIPlugin:80 - create IPUIPlugin
2024-05-14 11:36:43,412 [INFO] PluginManager:220 - loadIPPluginJar : add i3c
2024-05-14 11:36:43,418 [INFO] IPUIPlugin:80 - create IPUIPlugin
2024-05-14 11:36:43,418 [INFO] PluginManager:220 - loadIPPluginJar : add ipddr
2024-05-14 11:36:43,427 [INFO] IPUIPlugin:80 - create IPUIPlugin
2024-05-14 11:36:43,428 [INFO] PluginManager:220 - loadIPPluginJar : add linkedlist
2024-05-14 11:36:43,433 [INFO] IPUIPlugin:80 - create IPUIPlugin
2024-05-14 11:36:43,433 [INFO] PluginManager:220 - loadIPPluginJar : add lorawan
2024-05-14 11:36:43,436 [INFO] IPUIPlugin:80 - create IPUIPlugin
2024-05-14 11:36:43,436 [INFO] PluginManager:220 - loadIPPluginJar : add ltdc
2024-05-14 11:36:43,446 [INFO] IPUIPlugin:80 - create IPUIPlugin
2024-05-14 11:36:43,446 [INFO] PluginManager:220 - loadIPPluginJar : add mdma
2024-05-14 11:36:43,453 [INFO] IPUIPlugin:80 - create IPUIPlugin
2024-05-14 11:36:43,454 [INFO] PluginManager:220 - loadIPPluginJar : add nvic
2024-05-14 11:36:43,460 [INFO] IPUIPlugin:80 - create IPUIPlugin
2024-05-14 11:36:43,460 [INFO] PluginManager:220 - loadIPPluginJar : add opamp
2024-05-14 11:36:43,465 [INFO] IPUIPlugin:80 - create IPUIPlugin
2024-05-14 11:36:43,465 [INFO] PluginManager:220 - loadIPPluginJar : add openamp
2024-05-14 11:36:43,468 [INFO] IPUIPlugin:80 - create IPUIPlugin
2024-05-14 11:36:43,468 [INFO] PluginManager:220 - loadIPPluginJar : add pdm2pcm
2024-05-14 11:36:43,477 [INFO] IPUIPlugin:80 - create IPUIPlugin
2024-05-14 11:36:43,481 [INFO] PluginManager:220 - loadIPPluginJar : add plateformsettings
2024-05-14 11:36:43,484 [INFO] IPUIPlugin:80 - create IPUIPlugin
2024-05-14 11:36:43,484 [INFO] PluginManager:220 - loadIPPluginJar : add quadspi
2024-05-14 11:36:43,490 [INFO] IPUIPlugin:80 - create IPUIPlugin
2024-05-14 11:36:43,490 [INFO] PluginManager:220 - loadIPPluginJar : add resmgrutility
2024-05-14 11:36:43,495 [INFO] IPUIPlugin:80 - create IPUIPlugin
2024-05-14 11:36:43,495 [INFO] PluginManager:220 - loadIPPluginJar : add sai
2024-05-14 11:36:43,498 [INFO] IPUIPlugin:80 - create IPUIPlugin
2024-05-14 11:36:43,499 [INFO] PluginManager:220 - loadIPPluginJar : add spi
2024-05-14 11:36:43,504 [INFO] IPUIPlugin:80 - create IPUIPlugin
2024-05-14 11:36:43,504 [INFO] PluginManager:220 - loadIPPluginJar : add stm32_wpan
2024-05-14 11:36:43,507 [INFO] IPUIPlugin:80 - create IPUIPlugin
2024-05-14 11:36:43,507 [INFO] PluginManager:220 - loadIPPluginJar : add tim
2024-05-14 11:36:43,512 [INFO] IPUIPlugin:80 - create IPUIPlugin
2024-05-14 11:36:43,512 [INFO] PluginManager:220 - loadIPPluginJar : add touchsensing
2024-05-14 11:36:43,515 [INFO] IPUIPlugin:80 - create IPUIPlugin
2024-05-14 11:36:43,515 [INFO] PluginManager:220 - loadIPPluginJar : add tracer_emb
2024-05-14 11:36:43,518 [INFO] IPUIPlugin:80 - create IPUIPlugin
2024-05-14 11:36:43,518 [INFO] PluginManager:220 - loadIPPluginJar : add ts
2024-05-14 11:36:43,521 [INFO] IPUIPlugin:80 - create IPUIPlugin
2024-05-14 11:36:43,521 [INFO] PluginManager:220 - loadIPPluginJar : add tsc
2024-05-14 11:36:43,524 [INFO] IPUIPlugin:80 - create IPUIPlugin
2024-05-14 11:36:43,524 [INFO] PluginManager:220 - loadIPPluginJar : add ucpd
2024-05-14 11:36:43,528 [INFO] IPUIPlugin:80 - create IPUIPlugin
2024-05-14 11:36:43,528 [INFO] PluginManager:220 - loadIPPluginJar : add usart
2024-05-14 11:36:43,533 [INFO] IPUIPlugin:80 - create IPUIPlugin
2024-05-14 11:36:43,533 [INFO] PluginManager:220 - loadIPPluginJar : add usbx
2024-05-14 11:36:43,683 [INFO] CADModel:165 - CPN selected for project level
2024-05-14 11:36:43,683 [INFO] CADModel:114 - Register for checkConnection events
2024-05-14 11:36:43,683 [FATAL] Updater:308 - Updater called before beeing initialized
2024-05-14 11:36:43,683 [ERROR] CADModel:125 - Updater not yet initialized, retry later 
2024-05-14 11:36:43,846 [INFO] CADModel:165 - CPN selected for project level
2024-05-14 11:36:43,846 [INFO] CADModel:114 - Register for checkConnection events
2024-05-14 11:36:43,846 [FATAL] Updater:308 - Updater called before beeing initialized
2024-05-14 11:36:43,846 [ERROR] CADModel:125 - Updater not yet initialized, retry later 
2024-05-14 11:36:43,850 [FATAL] Updater:308 - Updater called before beeing initialized
2024-05-14 11:36:43,977 [FATAL] Updater:308 - Updater called before beeing initialized
2024-05-14 11:36:43,984 [INFO] DbMcusAds:53 - JSON generation date=Thu May 02 15:37:29 ICT 2024 (1714639049318)
2024-05-14 11:36:43,984 [FATAL] Updater:308 - Updater called before beeing initialized
2024-05-14 11:36:44,035 [WARN] DetailPanel:346 - Failed to get advertising image, set to default
2024-05-14 11:36:44,170 [FATAL] Updater:308 - Updater called before beeing initialized
2024-05-14 11:36:44,172 [FATAL] Updater:308 - Updater called before beeing initialized
2024-05-14 11:36:44,172 [FATAL] Updater:308 - Updater called before beeing initialized
2024-05-14 11:36:44,172 [WARN] DetailPanel:346 - Failed to get advertising image, set to default
2024-05-14 11:36:44,173 [FATAL] Updater:308 - Updater called before beeing initialized
2024-05-14 11:36:44,230 [ERROR] Updater:1120 - MainUpdater not yet initialized. External WinMGr cannot be set.
2024-05-14 11:36:44,233 [INFO] Updater:1056 - Updater Version found : 6.11.0
2024-05-14 11:36:44,253 [INFO] ApplicationProperties:184 - Using Application install path: C:\ST\STM32CubeIDE_1.12.1\STM32CubeIDE\plugins\com.st.stm32cube.common.mx_6.11.0.202403141607
2024-05-14 11:36:44,734 [INFO] MainUpdater:2873 - connection check result : 10
2024-05-14 11:36:44,735 [INFO] MainUpdater:290 - Updater Check For Update Now.
2024-05-14 11:36:44,735 [INFO] MicroXplorer:498 - Change Database Version : DB.6.0.110
2024-05-14 11:36:44,742 [INFO] McuFinderGlobals:63 - Set McuFinder mode to 2 (CubeIDE integrated)
2024-05-14 11:36:44,751 [INFO] UserAuth:415 - Internet connection configuration mode: 1
2024-05-14 11:36:44,778 [INFO] JxBrowserEngine:152 - Initiate JxBrowser Engine with user profile folder
2024-05-14 11:36:44,928 [INFO] CheckServerUpdateThread:120 - End of CheckServer Thread
2024-05-14 11:36:45,690 [INFO] WebApp:161 - Instantiating new browser for Auth
2024-05-14 11:36:46,130 [WARN] PackLoader:240 - Cannot read IP mode file for STMicroelectronics.FP-SNS-MOTENVWB1.1.4.0
2024-05-14 11:36:46,163 [WARN] PackLoader:240 - Cannot read IP mode file for STMicroelectronics.X-CUBE-SMBUS.2.1.0
2024-05-14 11:36:46,173 [WARN] PackLoader:240 - Cannot read IP mode file for STMicroelectronics.X-CUBE-TOUCHGFX.4.23.1
2024-05-14 11:36:46,177 [WARN] PackLoader:240 - Cannot read IP mode file for STMicroelectronics.X-CUBE-TOUCHGFX.4.23.0
2024-05-14 11:36:46,184 [WARN] PackLoader:240 - Cannot read IP mode file for STMicroelectronics.X-CUBE-TOUCHGFX.4.23.2
2024-05-14 11:36:46,251 [WARN] PackLoader:240 - Cannot read IP mode file for STMicroelectronics.X-CUBE-AZRTOS-F7.1.1.0
2024-05-14 11:36:46,274 [WARN] PackLoader:240 - Cannot read IP mode file for STMicroelectronics.FP-SNS-MOTENV1.4.3.2
2024-05-14 11:36:46,291 [ERROR] RealEvaluatedCondition:428 - Found unsupported composite condition: GROUP='STM32_MetaDataManager' CLASS='Data Exchange'
2024-05-14 11:36:46,291 [ERROR] RealEvaluatedCondition:428 - Found unsupported composite condition: CLASS='Data Exchange' GROUP='STM32_MetaDataManager'
2024-05-14 11:36:46,293 [WARN] PackLoader:240 - Cannot read IP mode file for STMicroelectronics.FP-SNS-MOTENV1.4.3.1
2024-05-14 11:36:46,306 [WARN] PackLoader:240 - Cannot read IP mode file for STMicroelectronics.FP-SNS-FLIGHT1.5.0.1
2024-05-14 11:36:46,320 [WARN] PackLoader:240 - Cannot read IP mode file for STMicroelectronics.X-CUBE-BLE1.6.2.4
2024-05-14 11:36:46,334 [WARN] PackLoader:240 - Cannot read IP mode file for STMicroelectronics.X-CUBE-DISPLAY.3.0.0
2024-05-14 11:36:46,352 [WARN] PackLoader:240 - Cannot read IP mode file for STMicroelectronics.X-CUBE-BLE1.7.0.0
2024-05-14 11:36:46,359 [WARN] PackLoader:240 - Cannot read IP mode file for STMicroelectronics.X-CUBE-TOUCHGFX.4.22.0
2024-05-14 11:36:46,364 [WARN] PackLoader:240 - Cannot read IP mode file for STMicroelectronics.X-CUBE-TOUCHGFX.4.22.1
2024-05-14 11:36:46,384 [WARN] PackLoader:240 - Cannot read IP mode file for STMicroelectronics.X-CUBE-BLEMGR.3.1.0
2024-05-14 11:36:46,402 [WARN] PackLoader:240 - Cannot read IP mode file for STMicroelectronics.FP-SNS-SMARTAG2.1.2.0
2024-05-14 11:36:46,411 [WARN] PackLoader:240 - Cannot read IP mode file for STMicroelectronics.FP-SNS-MOTENV1.5.0.0
2024-05-14 11:36:46,427 [WARN] PackLoader:240 - Cannot read IP mode file for WES.I-CUBE-Cesium.1.3.0
2024-05-14 11:36:46,435 [WARN] PackLoader:240 - Cannot read IP mode file for STMicroelectronics.X-CUBE-BLE2.3.3.0
2024-05-14 11:36:46,446 [WARN] PackLoader:240 - Cannot read IP mode file for STMicroelectronics.X-CUBE-TCPP.4.1.0
2024-05-14 11:36:46,454 [WARN] PackLoader:240 - Cannot read IP mode file for STMicroelectronics.X-CUBE-TOUCHGFX.4.21.3
2024-05-14 11:36:46,458 [WARN] PackLoader:240 - Cannot read IP mode file for STMicroelectronics.X-CUBE-TOUCHGFX.4.21.4
2024-05-14 11:36:46,468 [WARN] PackLoader:240 - Cannot read IP mode file for STMicroelectronics.X-CUBE-ALGOBUILD.1.3.0
2024-05-14 11:36:46,505 [WARN] PackLoader:240 - Cannot read IP mode file for STMicroelectronics.X-CUBE-AZRTOS-G0.1.1.0
2024-05-14 11:36:46,518 [WARN] PackLoader:240 - Cannot read IP mode file for STMicroelectronics.X-CUBE-SAFEA1.1.2.2
2024-05-14 11:36:46,526 [WARN] PackLoader:240 - Cannot read IP mode file for STMicroelectronics.X-CUBE-NFC4.3.0.0
2024-05-14 11:36:46,542 [WARN] PackLoader:240 - Cannot read IP mode file for STMicroelectronics.X-CUBE-BLEMGR.3.0.0
2024-05-14 11:36:46,550 [WARN] PackLoader:240 - Cannot read IP mode file for STMicroelectronics.FP-ATR-SIGFOX1.3.2.0
2024-05-14 11:36:46,560 [WARN] PackLoader:240 - Cannot read IP mode file for STMicroelectronics.X-CUBE-EEPRMA1.5.1.0
2024-05-14 11:36:46,628 [WARN] PackLoader:240 - Cannot read IP mode file for SEGGER.I-CUBE-embOS.1.3.1
2024-05-14 11:36:46,704 [WARN] PackLoader:240 - Cannot read IP mode file for STMicroelectronics.X-CUBE-ALGOBUILD.1.4.0
2024-05-14 11:36:46,711 [WARN] PackLoader:240 - Cannot read IP mode file for STMicroelectronics.X-CUBE-GNSS1.6.0.0
2024-05-14 11:36:46,728 [WARN] PackLoader:240 - Cannot read IP mode file for STMicroelectronics.X-CUBE-AZRTOS-F4.1.1.0
2024-05-14 11:36:46,734 [WARN] PackLoader:240 - Cannot read IP mode file for wolfSSL.I-CUBE-wolfSSL.5.6.0
2024-05-14 11:36:46,740 [WARN] PackLoader:240 - Cannot read IP mode file for STMicroelectronics.X-CUBE-FREERTOS.1.2.0
2024-05-14 11:36:46,756 [WARN] PackLoader:240 - Cannot read IP mode file for STMicroelectronics.X-CUBE-AZRTOS-L5.2.0.0
2024-05-14 11:36:46,803 [WARN] PackLoader:240 - Cannot read IP mode file for STMicroelectronics.X-CUBE-MEMS1.9.6.0
2024-05-14 11:36:46,884 [INFO] WebApp:779 - Register for checkConnection events
2024-05-14 11:36:46,884 [INFO] WebApp:414 - Apply proxy settings
2024-05-14 11:36:46,884 [INFO] WebApp:499 - Chromium requires no authentication
2024-05-14 11:36:46,902 [INFO] WebApp:442 - Direct internet connection detected
2024-05-14 11:36:47,032 [WARN] PackLoader:240 - Cannot read IP mode file for STMicroelectronics.X-CUBE-EEPRMA1.4.2.0
2024-05-14 11:36:47,042 [WARN] PackLoader:240 - Cannot read IP mode file for STMicroelectronics.X-CUBE-NFC6.3.1.0
2024-05-14 11:36:47,050 [WARN] PackLoader:240 - Cannot read IP mode file for ITTIA_DB.I-CUBE-ITTIADB.8.8.0
2024-05-14 11:36:47,058 [WARN] PackLoader:240 - Cannot read IP mode file for emotas.I-CUBE-CANOPEN.1.1.3
2024-05-14 11:36:47,067 [WARN] PackLoader:240 - Cannot read IP mode file for STMicroelectronics.X-CUBE-BLEMGR.2.0.0
2024-05-14 11:36:47,072 [WARN] PackLoader:240 - Cannot read IP mode file for STMicroelectronics.X-CUBE-AI.9.0.0
2024-05-14 11:36:47,089 [WARN] ConditionMgr:438 - getConditionDescription Invalid condition id : UX DEVICE CLASS RTOS Condition cause : null
2024-05-14 11:36:47,089 [WARN] ConditionMgr:438 - getConditionDescription Invalid condition id : UX DEVICE CLASS RTOS Condition cause : null
2024-05-14 11:36:47,094 [WARN] PackLoader:240 - Cannot read IP mode file for STMicroelectronics.X-CUBE-AZRTOS-H7.3.1.0
2024-05-14 11:36:47,095 [WARN] ConditionMgr:1039 - genDependencies : Invalid condition id : UX DEVICE CLASS RTOS Condition cause : null
2024-05-14 11:36:47,095 [WARN] ConditionMgr:1039 - genDependencies : Invalid condition id : UX DEVICE CLASS RTOS Condition cause : null
2024-05-14 11:36:47,096 [WARN] ConditionMgr:1039 - genDependencies : Invalid condition id : UX DEVICE CLASS RTOS Condition cause : null
2024-05-14 11:36:47,097 [WARN] ConditionMgr:1039 - genDependencies : Invalid condition id : UX DEVICE CLASS RTOS Condition cause : null
2024-05-14 11:36:47,097 [WARN] ConditionMgr:1039 - genDependencies : Invalid condition id : UX DEVICE CLASS RTOS Condition cause : null
2024-05-14 11:36:47,106 [WARN] PackLoader:240 - Cannot read IP mode file for STMicroelectronics.X-CUBE-NFC7.1.0.1
2024-05-14 11:36:47,112 [WARN] PackLoader:240 - Cannot read IP mode file for STMicroelectronics.X-CUBE-NFC7.1.0.0
2024-05-14 11:36:47,124 [WARN] PackLoader:240 - Cannot read IP mode file for STMicroelectronics.X-CUBE-NFC6.3.0.0
2024-05-14 11:36:47,138 [WARN] PackLoader:240 - Cannot read IP mode file for STMicroelectronics.X-CUBE-EEPRMA1.4.1.0
2024-05-14 11:36:47,146 [WARN] PackLoader:240 - Cannot read IP mode file for STMicroelectronics.X-CUBE-AI.8.1.0
2024-05-14 11:36:47,288 [WARN] ConditionMgr:438 - getConditionDescription Invalid condition id : LAN8742 Phy interface Condition cause : null
2024-05-14 11:36:47,289 [WARN] PackLoader:240 - Cannot read IP mode file for STMicroelectronics.X-CUBE-AZRTOS-L4.2.0.0
2024-05-14 11:36:47,291 [WARN] ConditionMgr:1039 - genDependencies : Invalid condition id : LAN8742 Phy interface Condition cause : null
2024-05-14 11:36:47,294 [WARN] ConditionMgr:1039 - genDependencies : Invalid condition id : LAN8742 Phy interface Condition cause : null
2024-05-14 11:36:47,292 [INFO] WebApp:192 - Starting web application
2024-05-14 11:36:47,294 [INFO] WebApp:544 - Web application path used C:\ST\STM32CubeIDE_1.12.1\STM32CubeIDE\plugins\com.st.stm32cube.common.mx_6.11.0.202403141607\db\plugins\mcufinder\reactClient1\index.html
2024-05-14 11:36:47,294 [WARN] ConditionMgr:1039 - genDependencies : Invalid condition id : LAN8742 Phy interface Condition cause : null
2024-05-14 11:36:47,317 [WARN] PackLoader:240 - Cannot read IP mode file for STMicroelectronics.X-CUBE-SFXS2LP1.4.0.0
2024-05-14 11:36:47,326 [WARN] PackLoader:240 - Cannot read IP mode file for STMicroelectronics.X-CUBE-ISPU.1.1.0
2024-05-14 11:36:47,331 [WARN] PackLoader:240 - Cannot read IP mode file for STMicroelectronics.X-CUBE-AI.8.0.0
2024-05-14 11:36:47,349 [WARN] ConditionMgr:438 - getConditionDescription Invalid condition id : UX DEVICE CLASS RTOS Condition cause : null
2024-05-14 11:36:47,349 [WARN] ConditionMgr:438 - getConditionDescription Invalid condition id : UX DEVICE CLASS RTOS Condition cause : null
2024-05-14 11:36:47,352 [WARN] PackLoader:240 - Cannot read IP mode file for STMicroelectronics.X-CUBE-AZRTOS-WB.2.0.0
2024-05-14 11:36:47,353 [WARN] ConditionMgr:1039 - genDependencies : Invalid condition id : UX DEVICE CLASS RTOS Condition cause : null
2024-05-14 11:36:47,353 [WARN] ConditionMgr:1039 - genDependencies : Invalid condition id : UX DEVICE CLASS RTOS Condition cause : null
2024-05-14 11:36:47,353 [WARN] ConditionMgr:1039 - genDependencies : Invalid condition id : UX DEVICE CLASS RTOS Condition cause : null
2024-05-14 11:36:47,353 [WARN] ConditionMgr:1039 - genDependencies : Invalid condition id : UX DEVICE CLASS RTOS Condition cause : null
2024-05-14 11:36:47,353 [WARN] ConditionMgr:1039 - genDependencies : Invalid condition id : UX DEVICE CLASS RTOS Condition cause : null
2024-05-14 11:36:47,360 [WARN] PackLoader:240 - Cannot read IP mode file for STMicroelectronics.X-CUBE-FREERTOS.1.0.1
2024-05-14 11:36:47,375 [WARN] PackLoader:240 - Cannot read IP mode file for STMicroelectronics.X-CUBE-AZRTOS-L5.1.1.0
2024-05-14 11:36:47,380 [WARN] PackLoader:240 - Cannot read IP mode file for STMicroelectronics.X-CUBE-AI.8.0.1
2024-05-14 11:36:47,391 [WARN] PackLoader:240 - Cannot read IP mode file for STMicroelectronics.X-CUBE-SUBG2.5.0.0
2024-05-14 11:36:47,409 [WARN] PackLoader:240 - Cannot read IP mode file for STMicroelectronics.X-CUBE-TOF1.3.3.1
2024-05-14 11:36:47,435 [WARN] PackLoader:240 - Cannot read IP mode file for STMicroelectronics.X-CUBE-AZRTOS-G4.2.0.0
2024-05-14 11:36:47,447 [WARN] PackLoader:240 - Cannot read IP mode file for STMicroelectronics.X-CUBE-TOF1.3.3.0
2024-05-14 11:36:47,478 [WARN] PackLoader:240 - Cannot read IP mode file for Infineon.AIROC-Wi-Fi-Bluetooth-STM32.1.5.1
2024-05-14 11:36:47,487 [WARN] PackLoader:240 - Cannot read IP mode file for STMicroelectronics.FP-SNS-MOTENVWB1.1.3.1
2024-05-14 11:36:47,508 [WARN] PackLoader:240 - Cannot read IP mode file for STMicroelectronics.X-CUBE-AZRTOS-L4.1.0.0
2024-05-14 11:36:47,514 [WARN] PackLoader:240 - Cannot read IP mode file for STMicroelectronics.X-CUBE-ISPU.2.0.0
2024-05-14 11:36:47,567 [WARN] PackLoader:240 - Cannot read IP mode file for STMicroelectronics.X-CUBE-MEMS1.10.0.0
2024-05-14 11:36:47,715 [WARN] PackLoader:240 - Cannot read IP mode file for STMicroelectronics.X-CUBE-FREERTOS.1.1.0
2024-05-14 11:36:47,729 [WARN] PackLoader:240 - Cannot read IP mode file for STMicroelectronics.X-CUBE-AZRTOS-WL.1.0.0
2024-05-14 11:36:47,738 [WARN] PackLoader:240 - Cannot read IP mode file for portGmbH.I-Cube-SoM-uGOAL.1.1.0
2024-05-14 11:36:47,747 [WARN] PackLoader:240 - Cannot read IP mode file for STMicroelectronics.X-CUBE-ALS.1.0.1
2024-05-14 11:36:47,766 [WARN] PackLoader:240 - Cannot read IP mode file for STMicroelectronics.X-CUBE-AZRTOS-WB.1.1.0
2024-05-14 11:36:47,789 [WARN] PackLoader:240 - Cannot read IP mode file for STMicroelectronics.X-CUBE-AZRTOS-H7RS.1.0.0
2024-05-14 11:36:47,795 [WARN] PackLoader:240 - Cannot read IP mode file for STMicroelectronics.FP-ATR-ASTRA1.2.0.0
2024-05-14 11:36:47,811 [WARN] PackLoader:240 - Cannot read IP mode file for STMicroelectronics.X-CUBE-TOF1.3.4.0
2024-05-14 11:36:47,833 [WARN] PackLoader:240 - Cannot read IP mode file for STMicroelectronics.X-CUBE-TOF1.3.4.1
2024-05-14 11:36:47,865 [WARN] PackLoader:240 - Cannot read IP mode file for STMicroelectronics.X-CUBE-AZRTOS-H7.3.2.0
2024-05-14 11:36:47,870 [INFO] ThirdParty:978 - Integrity check success = true
2024-05-14 11:36:47,870 [INFO] IntegrityCheckThread:100 - exiting critical section [integrity check]
2024-05-14 11:36:47,870 [INFO] IntegrityCheckThread:103 - End integrity checks thread
2024-05-14 17:31:00,590 [ERROR] LogOutputStream:75 - [STDERR_REDIRECT] 
2024-05-14 14:00:57,197 [INFO] Activator:176 - 


2024-05-14 14:00:57,199 [INFO] Activator:177 - !SESSION log4j initialized
2024-05-14 14:01:03,152 [INFO] LogOutputStream:77 - [STDOUT_REDIRECT] 
2024-05-14 14:01:05,252 [INFO] ApplicationProperties:184 - Using Application install path: C:\ST\STM32CubeIDE_1.12.1\STM32CubeIDE\plugins\com.st.stm32cube.common.mx_6.11.0.202403141607
2024-05-14 14:01:05,277 [INFO] DbMcusXml:78 - Set database path to: C:\ST\STM32CubeIDE_1.12.1\STM32CubeIDE\plugins\com.st.stm32cube.common.mx_6.11.0.202403141607\\db\/mcu/
2024-05-14 14:01:05,278 [INFO] ApiDb:274 - Set plugin database path to: C:\ST\STM32CubeIDE_1.12.1\STM32CubeIDE\plugins\com.st.stm32cube.common.mx_6.11.0.202403141607\\db\/plugins/boardmanager/
2024-05-14 14:01:05,278 [WARN] ApiDb:259 - Overriding images path with different value:  => C:\ST\STM32CubeIDE_1.12.1\STM32CubeIDE\plugins\com.st.stm32cube.common.mx_6.11.0.202403141607\\db\/plugins/mcufinder/images/
2024-05-14 14:01:05,291 [INFO] ApiDb:250 - Set database path to: C:\Users\kha\.stmcufinder\plugins\mcufinder//mcu/
2024-05-14 14:01:05,292 [INFO] DbMcusAds:125 - Set database path to: C:\Users\kha\.stmcufinder\plugins\mcufinder//mcu/
2024-05-14 14:01:06,192 [INFO] CrossReferenceDbSqlite:203 - Set database path to: C:\Users\kha\.stmcufinder\plugins\mcufinder//mcu/cs/
2024-05-14 14:01:06,399 [INFO] RulesReader:64 - Compatibility file has been processed (297 Rules)
2024-05-14 14:01:06,521 [INFO] DbMcusXml:78 - Set database path to: C:\ST\STM32CubeIDE_1.12.1\STM32CubeIDE\plugins\com.st.stm32cube.common.mx_6.11.0.202403141607\\db\/mcu/
2024-05-14 14:01:06,522 [INFO] ApiDb:274 - Set plugin database path to: C:\ST\STM32CubeIDE_1.12.1\STM32CubeIDE\plugins\com.st.stm32cube.common.mx_6.11.0.202403141607\\db\/plugins/boardmanager/
2024-05-14 14:01:06,522 [INFO] ApiDb:261 - Set plugin images path to: C:\ST\STM32CubeIDE_1.12.1\STM32CubeIDE\plugins\com.st.stm32cube.common.mx_6.11.0.202403141607\\db\/plugins/mcufinder/images/
2024-05-14 14:01:06,522 [WARN] DbFile:41 - Overriding database path with different value: C:\Users\kha\.stmcufinder\plugins\mcufinder/ => C:\Users\kha\.stmcufinder\plugins\mcufinder
2024-05-14 14:01:06,522 [INFO] ApiDb:250 - Set database path to: C:\Users\kha\.stmcufinder\plugins\mcufinder//mcu/
2024-05-14 14:01:06,522 [WARN] DbFile:41 - Overriding database path with different value: C:\Users\kha\.stmcufinder\plugins\mcufinder/ => C:\Users\kha\.stmcufinder\plugins\mcufinder
2024-05-14 14:01:06,523 [INFO] DbMcusAds:125 - Set database path to: C:\Users\kha\.stmcufinder\plugins\mcufinder//mcu/
2024-05-14 14:01:06,523 [WARN] DbFile:41 - Overriding database path with different value: C:\Users\kha\.stmcufinder\plugins\mcufinder/ => C:\Users\kha\.stmcufinder\plugins\mcufinder
2024-05-14 14:01:06,523 [WARN] DbFile:41 - Overriding database path with different value: C:\Users\kha\.stmcufinder\plugins\mcufinder/ => C:\Users\kha\.stmcufinder\plugins\mcufinder
2024-05-14 14:01:07,185 [INFO] CrossReferenceDbSqlite:203 - Set database path to: C:\Users\kha\.stmcufinder\plugins\mcufinder//mcu/cs/
2024-05-14 14:01:07,315 [INFO] MainPanel:264 - HeapMemory: 268435456
2024-05-14 14:01:07,447 [INFO] DbMcusXml:78 - Set database path to: C:\ST\STM32CubeIDE_1.12.1\STM32CubeIDE\plugins\com.st.stm32cube.common.mx_6.11.0.202403141607\\db\/mcu/
2024-05-14 14:01:07,447 [INFO] ApiDb:274 - Set plugin database path to: C:\ST\STM32CubeIDE_1.12.1\STM32CubeIDE\plugins\com.st.stm32cube.common.mx_6.11.0.202403141607\\db\/plugins/boardmanager/
2024-05-14 14:01:07,447 [INFO] ApiDb:261 - Set plugin images path to: C:\ST\STM32CubeIDE_1.12.1\STM32CubeIDE\plugins\com.st.stm32cube.common.mx_6.11.0.202403141607\\db\/plugins/mcufinder/images/
2024-05-14 14:01:07,448 [WARN] DbFile:41 - Overriding database path with different value: C:\Users\kha\.stmcufinder\plugins\mcufinder/ => C:\Users\kha\.stmcufinder\plugins\mcufinder
2024-05-14 14:01:07,448 [INFO] ApiDb:250 - Set database path to: C:\Users\kha\.stmcufinder\plugins\mcufinder//mcu/
2024-05-14 14:01:07,448 [WARN] DbFile:41 - Overriding database path with different value: C:\Users\kha\.stmcufinder\plugins\mcufinder/ => C:\Users\kha\.stmcufinder\plugins\mcufinder
2024-05-14 14:01:07,448 [INFO] DbMcusAds:125 - Set database path to: C:\Users\kha\.stmcufinder\plugins\mcufinder//mcu/
2024-05-14 14:01:07,448 [WARN] DbFile:41 - Overriding database path with different value: C:\Users\kha\.stmcufinder\plugins\mcufinder/ => C:\Users\kha\.stmcufinder\plugins\mcufinder
2024-05-14 14:01:07,448 [WARN] DbFile:41 - Overriding database path with different value: C:\Users\kha\.stmcufinder\plugins\mcufinder/ => C:\Users\kha\.stmcufinder\plugins\mcufinder
2024-05-14 14:01:08,195 [INFO] CrossReferenceDbSqlite:203 - Set database path to: C:\Users\kha\.stmcufinder\plugins\mcufinder//mcu/cs/
2024-05-14 14:01:08,220 [INFO] ApplicationProperties:184 - Using Application install path: C:\ST\STM32CubeIDE_1.12.1\STM32CubeIDE\plugins\com.st.stm32cube.common.mx_6.11.0.202403141607
2024-05-14 14:01:08,223 [INFO] PluginManage:196 - Search for loadable plugins [exclusion list=, ]
2024-05-14 14:01:08,224 [INFO] PluginManage:310 - Check plugin analytics
2024-05-14 14:01:09,308 [INFO] AnalyticsPlugin:253 - Accepted Software Licenses: 
2024-05-14 14:01:09,309 [INFO] AnalyticsPlugin:255 - Accepted CMSIS Pack Licenses: 
2024-05-14 14:01:09,309 [INFO] AnalyticsPlugin:257 - Accepted Firmware Licenses: 
2024-05-14 14:01:09,314 [INFO] PluginManage:359 - Loaded plugin analytics (category:tool,tabindex:-1)
2024-05-14 14:01:09,314 [INFO] PluginManage:310 - Check plugin cadmodel
2024-05-14 14:01:09,324 [INFO] CADModel:105 - Init CAD model plugin
2024-05-14 14:01:09,324 [INFO] PluginManage:359 - Loaded plugin cadmodel (category:power,tabindex:5)
2024-05-14 14:01:09,324 [INFO] PluginManage:310 - Check plugin clock
2024-05-14 14:01:09,340 [INFO] PluginManage:359 - Loaded plugin clock (category:base,tabindex:2)
2024-05-14 14:01:09,340 [INFO] PluginManage:310 - Check plugin ddr
2024-05-14 14:01:09,343 [INFO] PluginManage:359 - Loaded plugin ddr (category:tool,tabindex:6)
2024-05-14 14:01:09,343 [INFO] PluginManage:310 - Check plugin filemanager
2024-05-14 14:01:09,493 [INFO] PluginManage:359 - Loaded plugin filemanager (category:base,tabindex:10)
2024-05-14 14:01:09,493 [INFO] PluginManage:310 - Check plugin ipmanager
2024-05-14 14:01:09,500 [INFO] PluginManage:359 - Loaded plugin ipmanager (category:base,tabindex:5)
2024-05-14 14:01:09,500 [INFO] PluginManage:310 - Check plugin lpbam
2024-05-14 14:01:09,508 [INFO] PluginManage:359 - Loaded plugin lpbam (category:base,tabindex:0)
2024-05-14 14:01:09,509 [INFO] PluginManage:310 - Check plugin memorymap
2024-05-14 14:01:09,523 [INFO] PluginManage:359 - Loaded plugin memorymap (category:base,tabindex:4)
2024-05-14 14:01:09,523 [INFO] PluginManage:310 - Check plugin pinoutandconfiguration
2024-05-14 14:01:09,532 [INFO] PluginManage:359 - Loaded plugin pinoutandconfiguration (category:base,tabindex:1)
2024-05-14 14:01:09,532 [INFO] PluginManage:310 - Check plugin pinoutconfig
2024-05-14 14:01:09,617 [WARN] SupportedApi:132 - Cannot load RTOS API schema: s4s-elt-must-match.1: The content of 'definitions' must match (annotation?, (simpleType | complexType)?, (unique | key | keyref)*)). A problem was found starting at: attribute.
2024-05-14 14:01:09,745 [INFO] PluginManage:359 - Loaded plugin pinoutconfig (category:base,tabindex:0)
2024-05-14 14:01:09,745 [INFO] PluginManage:310 - Check plugin power
2024-05-14 14:01:09,756 [INFO] PluginManage:359 - Loaded plugin power (category:power,tabindex:4)
2024-05-14 14:01:09,756 [INFO] PluginManage:310 - Check plugin projectmanager
2024-05-14 14:01:09,770 [INFO] PluginManage:359 - Loaded plugin projectmanager (category:projectmanager,tabindex:3)
2024-05-14 14:01:09,770 [INFO] PluginManage:310 - Check plugin thirdparty
2024-05-14 14:01:09,940 [INFO] PluginManage:359 - Loaded plugin thirdparty (category:base,tabindex:-1)
2024-05-14 14:01:09,940 [INFO] PluginManage:310 - Check plugin tools
2024-05-14 14:01:09,940 [WARN] IntegrityCheckThread:84 - waiting for thirdparty lock release [integrity check]
2024-05-14 14:01:09,940 [INFO] IntegrityCheckThread:86 - entering critical section [integrity check]
2024-05-14 14:01:09,941 [INFO] ThirdPartyUpdaterWithRetryManager:70 - Updater plugin not ready yet. [1/15]
2024-05-14 14:01:09,943 [INFO] PluginManage:359 - Loaded plugin tools (category:base,tabindex:7)
2024-05-14 14:01:09,943 [INFO] PluginManage:310 - Check plugin tutovideos
2024-05-14 14:01:10,115 [INFO] PluginManage:359 - Loaded plugin tutovideos (category:base,tabindex:-1)
2024-05-14 14:01:10,115 [INFO] PluginManage:310 - Check plugin updater
2024-05-14 14:01:10,129 [INFO] PluginManage:359 - Loaded plugin updater (category:base,tabindex:12)
2024-05-14 14:01:10,129 [INFO] PluginManage:310 - Check plugin userauth
2024-05-14 14:01:10,135 [INFO] UserAuth:114 - Init User Auth plugin
2024-05-14 14:01:10,135 [INFO] PluginManage:359 - Loaded plugin userauth (category:base,tabindex:14)
2024-05-14 14:01:10,136 [INFO] PluginManage:283 - PluginManage : Loaded plugins [17]
2024-05-14 14:01:10,331 [INFO] PinOutPanel:1561 - setPackage(No Configuration,No Configuration)
2024-05-14 14:01:10,400 [INFO] CADModel:165 - CPN selected for project level
2024-05-14 14:01:10,400 [INFO] CADModel:114 - Register for checkConnection events
2024-05-14 14:01:10,416 [INFO] IPUIPlugin:80 - create IPUIPlugin
2024-05-14 14:01:10,416 [INFO] PluginManager:220 - loadIPPluginJar : add adc
2024-05-14 14:01:10,418 [INFO] IPUIPlugin:80 - create IPUIPlugin
2024-05-14 14:01:10,418 [INFO] PluginManager:220 - loadIPPluginJar : add aes
2024-05-14 14:01:10,421 [INFO] IPUIPlugin:80 - create IPUIPlugin
2024-05-14 14:01:10,421 [INFO] PluginManager:220 - loadIPPluginJar : add can
2024-05-14 14:01:10,422 [INFO] IPUIPlugin:80 - create IPUIPlugin
2024-05-14 14:01:10,422 [INFO] PluginManager:220 - loadIPPluginJar : add comp
2024-05-14 14:01:10,424 [INFO] IPUIPlugin:80 - create IPUIPlugin
2024-05-14 14:01:10,424 [INFO] PluginManager:220 - loadIPPluginJar : add cryp
2024-05-14 14:01:10,427 [INFO] IPUIPlugin:80 - create IPUIPlugin
2024-05-14 14:01:10,427 [INFO] PluginManager:220 - loadIPPluginJar : add dfsdm
2024-05-14 14:01:10,432 [INFO] IPUIPlugin:80 - create IPUIPlugin
2024-05-14 14:01:10,432 [INFO] PluginManager:220 - loadIPPluginJar : add dma
2024-05-14 14:01:10,435 [INFO] IPUIPlugin:80 - create IPUIPlugin
2024-05-14 14:01:10,435 [INFO] PluginManager:220 - loadIPPluginJar : add dma3
2024-05-14 14:01:10,439 [INFO] IPUIPlugin:80 - create IPUIPlugin
2024-05-14 14:01:10,439 [INFO] PluginManager:220 - loadIPPluginJar : add extmemmanager
2024-05-14 14:01:10,441 [INFO] IPUIPlugin:80 - create IPUIPlugin
2024-05-14 14:01:10,441 [INFO] PluginManager:220 - loadIPPluginJar : add fatfs
2024-05-14 14:01:10,445 [INFO] IPUIPlugin:80 - create IPUIPlugin
2024-05-14 14:01:10,446 [INFO] PluginManager:220 - loadIPPluginJar : add fmc
2024-05-14 14:01:10,451 [INFO] IPUIPlugin:80 - create IPUIPlugin
2024-05-14 14:01:10,451 [INFO] PluginManager:220 - loadIPPluginJar : add freertos
2024-05-14 14:01:10,453 [INFO] IPUIPlugin:80 - create IPUIPlugin
2024-05-14 14:01:10,453 [INFO] PluginManager:220 - loadIPPluginJar : add genericplugin
2024-05-14 14:01:10,455 [INFO] IPUIPlugin:80 - create IPUIPlugin
2024-05-14 14:01:10,455 [INFO] PluginManager:220 - loadIPPluginJar : add gfxmmu
2024-05-14 14:01:10,460 [INFO] IPUIPlugin:80 - create IPUIPlugin
2024-05-14 14:01:10,460 [INFO] PluginManager:220 - loadIPPluginJar : add gic
2024-05-14 14:01:10,465 [INFO] IPUIPlugin:80 - create IPUIPlugin
2024-05-14 14:01:10,465 [INFO] PluginManager:220 - loadIPPluginJar : add gpio
2024-05-14 14:01:10,467 [INFO] IPUIPlugin:80 - create IPUIPlugin
2024-05-14 14:01:10,467 [INFO] PluginManager:220 - loadIPPluginJar : add gtzc
2024-05-14 14:01:10,470 [INFO] IPUIPlugin:80 - create IPUIPlugin
2024-05-14 14:01:10,470 [INFO] PluginManager:220 - loadIPPluginJar : add hash
2024-05-14 14:01:10,472 [INFO] IPUIPlugin:80 - create IPUIPlugin
2024-05-14 14:01:10,472 [INFO] PluginManager:220 - loadIPPluginJar : add i2c
2024-05-14 14:01:10,475 [INFO] IPUIPlugin:80 - create IPUIPlugin
2024-05-14 14:01:10,475 [INFO] PluginManager:220 - loadIPPluginJar : add i2s
2024-05-14 14:01:10,478 [INFO] IPUIPlugin:80 - create IPUIPlugin
2024-05-14 14:01:10,478 [INFO] PluginManager:220 - loadIPPluginJar : add i3c
2024-05-14 14:01:10,482 [INFO] IPUIPlugin:80 - create IPUIPlugin
2024-05-14 14:01:10,482 [INFO] PluginManager:220 - loadIPPluginJar : add ipddr
2024-05-14 14:01:10,488 [INFO] IPUIPlugin:80 - create IPUIPlugin
2024-05-14 14:01:10,488 [INFO] PluginManager:220 - loadIPPluginJar : add linkedlist
2024-05-14 14:01:10,491 [INFO] IPUIPlugin:80 - create IPUIPlugin
2024-05-14 14:01:10,491 [INFO] PluginManager:220 - loadIPPluginJar : add lorawan
2024-05-14 14:01:10,493 [INFO] IPUIPlugin:80 - create IPUIPlugin
2024-05-14 14:01:10,493 [INFO] PluginManager:220 - loadIPPluginJar : add ltdc
2024-05-14 14:01:10,499 [INFO] IPUIPlugin:80 - create IPUIPlugin
2024-05-14 14:01:10,499 [INFO] PluginManager:220 - loadIPPluginJar : add mdma
2024-05-14 14:01:10,503 [INFO] IPUIPlugin:80 - create IPUIPlugin
2024-05-14 14:01:10,503 [INFO] PluginManager:220 - loadIPPluginJar : add nvic
2024-05-14 14:01:10,506 [INFO] IPUIPlugin:80 - create IPUIPlugin
2024-05-14 14:01:10,506 [INFO] PluginManager:220 - loadIPPluginJar : add opamp
2024-05-14 14:01:10,510 [INFO] IPUIPlugin:80 - create IPUIPlugin
2024-05-14 14:01:10,510 [INFO] PluginManager:220 - loadIPPluginJar : add openamp
2024-05-14 14:01:10,513 [INFO] IPUIPlugin:80 - create IPUIPlugin
2024-05-14 14:01:10,513 [INFO] PluginManager:220 - loadIPPluginJar : add pdm2pcm
2024-05-14 14:01:10,520 [INFO] IPUIPlugin:80 - create IPUIPlugin
2024-05-14 14:01:10,522 [INFO] PluginManager:220 - loadIPPluginJar : add plateformsettings
2024-05-14 14:01:10,524 [INFO] IPUIPlugin:80 - create IPUIPlugin
2024-05-14 14:01:10,524 [INFO] PluginManager:220 - loadIPPluginJar : add quadspi
2024-05-14 14:01:10,529 [INFO] IPUIPlugin:80 - create IPUIPlugin
2024-05-14 14:01:10,529 [INFO] PluginManager:220 - loadIPPluginJar : add resmgrutility
2024-05-14 14:01:10,533 [INFO] IPUIPlugin:80 - create IPUIPlugin
2024-05-14 14:01:10,533 [INFO] PluginManager:220 - loadIPPluginJar : add sai
2024-05-14 14:01:10,535 [INFO] IPUIPlugin:80 - create IPUIPlugin
2024-05-14 14:01:10,535 [INFO] PluginManager:220 - loadIPPluginJar : add spi
2024-05-14 14:01:10,541 [INFO] IPUIPlugin:80 - create IPUIPlugin
2024-05-14 14:01:10,542 [INFO] PluginManager:220 - loadIPPluginJar : add stm32_wpan
2024-05-14 14:01:10,544 [INFO] IPUIPlugin:80 - create IPUIPlugin
2024-05-14 14:01:10,544 [INFO] PluginManager:220 - loadIPPluginJar : add tim
2024-05-14 14:01:10,547 [INFO] IPUIPlugin:80 - create IPUIPlugin
2024-05-14 14:01:10,547 [INFO] PluginManager:220 - loadIPPluginJar : add touchsensing
2024-05-14 14:01:10,551 [INFO] IPUIPlugin:80 - create IPUIPlugin
2024-05-14 14:01:10,552 [INFO] PluginManager:220 - loadIPPluginJar : add tracer_emb
2024-05-14 14:01:10,554 [INFO] IPUIPlugin:80 - create IPUIPlugin
2024-05-14 14:01:10,554 [INFO] PluginManager:220 - loadIPPluginJar : add ts
2024-05-14 14:01:10,556 [INFO] IPUIPlugin:80 - create IPUIPlugin
2024-05-14 14:01:10,556 [INFO] PluginManager:220 - loadIPPluginJar : add tsc
2024-05-14 14:01:10,559 [INFO] IPUIPlugin:80 - create IPUIPlugin
2024-05-14 14:01:10,559 [INFO] PluginManager:220 - loadIPPluginJar : add ucpd
2024-05-14 14:01:10,562 [INFO] IPUIPlugin:80 - create IPUIPlugin
2024-05-14 14:01:10,562 [INFO] PluginManager:220 - loadIPPluginJar : add usart
2024-05-14 14:01:10,565 [INFO] IPUIPlugin:80 - create IPUIPlugin
2024-05-14 14:01:10,565 [INFO] PluginManager:220 - loadIPPluginJar : add usbx
2024-05-14 14:01:10,705 [INFO] CADModel:165 - CPN selected for project level
2024-05-14 14:01:10,706 [INFO] CADModel:114 - Register for checkConnection events
2024-05-14 14:01:10,706 [FATAL] Updater:308 - Updater called before beeing initialized
2024-05-14 14:01:10,706 [ERROR] CADModel:125 - Updater not yet initialized, retry later 
2024-05-14 14:01:10,841 [INFO] CADModel:165 - CPN selected for project level
2024-05-14 14:01:10,841 [INFO] CADModel:114 - Register for checkConnection events
2024-05-14 14:01:10,841 [FATAL] Updater:308 - Updater called before beeing initialized
2024-05-14 14:01:10,841 [ERROR] CADModel:125 - Updater not yet initialized, retry later 
2024-05-14 14:01:10,844 [FATAL] Updater:308 - Updater called before beeing initialized
2024-05-14 14:01:10,983 [FATAL] Updater:308 - Updater called before beeing initialized
2024-05-14 14:01:10,987 [INFO] DbMcusAds:53 - JSON generation date=Thu May 02 15:37:29 ICT 2024 (1714639049318)
2024-05-14 14:01:10,987 [FATAL] Updater:308 - Updater called before beeing initialized
2024-05-14 14:01:11,024 [WARN] DetailPanel:346 - Failed to get advertising image, set to default
2024-05-14 14:01:11,107 [FATAL] Updater:308 - Updater called before beeing initialized
2024-05-14 14:01:11,109 [FATAL] Updater:308 - Updater called before beeing initialized
2024-05-14 14:01:11,109 [FATAL] Updater:308 - Updater called before beeing initialized
2024-05-14 14:01:11,109 [WARN] DetailPanel:346 - Failed to get advertising image, set to default
2024-05-14 14:01:11,110 [FATAL] Updater:308 - Updater called before beeing initialized
2024-05-14 14:01:11,154 [ERROR] Updater:1120 - MainUpdater not yet initialized. External WinMGr cannot be set.
2024-05-14 14:01:11,156 [INFO] Updater:1056 - Updater Version found : 6.11.0
2024-05-14 14:01:11,171 [INFO] ApplicationProperties:184 - Using Application install path: C:\ST\STM32CubeIDE_1.12.1\STM32CubeIDE\plugins\com.st.stm32cube.common.mx_6.11.0.202403141607
2024-05-14 14:01:11,924 [INFO] MainUpdater:2873 - connection check result : 10
2024-05-14 14:01:11,925 [INFO] MainUpdater:290 - Updater Check For Update Now.
2024-05-14 14:01:11,925 [INFO] MicroXplorer:498 - Change Database Version : DB.6.0.110
2024-05-14 14:01:11,935 [INFO] McuFinderGlobals:63 - Set McuFinder mode to 2 (CubeIDE integrated)
2024-05-14 14:01:11,953 [INFO] UserAuth:415 - Internet connection configuration mode: 1
2024-05-14 14:01:11,982 [INFO] JxBrowserEngine:152 - Initiate JxBrowser Engine with user profile folder
2024-05-14 14:01:12,157 [INFO] CheckServerUpdateThread:120 - End of CheckServer Thread
2024-05-14 14:01:13,359 [WARN] PackLoader:240 - Cannot read IP mode file for STMicroelectronics.FP-SNS-MOTENVWB1.1.4.0
2024-05-14 14:01:13,380 [WARN] PackLoader:240 - Cannot read IP mode file for STMicroelectronics.X-CUBE-SMBUS.2.1.0
2024-05-14 14:01:13,388 [WARN] PackLoader:240 - Cannot read IP mode file for STMicroelectronics.X-CUBE-TOUCHGFX.4.23.1
2024-05-14 14:01:13,392 [WARN] PackLoader:240 - Cannot read IP mode file for STMicroelectronics.X-CUBE-TOUCHGFX.4.23.0
2024-05-14 14:01:13,397 [WARN] PackLoader:240 - Cannot read IP mode file for STMicroelectronics.X-CUBE-TOUCHGFX.4.23.2
2024-05-14 14:01:13,463 [WARN] PackLoader:240 - Cannot read IP mode file for STMicroelectronics.X-CUBE-AZRTOS-F7.1.1.0
2024-05-14 14:01:13,477 [INFO] WebApp:161 - Instantiating new browser for Auth
2024-05-14 14:01:13,482 [WARN] PackLoader:240 - Cannot read IP mode file for STMicroelectronics.FP-SNS-MOTENV1.4.3.2
2024-05-14 14:01:13,492 [ERROR] RealEvaluatedCondition:428 - Found unsupported composite condition: CLASS='Data Exchange' GROUP='STM32_MetaDataManager'
2024-05-14 14:01:13,493 [ERROR] RealEvaluatedCondition:428 - Found unsupported composite condition: CLASS='Data Exchange' GROUP='STM32_MetaDataManager'
2024-05-14 14:01:13,496 [WARN] PackLoader:240 - Cannot read IP mode file for STMicroelectronics.FP-SNS-MOTENV1.4.3.1
2024-05-14 14:01:13,506 [WARN] PackLoader:240 - Cannot read IP mode file for STMicroelectronics.FP-SNS-FLIGHT1.5.0.1
2024-05-14 14:01:13,527 [WARN] PackLoader:240 - Cannot read IP mode file for STMicroelectronics.X-CUBE-BLE1.6.2.4
2024-05-14 14:01:13,542 [WARN] PackLoader:240 - Cannot read IP mode file for STMicroelectronics.X-CUBE-DISPLAY.3.0.0
2024-05-14 14:01:13,559 [WARN] PackLoader:240 - Cannot read IP mode file for STMicroelectronics.X-CUBE-BLE1.7.0.0
2024-05-14 14:01:13,566 [WARN] PackLoader:240 - Cannot read IP mode file for STMicroelectronics.X-CUBE-TOUCHGFX.4.22.0
2024-05-14 14:01:13,578 [WARN] PackLoader:240 - Cannot read IP mode file for STMicroelectronics.X-CUBE-TOUCHGFX.4.22.1
2024-05-14 14:01:13,597 [WARN] PackLoader:240 - Cannot read IP mode file for STMicroelectronics.X-CUBE-BLEMGR.3.1.0
2024-05-14 14:01:13,609 [WARN] PackLoader:240 - Cannot read IP mode file for STMicroelectronics.FP-SNS-SMARTAG2.1.2.0
2024-05-14 14:01:13,616 [WARN] PackLoader:240 - Cannot read IP mode file for STMicroelectronics.FP-SNS-MOTENV1.5.0.0
2024-05-14 14:01:13,631 [WARN] PackLoader:240 - Cannot read IP mode file for WES.I-CUBE-Cesium.1.3.0
2024-05-14 14:01:13,637 [WARN] PackLoader:240 - Cannot read IP mode file for STMicroelectronics.X-CUBE-BLE2.3.3.0
2024-05-14 14:01:13,647 [WARN] PackLoader:240 - Cannot read IP mode file for STMicroelectronics.X-CUBE-TCPP.4.1.0
2024-05-14 14:01:13,654 [WARN] PackLoader:240 - Cannot read IP mode file for STMicroelectronics.X-CUBE-TOUCHGFX.4.21.3
2024-05-14 14:01:13,658 [WARN] PackLoader:240 - Cannot read IP mode file for STMicroelectronics.X-CUBE-TOUCHGFX.4.21.4
2024-05-14 14:01:13,668 [WARN] PackLoader:240 - Cannot read IP mode file for STMicroelectronics.X-CUBE-ALGOBUILD.1.3.0
2024-05-14 14:01:13,702 [WARN] PackLoader:240 - Cannot read IP mode file for STMicroelectronics.X-CUBE-AZRTOS-G0.1.1.0
2024-05-14 14:01:13,717 [WARN] PackLoader:240 - Cannot read IP mode file for STMicroelectronics.X-CUBE-SAFEA1.1.2.2
2024-05-14 14:01:13,727 [WARN] PackLoader:240 - Cannot read IP mode file for STMicroelectronics.X-CUBE-NFC4.3.0.0
2024-05-14 14:01:13,742 [WARN] PackLoader:240 - Cannot read IP mode file for STMicroelectronics.X-CUBE-BLEMGR.3.0.0
2024-05-14 14:01:13,752 [WARN] PackLoader:240 - Cannot read IP mode file for STMicroelectronics.FP-ATR-SIGFOX1.3.2.0
2024-05-14 14:01:13,762 [WARN] PackLoader:240 - Cannot read IP mode file for STMicroelectronics.X-CUBE-EEPRMA1.5.1.0
2024-05-14 14:01:13,820 [WARN] PackLoader:240 - Cannot read IP mode file for SEGGER.I-CUBE-embOS.1.3.1
2024-05-14 14:01:13,911 [WARN] PackLoader:240 - Cannot read IP mode file for STMicroelectronics.X-CUBE-ALGOBUILD.1.4.0
2024-05-14 14:01:13,919 [WARN] PackLoader:240 - Cannot read IP mode file for STMicroelectronics.X-CUBE-GNSS1.6.0.0
2024-05-14 14:01:13,947 [WARN] PackLoader:240 - Cannot read IP mode file for STMicroelectronics.X-CUBE-AZRTOS-F4.1.1.0
2024-05-14 14:01:13,957 [WARN] PackLoader:240 - Cannot read IP mode file for wolfSSL.I-CUBE-wolfSSL.5.6.0
2024-05-14 14:01:13,963 [WARN] PackLoader:240 - Cannot read IP mode file for STMicroelectronics.X-CUBE-FREERTOS.1.2.0
2024-05-14 14:01:13,995 [WARN] PackLoader:240 - Cannot read IP mode file for STMicroelectronics.X-CUBE-AZRTOS-L5.2.0.0
2024-05-14 14:01:14,069 [WARN] PackLoader:240 - Cannot read IP mode file for STMicroelectronics.X-CUBE-MEMS1.9.6.0
2024-05-14 14:01:14,324 [WARN] PackLoader:240 - Cannot read IP mode file for STMicroelectronics.X-CUBE-EEPRMA1.4.2.0
2024-05-14 14:01:14,333 [WARN] PackLoader:240 - Cannot read IP mode file for STMicroelectronics.X-CUBE-NFC6.3.1.0
2024-05-14 14:01:14,343 [WARN] PackLoader:240 - Cannot read IP mode file for ITTIA_DB.I-CUBE-ITTIADB.8.8.0
2024-05-14 14:01:14,351 [WARN] PackLoader:240 - Cannot read IP mode file for emotas.I-CUBE-CANOPEN.1.1.3
2024-05-14 14:01:14,359 [WARN] PackLoader:240 - Cannot read IP mode file for STMicroelectronics.X-CUBE-BLEMGR.2.0.0
2024-05-14 14:01:14,367 [WARN] PackLoader:240 - Cannot read IP mode file for STMicroelectronics.X-CUBE-AI.9.0.0
2024-05-14 14:01:14,397 [WARN] ConditionMgr:438 - getConditionDescription Invalid condition id : UX DEVICE CLASS RTOS Condition cause : null
2024-05-14 14:01:14,397 [WARN] ConditionMgr:438 - getConditionDescription Invalid condition id : UX DEVICE CLASS RTOS Condition cause : null
2024-05-14 14:01:14,402 [WARN] PackLoader:240 - Cannot read IP mode file for STMicroelectronics.X-CUBE-AZRTOS-H7.3.1.0
2024-05-14 14:01:14,404 [WARN] ConditionMgr:1039 - genDependencies : Invalid condition id : UX DEVICE CLASS RTOS Condition cause : null
2024-05-14 14:01:14,404 [WARN] ConditionMgr:1039 - genDependencies : Invalid condition id : UX DEVICE CLASS RTOS Condition cause : null
2024-05-14 14:01:14,405 [WARN] ConditionMgr:1039 - genDependencies : Invalid condition id : UX DEVICE CLASS RTOS Condition cause : null
2024-05-14 14:01:14,406 [WARN] ConditionMgr:1039 - genDependencies : Invalid condition id : UX DEVICE CLASS RTOS Condition cause : null
2024-05-14 14:01:14,406 [WARN] ConditionMgr:1039 - genDependencies : Invalid condition id : UX DEVICE CLASS RTOS Condition cause : null
2024-05-14 14:01:14,414 [WARN] PackLoader:240 - Cannot read IP mode file for STMicroelectronics.X-CUBE-NFC7.1.0.1
2024-05-14 14:01:14,421 [WARN] PackLoader:240 - Cannot read IP mode file for STMicroelectronics.X-CUBE-NFC7.1.0.0
2024-05-14 14:01:14,431 [WARN] PackLoader:240 - Cannot read IP mode file for STMicroelectronics.X-CUBE-NFC6.3.0.0
2024-05-14 14:01:14,440 [WARN] PackLoader:240 - Cannot read IP mode file for STMicroelectronics.X-CUBE-EEPRMA1.4.1.0
2024-05-14 14:01:14,450 [WARN] PackLoader:240 - Cannot read IP mode file for STMicroelectronics.X-CUBE-AI.8.1.0
2024-05-14 14:01:14,575 [WARN] ConditionMgr:438 - getConditionDescription Invalid condition id : LAN8742 Phy interface Condition cause : null
2024-05-14 14:01:14,576 [WARN] PackLoader:240 - Cannot read IP mode file for STMicroelectronics.X-CUBE-AZRTOS-L4.2.0.0
2024-05-14 14:01:14,578 [WARN] ConditionMgr:1039 - genDependencies : Invalid condition id : LAN8742 Phy interface Condition cause : null
2024-05-14 14:01:14,579 [WARN] ConditionMgr:1039 - genDependencies : Invalid condition id : LAN8742 Phy interface Condition cause : null
2024-05-14 14:01:14,580 [WARN] ConditionMgr:1039 - genDependencies : Invalid condition id : LAN8742 Phy interface Condition cause : null
2024-05-14 14:01:14,591 [WARN] PackLoader:240 - Cannot read IP mode file for STMicroelectronics.X-CUBE-SFXS2LP1.4.0.0
2024-05-14 14:01:14,599 [WARN] PackLoader:240 - Cannot read IP mode file for STMicroelectronics.X-CUBE-ISPU.1.1.0
2024-05-14 14:01:14,603 [WARN] PackLoader:240 - Cannot read IP mode file for STMicroelectronics.X-CUBE-AI.8.0.0
2024-05-14 14:01:14,625 [WARN] ConditionMgr:438 - getConditionDescription Invalid condition id : UX DEVICE CLASS RTOS Condition cause : null
2024-05-14 14:01:14,625 [WARN] ConditionMgr:438 - getConditionDescription Invalid condition id : UX DEVICE CLASS RTOS Condition cause : null
2024-05-14 14:01:14,628 [WARN] PackLoader:240 - Cannot read IP mode file for STMicroelectronics.X-CUBE-AZRTOS-WB.2.0.0
2024-05-14 14:01:14,629 [WARN] ConditionMgr:1039 - genDependencies : Invalid condition id : UX DEVICE CLASS RTOS Condition cause : null
2024-05-14 14:01:14,629 [WARN] ConditionMgr:1039 - genDependencies : Invalid condition id : UX DEVICE CLASS RTOS Condition cause : null
2024-05-14 14:01:14,630 [WARN] ConditionMgr:1039 - genDependencies : Invalid condition id : UX DEVICE CLASS RTOS Condition cause : null
2024-05-14 14:01:14,630 [WARN] ConditionMgr:1039 - genDependencies : Invalid condition id : UX DEVICE CLASS RTOS Condition cause : null
2024-05-14 14:01:14,630 [WARN] ConditionMgr:1039 - genDependencies : Invalid condition id : UX DEVICE CLASS RTOS Condition cause : null
2024-05-14 14:01:14,637 [WARN] PackLoader:240 - Cannot read IP mode file for STMicroelectronics.X-CUBE-FREERTOS.1.0.1
2024-05-14 14:01:14,659 [WARN] PackLoader:240 - Cannot read IP mode file for STMicroelectronics.X-CUBE-AZRTOS-L5.1.1.0
2024-05-14 14:01:14,666 [WARN] PackLoader:240 - Cannot read IP mode file for STMicroelectronics.X-CUBE-AI.8.0.1
2024-05-14 14:01:14,680 [WARN] PackLoader:240 - Cannot read IP mode file for STMicroelectronics.X-CUBE-SUBG2.5.0.0
2024-05-14 14:01:14,704 [WARN] PackLoader:240 - Cannot read IP mode file for STMicroelectronics.X-CUBE-TOF1.3.3.1
2024-05-14 14:01:14,743 [WARN] PackLoader:240 - Cannot read IP mode file for STMicroelectronics.X-CUBE-AZRTOS-G4.2.0.0
2024-05-14 14:01:14,759 [WARN] PackLoader:240 - Cannot read IP mode file for STMicroelectronics.X-CUBE-TOF1.3.3.0
2024-05-14 14:01:14,790 [WARN] PackLoader:240 - Cannot read IP mode file for Infineon.AIROC-Wi-Fi-Bluetooth-STM32.1.5.1
2024-05-14 14:01:14,799 [WARN] PackLoader:240 - Cannot read IP mode file for STMicroelectronics.FP-SNS-MOTENVWB1.1.3.1
2024-05-14 14:01:14,821 [WARN] PackLoader:240 - Cannot read IP mode file for STMicroelectronics.X-CUBE-AZRTOS-L4.1.0.0
2024-05-14 14:01:14,830 [WARN] PackLoader:240 - Cannot read IP mode file for STMicroelectronics.X-CUBE-ISPU.2.0.0
2024-05-14 14:01:14,893 [WARN] PackLoader:240 - Cannot read IP mode file for STMicroelectronics.X-CUBE-MEMS1.10.0.0
2024-05-14 14:01:14,964 [INFO] WebApp:779 - Register for checkConnection events
2024-05-14 14:01:14,964 [INFO] WebApp:414 - Apply proxy settings
2024-05-14 14:01:14,964 [INFO] WebApp:499 - Chromium requires no authentication
2024-05-14 14:01:14,978 [INFO] WebApp:442 - Direct internet connection detected
2024-05-14 14:01:15,095 [WARN] PackLoader:240 - Cannot read IP mode file for STMicroelectronics.X-CUBE-FREERTOS.1.1.0
2024-05-14 14:01:15,110 [WARN] PackLoader:240 - Cannot read IP mode file for STMicroelectronics.X-CUBE-AZRTOS-WL.1.0.0
2024-05-14 14:01:15,118 [WARN] PackLoader:240 - Cannot read IP mode file for portGmbH.I-Cube-SoM-uGOAL.1.1.0
2024-05-14 14:01:15,123 [WARN] PackLoader:240 - Cannot read IP mode file for STMicroelectronics.X-CUBE-ALS.1.0.1
2024-05-14 14:01:15,145 [WARN] PackLoader:240 - Cannot read IP mode file for STMicroelectronics.X-CUBE-AZRTOS-WB.1.1.0
2024-05-14 14:01:15,166 [WARN] PackLoader:240 - Cannot read IP mode file for STMicroelectronics.X-CUBE-AZRTOS-H7RS.1.0.0
2024-05-14 14:01:15,174 [WARN] PackLoader:240 - Cannot read IP mode file for STMicroelectronics.FP-ATR-ASTRA1.2.0.0
2024-05-14 14:01:15,188 [WARN] PackLoader:240 - Cannot read IP mode file for STMicroelectronics.X-CUBE-TOF1.3.4.0
2024-05-14 14:01:15,218 [WARN] PackLoader:240 - Cannot read IP mode file for STMicroelectronics.X-CUBE-TOF1.3.4.1
2024-05-14 14:01:15,252 [WARN] PackLoader:240 - Cannot read IP mode file for STMicroelectronics.X-CUBE-AZRTOS-H7.3.2.0
2024-05-14 14:01:15,256 [INFO] ThirdParty:978 - Integrity check success = true
2024-05-14 14:01:15,256 [INFO] IntegrityCheckThread:100 - exiting critical section [integrity check]
2024-05-14 14:01:15,256 [INFO] IntegrityCheckThread:103 - End integrity checks thread
2024-05-14 14:01:15,363 [INFO] WebApp:192 - Starting web application
2024-05-14 14:01:15,363 [INFO] WebApp:544 - Web application path used C:\ST\STM32CubeIDE_1.12.1\STM32CubeIDE\plugins\com.st.stm32cube.common.mx_6.11.0.202403141607\db\plugins\mcufinder\reactClient1\index.html
