2024-08-03 18:15:10,244 [INFO] Activator:176 - 


2024-08-03 18:15:10,250 [INFO] Activator:177 - !SESSION log4j initialized
2024-08-03 18:15:16,450 [INFO] LogOutputStream:77 - [STDOUT_REDIRECT] 
2024-08-03 18:15:19,744 [INFO] ApplicationProperties:184 - Using Application install path: C:\ST\STM32CubeIDE_1.12.1\STM32CubeIDE\plugins\com.st.stm32cube.common.mx_6.11.0.202403141607
2024-08-03 18:15:19,775 [INFO] DbMcusXml:78 - Set database path to: C:\ST\STM32CubeIDE_1.12.1\STM32CubeIDE\plugins\com.st.stm32cube.common.mx_6.11.0.202403141607\\db\/mcu/
2024-08-03 18:15:19,776 [INFO] ApiDb:274 - Set plugin database path to: C:\ST\STM32CubeIDE_1.12.1\STM32CubeIDE\plugins\com.st.stm32cube.common.mx_6.11.0.202403141607\\db\/plugins/boardmanager/
2024-08-03 18:15:19,776 [WARN] ApiDb:259 - Overriding images path with different value:  => C:\ST\STM32CubeIDE_1.12.1\STM32CubeIDE\plugins\com.st.stm32cube.common.mx_6.11.0.202403141607\\db\/plugins/mcufinder/images/
2024-08-03 18:15:19,791 [INFO] ApiDb:250 - Set database path to: C:\Users\kha\.stmcufinder\plugins\mcufinder//mcu/
2024-08-03 18:15:19,794 [INFO] DbMcusAds:125 - Set database path to: C:\Users\kha\.stmcufinder\plugins\mcufinder//mcu/
2024-08-03 18:15:20,689 [INFO] CrossReferenceDbSqlite:203 - Set database path to: C:\Users\kha\.stmcufinder\plugins\mcufinder//mcu/cs/
2024-08-03 18:15:20,948 [INFO] RulesReader:64 - Compatibility file has been processed (297 Rules)
2024-08-03 18:15:21,110 [INFO] DbMcusXml:78 - Set database path to: C:\ST\STM32CubeIDE_1.12.1\STM32CubeIDE\plugins\com.st.stm32cube.common.mx_6.11.0.202403141607\\db\/mcu/
2024-08-03 18:15:21,110 [INFO] ApiDb:274 - Set plugin database path to: C:\ST\STM32CubeIDE_1.12.1\STM32CubeIDE\plugins\com.st.stm32cube.common.mx_6.11.0.202403141607\\db\/plugins/boardmanager/
2024-08-03 18:15:21,111 [INFO] ApiDb:261 - Set plugin images path to: C:\ST\STM32CubeIDE_1.12.1\STM32CubeIDE\plugins\com.st.stm32cube.common.mx_6.11.0.202403141607\\db\/plugins/mcufinder/images/
2024-08-03 18:15:21,112 [WARN] DbFile:41 - Overriding database path with different value: C:\Users\kha\.stmcufinder\plugins\mcufinder/ => C:\Users\kha\.stmcufinder\plugins\mcufinder
2024-08-03 18:15:21,113 [INFO] ApiDb:250 - Set database path to: C:\Users\kha\.stmcufinder\plugins\mcufinder//mcu/
2024-08-03 18:15:21,113 [WARN] DbFile:41 - Overriding database path with different value: C:\Users\kha\.stmcufinder\plugins\mcufinder/ => C:\Users\kha\.stmcufinder\plugins\mcufinder
2024-08-03 18:15:21,113 [INFO] DbMcusAds:125 - Set database path to: C:\Users\kha\.stmcufinder\plugins\mcufinder//mcu/
2024-08-03 18:15:21,113 [WARN] DbFile:41 - Overriding database path with different value: C:\Users\kha\.stmcufinder\plugins\mcufinder/ => C:\Users\kha\.stmcufinder\plugins\mcufinder
2024-08-03 18:15:21,113 [WARN] DbFile:41 - Overriding database path with different value: C:\Users\kha\.stmcufinder\plugins\mcufinder/ => C:\Users\kha\.stmcufinder\plugins\mcufinder
2024-08-03 18:15:21,731 [INFO] CrossReferenceDbSqlite:203 - Set database path to: C:\Users\kha\.stmcufinder\plugins\mcufinder//mcu/cs/
2024-08-03 18:15:21,878 [INFO] MainPanel:264 - HeapMemory: 268435456
2024-08-03 18:15:22,036 [INFO] DbMcusXml:78 - Set database path to: C:\ST\STM32CubeIDE_1.12.1\STM32CubeIDE\plugins\com.st.stm32cube.common.mx_6.11.0.202403141607\\db\/mcu/
2024-08-03 18:15:22,036 [INFO] ApiDb:274 - Set plugin database path to: C:\ST\STM32CubeIDE_1.12.1\STM32CubeIDE\plugins\com.st.stm32cube.common.mx_6.11.0.202403141607\\db\/plugins/boardmanager/
2024-08-03 18:15:22,036 [INFO] ApiDb:261 - Set plugin images path to: C:\ST\STM32CubeIDE_1.12.1\STM32CubeIDE\plugins\com.st.stm32cube.common.mx_6.11.0.202403141607\\db\/plugins/mcufinder/images/
2024-08-03 18:15:22,037 [WARN] DbFile:41 - Overriding database path with different value: C:\Users\kha\.stmcufinder\plugins\mcufinder/ => C:\Users\kha\.stmcufinder\plugins\mcufinder
2024-08-03 18:15:22,037 [INFO] ApiDb:250 - Set database path to: C:\Users\kha\.stmcufinder\plugins\mcufinder//mcu/
2024-08-03 18:15:22,037 [WARN] DbFile:41 - Overriding database path with different value: C:\Users\kha\.stmcufinder\plugins\mcufinder/ => C:\Users\kha\.stmcufinder\plugins\mcufinder
2024-08-03 18:15:22,037 [INFO] DbMcusAds:125 - Set database path to: C:\Users\kha\.stmcufinder\plugins\mcufinder//mcu/
2024-08-03 18:15:22,037 [WARN] DbFile:41 - Overriding database path with different value: C:\Users\kha\.stmcufinder\plugins\mcufinder/ => C:\Users\kha\.stmcufinder\plugins\mcufinder
2024-08-03 18:15:22,037 [WARN] DbFile:41 - Overriding database path with different value: C:\Users\kha\.stmcufinder\plugins\mcufinder/ => C:\Users\kha\.stmcufinder\plugins\mcufinder
2024-08-03 18:15:22,688 [INFO] CrossReferenceDbSqlite:203 - Set database path to: C:\Users\kha\.stmcufinder\plugins\mcufinder//mcu/cs/
2024-08-03 18:15:22,712 [INFO] ApplicationProperties:184 - Using Application install path: C:\ST\STM32CubeIDE_1.12.1\STM32CubeIDE\plugins\com.st.stm32cube.common.mx_6.11.0.202403141607
2024-08-03 18:15:22,714 [INFO] PluginManage:196 - Search for loadable plugins [exclusion list=, ]
2024-08-03 18:15:22,717 [INFO] PluginManage:310 - Check plugin analytics
2024-08-03 18:15:23,759 [INFO] AnalyticsPlugin:253 - Accepted Software Licenses: 
2024-08-03 18:15:23,759 [INFO] AnalyticsPlugin:255 - Accepted CMSIS Pack Licenses: 
2024-08-03 18:15:23,760 [INFO] AnalyticsPlugin:257 - Accepted Firmware Licenses: 
2024-08-03 18:15:23,763 [INFO] PluginManage:359 - Loaded plugin analytics (category:tool,tabindex:-1)
2024-08-03 18:15:23,763 [INFO] PluginManage:310 - Check plugin cadmodel
2024-08-03 18:15:23,770 [INFO] CADModel:105 - Init CAD model plugin
2024-08-03 18:15:23,770 [INFO] PluginManage:359 - Loaded plugin cadmodel (category:power,tabindex:5)
2024-08-03 18:15:23,771 [INFO] PluginManage:310 - Check plugin clock
2024-08-03 18:15:23,782 [INFO] PluginManage:359 - Loaded plugin clock (category:base,tabindex:2)
2024-08-03 18:15:23,782 [INFO] PluginManage:310 - Check plugin ddr
2024-08-03 18:15:23,784 [INFO] PluginManage:359 - Loaded plugin ddr (category:tool,tabindex:6)
2024-08-03 18:15:23,784 [INFO] PluginManage:310 - Check plugin filemanager
2024-08-03 18:15:23,931 [INFO] PluginManage:359 - Loaded plugin filemanager (category:base,tabindex:10)
2024-08-03 18:15:23,931 [INFO] PluginManage:310 - Check plugin ipmanager
2024-08-03 18:15:23,936 [INFO] PluginManage:359 - Loaded plugin ipmanager (category:base,tabindex:5)
2024-08-03 18:15:23,938 [INFO] PluginManage:310 - Check plugin lpbam
2024-08-03 18:15:23,945 [INFO] PluginManage:359 - Loaded plugin lpbam (category:base,tabindex:0)
2024-08-03 18:15:23,946 [INFO] PluginManage:310 - Check plugin memorymap
2024-08-03 18:15:23,961 [INFO] PluginManage:359 - Loaded plugin memorymap (category:base,tabindex:4)
2024-08-03 18:15:23,961 [INFO] PluginManage:310 - Check plugin pinoutandconfiguration
2024-08-03 18:15:23,969 [INFO] PluginManage:359 - Loaded plugin pinoutandconfiguration (category:base,tabindex:1)
2024-08-03 18:15:23,969 [INFO] PluginManage:310 - Check plugin pinoutconfig
2024-08-03 18:15:24,048 [WARN] SupportedApi:132 - Cannot load RTOS API schema: s4s-elt-must-match.1: The content of 'definitions' must match (annotation?, (simpleType | complexType)?, (unique | key | keyref)*)). A problem was found starting at: attribute.
2024-08-03 18:15:24,174 [INFO] PluginManage:359 - Loaded plugin pinoutconfig (category:base,tabindex:0)
2024-08-03 18:15:24,174 [INFO] PluginManage:310 - Check plugin power
2024-08-03 18:15:24,186 [INFO] PluginManage:359 - Loaded plugin power (category:power,tabindex:4)
2024-08-03 18:15:24,186 [INFO] PluginManage:310 - Check plugin projectmanager
2024-08-03 18:15:24,201 [INFO] PluginManage:359 - Loaded plugin projectmanager (category:projectmanager,tabindex:3)
2024-08-03 18:15:24,201 [INFO] PluginManage:310 - Check plugin thirdparty
2024-08-03 18:15:24,356 [WARN] IntegrityCheckThread:84 - waiting for thirdparty lock release [integrity check]
2024-08-03 18:15:24,356 [INFO] IntegrityCheckThread:86 - entering critical section [integrity check]
2024-08-03 18:15:24,356 [INFO] PluginManage:359 - Loaded plugin thirdparty (category:base,tabindex:-1)
2024-08-03 18:15:24,357 [INFO] PluginManage:310 - Check plugin tools
2024-08-03 18:15:24,357 [INFO] ThirdPartyUpdaterWithRetryManager:70 - Updater plugin not ready yet. [1/15]
2024-08-03 18:15:24,362 [INFO] PluginManage:359 - Loaded plugin tools (category:base,tabindex:7)
2024-08-03 18:15:24,362 [INFO] PluginManage:310 - Check plugin tutovideos
2024-08-03 18:15:24,533 [INFO] PluginManage:359 - Loaded plugin tutovideos (category:base,tabindex:-1)
2024-08-03 18:15:24,533 [INFO] PluginManage:310 - Check plugin updater
2024-08-03 18:15:24,546 [INFO] PluginManage:359 - Loaded plugin updater (category:base,tabindex:12)
2024-08-03 18:15:24,546 [INFO] PluginManage:310 - Check plugin userauth
2024-08-03 18:15:24,549 [INFO] UserAuth:114 - Init User Auth plugin
2024-08-03 18:15:24,550 [INFO] PluginManage:359 - Loaded plugin userauth (category:base,tabindex:14)
2024-08-03 18:15:24,550 [INFO] PluginManage:283 - PluginManage : Loaded plugins [17]
2024-08-03 18:15:24,764 [INFO] PinOutPanel:1561 - setPackage(No Configuration,No Configuration)
2024-08-03 18:15:24,837 [INFO] CADModel:165 - CPN selected for project level
2024-08-03 18:15:24,837 [INFO] CADModel:114 - Register for checkConnection events
2024-08-03 18:15:24,856 [INFO] IPUIPlugin:80 - create IPUIPlugin
2024-08-03 18:15:24,856 [INFO] PluginManager:220 - loadIPPluginJar : add adc
2024-08-03 18:15:24,858 [INFO] IPUIPlugin:80 - create IPUIPlugin
2024-08-03 18:15:24,858 [INFO] PluginManager:220 - loadIPPluginJar : add aes
2024-08-03 18:15:24,862 [INFO] IPUIPlugin:80 - create IPUIPlugin
2024-08-03 18:15:24,863 [INFO] PluginManager:220 - loadIPPluginJar : add can
2024-08-03 18:15:24,865 [INFO] IPUIPlugin:80 - create IPUIPlugin
2024-08-03 18:15:24,865 [INFO] PluginManager:220 - loadIPPluginJar : add comp
2024-08-03 18:15:24,869 [INFO] IPUIPlugin:80 - create IPUIPlugin
2024-08-03 18:15:24,869 [INFO] PluginManager:220 - loadIPPluginJar : add cryp
2024-08-03 18:15:24,872 [INFO] IPUIPlugin:80 - create IPUIPlugin
2024-08-03 18:15:24,872 [INFO] PluginManager:220 - loadIPPluginJar : add dfsdm
2024-08-03 18:15:24,879 [INFO] IPUIPlugin:80 - create IPUIPlugin
2024-08-03 18:15:24,879 [INFO] PluginManager:220 - loadIPPluginJar : add dma
2024-08-03 18:15:24,882 [INFO] IPUIPlugin:80 - create IPUIPlugin
2024-08-03 18:15:24,882 [INFO] PluginManager:220 - loadIPPluginJar : add dma3
2024-08-03 18:15:24,884 [INFO] IPUIPlugin:80 - create IPUIPlugin
2024-08-03 18:15:24,884 [INFO] PluginManager:220 - loadIPPluginJar : add extmemmanager
2024-08-03 18:15:24,887 [INFO] IPUIPlugin:80 - create IPUIPlugin
2024-08-03 18:15:24,887 [INFO] PluginManager:220 - loadIPPluginJar : add fatfs
2024-08-03 18:15:24,891 [INFO] IPUIPlugin:80 - create IPUIPlugin
2024-08-03 18:15:24,891 [INFO] PluginManager:220 - loadIPPluginJar : add fmc
2024-08-03 18:15:24,899 [INFO] IPUIPlugin:80 - create IPUIPlugin
2024-08-03 18:15:24,899 [INFO] PluginManager:220 - loadIPPluginJar : add freertos
2024-08-03 18:15:24,901 [INFO] IPUIPlugin:80 - create IPUIPlugin
2024-08-03 18:15:24,901 [INFO] PluginManager:220 - loadIPPluginJar : add genericplugin
2024-08-03 18:15:24,904 [INFO] IPUIPlugin:80 - create IPUIPlugin
2024-08-03 18:15:24,904 [INFO] PluginManager:220 - loadIPPluginJar : add gfxmmu
2024-08-03 18:15:24,909 [INFO] IPUIPlugin:80 - create IPUIPlugin
2024-08-03 18:15:24,909 [INFO] PluginManager:220 - loadIPPluginJar : add gic
2024-08-03 18:15:24,914 [INFO] IPUIPlugin:80 - create IPUIPlugin
2024-08-03 18:15:24,914 [INFO] PluginManager:220 - loadIPPluginJar : add gpio
2024-08-03 18:15:24,916 [INFO] IPUIPlugin:80 - create IPUIPlugin
2024-08-03 18:15:24,917 [INFO] PluginManager:220 - loadIPPluginJar : add gtzc
2024-08-03 18:15:24,919 [INFO] IPUIPlugin:80 - create IPUIPlugin
2024-08-03 18:15:24,919 [INFO] PluginManager:220 - loadIPPluginJar : add hash
2024-08-03 18:15:24,922 [INFO] IPUIPlugin:80 - create IPUIPlugin
2024-08-03 18:15:24,922 [INFO] PluginManager:220 - loadIPPluginJar : add i2c
2024-08-03 18:15:24,924 [INFO] IPUIPlugin:80 - create IPUIPlugin
2024-08-03 18:15:24,925 [INFO] PluginManager:220 - loadIPPluginJar : add i2s
2024-08-03 18:15:24,928 [INFO] IPUIPlugin:80 - create IPUIPlugin
2024-08-03 18:15:24,928 [INFO] PluginManager:220 - loadIPPluginJar : add i3c
2024-08-03 18:15:24,931 [INFO] IPUIPlugin:80 - create IPUIPlugin
2024-08-03 18:15:24,931 [INFO] PluginManager:220 - loadIPPluginJar : add ipddr
2024-08-03 18:15:24,938 [INFO] IPUIPlugin:80 - create IPUIPlugin
2024-08-03 18:15:24,938 [INFO] PluginManager:220 - loadIPPluginJar : add linkedlist
2024-08-03 18:15:24,941 [INFO] IPUIPlugin:80 - create IPUIPlugin
2024-08-03 18:15:24,941 [INFO] PluginManager:220 - loadIPPluginJar : add lorawan
2024-08-03 18:15:24,943 [INFO] IPUIPlugin:80 - create IPUIPlugin
2024-08-03 18:15:24,944 [INFO] PluginManager:220 - loadIPPluginJar : add ltdc
2024-08-03 18:15:24,950 [INFO] IPUIPlugin:80 - create IPUIPlugin
2024-08-03 18:15:24,950 [INFO] PluginManager:220 - loadIPPluginJar : add mdma
2024-08-03 18:15:24,953 [INFO] IPUIPlugin:80 - create IPUIPlugin
2024-08-03 18:15:24,953 [INFO] PluginManager:220 - loadIPPluginJar : add nvic
2024-08-03 18:15:24,956 [INFO] IPUIPlugin:80 - create IPUIPlugin
2024-08-03 18:15:24,956 [INFO] PluginManager:220 - loadIPPluginJar : add opamp
2024-08-03 18:15:24,960 [INFO] IPUIPlugin:80 - create IPUIPlugin
2024-08-03 18:15:24,960 [INFO] PluginManager:220 - loadIPPluginJar : add openamp
2024-08-03 18:15:24,963 [INFO] IPUIPlugin:80 - create IPUIPlugin
2024-08-03 18:15:24,964 [INFO] PluginManager:220 - loadIPPluginJar : add pdm2pcm
2024-08-03 18:15:24,970 [INFO] IPUIPlugin:80 - create IPUIPlugin
2024-08-03 18:15:24,973 [INFO] PluginManager:220 - loadIPPluginJar : add plateformsettings
2024-08-03 18:15:24,975 [INFO] IPUIPlugin:80 - create IPUIPlugin
2024-08-03 18:15:24,975 [INFO] PluginManager:220 - loadIPPluginJar : add quadspi
2024-08-03 18:15:24,981 [INFO] IPUIPlugin:80 - create IPUIPlugin
2024-08-03 18:15:24,981 [INFO] PluginManager:220 - loadIPPluginJar : add resmgrutility
2024-08-03 18:15:24,985 [INFO] IPUIPlugin:80 - create IPUIPlugin
2024-08-03 18:15:24,985 [INFO] PluginManager:220 - loadIPPluginJar : add sai
2024-08-03 18:15:24,987 [INFO] IPUIPlugin:80 - create IPUIPlugin
2024-08-03 18:15:24,988 [INFO] PluginManager:220 - loadIPPluginJar : add spi
2024-08-03 18:15:24,994 [INFO] IPUIPlugin:80 - create IPUIPlugin
2024-08-03 18:15:24,995 [INFO] PluginManager:220 - loadIPPluginJar : add stm32_wpan
2024-08-03 18:15:24,997 [INFO] IPUIPlugin:80 - create IPUIPlugin
2024-08-03 18:15:24,998 [INFO] PluginManager:220 - loadIPPluginJar : add tim
2024-08-03 18:15:25,001 [INFO] IPUIPlugin:80 - create IPUIPlugin
2024-08-03 18:15:25,001 [INFO] PluginManager:220 - loadIPPluginJar : add touchsensing
2024-08-03 18:15:25,004 [INFO] IPUIPlugin:80 - create IPUIPlugin
2024-08-03 18:15:25,004 [INFO] PluginManager:220 - loadIPPluginJar : add tracer_emb
2024-08-03 18:15:25,007 [INFO] IPUIPlugin:80 - create IPUIPlugin
2024-08-03 18:15:25,007 [INFO] PluginManager:220 - loadIPPluginJar : add ts
2024-08-03 18:15:25,010 [INFO] IPUIPlugin:80 - create IPUIPlugin
2024-08-03 18:15:25,010 [INFO] PluginManager:220 - loadIPPluginJar : add tsc
2024-08-03 18:15:25,012 [INFO] IPUIPlugin:80 - create IPUIPlugin
2024-08-03 18:15:25,013 [INFO] PluginManager:220 - loadIPPluginJar : add ucpd
2024-08-03 18:15:25,017 [INFO] IPUIPlugin:80 - create IPUIPlugin
2024-08-03 18:15:25,017 [INFO] PluginManager:220 - loadIPPluginJar : add usart
2024-08-03 18:15:25,020 [INFO] IPUIPlugin:80 - create IPUIPlugin
2024-08-03 18:15:25,021 [INFO] PluginManager:220 - loadIPPluginJar : add usbx
2024-08-03 18:15:25,162 [INFO] CADModel:165 - CPN selected for project level
2024-08-03 18:15:25,163 [INFO] CADModel:114 - Register for checkConnection events
2024-08-03 18:15:25,163 [FATAL] Updater:308 - Updater called before beeing initialized
2024-08-03 18:15:25,163 [ERROR] CADModel:125 - Updater not yet initialized, retry later 
2024-08-03 18:15:25,298 [INFO] CADModel:165 - CPN selected for project level
2024-08-03 18:15:25,298 [INFO] CADModel:114 - Register for checkConnection events
2024-08-03 18:15:25,298 [FATAL] Updater:308 - Updater called before beeing initialized
2024-08-03 18:15:25,299 [ERROR] CADModel:125 - Updater not yet initialized, retry later 
2024-08-03 18:15:25,301 [FATAL] Updater:308 - Updater called before beeing initialized
2024-08-03 18:15:25,421 [FATAL] Updater:308 - Updater called before beeing initialized
2024-08-03 18:15:25,424 [INFO] DbMcusAds:53 - JSON generation date=Thu May 16 16:22:00 ICT 2024 (1715851320667)
2024-08-03 18:15:25,424 [FATAL] Updater:308 - Updater called before beeing initialized
2024-08-03 18:15:25,478 [WARN] DetailPanel:346 - Failed to get advertising image, set to default
2024-08-03 18:15:25,596 [FATAL] Updater:308 - Updater called before beeing initialized
2024-08-03 18:15:25,598 [FATAL] Updater:308 - Updater called before beeing initialized
2024-08-03 18:15:25,598 [FATAL] Updater:308 - Updater called before beeing initialized
2024-08-03 18:15:25,598 [WARN] DetailPanel:346 - Failed to get advertising image, set to default
2024-08-03 18:15:25,599 [FATAL] Updater:308 - Updater called before beeing initialized
2024-08-03 18:15:25,653 [ERROR] Updater:1120 - MainUpdater not yet initialized. External WinMGr cannot be set.
2024-08-03 18:15:25,654 [INFO] Updater:1056 - Updater Version found : 6.11.0
2024-08-03 18:15:25,677 [INFO] ApplicationProperties:184 - Using Application install path: C:\ST\STM32CubeIDE_1.12.1\STM32CubeIDE\plugins\com.st.stm32cube.common.mx_6.11.0.202403141607
2024-08-03 18:15:26,134 [INFO] MainUpdater:2873 - connection check result : 10
2024-08-03 18:15:26,134 [INFO] MainUpdater:3567 - Updater definition file requires update
2024-08-03 18:15:26,136 [INFO] MainUpdater:290 - Updater Check For Update Now.
2024-08-03 18:15:26,136 [INFO] MicroXplorer:498 - Change Database Version : DB.6.0.110
2024-08-03 18:15:26,140 [INFO] McuFinderGlobals:63 - Set McuFinder mode to 2 (CubeIDE integrated)
2024-08-03 18:15:26,146 [INFO] UserAuth:415 - Internet connection configuration mode: 1
2024-08-03 18:15:26,159 [INFO] JxBrowserEngine:152 - Initiate JxBrowser Engine with user profile folder
2024-08-03 18:15:27,091 [INFO] WebApp:161 - Instantiating new browser for Auth
2024-08-03 18:15:27,359 [WARN] MainUpdater:1194 - Updater busy. Cannot search thirdparties
2024-08-03 18:15:27,359 [INFO] ThirdPartyUpdaterWithRetryManager:96 - Updater plugin is busy. [1/15]
2024-08-03 18:15:27,818 [INFO] WebApp:779 - Register for checkConnection events
2024-08-03 18:15:27,818 [INFO] WebApp:414 - Apply proxy settings
2024-08-03 18:15:27,818 [INFO] WebApp:499 - Chromium requires no authentication
2024-08-03 18:15:27,826 [INFO] WebApp:442 - Direct internet connection detected
2024-08-03 18:15:27,867 [INFO] ServerAccessManage:473 - Download File updaters.zip
2024-08-03 18:15:27,938 [INFO] FileExtend:240 - Unzip File : updaters.zip
2024-08-03 18:15:27,939 [INFO] FileExtend:255 - Standard Zip Deflate
2024-08-03 18:15:28,263 [INFO] WebApp:192 - Starting web application
2024-08-03 18:15:28,263 [INFO] WebApp:544 - Web application path used C:\ST\STM32CubeIDE_1.12.1\STM32CubeIDE\plugins\com.st.stm32cube.common.mx_6.11.0.202403141607\db\plugins\mcufinder\reactClient1\index.html
2024-08-03 18:15:29,150 [INFO] ServerAccessManage:473 - Download File PacksControlFlags.xml
2024-08-03 18:15:30,086 [INFO] ServerAccessManage:473 - Download File cubemx.pidx
2024-08-03 18:15:30,201 [INFO] LoadServerUpdatesThread:375 - End of LoadServerUpdate Thread
2024-08-03 18:15:30,361 [WARN] MainUpdater:1194 - Updater busy. Cannot search thirdparties
2024-08-03 18:15:30,361 [INFO] ThirdPartyUpdaterWithRetryManager:96 - Updater plugin is busy. [2/15]
2024-08-03 18:15:30,387 [INFO] CheckServerUpdateThread:120 - End of CheckServer Thread
2024-08-03 18:15:33,659 [WARN] PackLoader:240 - Cannot read IP mode file for STMicroelectronics.FP-SNS-MOTENVWB1.1.4.0
2024-08-03 18:15:33,671 [WARN] PackLoader:240 - Cannot read IP mode file for STMicroelectronics.X-CUBE-SMBUS.2.1.0
2024-08-03 18:15:33,676 [WARN] PackLoader:240 - Cannot read IP mode file for STMicroelectronics.X-CUBE-TOUCHGFX.4.23.1
2024-08-03 18:15:33,681 [WARN] PackLoader:240 - Cannot read IP mode file for STMicroelectronics.X-CUBE-TOUCHGFX.4.23.0
2024-08-03 18:15:33,685 [WARN] PackLoader:240 - Cannot read IP mode file for STMicroelectronics.X-CUBE-TOUCHGFX.4.23.2
2024-08-03 18:15:33,725 [WARN] PackLoader:240 - Cannot read IP mode file for STMicroelectronics.X-CUBE-AZRTOS-F7.1.1.0
2024-08-03 18:15:33,742 [WARN] PackLoader:240 - Cannot read IP mode file for STMicroelectronics.FP-SNS-MOTENV1.4.3.2
2024-08-03 18:15:33,753 [ERROR] RealEvaluatedCondition:428 - Found unsupported composite condition: CLASS='Data Exchange' GROUP='STM32_MetaDataManager'
2024-08-03 18:15:33,754 [ERROR] RealEvaluatedCondition:428 - Found unsupported composite condition: GROUP='STM32_MetaDataManager' CLASS='Data Exchange'
2024-08-03 18:15:33,756 [WARN] PackLoader:240 - Cannot read IP mode file for STMicroelectronics.FP-SNS-MOTENV1.4.3.1
2024-08-03 18:15:33,766 [WARN] PackLoader:240 - Cannot read IP mode file for STMicroelectronics.FP-SNS-FLIGHT1.5.0.1
2024-08-03 18:15:33,776 [WARN] PackLoader:240 - Cannot read IP mode file for STMicroelectronics.X-CUBE-BLE1.6.2.4
2024-08-03 18:15:33,782 [WARN] PackLoader:240 - Cannot read IP mode file for STMicroelectronics.FP-SNS-FLIGHT1.5.0.2
2024-08-03 18:15:33,793 [WARN] PackLoader:240 - Cannot read IP mode file for STMicroelectronics.X-CUBE-DISPLAY.3.0.0
2024-08-03 18:15:33,813 [WARN] PackLoader:240 - Cannot read IP mode file for STMicroelectronics.X-CUBE-BLE1.7.0.0
2024-08-03 18:15:33,821 [WARN] PackLoader:240 - Cannot read IP mode file for emotas.I-CUBE-CANOPEN.1.3.0
2024-08-03 18:15:33,824 [WARN] PackLoader:240 - Cannot read IP mode file for STMicroelectronics.X-CUBE-TOUCHGFX.4.22.0
2024-08-03 18:15:33,826 [WARN] PackLoader:240 - Cannot read IP mode file for STMicroelectronics.X-CUBE-TOUCHGFX.4.22.1
2024-08-03 18:15:33,840 [WARN] PackLoader:240 - Cannot read IP mode file for STMicroelectronics.X-CUBE-BLEMGR.3.1.0
2024-08-03 18:15:33,851 [WARN] PackLoader:240 - Cannot read IP mode file for STMicroelectronics.FP-SNS-SMARTAG2.1.2.0
2024-08-03 18:15:33,865 [INFO] LogOutputStream:77 - [STDOUT_REDIRECT] 1 : Invalid condition id : UX_CORESTACK_Condition cause : null
2024-08-03 18:15:33,866 [INFO] LogOutputStream:77 - [STDOUT_REDIRECT] 1 : Invalid condition id : UX_CORESTACK_Condition cause : null
2024-08-03 18:15:33,868 [INFO] LogOutputStream:77 - [STDOUT_REDIRECT] 1 : Invalid condition id : UX_CORESTACK_Condition cause : null
2024-08-03 18:15:33,870 [INFO] LogOutputStream:77 - [STDOUT_REDIRECT] 1 : Invalid condition id : UX_CORESTACK_Condition cause : null
2024-08-03 18:15:33,871 [INFO] LogOutputStream:77 - [STDOUT_REDIRECT] 1 : Invalid condition id : UX_CORESTACK_Condition cause : null
2024-08-03 18:15:33,878 [WARN] PackLoader:240 - Cannot read IP mode file for STMicroelectronics.X-CUBE-AZRTOS-WL.2.0.0
2024-08-03 18:15:33,886 [WARN] PackLoader:240 - Cannot read IP mode file for STMicroelectronics.FP-SNS-MOTENV1.5.0.0
2024-08-03 18:15:33,895 [WARN] PackLoader:240 - Cannot read IP mode file for wolfSSL.I-CUBE-wolfMQTT.1.19.0
2024-08-03 18:15:33,908 [WARN] PackLoader:240 - Cannot read IP mode file for WES.I-CUBE-Cesium.1.3.0
2024-08-03 18:15:33,914 [WARN] PackLoader:240 - Cannot read IP mode file for STMicroelectronics.X-CUBE-BLE2.3.3.0
2024-08-03 18:15:33,924 [WARN] PackLoader:240 - Cannot read IP mode file for STMicroelectronics.X-CUBE-TCPP.4.1.0
2024-08-03 18:15:33,931 [WARN] PackLoader:240 - Cannot read IP mode file for STMicroelectronics.X-CUBE-TOUCHGFX.4.21.3
2024-08-03 18:15:33,934 [WARN] PackLoader:240 - Cannot read IP mode file for STMicroelectronics.X-CUBE-TOUCHGFX.4.21.4
2024-08-03 18:15:33,941 [WARN] PackLoader:240 - Cannot read IP mode file for STMicroelectronics.X-CUBE-ALGOBUILD.1.3.0
2024-08-03 18:15:33,966 [WARN] PackLoader:240 - Cannot read IP mode file for STMicroelectronics.X-CUBE-AZRTOS-G0.1.1.0
2024-08-03 18:15:33,980 [WARN] PackLoader:240 - Cannot read IP mode file for STMicroelectronics.X-CUBE-SAFEA1.1.2.2
2024-08-03 18:15:33,988 [WARN] PackLoader:240 - Cannot read IP mode file for STMicroelectronics.X-CUBE-NFC4.3.0.0
2024-08-03 18:15:33,993 [WARN] PackLoader:240 - Cannot read IP mode file for wolfSSL.I-CUBE-wolfMQTT.1.18.0
2024-08-03 18:15:34,009 [WARN] PackLoader:240 - Cannot read IP mode file for EmbeddedOffice.I-CUBE-FS-RTOS.1.0.1
2024-08-03 18:15:34,009 [ERROR] ConditionMgr:805 - Attr not supported : Dmpu
2024-08-03 18:15:34,009 [ERROR] ConditionMgr:805 - Attr not supported : Dmpu
2024-08-03 18:15:34,009 [ERROR] ConditionMgr:805 - Attr not supported : Dmpu
2024-08-03 18:15:34,009 [ERROR] ConditionMgr:805 - Attr not supported : Dmpu
2024-08-03 18:15:34,009 [ERROR] ConditionMgr:805 - Attr not supported : Dmpu
2024-08-03 18:15:34,009 [ERROR] ConditionMgr:805 - Attr not supported : Dmpu
2024-08-03 18:15:34,009 [ERROR] ConditionMgr:805 - Attr not supported : Dmpu
2024-08-03 18:15:34,009 [ERROR] ConditionMgr:805 - Attr not supported : Dmpu
2024-08-03 18:15:34,010 [ERROR] ConditionMgr:805 - Attr not supported : Dmpu
2024-08-03 18:15:34,010 [ERROR] ConditionMgr:805 - Attr not supported : Dmpu
2024-08-03 18:15:34,010 [ERROR] ConditionMgr:805 - Attr not supported : Dmpu
2024-08-03 18:15:34,010 [ERROR] ConditionMgr:805 - Attr not supported : Dmpu
2024-08-03 18:15:34,010 [ERROR] ConditionMgr:805 - Attr not supported : Dmpu
2024-08-03 18:15:34,010 [ERROR] ConditionMgr:805 - Attr not supported : Dmpu
2024-08-03 18:15:34,010 [ERROR] ConditionMgr:805 - Attr not supported : Dmpu
2024-08-03 18:15:34,010 [ERROR] ConditionMgr:805 - Attr not supported : Dmpu
2024-08-03 18:15:34,010 [ERROR] ConditionMgr:805 - Attr not supported : Dmpu
2024-08-03 18:15:34,010 [ERROR] ConditionMgr:805 - Attr not supported : Dmpu
2024-08-03 18:15:34,010 [ERROR] ConditionMgr:805 - Attr not supported : Dmpu
2024-08-03 18:15:34,010 [ERROR] ConditionMgr:805 - Attr not supported : Dmpu
2024-08-03 18:15:34,011 [ERROR] ConditionMgr:805 - Attr not supported : Dmpu
2024-08-03 18:15:34,011 [ERROR] ConditionMgr:805 - Attr not supported : Dmpu
2024-08-03 18:15:34,011 [ERROR] ConditionMgr:805 - Attr not supported : Dmpu
2024-08-03 18:15:34,011 [ERROR] ConditionMgr:805 - Attr not supported : Dmpu
2024-08-03 18:15:34,011 [ERROR] ConditionMgr:805 - Attr not supported : Dmpu
2024-08-03 18:15:34,011 [ERROR] ConditionMgr:805 - Attr not supported : Dmpu
2024-08-03 18:15:34,012 [ERROR] ConditionMgr:805 - Attr not supported : Dmpu
2024-08-03 18:15:34,012 [ERROR] ConditionMgr:805 - Attr not supported : Dmpu
2024-08-03 18:15:34,012 [ERROR] ConditionMgr:805 - Attr not supported : Dmpu
2024-08-03 18:15:34,012 [ERROR] ConditionMgr:805 - Attr not supported : Dmpu
2024-08-03 18:15:34,012 [ERROR] ConditionMgr:805 - Attr not supported : Dmpu
2024-08-03 18:15:34,012 [ERROR] ConditionMgr:805 - Attr not supported : Dmpu
2024-08-03 18:15:34,012 [ERROR] ConditionMgr:805 - Attr not supported : Dmpu
2024-08-03 18:15:34,013 [ERROR] ConditionMgr:805 - Attr not supported : Dmpu
2024-08-03 18:15:34,013 [ERROR] ConditionMgr:805 - Attr not supported : Dmpu
2024-08-03 18:15:34,013 [ERROR] ConditionMgr:805 - Attr not supported : Dmpu
2024-08-03 18:15:34,013 [ERROR] ConditionMgr:805 - Attr not supported : Dmpu
2024-08-03 18:15:34,013 [ERROR] ConditionMgr:805 - Attr not supported : Dmpu
2024-08-03 18:15:34,013 [ERROR] ConditionMgr:805 - Attr not supported : Dmpu
2024-08-03 18:15:34,013 [ERROR] ConditionMgr:805 - Attr not supported : Dmpu
2024-08-03 18:15:34,013 [ERROR] ConditionMgr:805 - Attr not supported : Dmpu
2024-08-03 18:15:34,013 [ERROR] ConditionMgr:805 - Attr not supported : Dmpu
2024-08-03 18:15:34,014 [ERROR] ConditionMgr:805 - Attr not supported : Dmpu
2024-08-03 18:15:34,014 [ERROR] ConditionMgr:805 - Attr not supported : Dmpu
2024-08-03 18:15:34,014 [ERROR] ConditionMgr:805 - Attr not supported : Dmpu
2024-08-03 18:15:34,014 [ERROR] ConditionMgr:805 - Attr not supported : Dmpu
2024-08-03 18:15:34,014 [ERROR] ConditionMgr:805 - Attr not supported : Dmpu
2024-08-03 18:15:34,014 [ERROR] ConditionMgr:805 - Attr not supported : Dmpu
2024-08-03 18:15:34,015 [ERROR] ConditionMgr:805 - Attr not supported : Dmpu
2024-08-03 18:15:34,015 [ERROR] ConditionMgr:805 - Attr not supported : Dmpu
2024-08-03 18:15:34,015 [ERROR] ConditionMgr:805 - Attr not supported : Dmpu
2024-08-03 18:15:34,015 [ERROR] ConditionMgr:805 - Attr not supported : Dmpu
2024-08-03 18:15:34,015 [ERROR] ConditionMgr:805 - Attr not supported : Dmpu
2024-08-03 18:15:34,015 [ERROR] ConditionMgr:805 - Attr not supported : Dmpu
2024-08-03 18:15:34,015 [ERROR] ConditionMgr:805 - Attr not supported : Dmpu
2024-08-03 18:15:34,015 [ERROR] ConditionMgr:805 - Attr not supported : Dmpu
2024-08-03 18:15:34,015 [ERROR] ConditionMgr:805 - Attr not supported : Dmpu
2024-08-03 18:15:34,016 [ERROR] ConditionMgr:805 - Attr not supported : Dmpu
2024-08-03 18:15:34,016 [ERROR] ConditionMgr:805 - Attr not supported : Dmpu
2024-08-03 18:15:34,016 [ERROR] ConditionMgr:805 - Attr not supported : Dmpu
2024-08-03 18:15:34,016 [ERROR] ConditionMgr:805 - Attr not supported : Dmpu
2024-08-03 18:15:34,016 [ERROR] ConditionMgr:805 - Attr not supported : Dmpu
2024-08-03 18:15:34,016 [ERROR] ConditionMgr:805 - Attr not supported : Dmpu
2024-08-03 18:15:34,016 [ERROR] ConditionMgr:805 - Attr not supported : Dmpu
2024-08-03 18:15:34,030 [WARN] PackLoader:240 - Cannot read IP mode file for STMicroelectronics.X-CUBE-BLEMGR.3.0.0
2024-08-03 18:15:34,041 [WARN] PackLoader:240 - Cannot read IP mode file for RealThread.X-CUBE-RT-Thread_Nano.4.1.1
2024-08-03 18:15:34,048 [WARN] PackLoader:240 - Cannot read IP mode file for wolfSSL.I-CUBE-wolfSSL.5.7.0
2024-08-03 18:15:34,052 [WARN] PackLoader:240 - Cannot read IP mode file for STMicroelectronics.FP-ATR-SIGFOX1.3.2.0
2024-08-03 18:15:34,061 [WARN] PackLoader:240 - Cannot read IP mode file for STMicroelectronics.X-CUBE-EEPRMA1.5.1.0
2024-08-03 18:15:34,073 [WARN] PackLoader:240 - Cannot read IP mode file for ITTIA_DB.I-CUBE-ITTIADB.8.9.0
2024-08-03 18:15:34,124 [WARN] PackLoader:240 - Cannot read IP mode file for SEGGER.I-CUBE-embOS.1.3.1
2024-08-03 18:15:34,203 [WARN] PackLoader:240 - Cannot read IP mode file for STMicroelectronics.X-CUBE-ALGOBUILD.1.4.0
2024-08-03 18:15:34,208 [WARN] PackLoader:240 - Cannot read IP mode file for STMicroelectronics.X-CUBE-GNSS1.6.0.0
2024-08-03 18:15:34,228 [WARN] PackLoader:240 - Cannot read IP mode file for STMicroelectronics.X-CUBE-AZRTOS-F4.1.1.0
2024-08-03 18:15:34,236 [WARN] PackLoader:240 - Cannot read IP mode file for wolfSSL.I-CUBE-wolfSSL.5.6.0
2024-08-03 18:15:34,242 [WARN] PackLoader:240 - Cannot read IP mode file for STMicroelectronics.X-CUBE-FREERTOS.1.2.0
2024-08-03 18:15:34,260 [WARN] PackLoader:240 - Cannot read IP mode file for STMicroelectronics.X-CUBE-AZRTOS-L5.2.0.0
2024-08-03 18:15:34,316 [WARN] PackLoader:240 - Cannot read IP mode file for STMicroelectronics.X-CUBE-MEMS1.9.6.0
2024-08-03 18:15:34,507 [WARN] PackLoader:240 - Cannot read IP mode file for STMicroelectronics.X-CUBE-EEPRMA1.4.2.0
2024-08-03 18:15:34,519 [WARN] PackLoader:240 - Cannot read IP mode file for STMicroelectronics.X-CUBE-NFC6.3.1.0
2024-08-03 18:15:34,526 [WARN] PackLoader:240 - Cannot read IP mode file for ITTIA_DB.I-CUBE-ITTIADB.8.8.0
2024-08-03 18:15:34,534 [WARN] PackLoader:240 - Cannot read IP mode file for emotas.I-CUBE-CANOPEN.1.1.3
2024-08-03 18:15:34,541 [WARN] PackLoader:240 - Cannot read IP mode file for STMicroelectronics.X-CUBE-BLEMGR.2.0.0
2024-08-03 18:15:34,552 [WARN] PackLoader:240 - Cannot read IP mode file for STMicroelectronics.X-CUBE-DPower.1.2.0
2024-08-03 18:15:34,556 [WARN] PackLoader:240 - Cannot read IP mode file for STMicroelectronics.X-CUBE-AI.9.0.0
2024-08-03 18:15:34,582 [WARN] ConditionMgr:438 - getConditionDescription Invalid condition id : UX DEVICE CLASS RTOS Condition cause : null
2024-08-03 18:15:34,583 [WARN] ConditionMgr:438 - getConditionDescription Invalid condition id : UX DEVICE CLASS RTOS Condition cause : null
2024-08-03 18:15:34,586 [WARN] PackLoader:240 - Cannot read IP mode file for STMicroelectronics.X-CUBE-AZRTOS-H7.3.1.0
2024-08-03 18:15:34,586 [WARN] ConditionMgr:1039 - genDependencies : Invalid condition id : UX DEVICE CLASS RTOS Condition cause : null
2024-08-03 18:15:34,587 [WARN] ConditionMgr:1039 - genDependencies : Invalid condition id : UX DEVICE CLASS RTOS Condition cause : null
2024-08-03 18:15:34,587 [WARN] ConditionMgr:1039 - genDependencies : Invalid condition id : UX DEVICE CLASS RTOS Condition cause : null
2024-08-03 18:15:34,587 [WARN] ConditionMgr:1039 - genDependencies : Invalid condition id : UX DEVICE CLASS RTOS Condition cause : null
2024-08-03 18:15:34,588 [WARN] ConditionMgr:1039 - genDependencies : Invalid condition id : UX DEVICE CLASS RTOS Condition cause : null
2024-08-03 18:15:34,596 [WARN] PackLoader:240 - Cannot read IP mode file for STMicroelectronics.X-CUBE-NFC7.1.0.1
2024-08-03 18:15:34,604 [WARN] PackLoader:240 - Cannot read IP mode file for STMicroelectronics.X-CUBE-NFC7.1.0.0
2024-08-03 18:15:34,610 [WARN] PackLoader:240 - Cannot read IP mode file for wolfSSL.I-CUBE-wolfTPM.3.2.0
2024-08-03 18:15:34,619 [WARN] PackLoader:240 - Cannot read IP mode file for STMicroelectronics.X-CUBE-NFC6.3.0.0
2024-08-03 18:15:34,626 [WARN] PackLoader:240 - Cannot read IP mode file for STMicroelectronics.X-CUBE-EEPRMA1.4.1.0
2024-08-03 18:15:34,631 [WARN] PackLoader:240 - Cannot read IP mode file for STMicroelectronics.X-CUBE-AI.8.1.0
2024-08-03 18:15:34,652 [WARN] ConditionMgr:438 - getConditionDescription Invalid condition id : LAN8742 Phy interface Condition cause : null
2024-08-03 18:15:34,654 [WARN] PackLoader:240 - Cannot read IP mode file for STMicroelectronics.X-CUBE-AZRTOS-L4.2.0.0
2024-08-03 18:15:34,655 [WARN] ConditionMgr:1039 - genDependencies : Invalid condition id : LAN8742 Phy interface Condition cause : null
2024-08-03 18:15:34,655 [WARN] ConditionMgr:1039 - genDependencies : Invalid condition id : LAN8742 Phy interface Condition cause : null
2024-08-03 18:15:34,656 [WARN] ConditionMgr:1039 - genDependencies : Invalid condition id : LAN8742 Phy interface Condition cause : null
2024-08-03 18:15:34,667 [WARN] PackLoader:240 - Cannot read IP mode file for STMicroelectronics.X-CUBE-SFXS2LP1.4.0.0
2024-08-03 18:15:34,673 [WARN] PackLoader:240 - Cannot read IP mode file for STMicroelectronics.X-CUBE-ISPU.1.1.0
2024-08-03 18:15:34,676 [WARN] PackLoader:240 - Cannot read IP mode file for STMicroelectronics.X-CUBE-AI.8.0.0
2024-08-03 18:15:34,689 [WARN] ConditionMgr:438 - getConditionDescription Invalid condition id : UX DEVICE CLASS RTOS Condition cause : null
2024-08-03 18:15:34,690 [WARN] ConditionMgr:438 - getConditionDescription Invalid condition id : UX DEVICE CLASS RTOS Condition cause : null
2024-08-03 18:15:34,691 [WARN] PackLoader:240 - Cannot read IP mode file for STMicroelectronics.X-CUBE-AZRTOS-WB.2.0.0
2024-08-03 18:15:34,692 [WARN] ConditionMgr:1039 - genDependencies : Invalid condition id : UX DEVICE CLASS RTOS Condition cause : null
2024-08-03 18:15:34,692 [WARN] ConditionMgr:1039 - genDependencies : Invalid condition id : UX DEVICE CLASS RTOS Condition cause : null
2024-08-03 18:15:34,692 [WARN] ConditionMgr:1039 - genDependencies : Invalid condition id : UX DEVICE CLASS RTOS Condition cause : null
2024-08-03 18:15:34,693 [WARN] ConditionMgr:1039 - genDependencies : Invalid condition id : UX DEVICE CLASS RTOS Condition cause : null
2024-08-03 18:15:34,693 [WARN] ConditionMgr:1039 - genDependencies : Invalid condition id : UX DEVICE CLASS RTOS Condition cause : null
2024-08-03 18:15:34,699 [WARN] PackLoader:240 - Cannot read IP mode file for STMicroelectronics.X-CUBE-FREERTOS.1.0.1
2024-08-03 18:15:34,706 [WARN] PackLoader:240 - Cannot read IP mode file for STMicroelectronics.FP-SNS-STBOX1.2.0.0
2024-08-03 18:15:34,724 [WARN] PackLoader:240 - Cannot read IP mode file for STMicroelectronics.X-CUBE-AZRTOS-L5.1.1.0
2024-08-03 18:15:34,733 [WARN] PackLoader:240 - Cannot read IP mode file for STMicroelectronics.X-CUBE-AI.8.0.1
2024-08-03 18:15:34,748 [WARN] PackLoader:240 - Cannot read IP mode file for STMicroelectronics.X-CUBE-SUBG2.5.0.0
2024-08-03 18:15:34,759 [WARN] PackLoader:240 - Cannot read IP mode file for Cesanta.I-CUBE-Mongoose.7.13.0
2024-08-03 18:15:34,772 [WARN] PackLoader:240 - Cannot read IP mode file for STMicroelectronics.X-CUBE-TOF1.3.3.1
2024-08-03 18:15:34,804 [WARN] PackLoader:240 - Cannot read IP mode file for STMicroelectronics.X-CUBE-AZRTOS-G4.2.0.0
2024-08-03 18:15:34,817 [WARN] PackLoader:240 - Cannot read IP mode file for STMicroelectronics.X-CUBE-TOF1.3.3.0
2024-08-03 18:15:34,843 [WARN] PackLoader:240 - Cannot read IP mode file for Infineon.AIROC-Wi-Fi-Bluetooth-STM32.1.5.1
2024-08-03 18:15:34,852 [WARN] PackLoader:240 - Cannot read IP mode file for STMicroelectronics.FP-SNS-MOTENVWB1.1.3.1
2024-08-03 18:15:34,874 [WARN] PackLoader:240 - Cannot read IP mode file for STMicroelectronics.X-CUBE-AZRTOS-L4.1.0.0
2024-08-03 18:15:34,880 [WARN] PackLoader:240 - Cannot read IP mode file for STMicroelectronics.X-CUBE-ISPU.2.0.0
2024-08-03 18:15:34,886 [WARN] PackLoader:240 - Cannot read IP mode file for STMicroelectronics.X-CUBE-ALS.1.0.2
2024-08-03 18:15:34,926 [WARN] PackLoader:240 - Cannot read IP mode file for STMicroelectronics.X-CUBE-MEMS1.10.0.0
2024-08-03 18:15:35,038 [WARN] PackLoader:240 - Cannot read IP mode file for STMicroelectronics.X-CUBE-FREERTOS.1.1.0
2024-08-03 18:15:35,041 [WARN] PackLoader:240 - Cannot read IP mode file for STMicroelectronics.X-CUBE-TOUCHGFX.4.24.0
2024-08-03 18:15:35,052 [WARN] PackLoader:240 - Cannot read IP mode file for STMicroelectronics.X-CUBE-AZRTOS-WL.1.0.0
2024-08-03 18:15:35,060 [WARN] PackLoader:240 - Cannot read IP mode file for portGmbH.I-Cube-SoM-uGOAL.1.1.0
2024-08-03 18:15:35,064 [WARN] PackLoader:240 - Cannot read IP mode file for STMicroelectronics.X-CUBE-ALS.1.0.1
2024-08-03 18:15:35,080 [WARN] PackLoader:240 - Cannot read IP mode file for STMicroelectronics.X-CUBE-AZRTOS-WB.1.1.0
2024-08-03 18:15:35,099 [WARN] PackLoader:240 - Cannot read IP mode file for STMicroelectronics.X-CUBE-AZRTOS-H7RS.1.0.0
2024-08-03 18:15:35,108 [WARN] PackLoader:240 - Cannot read IP mode file for STMicroelectronics.FP-ATR-ASTRA1.2.0.0
2024-08-03 18:15:35,118 [WARN] PackLoader:240 - Cannot read IP mode file for STMicroelectronics.X-CUBE-TOF1.3.4.2
2024-08-03 18:15:35,138 [WARN] PackLoader:240 - Cannot read IP mode file for STMicroelectronics.X-CUBE-TOF1.3.4.0
2024-08-03 18:15:35,159 [WARN] PackLoader:240 - Cannot read IP mode file for STMicroelectronics.X-CUBE-TOF1.3.4.1
2024-08-03 18:15:35,187 [WARN] PackLoader:240 - Cannot read IP mode file for STMicroelectronics.X-CUBE-AZRTOS-H7.3.2.0
2024-08-03 18:15:35,202 [WARN] PackLoader:240 - Cannot read IP mode file for Infineon.AIROC-Wi-Fi-Bluetooth-STM32.1.6.0
2024-08-03 18:15:35,208 [WARN] PackLoader:240 - Cannot read IP mode file for wolfSSL.I-CUBE-wolfSSH.1.4.17
2024-08-03 18:15:35,209 [INFO] ThirdParty:978 - Integrity check success = true
2024-08-03 18:15:35,209 [INFO] IntegrityCheckThread:100 - exiting critical section [integrity check]
2024-08-03 18:15:35,209 [INFO] IntegrityCheckThread:103 - End integrity checks thread
2024-08-03 18:16:46,930 [INFO] McuFinderGlobals:63 - Set McuFinder mode to 2 (CubeIDE integrated)
2024-08-03 18:16:46,936 [INFO] MainUpdater:2873 - connection check result : 10
2024-08-03 18:16:46,938 [INFO] MainUpdater:2873 - connection check result : 10
2024-08-03 18:16:46,981 [INFO] MicroXplorer:468 - Change Database Path : 
2024-08-03 18:16:46,981 [INFO] MicroXplorer:498 - Change Database Version : DB.6.0.110
2024-08-03 18:16:46,987 [WARN] ThirdParty:871 - waiting for thirdparty lock release [close project]
2024-08-03 18:16:46,987 [INFO] ThirdParty:873 - entering critical section [close project]
2024-08-03 18:16:46,987 [INFO] ThirdParty:883 - exiting critical section [close project]
2024-08-03 18:16:46,989 [INFO] PinOutPanel:1561 - setPackage(No Configuration,No Configuration)
2024-08-03 18:16:46,991 [INFO] UtilMem:75 - Begin LoadConfig() Used Memory: 384253872 Bytes (533725184)
2024-08-03 18:16:54,877 [INFO] ServerAccessManage:473 - Download File stm32cube_db_v6030.zip
2024-08-03 18:16:59,942 [INFO] FileExtend:240 - Unzip File : stm32cube_db_v6030.zip
2024-08-03 18:16:59,942 [INFO] FileExtend:255 - Standard Zip Deflate
2024-08-03 18:16:59,943 [ERROR] LogOutputStream:75 - [STDERR_REDIRECT] Exception in thread "AWT-EventQueue-0" java.lang.NullPointerException: Cannot read field "width" because "this.componentInnards" is null
2024-08-03 18:16:59,945 [ERROR] LogOutputStream:75 - [STDERR_REDIRECT] 	at java.desktop/javax.swing.plaf.basic.BasicProgressBarUI.updateSizes(BasicProgressBarUI.java:542)
2024-08-03 18:16:59,946 [ERROR] LogOutputStream:75 - [STDERR_REDIRECT] 	at java.desktop/javax.swing.plaf.basic.BasicProgressBarUI.getBox(BasicProgressBarUI.java:499)
2024-08-03 18:16:59,949 [ERROR] LogOutputStream:75 - [STDERR_REDIRECT] 	at java.desktop/javax.swing.plaf.metal.MetalProgressBarUI.paintIndeterminate(MetalProgressBarUI.java:168)
2024-08-03 18:16:59,950 [ERROR] LogOutputStream:75 - [STDERR_REDIRECT] 	at java.desktop/javax.swing.plaf.basic.BasicProgressBarUI.paint(BasicProgressBarUI.java:464)
2024-08-03 18:16:59,953 [ERROR] LogOutputStream:75 - [STDERR_REDIRECT] 	at java.desktop/javax.swing.plaf.ComponentUI.update(ComponentUI.java:161)
2024-08-03 18:16:59,955 [ERROR] LogOutputStream:75 - [STDERR_REDIRECT] 	at java.desktop/javax.swing.JComponent.paintComponent(JComponent.java:842)
2024-08-03 18:16:59,955 [ERROR] LogOutputStream:75 - [STDERR_REDIRECT] 	at java.desktop/javax.swing.JComponent.paint(JComponent.java:1119)
2024-08-03 18:16:59,957 [ERROR] LogOutputStream:75 - [STDERR_REDIRECT] 	at java.desktop/javax.swing.JComponent.paintToOffscreen(JComponent.java:5311)
2024-08-03 18:16:59,959 [ERROR] LogOutputStream:75 - [STDERR_REDIRECT] 	at java.desktop/javax.swing.RepaintManager$PaintManager.paintDoubleBufferedImpl(RepaintManager.java:1657)
2024-08-03 18:16:59,960 [ERROR] LogOutputStream:75 - [STDERR_REDIRECT] 	at java.desktop/javax.swing.RepaintManager$PaintManager.paintDoubleBuffered(RepaintManager.java:1632)
2024-08-03 18:16:59,962 [ERROR] LogOutputStream:75 - [STDERR_REDIRECT] 	at java.desktop/javax.swing.RepaintManager$PaintManager.paint(RepaintManager.java:1570)
2024-08-03 18:16:59,963 [ERROR] LogOutputStream:75 - [STDERR_REDIRECT] 	at java.desktop/javax.swing.RepaintManager.paint(RepaintManager.java:1337)
2024-08-03 18:16:59,964 [ERROR] LogOutputStream:75 - [STDERR_REDIRECT] 	at java.desktop/javax.swing.JComponent._paintImmediately(JComponent.java:5259)
2024-08-03 18:16:59,966 [ERROR] LogOutputStream:75 - [STDERR_REDIRECT] 	at java.desktop/javax.swing.JComponent.paintImmediately(JComponent.java:5069)
2024-08-03 18:16:59,969 [ERROR] LogOutputStream:75 - [STDERR_REDIRECT] 	at java.desktop/javax.swing.RepaintManager$4.run(RepaintManager.java:879)
2024-08-03 18:16:59,971 [ERROR] LogOutputStream:75 - [STDERR_REDIRECT] 	at java.desktop/javax.swing.RepaintManager$4.run(RepaintManager.java:862)
2024-08-03 18:16:59,972 [ERROR] LogOutputStream:75 - [STDERR_REDIRECT] 	at java.base/java.security.AccessController.doPrivileged(AccessController.java:399)
2024-08-03 18:16:59,974 [ERROR] LogOutputStream:75 - [STDERR_REDIRECT] 	at java.base/java.security.ProtectionDomain$JavaSecurityAccessImpl.doIntersectionPrivilege(ProtectionDomain.java:86)
2024-08-03 18:16:59,976 [ERROR] LogOutputStream:75 - [STDERR_REDIRECT] 	at java.desktop/javax.swing.RepaintManager.paintDirtyRegions(RepaintManager.java:862)
2024-08-03 18:16:59,977 [ERROR] LogOutputStream:75 - [STDERR_REDIRECT] 	at java.desktop/javax.swing.RepaintManager.paintDirtyRegions(RepaintManager.java:835)
2024-08-03 18:16:59,979 [ERROR] LogOutputStream:75 - [STDERR_REDIRECT] 	at java.desktop/javax.swing.RepaintManager.prePaintDirtyRegions(RepaintManager.java:784)
2024-08-03 18:16:59,981 [ERROR] LogOutputStream:75 - [STDERR_REDIRECT] 	at java.desktop/javax.swing.RepaintManager$ProcessingRunnable.run(RepaintManager.java:1898)
2024-08-03 18:16:59,982 [ERROR] LogOutputStream:75 - [STDERR_REDIRECT] 	at java.desktop/java.awt.event.InvocationEvent.dispatch(InvocationEvent.java:318)
2024-08-03 18:16:59,983 [ERROR] LogOutputStream:75 - [STDERR_REDIRECT] 	at java.desktop/java.awt.EventQueue.dispatchEventImpl(EventQueue.java:773)
2024-08-03 18:16:59,986 [ERROR] LogOutputStream:75 - [STDERR_REDIRECT] 	at java.desktop/java.awt.EventQueue$4.run(EventQueue.java:720)
2024-08-03 18:16:59,988 [ERROR] LogOutputStream:75 - [STDERR_REDIRECT] 	at java.desktop/java.awt.EventQueue$4.run(EventQueue.java:714)
2024-08-03 18:16:59,990 [ERROR] LogOutputStream:75 - [STDERR_REDIRECT] 	at java.base/java.security.AccessController.doPrivileged(AccessController.java:399)
2024-08-03 18:16:59,992 [ERROR] LogOutputStream:75 - [STDERR_REDIRECT] 	at java.base/java.security.ProtectionDomain$JavaSecurityAccessImpl.doIntersectionPrivilege(ProtectionDomain.java:86)
2024-08-03 18:16:59,993 [ERROR] LogOutputStream:75 - [STDERR_REDIRECT] 	at java.desktop/java.awt.EventQueue.dispatchEvent(EventQueue.java:742)
2024-08-03 18:16:59,996 [ERROR] LogOutputStream:75 - [STDERR_REDIRECT] 	at java.desktop/java.awt.EventDispatchThread.pumpOneEventForFilters(EventDispatchThread.java:203)
2024-08-03 18:16:59,997 [ERROR] LogOutputStream:75 - [STDERR_REDIRECT] 	at java.desktop/java.awt.EventDispatchThread.pumpEventsForFilter(EventDispatchThread.java:124)
2024-08-03 18:16:59,999 [ERROR] LogOutputStream:75 - [STDERR_REDIRECT] 	at java.desktop/java.awt.EventDispatchThread.pumpEventsForFilter(EventDispatchThread.java:117)
2024-08-03 18:17:00,001 [ERROR] LogOutputStream:75 - [STDERR_REDIRECT] 	at java.desktop/java.awt.WaitDispatchSupport$2.run(WaitDispatchSupport.java:191)
2024-08-03 18:17:00,004 [ERROR] LogOutputStream:75 - [STDERR_REDIRECT] 	at java.desktop/java.awt.WaitDispatchSupport$4.run(WaitDispatchSupport.java:236)
2024-08-03 18:17:00,006 [ERROR] LogOutputStream:75 - [STDERR_REDIRECT] 	at java.desktop/java.awt.WaitDispatchSupport$4.run(WaitDispatchSupport.java:234)
2024-08-03 18:17:00,009 [ERROR] LogOutputStream:75 - [STDERR_REDIRECT] 	at java.base/java.security.AccessController.doPrivileged(AccessController.java:318)
2024-08-03 18:17:00,011 [ERROR] LogOutputStream:75 - [STDERR_REDIRECT] 	at java.desktop/java.awt.WaitDispatchSupport.enter(WaitDispatchSupport.java:234)
2024-08-03 18:17:00,012 [ERROR] LogOutputStream:75 - [STDERR_REDIRECT] 	at java.desktop/java.awt.Dialog.show(Dialog.java:1080)
2024-08-03 18:17:00,014 [ERROR] LogOutputStream:75 - [STDERR_REDIRECT] 	at com.st.microxplorer.plugins.updater.gui.ProgressBarDialog.startProgressBar(ProgressBarDialog.java:154)
2024-08-03 18:17:00,016 [ERROR] LogOutputStream:75 - [STDERR_REDIRECT] 	at com.st.microxplorer.plugins.updater.engine.MainUpdater.loadDatabaseName(MainUpdater.java:2125)
2024-08-03 18:17:00,019 [ERROR] LogOutputStream:75 - [STDERR_REDIRECT] 	at com.st.microxplorer.plugins.updater.Updater.getSpecificTask(Updater.java:346)
2024-08-03 18:17:00,023 [ERROR] LogOutputStream:75 - [STDERR_REDIRECT] 	at com.st.microxplorer.plugins.projectmanager.engine.MainProjectManager.getLoadedFileDbVersion(MainProjectManager.java:1086)
2024-08-03 18:17:00,026 [ERROR] LogOutputStream:75 - [STDERR_REDIRECT] 	at com.st.microxplorer.plugins.projectmanager.ProjectManagerView.getSpecificTask(ProjectManagerView.java:696)
2024-08-03 18:17:00,029 [ERROR] LogOutputStream:75 - [STDERR_REDIRECT] 	at com.st.microxplorer.plugins.filemanager.engine.OpenFileManager.LoadConfig(OpenFileManager.java:309)
2024-08-03 18:17:00,031 [ERROR] LogOutputStream:75 - [STDERR_REDIRECT] 	at com.st.microxplorer.plugins.filemanager.engine.OpenFileManager.loadConfigurationFile(OpenFileManager.java:249)
2024-08-03 18:17:00,033 [ERROR] LogOutputStream:75 - [STDERR_REDIRECT] 	at com.st.microxplorer.plugins.filemanager.engine.MainFileManager.userLoadConfig(MainFileManager.java:315)
2024-08-03 18:17:00,036 [ERROR] LogOutputStream:75 - [STDERR_REDIRECT] 	at com.st.microxplorer.plugins.filemanager.engine.MainFileManager.userLoadConfig(MainFileManager.java:293)
2024-08-03 18:17:00,038 [ERROR] LogOutputStream:75 - [STDERR_REDIRECT] 	at com.st.microxplorer.plugins.filemanager.FileManagerView.getSpecificTask(FileManagerView.java:247)
2024-08-03 18:17:00,040 [ERROR] LogOutputStream:75 - [STDERR_REDIRECT] 	at com.st.stm32cube.common.mx.editor.CubeMxEditor.getMxTabbedPaneInstance(CubeMxEditor.java:1198)
2024-08-03 18:17:00,042 [ERROR] LogOutputStream:75 - [STDERR_REDIRECT] 	at com.st.stm32cube.common.mx.editor.CubeMxEditor$12$1.createSwingComponent(CubeMxEditor.java:1068)
2024-08-03 18:17:00,044 [ERROR] LogOutputStream:75 - [STDERR_REDIRECT] 	at com.st.stm32cube.common.mx.oss.core.awtswtbridge.EmbeddedSwingComposite.doComponentCreation(EmbeddedSwingComposite.java:492)
2024-08-03 18:17:00,046 [ERROR] LogOutputStream:75 - [STDERR_REDIRECT] 	at com.st.stm32cube.common.mx.oss.core.awtswtbridge.EmbeddedSwingComposite$4.run(EmbeddedSwingComposite.java:291)
2024-08-03 18:17:00,048 [ERROR] LogOutputStream:75 - [STDERR_REDIRECT] 	at com.st.stm32cube.common.mx.oss.core.awtswtbridge.AwtEnvironment$2.run(AwtEnvironment.java:166)
2024-08-03 18:17:00,050 [ERROR] LogOutputStream:75 - [STDERR_REDIRECT] 	at java.desktop/java.awt.event.InvocationEvent.dispatch(InvocationEvent.java:318)
2024-08-03 18:17:00,053 [ERROR] LogOutputStream:75 - [STDERR_REDIRECT] 	at java.desktop/java.awt.EventQueue.dispatchEventImpl(EventQueue.java:773)
2024-08-03 18:17:00,055 [ERROR] LogOutputStream:75 - [STDERR_REDIRECT] 	at java.desktop/java.awt.EventQueue$4.run(EventQueue.java:720)
2024-08-03 18:17:00,057 [ERROR] LogOutputStream:75 - [STDERR_REDIRECT] 	at java.desktop/java.awt.EventQueue$4.run(EventQueue.java:714)
2024-08-03 18:17:00,059 [ERROR] LogOutputStream:75 - [STDERR_REDIRECT] 	at java.base/java.security.AccessController.doPrivileged(AccessController.java:399)
2024-08-03 18:17:00,061 [ERROR] LogOutputStream:75 - [STDERR_REDIRECT] 	at java.base/java.security.ProtectionDomain$JavaSecurityAccessImpl.doIntersectionPrivilege(ProtectionDomain.java:86)
2024-08-03 18:17:00,062 [ERROR] LogOutputStream:75 - [STDERR_REDIRECT] 	at java.desktop/java.awt.EventQueue.dispatchEvent(EventQueue.java:742)
2024-08-03 18:17:00,064 [ERROR] LogOutputStream:75 - [STDERR_REDIRECT] 	at java.desktop/java.awt.EventDispatchThread.pumpOneEventForFilters(EventDispatchThread.java:203)
2024-08-03 18:17:00,065 [ERROR] LogOutputStream:75 - [STDERR_REDIRECT] 	at java.desktop/java.awt.EventDispatchThread.pumpEventsForFilter(EventDispatchThread.java:124)
2024-08-03 18:17:00,067 [ERROR] LogOutputStream:75 - [STDERR_REDIRECT] 	at java.desktop/java.awt.EventDispatchThread.pumpEventsForHierarchy(EventDispatchThread.java:113)
2024-08-03 18:17:00,070 [ERROR] LogOutputStream:75 - [STDERR_REDIRECT] 	at java.desktop/java.awt.EventDispatchThread.pumpEvents(EventDispatchThread.java:109)
2024-08-03 18:17:00,072 [ERROR] LogOutputStream:75 - [STDERR_REDIRECT] 	at java.desktop/java.awt.EventDispatchThread.pumpEvents(EventDispatchThread.java:101)
2024-08-03 18:17:00,074 [ERROR] LogOutputStream:75 - [STDERR_REDIRECT] 	at java.desktop/java.awt.EventDispatchThread.run(EventDispatchThread.java:90)
2024-08-03 18:17:03,909 [INFO] LoadServerPackagesThread:196 - End of LoadServerPackages Thread
2024-08-03 18:17:04,062 [INFO] CheckServerUpdateThread:120 - End of CheckServer Thread
2024-08-03 18:17:04,256 [INFO] ServerAccessManage:473 - Download File stm32cube_fw_f1_v180.zip
2024-08-03 18:17:16,407 [ERROR] FileExtend:455 - File entry not found
2024-08-03 18:17:16,407 [INFO] FileExtend:240 - Unzip File : stm32cube_fw_f1_v180.zip
2024-08-03 18:17:16,408 [INFO] FileExtend:255 - Standard Zip Deflate
2024-08-03 18:17:26,620 [INFO] ServerAccessManage:473 - Download File stm32cube_fw_f1_v184.zip
2024-08-03 18:17:32,372 [INFO] FileExtend:240 - Unzip File : stm32cube_fw_f1_v184.zip
2024-08-03 18:17:32,372 [INFO] FileExtend:255 - Standard Zip Deflate
2024-08-03 18:17:35,024 [INFO] LoadServerPackagesThread:196 - End of LoadServerPackages Thread
2024-08-03 18:17:35,199 [INFO] CheckServerUpdateThread:120 - End of CheckServer Thread
2024-08-03 18:17:35,226 [INFO] MicroXplorer:468 - Change Database Path : C:/Users/kha/.stm32cubemx/databases/DB.6.0.30/db/
2024-08-03 18:17:35,226 [INFO] MicroXplorer:498 - Change Database Version : DB.6.0.30
2024-08-03 18:17:35,227 [INFO] OpenFileManager:312 - Change cursor
2024-08-03 18:17:35,259 [INFO] Mcu:2021 - Initializing MCU STM32F103C(8-B)Tx STM32F103C8Tx 
2024-08-03 18:17:35,389 [INFO] ApiDb:581 - Connected to CubeFinder SQLite database (C:\Users\kha\.stmcufinder\plugins\mcufinder\mcu\cube-finder-db.db)
2024-08-03 18:17:35,496 [INFO] ApiDb:668 - CubeFinder database Data Model version=2.1
2024-08-03 18:17:35,496 [INFO] ApiDb:669 - CubeFinder database Configuration version=3.0.39
2024-08-03 18:17:35,496 [INFO] ApiDb:670 - CubeFinder database generation date=2024-05-16 (1715872938)
2024-08-03 18:17:35,496 [INFO] ApiDb:671 - CubeFinder database FW Pack versions=[FP-ATR-ASTRA1_V2.0.0, FP-SNS-FLIGHT1_V5.0.1, FP-SNS-FLIGHT1_V5.0.2, FP-SNS-MOTENV1_V4.3.1, FP-SNS-MOTENV1_V4.3.2, FP-SNS-MOTENV1_V5.0.0, FP-SNS-MOTENVWB1_V1.4.0, FP-SNS-SMARTAG2_V1.2.0, STM32Cube_FW_C0_V1.1.0, STM32Cube_FW_F4_V1.28.0, STM32Cube_FW_F7_V1.17.0, STM32Cube_FW_G0_V1.6.2, STM32Cube_FW_G4_V1.5.2, STM32Cube_FW_H5_V0.5.1, STM32Cube_FW_H5_V1.1.1, STM32Cube_FW_H5_V1.2.0, STM32Cube_FW_H5_V1.2.0RC4, STM32Cube_FW_H7RS_V1.0.0, STM32Cube_FW_H7RS_V1.0.0RC4, STM32Cube_FW_H7_V1.11.0, STM32Cube_FW_L0_V1.12.2, STM32Cube_FW_L5_V1.5.1, STM32Cube_FW_U0_V1.0.0, STM32Cube_FW_U0_V1.0.0RC1, STM32Cube_FW_U5_V1.3.0RC4, STM32Cube_FW_U5_V1.5.0, STM32Cube_FW_U5_V1.5.0RC1, STM32Cube_FW_WBA_V1.0.0RC1, STM32Cube_FW_WBA_V1.2.0, STM32Cube_FW_WBA_V1.2.0RC2, STM32Cube_FW_WBA_V1.3.0, STM32Cube_FW_WBA_V1.3.0RC1, STM32Cube_FW_WB_V1.15.0RC1, STM32Cube_FW_WB_V1.16.0, STM32Cube_FW_WB_V1.16.0RC2, STM32Cube_FW_WB_V1.18.0, STM32Cube_FW_WB_V1.19.0, STM32Cube_FW_WL_V1.3.0, X-CUBE-ALGOBUILD_V1.4.0, X-CUBE-ALS_V1.0.1, X-CUBE-AZRTOS-F4_V1.1.0, X-CUBE-AZRTOS-F7_V1.1.0, X-CUBE-AZRTOS-G0_V1.1.0, X-CUBE-AZRTOS-G4_V2.0.0, X-CUBE-AZRTOS-H7_V3.2.0, X-CUBE-AZRTOS-L4_V1.0.0, X-CUBE-AZRTOS-L4_V2.0.0, X-CUBE-AZRTOS-L5_V1.1.0, X-CUBE-AZRTOS-WB_V2.0.0, X-CUBE-AZRTOS-WL_V2.0.0, X-CUBE-BLE1_V7.0.0, X-CUBE-BLE2_V3.3.0, X-CUBE-BLEMGR_V3.1.0, X-CUBE-EEPRMA1_V4.1.0, X-CUBE-EEPRMA1_V5.1.0, X-CUBE-FREERTOS_V1.1.0, X-CUBE-GNSS1_V6.0.0, X-CUBE-MEMS1_V10.0.0, X-CUBE-MEMS1_V9.1.0, X-CUBE-MEMS1_V9.4.0, X-CUBE-MEMS1_V9.6.0, X-CUBE-NFC4_V3.0.0, X-CUBE-NFC7_V1.0.1, X-CUBE-SFXS2LP1_V4.0.0, X-CUBE-SUBG2_V5.0.0, X-CUBE-TOF1_V3.4.0]
2024-08-03 18:17:38,343 [INFO] ApiDb:240 - Found 483 in-development CPN: [B-G473E-ZEST1S, B-WB1M-WPAN1, B-WL5M-SUBG1, NUCLEO-C031C6, NUCLEO-H503RB, NUCLEO-H533RE, NUCLEO-H563ZI, NUCLEO-H7S3L8, NUCLEO-U031R8, NUCLEO-U083RC, NUCLEO-U545RE-Q, NUCLEO-U5A5ZJ-Q, NUCLEO-WBA52CG, NUCLEO-WBA55CG, STEVAL-PROTEUS1, STEVAL-SMARTAG2, STEVAL-STWINBX1, STM320518-EVAL, STM32C0116-DK, STM32C011D6Y3TR, STM32C011D6Y6TR, STM32C011F4P3, STM32C011F4P6, STM32C011F4U3, STM32C011F4U6TR, STM32C011F6P3, STM32C011F6P6, STM32C011F6U3, STM32C011F6U6TR, STM32C011J4M3, STM32C011J4M6, STM32C011J6M3, STM32C011J6M6, STM32C0316-DK, STM32C031C4T3, STM32C031C4T6, STM32C031C4U3, STM32C031C4U6, STM32C031C6T3, STM32C031C6T6, STM32C031C6U3, STM32C031C6U6, STM32C031F4P3, STM32C031F4P6, STM32C031F6P3, STM32C031F6P6, STM32C031G4U3, STM32C031G4U6, STM32C031G6U3, STM32C031G6U6, STM32C031K4T3, STM32C031K4T6, STM32C031K4U3, STM32C031K4U6, STM32C031K6T3, STM32C031K6T6, STM32C031K6U3, STM32C031K6U6, STM32G071K8TXN, STM32G071K8UXN, STM32G081GBU6N, STM32G081KBT6N, STM32G081KBUXN, STM32G0B1CCT6N, STM32G0B1KCT6, STM32G0B1NEY6TR, STM32G0B1RCT6N, STM32G0C1CCT6, STM32G0C1CCT6N, STM32G0C1CCU6N, STM32G0C1CET6N, STM32G0C1CEU6N, STM32G0C1KCT6, STM32G0C1NEY6TR, STM32G0C1RCI6N, STM32G0C1RCT6N, STM32G0C1REI6N, STM32G0C1RET6N, STM32G0C1VCI6, STM32G0C1VEI6, STM32G471CCT6, STM32G471CCU6, STM32G471CET3, STM32G471CET6, STM32G471CEU3, STM32G471CEU6, STM32G471MCT6, STM32G471MET3, STM32G471MET6, STM32G471MEY6TR, STM32G471QCT6, STM32G471QET3, STM32G471RCT6, STM32G471RET3, STM32G471RET6, STM32G471VCH6, STM32G471VCI6, STM32G471VCT6, STM32G471VEH3, STM32G471VEH6, STM32G471VEI3, STM32G471VEI6, STM32G471VET3, STM32G471VET6, STM32G474CCT6, STM32H503CBT6, STM32H503CBU6, STM32H503EBY6TR, STM32H503KBU6, STM32H503RBT6, STM32H523CCT6, STM32H523CCU6, STM32H523CET6, STM32H523CEU6, STM32H523HEY6TR, STM32H523RCT6, STM32H523RET6, STM32H523VCI6, STM32H523VCT6, STM32H523VEI6, STM32H523VET6, STM32H523ZCJ6, STM32H523ZCT6, STM32H523ZEJ6, STM32H523ZET6, STM32H533CET6, STM32H533CEU6, STM32H533HEY6TR, STM32H533RET6, STM32H533VEI6, STM32H533VET6, STM32H533ZEJ6, STM32H533ZET6, STM32H562AGI6, STM32H562AII6, STM32H562IGK6, STM32H562IGT6, STM32H562IIK6, STM32H562IIT6, STM32H562RGT6, STM32H562RGV6, STM32H562RIT6, STM32H562RIV6, STM32H562VGT6, STM32H562VIT6, STM32H562ZGT6, STM32H562ZIT6, STM32H563AGI6, STM32H563AII3Q, STM32H563AII6, STM32H563IGK6, STM32H563IGT6, STM32H563IIK3Q, STM32H563IIK6, STM32H563IIT3Q, STM32H563IIT6, STM32H563MIY3QTR, STM32H563RGT6, STM32H563RGV6, STM32H563RIT6, STM32H563RIV6, STM32H563VGT6, STM32H563VIT3Q, STM32H563VIT6, STM32H563ZGT6, STM32H563ZIT3Q, STM32H563ZIT6, STM32H573AII3Q, STM32H573AII6, STM32H573I-DK, STM32H573IIK3Q, STM32H573IIK6, STM32H573IIT3Q, STM32H573IIT6, STM32H573MIY3QTR, STM32H573RIT6, STM32H573RIV6, STM32H573VIT3Q, STM32H573VIT6, STM32H573ZIT3Q, STM32H573ZIT6, STM32H7R3A8I6, STM32H7R3I8K6, STM32H7R3I8T6, STM32H7R3L8H6, STM32H7R3L8H6H, STM32H7R3R8V6, STM32H7R3V8H6, STM32H7R3V8T6, STM32H7R3V8Y6, STM32H7R3Z8J6, STM32H7R3Z8T6, STM32H7R7A8I6, STM32H7R7I8K6, STM32H7R7I8T6, STM32H7R7L8H6, STM32H7R7L8H6H, STM32H7R7Z8J6, STM32H7S3A8I6, STM32H7S3I8K6, STM32H7S3I8T6, STM32H7S3L8H6, STM32H7S3L8H6H, STM32H7S3R8V6, STM32H7S3V8H6, STM32H7S3V8T6, STM32H7S3V8Y6, STM32H7S3Z8J6, STM32H7S3Z8T6, STM32H7S78-DK, STM32H7S7A8I6, STM32H7S7I8K6, STM32H7S7I8T6, STM32H7S7L8H6, STM32H7S7L8H6H, STM32H7S7Z8J6, STM32L4R5QGI6STR, STM32MP131AAE3, STM32MP131AAF3, STM32MP131AAG3, STM32MP131CAE3, STM32MP131CAF3, STM32MP131CAG3, STM32MP131DAE7, STM32MP131DAF7, STM32MP131DAG7, STM32MP131FAE7, STM32MP131FAF7, STM32MP131FAG7, STM32MP133AAE3, STM32MP133AAF3, STM32MP133AAG3, STM32MP133CAE3, STM32MP133CAF3, STM32MP133CAG3, STM32MP133DAE7, STM32MP133DAF7, STM32MP133DAG7, STM32MP133FAE7, STM32MP133FAF7, STM32MP133FAG7, STM32MP135AAE3, STM32MP135AAF3, STM32MP135AAG3, STM32MP135CAE3, STM32MP135CAF3, STM32MP135CAG3, STM32MP135DAE7, STM32MP135DAF7, STM32MP135DAG7, STM32MP135F-DK, STM32MP135FAE7, STM32MP135FAF7, STM32MP135FAF7T, STM32MP135FAF7U, STM32MP135FAG7, STM32U031C6T6, STM32U031C6U6, STM32U031C8T6, STM32U031C8U6, STM32U031F4P6, STM32U031F6P6, STM32U031F8P6, STM32U031G6Y6TR, STM32U031G8Y6TR, STM32U031K4U6, STM32U031K6U6, STM32U031K8U6, STM32U031R6I6, STM32U031R6T6, STM32U031R8I6, STM32U031R8T6, STM32U073C8T6, STM32U073C8U6, STM32U073CBT6, STM32U073CBU6, STM32U073CCT6, STM32U073CCU6, STM32U073H8Y6TR, STM32U073HBY6TR, STM32U073HCY6TR, STM32U073K8U6, STM32U073KBU6, STM32U073KCU6, STM32U073M8I6, STM32U073M8T6, STM32U073MBI6, STM32U073MBT6, STM32U073MCI6, STM32U073MCT6, STM32U073R8I6, STM32U073R8T6, STM32U073RBI6, STM32U073RBT6, STM32U073RCI6, STM32U073RCT6, STM32U083C-DK, STM32U083CCT6, STM32U083CCU6, STM32U083HCY6TR, STM32U083KCU6, STM32U083MCI6, STM32U083MCT6, STM32U083RCI6, STM32U083RCT6, STM32U535CBT6, STM32U535CBT6Q, STM32U535CBU6, STM32U535CBU6Q, STM32U535CCT6, STM32U535CCT6Q, STM32U535CCU6, STM32U535CCU6Q, STM32U535CET6, STM32U535CET6Q, STM32U535CEU6, STM32U535CEU6Q, STM32U535JEY6QTR, STM32U535NCY6QTR, STM32U535NEY6QTR, STM32U535RBI6, STM32U535RBI6Q, STM32U535RBT6, STM32U535RBT6Q, STM32U535RCI6, STM32U535RCI6Q, STM32U535RCT6, STM32U535RCT6Q, STM32U535REI6, STM32U535REI6Q, STM32U535RET6, STM32U535RET6Q, STM32U535VCI6, STM32U535VCI6Q, STM32U535VCT6, STM32U535VCT6Q, STM32U535VEI6, STM32U535VEI6Q, STM32U535VET6, STM32U535VET6Q, STM32U545CET6, STM32U545CET6Q, STM32U545CEU6, STM32U545CEU6Q, STM32U545JEY6QTR, STM32U545NEY6QTR, STM32U545REI6, STM32U545REI6Q, STM32U545RET6, STM32U545RET6Q, STM32U545VEI6, STM32U545VEI6Q, STM32U545VET6, STM32U545VET6Q, STM32U595AIH6, STM32U595AIH6Q, STM32U595AJH6, STM32U595AJH6Q, STM32U595QII6, STM32U595QII6Q, STM32U595QJI6, STM32U595QJI6Q, STM32U595RIT6, STM32U595RIT6Q, STM32U595RJT6, STM32U595RJT6Q, STM32U595VIT6, STM32U595VIT6Q, STM32U595VJT6, STM32U595VJT6Q, STM32U595ZIT6, STM32U595ZIT6Q, STM32U595ZIY6QTR, STM32U595ZJT6, STM32U595ZJT6Q, STM32U595ZJY6QTR, STM32U599BJY6QTR, STM32U599NIH6Q, STM32U599NJH6Q, STM32U599VIT6Q, STM32U599VJT6, STM32U599VJT6Q, STM32U599ZIT6Q, STM32U599ZIY6QTR, STM32U599ZJT6Q, STM32U599ZJY6QTR, STM32U5A5AJH6, STM32U5A5AJH6Q, STM32U5A5QII3Q , STM32U5A5QJI6, STM32U5A5QJI6Q, STM32U5A5RJT6, STM32U5A5RJT6Q, STM32U5A5VJT6, STM32U5A5VJT6Q, STM32U5A5ZJT6, STM32U5A5ZJT6Q, STM32U5A5ZJY6QTR, STM32U5A9BJY6QTR, STM32U5A9J-DK, STM32U5A9NJH6Q, STM32U5A9VJT6Q, STM32U5A9ZJT6Q, STM32U5A9ZJY6QTR, STM32U5F7VIT6, STM32U5F7VIT6Q, STM32U5F7VJT6, STM32U5F7VJT6Q, STM32U5F9BJY6QTR, STM32U5F9NJH6Q, STM32U5F9VIT6Q, STM32U5F9VJT6Q, STM32U5F9ZIJ6QTR, STM32U5F9ZIT6Q, STM32U5F9ZJJ6QTR, STM32U5F9ZJT6Q, STM32U5G7VJT6, STM32U5G7VJT6Q, STM32U5G9BJY6QTR, STM32U5G9J-DK1, STM32U5G9J-DK2, STM32U5G9NJH6Q, STM32U5G9VJT6Q, STM32U5G9ZJJ6QTR, STM32U5G9ZJT6Q, STM32WB1MMCH6, STM32WBA50KEU6, STM32WBA50KEU6TR, STM32WBA50KGU6, STM32WBA50KGU6TR, STM32WBA52CEU6, STM32WBA52CEU6TR, STM32WBA52CEU7, STM32WBA52CEU7TR, STM32WBA52CGU6, STM32WBA52CGU6TR, STM32WBA52CGU6U, STM32WBA52CGU7, STM32WBA52CGU7TR, STM32WBA52KEU6, STM32WBA52KEU6TR, STM32WBA52KGU6, STM32WBA52KGU6TR, STM32WBA54CEU6, STM32WBA54CEU6TR, STM32WBA54CEU7, STM32WBA54CEU7TR, STM32WBA54CGU6, STM32WBA54CGU6TR, STM32WBA54CGU7, STM32WBA54CGU7TR, STM32WBA54KEU6, STM32WBA54KEU6TR, STM32WBA54KEU7, STM32WBA54KEU7TR, STM32WBA54KGU6, STM32WBA54KGU6TR, STM32WBA54KGU7, STM32WBA54KGU7TR, STM32WBA55CEU6, STM32WBA55CEU6TR, STM32WBA55CEU7, STM32WBA55CEU7TR, STM32WBA55CGU6, STM32WBA55CGU6TR, STM32WBA55CGU6U, STM32WBA55CGU7, STM32WBA55CGU7TR, STM32WBA55G-DK1, STM32WBA55HEF6, STM32WBA55HEF7, STM32WBA55HGF6, STM32WBA55HGF7, STM32WBA55UEI6, STM32WBA55UEI6TR, STM32WBA55UEI7, STM32WBA55UEI7TR, STM32WBA55UGI6, STM32WBA55UGI6TR, STM32WBA55UGI7, STM32WBA55UGI7TR, STM32WL5MOCH6, STM32WL5MOCH6TR]
2024-08-03 18:17:38,346 [INFO] DbMcus:218 - Found 4096 MCUs, 4096 are supported
2024-08-03 18:17:38,347 [INFO] ApiDb:423 - Load user favorites file C:\Users\kha/.stm32cubeide/favorites.mcus.txt: 3 item(s)
2024-08-03 18:17:38,347 [INFO] ApiDb:427 - User favorites MCUs=[STM32F103C8T6, STM32F103VET6, STM32H750VBT6]
2024-08-03 18:17:38,347 [INFO] DbMcus:224 - Set 3 / 3 favorites MCUs
2024-08-03 18:17:38,737 [INFO] Mcu:2036 - No CPN specified => set CPN to STM32F103C8T6
2024-08-03 18:17:40,415 [INFO] Context:663 - Trying to add GPIOservice into a context  which must be forbidden
2024-08-03 18:17:41,224 [INFO] RtosManager:555 - Registered RTOS mode: class=CMSIS, group=RTOS, mode=CMSIS_V1, owner=FREERTOS
2024-08-03 18:17:41,224 [INFO] RtosManager:555 - Registered RTOS mode: class=CMSIS, group=RTOS2, mode=CMSIS_V2, owner=FREERTOS
2024-08-03 18:17:41,224 [INFO] RtosManager:555 - Registered RTOS mode: class=RTOS, group=Core, mode=CMSIS_V1, owner=FREERTOS
2024-08-03 18:17:41,224 [INFO] RtosManager:555 - Registered RTOS mode: class=RTOS, group=Core, mode=CMSIS_V2, owner=FREERTOS
2024-08-03 18:17:41,224 [WARN] ModelIntegratedComponent:184 - Missing modes for component STMicroelectronics:FreeRTOS:0.0.1:STMicroelectronics:RTOS:FreeRTOS:Core:::10.2.0:
2024-08-03 18:17:41,234 [WARN] ModelIntegratedComponent:63 - No mode defined for component null
2024-08-03 18:17:41,234 [WARN] ModelIntegratedComponent:63 - No mode defined for component null
2024-08-03 18:17:41,234 [WARN] ModelIntegratedComponent:63 - No mode defined for component null
2024-08-03 18:17:41,235 [WARN] ModelIntegratedComponent:63 - No mode defined for component null
2024-08-03 18:17:41,235 [WARN] ModelIntegratedComponent:63 - No mode defined for component null
2024-08-03 18:17:41,235 [WARN] ModelIntegratedComponent:63 - No mode defined for component null
2024-08-03 18:17:41,235 [WARN] ModelIntegratedComponent:63 - No mode defined for component null
2024-08-03 18:17:41,235 [WARN] ModelIntegratedComponent:63 - No mode defined for component null
2024-08-03 18:17:41,235 [WARN] ModelIntegratedComponent:63 - No mode defined for component null
2024-08-03 18:17:41,235 [WARN] ModelIntegratedComponent:63 - No mode defined for component null
2024-08-03 18:17:41,235 [WARN] ModelIntegratedComponent:63 - No mode defined for component null
2024-08-03 18:17:41,235 [WARN] ModelIntegratedComponent:63 - No mode defined for component null
2024-08-03 18:17:41,235 [WARN] ModelIntegratedComponent:63 - No mode defined for component null
2024-08-03 18:17:41,236 [WARN] ModelIntegratedComponent:63 - No mode defined for component null
2024-08-03 18:17:41,236 [WARN] ModelIntegratedComponent:63 - No mode defined for component null
2024-08-03 18:17:41,236 [WARN] ModelIntegratedComponent:63 - No mode defined for component null
2024-08-03 18:17:41,236 [WARN] ModelIntegratedComponent:63 - No mode defined for component null
2024-08-03 18:17:41,236 [WARN] ModelIntegratedComponent:63 - No mode defined for component null
2024-08-03 18:17:41,236 [WARN] ModelIntegratedComponent:63 - No mode defined for component null
2024-08-03 18:17:41,236 [WARN] ModelIntegratedComponent:63 - No mode defined for component null
2024-08-03 18:17:41,236 [WARN] ModelIntegratedComponent:63 - No mode defined for component null
2024-08-03 18:17:41,236 [WARN] ModelIntegratedComponent:63 - No mode defined for component null
2024-08-03 18:17:41,236 [WARN] ModelIntegratedComponent:63 - No mode defined for component null
2024-08-03 18:17:41,236 [WARN] ModelIntegratedComponent:63 - No mode defined for component null
2024-08-03 18:17:41,236 [WARN] ModelIntegratedComponent:63 - No mode defined for component null
2024-08-03 18:17:41,236 [WARN] ModelIntegratedComponent:63 - No mode defined for component null
2024-08-03 18:17:41,236 [WARN] ModelIntegratedComponent:63 - No mode defined for component null
2024-08-03 18:17:41,236 [WARN] ModelIntegratedComponent:63 - No mode defined for component null
2024-08-03 18:17:41,236 [WARN] ModelIntegratedComponent:63 - No mode defined for component null
2024-08-03 18:17:41,236 [WARN] ModelIntegratedComponent:63 - No mode defined for component null
2024-08-03 18:17:41,236 [WARN] ModelIntegratedComponent:63 - No mode defined for component null
2024-08-03 18:17:41,238 [WARN] ModelIntegratedComponent:63 - No mode defined for component null
2024-08-03 18:17:41,238 [WARN] ModelIntegratedComponent:63 - No mode defined for component null
2024-08-03 18:17:41,238 [WARN] ModelIntegratedComponent:63 - No mode defined for component null
2024-08-03 18:17:41,482 [INFO] ThirdPartyModel:298 - Start build external matchings
2024-08-03 18:17:44,254 [INFO] ThirdPartyModel:316 - End build external matchings
2024-08-03 18:17:44,313 [INFO] ImportTextPane:194 - (OptionalMessage_ERROR) IP (RCC) : Parameter (ADCFreqValue) has invalid value (36000000)
2024-08-03 18:17:44,314 [INFO] ImportTextPane:194 - (OptionalMessage_ERROR) IP (RCC) : Invalid parameter (FamilyName)
2024-08-03 18:17:44,314 [INFO] ImportTextPane:194 - (OptionalMessage_ERROR) IP (RCC) : Parameter (MCOFreq_Value) has invalid value (72000000)
2024-08-03 18:17:44,315 [INFO] ImportTextPane:194 - (OptionalMessage_ERROR) IP (RCC) : Parameter (USBFreq_Value) has invalid value (72000000)
2024-08-03 18:17:44,648 [INFO] ApiDb:668 - CubeFinder database Data Model version=2.1
2024-08-03 18:17:44,648 [INFO] ApiDb:669 - CubeFinder database Configuration version=3.0.39
2024-08-03 18:17:44,648 [INFO] ApiDb:670 - CubeFinder database generation date=2024-05-16 (1715872938)
2024-08-03 18:17:44,648 [INFO] ApiDb:671 - CubeFinder database FW Pack versions=[FP-ATR-ASTRA1_V2.0.0, FP-SNS-FLIGHT1_V5.0.1, FP-SNS-FLIGHT1_V5.0.2, FP-SNS-MOTENV1_V4.3.1, FP-SNS-MOTENV1_V4.3.2, FP-SNS-MOTENV1_V5.0.0, FP-SNS-MOTENVWB1_V1.4.0, FP-SNS-SMARTAG2_V1.2.0, STM32Cube_FW_C0_V1.1.0, STM32Cube_FW_F4_V1.28.0, STM32Cube_FW_F7_V1.17.0, STM32Cube_FW_G0_V1.6.2, STM32Cube_FW_G4_V1.5.2, STM32Cube_FW_H5_V0.5.1, STM32Cube_FW_H5_V1.1.1, STM32Cube_FW_H5_V1.2.0, STM32Cube_FW_H5_V1.2.0RC4, STM32Cube_FW_H7RS_V1.0.0, STM32Cube_FW_H7RS_V1.0.0RC4, STM32Cube_FW_H7_V1.11.0, STM32Cube_FW_L0_V1.12.2, STM32Cube_FW_L5_V1.5.1, STM32Cube_FW_U0_V1.0.0, STM32Cube_FW_U0_V1.0.0RC1, STM32Cube_FW_U5_V1.3.0RC4, STM32Cube_FW_U5_V1.5.0, STM32Cube_FW_U5_V1.5.0RC1, STM32Cube_FW_WBA_V1.0.0RC1, STM32Cube_FW_WBA_V1.2.0, STM32Cube_FW_WBA_V1.2.0RC2, STM32Cube_FW_WBA_V1.3.0, STM32Cube_FW_WBA_V1.3.0RC1, STM32Cube_FW_WB_V1.15.0RC1, STM32Cube_FW_WB_V1.16.0, STM32Cube_FW_WB_V1.16.0RC2, STM32Cube_FW_WB_V1.18.0, STM32Cube_FW_WB_V1.19.0, STM32Cube_FW_WL_V1.3.0, X-CUBE-ALGOBUILD_V1.4.0, X-CUBE-ALS_V1.0.1, X-CUBE-AZRTOS-F4_V1.1.0, X-CUBE-AZRTOS-F7_V1.1.0, X-CUBE-AZRTOS-G0_V1.1.0, X-CUBE-AZRTOS-G4_V2.0.0, X-CUBE-AZRTOS-H7_V3.2.0, X-CUBE-AZRTOS-L4_V1.0.0, X-CUBE-AZRTOS-L4_V2.0.0, X-CUBE-AZRTOS-L5_V1.1.0, X-CUBE-AZRTOS-WB_V2.0.0, X-CUBE-AZRTOS-WL_V2.0.0, X-CUBE-BLE1_V7.0.0, X-CUBE-BLE2_V3.3.0, X-CUBE-BLEMGR_V3.1.0, X-CUBE-EEPRMA1_V4.1.0, X-CUBE-EEPRMA1_V5.1.0, X-CUBE-FREERTOS_V1.1.0, X-CUBE-GNSS1_V6.0.0, X-CUBE-MEMS1_V10.0.0, X-CUBE-MEMS1_V9.1.0, X-CUBE-MEMS1_V9.4.0, X-CUBE-MEMS1_V9.6.0, X-CUBE-NFC4_V3.0.0, X-CUBE-NFC7_V1.0.1, X-CUBE-SFXS2LP1_V4.0.0, X-CUBE-SUBG2_V5.0.0, X-CUBE-TOF1_V3.4.0]
2024-08-03 18:17:44,851 [INFO] DbBoardsSqlite:226 - include board P-NUCLEO-WB55-NUCLEO as a kit item of type 'Nucleo-64'
2024-08-03 18:17:44,852 [INFO] DbBoardsSqlite:226 - include board P-NUCLEO-WB55-USBDONGLE as a kit item of type 'Nucleo USB Dongle'
2024-08-03 18:17:44,852 [INFO] DbBoardsSqlite:226 - include board STEVAL-IDP005V1 as a kit item of type 'Evaluation Board'
2024-08-03 18:17:44,852 [INFO] DbBoardsSqlite:226 - include board STEVAL-IDP005V2 as a kit item of type 'Evaluation Board'
2024-08-03 18:17:44,944 [INFO] ApiDb:240 - Found 483 in-development CPN: [B-G473E-ZEST1S, B-WB1M-WPAN1, B-WL5M-SUBG1, NUCLEO-C031C6, NUCLEO-H503RB, NUCLEO-H533RE, NUCLEO-H563ZI, NUCLEO-H7S3L8, NUCLEO-U031R8, NUCLEO-U083RC, NUCLEO-U545RE-Q, NUCLEO-U5A5ZJ-Q, NUCLEO-WBA52CG, NUCLEO-WBA55CG, STEVAL-PROTEUS1, STEVAL-SMARTAG2, STEVAL-STWINBX1, STM320518-EVAL, STM32C0116-DK, STM32C011D6Y3TR, STM32C011D6Y6TR, STM32C011F4P3, STM32C011F4P6, STM32C011F4U3, STM32C011F4U6TR, STM32C011F6P3, STM32C011F6P6, STM32C011F6U3, STM32C011F6U6TR, STM32C011J4M3, STM32C011J4M6, STM32C011J6M3, STM32C011J6M6, STM32C0316-DK, STM32C031C4T3, STM32C031C4T6, STM32C031C4U3, STM32C031C4U6, STM32C031C6T3, STM32C031C6T6, STM32C031C6U3, STM32C031C6U6, STM32C031F4P3, STM32C031F4P6, STM32C031F6P3, STM32C031F6P6, STM32C031G4U3, STM32C031G4U6, STM32C031G6U3, STM32C031G6U6, STM32C031K4T3, STM32C031K4T6, STM32C031K4U3, STM32C031K4U6, STM32C031K6T3, STM32C031K6T6, STM32C031K6U3, STM32C031K6U6, STM32G071K8TXN, STM32G071K8UXN, STM32G081GBU6N, STM32G081KBT6N, STM32G081KBUXN, STM32G0B1CCT6N, STM32G0B1KCT6, STM32G0B1NEY6TR, STM32G0B1RCT6N, STM32G0C1CCT6, STM32G0C1CCT6N, STM32G0C1CCU6N, STM32G0C1CET6N, STM32G0C1CEU6N, STM32G0C1KCT6, STM32G0C1NEY6TR, STM32G0C1RCI6N, STM32G0C1RCT6N, STM32G0C1REI6N, STM32G0C1RET6N, STM32G0C1VCI6, STM32G0C1VEI6, STM32G471CCT6, STM32G471CCU6, STM32G471CET3, STM32G471CET6, STM32G471CEU3, STM32G471CEU6, STM32G471MCT6, STM32G471MET3, STM32G471MET6, STM32G471MEY6TR, STM32G471QCT6, STM32G471QET3, STM32G471RCT6, STM32G471RET3, STM32G471RET6, STM32G471VCH6, STM32G471VCI6, STM32G471VCT6, STM32G471VEH3, STM32G471VEH6, STM32G471VEI3, STM32G471VEI6, STM32G471VET3, STM32G471VET6, STM32G474CCT6, STM32H503CBT6, STM32H503CBU6, STM32H503EBY6TR, STM32H503KBU6, STM32H503RBT6, STM32H523CCT6, STM32H523CCU6, STM32H523CET6, STM32H523CEU6, STM32H523HEY6TR, STM32H523RCT6, STM32H523RET6, STM32H523VCI6, STM32H523VCT6, STM32H523VEI6, STM32H523VET6, STM32H523ZCJ6, STM32H523ZCT6, STM32H523ZEJ6, STM32H523ZET6, STM32H533CET6, STM32H533CEU6, STM32H533HEY6TR, STM32H533RET6, STM32H533VEI6, STM32H533VET6, STM32H533ZEJ6, STM32H533ZET6, STM32H562AGI6, STM32H562AII6, STM32H562IGK6, STM32H562IGT6, STM32H562IIK6, STM32H562IIT6, STM32H562RGT6, STM32H562RGV6, STM32H562RIT6, STM32H562RIV6, STM32H562VGT6, STM32H562VIT6, STM32H562ZGT6, STM32H562ZIT6, STM32H563AGI6, STM32H563AII3Q, STM32H563AII6, STM32H563IGK6, STM32H563IGT6, STM32H563IIK3Q, STM32H563IIK6, STM32H563IIT3Q, STM32H563IIT6, STM32H563MIY3QTR, STM32H563RGT6, STM32H563RGV6, STM32H563RIT6, STM32H563RIV6, STM32H563VGT6, STM32H563VIT3Q, STM32H563VIT6, STM32H563ZGT6, STM32H563ZIT3Q, STM32H563ZIT6, STM32H573AII3Q, STM32H573AII6, STM32H573I-DK, STM32H573IIK3Q, STM32H573IIK6, STM32H573IIT3Q, STM32H573IIT6, STM32H573MIY3QTR, STM32H573RIT6, STM32H573RIV6, STM32H573VIT3Q, STM32H573VIT6, STM32H573ZIT3Q, STM32H573ZIT6, STM32H7R3A8I6, STM32H7R3I8K6, STM32H7R3I8T6, STM32H7R3L8H6, STM32H7R3L8H6H, STM32H7R3R8V6, STM32H7R3V8H6, STM32H7R3V8T6, STM32H7R3V8Y6, STM32H7R3Z8J6, STM32H7R3Z8T6, STM32H7R7A8I6, STM32H7R7I8K6, STM32H7R7I8T6, STM32H7R7L8H6, STM32H7R7L8H6H, STM32H7R7Z8J6, STM32H7S3A8I6, STM32H7S3I8K6, STM32H7S3I8T6, STM32H7S3L8H6, STM32H7S3L8H6H, STM32H7S3R8V6, STM32H7S3V8H6, STM32H7S3V8T6, STM32H7S3V8Y6, STM32H7S3Z8J6, STM32H7S3Z8T6, STM32H7S78-DK, STM32H7S7A8I6, STM32H7S7I8K6, STM32H7S7I8T6, STM32H7S7L8H6, STM32H7S7L8H6H, STM32H7S7Z8J6, STM32L4R5QGI6STR, STM32MP131AAE3, STM32MP131AAF3, STM32MP131AAG3, STM32MP131CAE3, STM32MP131CAF3, STM32MP131CAG3, STM32MP131DAE7, STM32MP131DAF7, STM32MP131DAG7, STM32MP131FAE7, STM32MP131FAF7, STM32MP131FAG7, STM32MP133AAE3, STM32MP133AAF3, STM32MP133AAG3, STM32MP133CAE3, STM32MP133CAF3, STM32MP133CAG3, STM32MP133DAE7, STM32MP133DAF7, STM32MP133DAG7, STM32MP133FAE7, STM32MP133FAF7, STM32MP133FAG7, STM32MP135AAE3, STM32MP135AAF3, STM32MP135AAG3, STM32MP135CAE3, STM32MP135CAF3, STM32MP135CAG3, STM32MP135DAE7, STM32MP135DAF7, STM32MP135DAG7, STM32MP135F-DK, STM32MP135FAE7, STM32MP135FAF7, STM32MP135FAF7T, STM32MP135FAF7U, STM32MP135FAG7, STM32U031C6T6, STM32U031C6U6, STM32U031C8T6, STM32U031C8U6, STM32U031F4P6, STM32U031F6P6, STM32U031F8P6, STM32U031G6Y6TR, STM32U031G8Y6TR, STM32U031K4U6, STM32U031K6U6, STM32U031K8U6, STM32U031R6I6, STM32U031R6T6, STM32U031R8I6, STM32U031R8T6, STM32U073C8T6, STM32U073C8U6, STM32U073CBT6, STM32U073CBU6, STM32U073CCT6, STM32U073CCU6, STM32U073H8Y6TR, STM32U073HBY6TR, STM32U073HCY6TR, STM32U073K8U6, STM32U073KBU6, STM32U073KCU6, STM32U073M8I6, STM32U073M8T6, STM32U073MBI6, STM32U073MBT6, STM32U073MCI6, STM32U073MCT6, STM32U073R8I6, STM32U073R8T6, STM32U073RBI6, STM32U073RBT6, STM32U073RCI6, STM32U073RCT6, STM32U083C-DK, STM32U083CCT6, STM32U083CCU6, STM32U083HCY6TR, STM32U083KCU6, STM32U083MCI6, STM32U083MCT6, STM32U083RCI6, STM32U083RCT6, STM32U535CBT6, STM32U535CBT6Q, STM32U535CBU6, STM32U535CBU6Q, STM32U535CCT6, STM32U535CCT6Q, STM32U535CCU6, STM32U535CCU6Q, STM32U535CET6, STM32U535CET6Q, STM32U535CEU6, STM32U535CEU6Q, STM32U535JEY6QTR, STM32U535NCY6QTR, STM32U535NEY6QTR, STM32U535RBI6, STM32U535RBI6Q, STM32U535RBT6, STM32U535RBT6Q, STM32U535RCI6, STM32U535RCI6Q, STM32U535RCT6, STM32U535RCT6Q, STM32U535REI6, STM32U535REI6Q, STM32U535RET6, STM32U535RET6Q, STM32U535VCI6, STM32U535VCI6Q, STM32U535VCT6, STM32U535VCT6Q, STM32U535VEI6, STM32U535VEI6Q, STM32U535VET6, STM32U535VET6Q, STM32U545CET6, STM32U545CET6Q, STM32U545CEU6, STM32U545CEU6Q, STM32U545JEY6QTR, STM32U545NEY6QTR, STM32U545REI6, STM32U545REI6Q, STM32U545RET6, STM32U545RET6Q, STM32U545VEI6, STM32U545VEI6Q, STM32U545VET6, STM32U545VET6Q, STM32U595AIH6, STM32U595AIH6Q, STM32U595AJH6, STM32U595AJH6Q, STM32U595QII6, STM32U595QII6Q, STM32U595QJI6, STM32U595QJI6Q, STM32U595RIT6, STM32U595RIT6Q, STM32U595RJT6, STM32U595RJT6Q, STM32U595VIT6, STM32U595VIT6Q, STM32U595VJT6, STM32U595VJT6Q, STM32U595ZIT6, STM32U595ZIT6Q, STM32U595ZIY6QTR, STM32U595ZJT6, STM32U595ZJT6Q, STM32U595ZJY6QTR, STM32U599BJY6QTR, STM32U599NIH6Q, STM32U599NJH6Q, STM32U599VIT6Q, STM32U599VJT6, STM32U599VJT6Q, STM32U599ZIT6Q, STM32U599ZIY6QTR, STM32U599ZJT6Q, STM32U599ZJY6QTR, STM32U5A5AJH6, STM32U5A5AJH6Q, STM32U5A5QII3Q , STM32U5A5QJI6, STM32U5A5QJI6Q, STM32U5A5RJT6, STM32U5A5RJT6Q, STM32U5A5VJT6, STM32U5A5VJT6Q, STM32U5A5ZJT6, STM32U5A5ZJT6Q, STM32U5A5ZJY6QTR, STM32U5A9BJY6QTR, STM32U5A9J-DK, STM32U5A9NJH6Q, STM32U5A9VJT6Q, STM32U5A9ZJT6Q, STM32U5A9ZJY6QTR, STM32U5F7VIT6, STM32U5F7VIT6Q, STM32U5F7VJT6, STM32U5F7VJT6Q, STM32U5F9BJY6QTR, STM32U5F9NJH6Q, STM32U5F9VIT6Q, STM32U5F9VJT6Q, STM32U5F9ZIJ6QTR, STM32U5F9ZIT6Q, STM32U5F9ZJJ6QTR, STM32U5F9ZJT6Q, STM32U5G7VJT6, STM32U5G7VJT6Q, STM32U5G9BJY6QTR, STM32U5G9J-DK1, STM32U5G9J-DK2, STM32U5G9NJH6Q, STM32U5G9VJT6Q, STM32U5G9ZJJ6QTR, STM32U5G9ZJT6Q, STM32WB1MMCH6, STM32WBA50KEU6, STM32WBA50KEU6TR, STM32WBA50KGU6, STM32WBA50KGU6TR, STM32WBA52CEU6, STM32WBA52CEU6TR, STM32WBA52CEU7, STM32WBA52CEU7TR, STM32WBA52CGU6, STM32WBA52CGU6TR, STM32WBA52CGU6U, STM32WBA52CGU7, STM32WBA52CGU7TR, STM32WBA52KEU6, STM32WBA52KEU6TR, STM32WBA52KGU6, STM32WBA52KGU6TR, STM32WBA54CEU6, STM32WBA54CEU6TR, STM32WBA54CEU7, STM32WBA54CEU7TR, STM32WBA54CGU6, STM32WBA54CGU6TR, STM32WBA54CGU7, STM32WBA54CGU7TR, STM32WBA54KEU6, STM32WBA54KEU6TR, STM32WBA54KEU7, STM32WBA54KEU7TR, STM32WBA54KGU6, STM32WBA54KGU6TR, STM32WBA54KGU7, STM32WBA54KGU7TR, STM32WBA55CEU6, STM32WBA55CEU6TR, STM32WBA55CEU7, STM32WBA55CEU7TR, STM32WBA55CGU6, STM32WBA55CGU6TR, STM32WBA55CGU6U, STM32WBA55CGU7, STM32WBA55CGU7TR, STM32WBA55G-DK1, STM32WBA55HEF6, STM32WBA55HEF7, STM32WBA55HGF6, STM32WBA55HGF7, STM32WBA55UEI6, STM32WBA55UEI6TR, STM32WBA55UEI7, STM32WBA55UEI7TR, STM32WBA55UGI6, STM32WBA55UGI6TR, STM32WBA55UGI7, STM32WBA55UGI7TR, STM32WL5MOCH6, STM32WL5MOCH6TR]
2024-08-03 18:17:45,134 [INFO] BoardInfo:889 - No configuration file found for board P-NUCLEO-WB55
2024-08-03 18:17:45,135 [INFO] DbBoards:161 - Kit is not supported: P-NUCLEO-WB55
2024-08-03 18:17:45,142 [INFO] BoardInfo:889 - No configuration file found for board STEVAL-BFA001V1B
2024-08-03 18:17:45,143 [INFO] DbBoards:161 - Kit is not supported: STEVAL-BFA001V1B
2024-08-03 18:17:45,144 [INFO] BoardInfo:889 - No configuration file found for board STEVAL-BFA001V2B
2024-08-03 18:17:45,144 [INFO] DbBoards:161 - Kit is not supported: STEVAL-BFA001V2B
2024-08-03 18:17:45,368 [INFO] DbBoards:168 - Found 199 boards, 196 are supported
2024-08-03 18:17:45,368 [INFO] DbBoards:169 - Found 199 boards, 8 of them is supported for  Bsp
2024-08-03 18:17:45,371 [INFO] ApiDb:414 - User favorites file not found: C:\Users\kha/.stm32cubeide/favorites.boards.txt
2024-08-03 18:17:45,371 [INFO] DbBoards:198 - Set 0 / 0 favorites Boards
2024-08-03 18:17:45,416 [INFO] UtilMem:75 - End LoadConfig() Used Memory: 825433576 Bytes (1073741824)
2024-08-03 18:17:45,655 [WARN] ThirdParty:833 - waiting for thirdparty lock release [change project]
2024-08-03 18:17:45,655 [INFO] ThirdParty:835 - entering critical section [change project]
2024-08-03 18:17:45,655 [INFO] ThirdParty:1030 - CMSIS Pack Vendor :STMicroelectronics USBPD 4.1
2024-08-03 18:17:45,655 [INFO] ThirdParty:1030 - CMSIS Pack Vendor :STMicroelectronics X-CUBE-GNSS1 6.0.0
2024-08-03 18:17:45,655 [INFO] ThirdParty:1030 - CMSIS Pack Vendor :STMicroelectronics USB_HOST 2.0.0
2024-08-03 18:17:45,655 [INFO] ThirdParty:1030 - CMSIS Pack Vendor :STMicroelectronics FP-SNS-MOTENVWB1 1.4.0
2024-08-03 18:17:45,655 [INFO] ThirdParty:1030 - CMSIS Pack Vendor :STMicroelectronics X-CUBE-AZRTOS-F4 1.1.0
2024-08-03 18:17:45,655 [INFO] ThirdParty:1030 - CMSIS Pack Vendor :STMicroelectronics LIBJPEG 8.0.0
2024-08-03 18:17:45,656 [INFO] ThirdParty:1030 - CMSIS Pack Vendor :STMicroelectronics X-CUBE-SMBUS 2.1.0
2024-08-03 18:17:45,656 [INFO] ThirdParty:1030 - CMSIS Pack Vendor :wolfSSL I-CUBE-wolfSSL 5.6.0
2024-08-03 18:17:45,656 [INFO] ThirdParty:1030 - CMSIS Pack Vendor :STMicroelectronics X-CUBE-FREERTOS 1.2.0
2024-08-03 18:17:45,656 [INFO] ThirdParty:1030 - CMSIS Pack Vendor :STMicroelectronics X-CUBE-TOUCHGFX 4.23.1
2024-08-03 18:17:45,656 [INFO] ThirdParty:1030 - CMSIS Pack Vendor :STMicroelectronics X-CUBE-TOUCHGFX 4.23.0
2024-08-03 18:17:45,656 [INFO] ThirdParty:1030 - CMSIS Pack Vendor :STMicroelectronics X-CUBE-TOUCHGFX 4.23.2
2024-08-03 18:17:45,656 [INFO] ThirdParty:1030 - CMSIS Pack Vendor :STMicroelectronics X-CUBE-AZRTOS-F7 1.1.0
2024-08-03 18:17:45,656 [INFO] ThirdParty:1030 - CMSIS Pack Vendor :STMicroelectronics X-CUBE-AZRTOS-L5 2.0.0
2024-08-03 18:17:45,656 [INFO] ThirdParty:1030 - CMSIS Pack Vendor :STMicroelectronics USB_DEVICE 2.0.0
2024-08-03 18:17:45,656 [INFO] ThirdParty:1030 - CMSIS Pack Vendor :STMicroelectronics X-CUBE-MEMS1 9.6.0
2024-08-03 18:17:45,656 [INFO] ThirdParty:1030 - CMSIS Pack Vendor :STMicroelectronics X-CUBE-EEPRMA1 4.2.0
2024-08-03 18:17:45,656 [INFO] ThirdParty:1030 - CMSIS Pack Vendor :STMicroelectronics X-CUBE-NFC6 3.1.0
2024-08-03 18:17:45,657 [INFO] ThirdParty:1030 - CMSIS Pack Vendor :ITTIA_DB I-CUBE-ITTIADB 8.8.0
2024-08-03 18:17:45,657 [INFO] ThirdParty:1030 - CMSIS Pack Vendor :STMicroelectronics FP-SNS-MOTENV1 4.3.2
2024-08-03 18:17:45,657 [INFO] ThirdParty:1030 - CMSIS Pack Vendor :STMicroelectronics FP-SNS-MOTENV1 4.3.1
2024-08-03 18:17:45,657 [INFO] ThirdParty:1030 - CMSIS Pack Vendor :STMicroelectronics FP-SNS-FLIGHT1 5.0.1
2024-08-03 18:17:45,657 [INFO] ThirdParty:1030 - CMSIS Pack Vendor :STMicroelectronics X-CUBE-BLE1 6.2.4
2024-08-03 18:17:45,657 [INFO] ThirdParty:1030 - CMSIS Pack Vendor :STMicroelectronics FreeRTOS 0.0.1
2024-08-03 18:17:45,657 [INFO] ThirdParty:1030 - CMSIS Pack Vendor :emotas I-CUBE-CANOPEN 1.1.3
2024-08-03 18:17:45,657 [INFO] ThirdParty:1030 - CMSIS Pack Vendor :STMicroelectronics X-CUBE-BLEMGR 2.0.0
2024-08-03 18:17:45,657 [INFO] ThirdParty:1030 - CMSIS Pack Vendor :STMicroelectronics X-CUBE-DPower 1.2.0
2024-08-03 18:17:45,657 [INFO] ThirdParty:1030 - CMSIS Pack Vendor :STMicroelectronics FP-SNS-FLIGHT1 5.0.2
2024-08-03 18:17:45,657 [INFO] ThirdParty:1030 - CMSIS Pack Vendor :STMicroelectronics X-CUBE-AI 9.0.0
2024-08-03 18:17:45,657 [INFO] ThirdParty:1030 - CMSIS Pack Vendor :STMicroelectronics X-CUBE-AZRTOS-H7 3.1.0
2024-08-03 18:17:45,657 [INFO] ThirdParty:1030 - CMSIS Pack Vendor :STMicroelectronics PDM2PCM 3.3.0
2024-08-03 18:17:45,657 [INFO] ThirdParty:1030 - CMSIS Pack Vendor :STMicroelectronics X-CUBE-DISPLAY 3.0.0
2024-08-03 18:17:45,657 [INFO] ThirdParty:1030 - CMSIS Pack Vendor :STMicroelectronics X-CUBE-BLE1 7.0.0
2024-08-03 18:17:45,657 [INFO] ThirdParty:1030 - CMSIS Pack Vendor :STMicroelectronics HAL Drivers 0.0.0
2024-08-03 18:17:45,657 [INFO] ThirdParty:1030 - CMSIS Pack Vendor :emotas I-CUBE-CANOPEN 1.3.0
2024-08-03 18:17:45,657 [INFO] ThirdParty:1030 - CMSIS Pack Vendor :STMicroelectronics X-CUBE-TOUCHGFX 4.22.0
2024-08-03 18:17:45,657 [INFO] ThirdParty:1030 - CMSIS Pack Vendor :STMicroelectronics X-CUBE-NFC7 1.0.1
2024-08-03 18:17:45,658 [INFO] ThirdParty:1030 - CMSIS Pack Vendor :STMicroelectronics MBEDTLS 2.14.1
2024-08-03 18:17:45,658 [INFO] ThirdParty:1030 - CMSIS Pack Vendor :STMicroelectronics X-CUBE-NFC7 1.0.0
2024-08-03 18:17:45,658 [INFO] ThirdParty:1030 - CMSIS Pack Vendor :STMicroelectronics X-CUBE-TOUCHGFX 4.22.1
2024-08-03 18:17:45,658 [INFO] ThirdParty:1030 - CMSIS Pack Vendor :wolfSSL I-CUBE-wolfTPM 3.2.0
2024-08-03 18:17:45,658 [INFO] ThirdParty:1030 - CMSIS Pack Vendor :STMicroelectronics X-CUBE-NFC6 3.0.0
2024-08-03 18:17:45,658 [INFO] ThirdParty:1030 - CMSIS Pack Vendor :STMicroelectronics X-CUBE-EEPRMA1 4.1.0
2024-08-03 18:17:45,658 [INFO] ThirdParty:1030 - CMSIS Pack Vendor :STMicroelectronics X-CUBE-BLEMGR 3.1.0
2024-08-03 18:17:45,658 [INFO] ThirdParty:1030 - CMSIS Pack Vendor :STMicroelectronics FP-SNS-SMARTAG2 1.2.0
2024-08-03 18:17:45,658 [INFO] ThirdParty:1030 - CMSIS Pack Vendor :STMicroelectronics X-CUBE-AZRTOS-WL 2.0.0
2024-08-03 18:17:45,658 [INFO] ThirdParty:1030 - CMSIS Pack Vendor :STMicroelectronics FP-SNS-MOTENV1 5.0.0
2024-08-03 18:17:45,658 [INFO] ThirdParty:1030 - CMSIS Pack Vendor :STMicroelectronics USB_DEVICE 1.0.0
2024-08-03 18:17:45,659 [INFO] ThirdParty:1030 - CMSIS Pack Vendor :STMicroelectronics X-CUBE-AI 8.1.0
2024-08-03 18:17:45,659 [INFO] ThirdParty:1030 - CMSIS Pack Vendor :wolfSSL I-CUBE-wolfMQTT 1.19.0
2024-08-03 18:17:45,659 [INFO] ThirdParty:1030 - CMSIS Pack Vendor :STMicroelectronics X-CUBE-AZRTOS-L4 2.0.0
2024-08-03 18:17:45,659 [INFO] ThirdParty:1030 - CMSIS Pack Vendor :STMicroelectronics ThreadX 0.0.2
2024-08-03 18:17:45,659 [INFO] ThirdParty:1030 - CMSIS Pack Vendor :WES I-CUBE-Cesium 1.3.0
2024-08-03 18:17:45,659 [INFO] ThirdParty:1030 - CMSIS Pack Vendor :STMicroelectronics lwIP 2.1.2
2024-08-03 18:17:45,659 [INFO] ThirdParty:1030 - CMSIS Pack Vendor :STMicroelectronics X-CUBE-SFXS2LP1 4.0.0
2024-08-03 18:17:45,659 [INFO] ThirdParty:1030 - CMSIS Pack Vendor :STMicroelectronics X-CUBE-BLE2 3.3.0
2024-08-03 18:17:45,659 [INFO] ThirdParty:1030 - CMSIS Pack Vendor :STMicroelectronics PDM2PCM 3.2.0
2024-08-03 18:17:45,659 [INFO] ThirdParty:1030 - CMSIS Pack Vendor :STMicroelectronics X-CUBE-ISPU 1.1.0
2024-08-03 18:17:45,659 [INFO] ThirdParty:1030 - CMSIS Pack Vendor :STMicroelectronics USB_DEVICE 3.0.0
2024-08-03 18:17:45,659 [INFO] ThirdParty:1030 - CMSIS Pack Vendor :STMicroelectronics X-CUBE-TCPP 4.1.0
2024-08-03 18:17:45,659 [INFO] ThirdParty:1030 - CMSIS Pack Vendor :STMicroelectronics X-CUBE-AI 8.0.0
2024-08-03 18:17:45,659 [INFO] ThirdParty:1030 - CMSIS Pack Vendor :STMicroelectronics X-CUBE-AZRTOS-WB 2.0.0
2024-08-03 18:17:45,659 [INFO] ThirdParty:1030 - CMSIS Pack Vendor :STMicroelectronics X-CUBE-FREERTOS 1.0.1
2024-08-03 18:17:45,660 [INFO] ThirdParty:1030 - CMSIS Pack Vendor :STMicroelectronics X-CUBE-TOUCHGFX 4.21.3
2024-08-03 18:17:45,660 [INFO] ThirdParty:1030 - CMSIS Pack Vendor :STMicroelectronics X-CUBE-TOUCHGFX 4.21.4
2024-08-03 18:17:45,660 [INFO] ThirdParty:1030 - CMSIS Pack Vendor :STMicroelectronics FP-SNS-STBOX1 2.0.0
2024-08-03 18:17:45,660 [INFO] ThirdParty:1030 - CMSIS Pack Vendor :STMicroelectronics X-CUBE-ALGOBUILD 1.3.0
2024-08-03 18:17:45,660 [INFO] ThirdParty:1030 - CMSIS Pack Vendor :STMicroelectronics X-CUBE-AZRTOS-L5 1.1.0
2024-08-03 18:17:45,660 [INFO] ThirdParty:1030 - CMSIS Pack Vendor :STMicroelectronics X-CUBE-AZRTOS-G0 1.1.0
2024-08-03 18:17:45,660 [INFO] ThirdParty:1030 - CMSIS Pack Vendor :STMicroelectronics X-CUBE-AI 8.0.1
2024-08-03 18:17:45,660 [INFO] ThirdParty:1030 - CMSIS Pack Vendor :STMicroelectronics X-CUBE-SAFEA1 1.2.2
2024-08-03 18:17:45,660 [INFO] ThirdParty:1030 - CMSIS Pack Vendor :STMicroelectronics X-CUBE-NFC4 3.0.0
2024-08-03 18:17:45,660 [INFO] ThirdParty:1030 - CMSIS Pack Vendor :STMicroelectronics X-CUBE-SUBG2 5.0.0
2024-08-03 18:17:45,660 [INFO] ThirdParty:1030 - CMSIS Pack Vendor :STMicroelectronics STM32_WPAN 1.0.0
2024-08-03 18:17:45,660 [INFO] ThirdParty:1030 - CMSIS Pack Vendor :wolfSSL I-CUBE-wolfMQTT 1.18.0
2024-08-03 18:17:45,660 [INFO] ThirdParty:1030 - CMSIS Pack Vendor :EmbeddedOffice I-CUBE-FS-RTOS 1.0.1
2024-08-03 18:17:45,660 [INFO] ThirdParty:1030 - CMSIS Pack Vendor :STMicroelectronics lwIP 2.0.3
2024-08-03 18:17:45,660 [INFO] ThirdParty:1030 - CMSIS Pack Vendor :Cesanta I-CUBE-Mongoose 7.13.0
2024-08-03 18:17:45,660 [INFO] ThirdParty:1030 - CMSIS Pack Vendor :STMicroelectronics USB_HOST 1.0.0
2024-08-03 18:17:45,660 [INFO] ThirdParty:1030 - CMSIS Pack Vendor :STMicroelectronics X-CUBE-TOF1 3.3.1
2024-08-03 18:17:45,660 [INFO] ThirdParty:1030 - CMSIS Pack Vendor :STMicroelectronics X-CUBE-AZRTOS-G4 2.0.0
2024-08-03 18:17:45,661 [INFO] ThirdParty:1030 - CMSIS Pack Vendor :STMicroelectronics PDM2PCM 3.1.0
2024-08-03 18:17:45,661 [INFO] ThirdParty:1030 - CMSIS Pack Vendor :STMicroelectronics X-CUBE-TOF1 3.3.0
2024-08-03 18:17:45,661 [INFO] ThirdParty:1030 - CMSIS Pack Vendor :Infineon AIROC-Wi-Fi-Bluetooth-STM32 1.5.1
2024-08-03 18:17:45,661 [INFO] ThirdParty:1030 - CMSIS Pack Vendor :STMicroelectronics X-CUBE-BLEMGR 3.0.0
2024-08-03 18:17:45,661 [INFO] ThirdParty:1030 - CMSIS Pack Vendor :RealThread X-CUBE-RT-Thread_Nano 4.1.1
2024-08-03 18:17:45,661 [INFO] ThirdParty:1030 - CMSIS Pack Vendor :wolfSSL I-CUBE-wolfSSL 5.7.0
2024-08-03 18:17:45,661 [INFO] ThirdParty:1030 - CMSIS Pack Vendor :STMicroelectronics FP-SNS-MOTENVWB1 1.3.1
2024-08-03 18:17:45,661 [INFO] ThirdParty:1030 - CMSIS Pack Vendor :STMicroelectronics FP-ATR-SIGFOX1 3.2.0
2024-08-03 18:17:45,661 [INFO] ThirdParty:1030 - CMSIS Pack Vendor :STMicroelectronics X-CUBE-AZRTOS-L4 1.0.0
2024-08-03 18:17:45,661 [INFO] ThirdParty:1030 - CMSIS Pack Vendor :STMicroelectronics X-CUBE-ISPU 2.0.0
2024-08-03 18:17:45,661 [INFO] ThirdParty:1030 - CMSIS Pack Vendor :STMicroelectronics X-CUBE-EEPRMA1 5.1.0
2024-08-03 18:17:45,661 [INFO] ThirdParty:1030 - CMSIS Pack Vendor :STMicroelectronics MBEDTLS 2.16.2
2024-08-03 18:17:45,661 [INFO] ThirdParty:1030 - CMSIS Pack Vendor :STMicroelectronics X-CUBE-ALS 1.0.2
2024-08-03 18:17:45,661 [INFO] ThirdParty:1030 - CMSIS Pack Vendor :STMicroelectronics X-CUBE-MEMS1 10.0.0
2024-08-03 18:17:45,661 [INFO] ThirdParty:1030 - CMSIS Pack Vendor :STMicroelectronics X-CUBE-FREERTOS 1.1.0
2024-08-03 18:17:45,661 [INFO] ThirdParty:1030 - CMSIS Pack Vendor :STMicroelectronics X-CUBE-TOUCHGFX 4.24.0
2024-08-03 18:17:45,661 [INFO] ThirdParty:1030 - CMSIS Pack Vendor :ITTIA_DB I-CUBE-ITTIADB 8.9.0
2024-08-03 18:17:45,662 [INFO] ThirdParty:1030 - CMSIS Pack Vendor :STMicroelectronics X-CUBE-AZRTOS-WL 1.0.0
2024-08-03 18:17:45,662 [INFO] ThirdParty:1030 - CMSIS Pack Vendor :portGmbH I-Cube-SoM-uGOAL 1.1.0
2024-08-03 18:17:45,662 [INFO] ThirdParty:1030 - CMSIS Pack Vendor :STMicroelectronics X-CUBE-ALS 1.0.1
2024-08-03 18:17:45,662 [INFO] ThirdParty:1030 - CMSIS Pack Vendor :STMicroelectronics ThreadX 1.0.0
2024-08-03 18:17:45,662 [INFO] ThirdParty:1030 - CMSIS Pack Vendor :STMicroelectronics X-CUBE-AZRTOS-WB 1.1.0
2024-08-03 18:17:45,662 [INFO] ThirdParty:1030 - CMSIS Pack Vendor :SEGGER I-CUBE-embOS 1.3.1
2024-08-03 18:17:45,662 [INFO] ThirdParty:1030 - CMSIS Pack Vendor :STMicroelectronics X-CUBE-ALGOBUILD 1.4.0
2024-08-03 18:17:45,662 [INFO] ThirdParty:1030 - CMSIS Pack Vendor :STMicroelectronics X-CUBE-AZRTOS-H7RS 1.0.0
2024-08-03 18:17:45,662 [INFO] ThirdParty:1030 - CMSIS Pack Vendor :STMicroelectronics FP-ATR-ASTRA1 2.0.0
2024-08-03 18:17:45,662 [INFO] ThirdParty:1030 - CMSIS Pack Vendor :STMicroelectronics X-CUBE-TOF1 3.4.2
2024-08-03 18:17:45,662 [INFO] ThirdParty:1030 - CMSIS Pack Vendor :STMicroelectronics X-CUBE-TOF1 3.4.0
2024-08-03 18:17:45,662 [INFO] ThirdParty:1030 - CMSIS Pack Vendor :STMicroelectronics X-CUBE-TOF1 3.4.1
2024-08-03 18:17:45,662 [INFO] ThirdParty:1030 - CMSIS Pack Vendor :STMicroelectronics X-CUBE-AZRTOS-H7 3.2.0
2024-08-03 18:17:45,662 [INFO] ThirdParty:1030 - CMSIS Pack Vendor :Infineon AIROC-Wi-Fi-Bluetooth-STM32 1.6.0
2024-08-03 18:17:45,662 [INFO] ThirdParty:1030 - CMSIS Pack Vendor :wolfSSL I-CUBE-wolfSSH 1.4.17
2024-08-03 18:17:45,663 [INFO] ThirdParty:841 - exiting critical section [change project]
2024-08-03 18:17:46,268 [INFO] PinOutPanel:1561 - setPackage(No Configuration,No Configuration)
2024-08-03 18:17:46,270 [INFO] PinOutPanel:1561 - setPackage(STM32F103C8Tx,LQFP48)
2024-08-03 18:17:47,502 [INFO] UtilMem:75 - Before build in PCC Used Memory: 814347072 Bytes (1073741824)
2024-08-03 18:17:48,746 [INFO] UtilMem:75 - After build in PCC Used Memory: 647299408 Bytes (1073741824)
2024-08-03 18:17:48,795 [INFO] IPUIPlugin:80 - create IPUIPlugin
2024-08-03 18:17:48,795 [INFO] IPUIPlugin:80 - create IPUIPlugin
2024-08-03 18:17:48,795 [INFO] IPUIPlugin:80 - create IPUIPlugin
2024-08-03 18:17:48,796 [INFO] IPUIPlugin:80 - create IPUIPlugin
2024-08-03 18:17:48,796 [INFO] IPUIPlugin:80 - create IPUIPlugin
2024-08-03 18:17:48,796 [INFO] IPUIPlugin:80 - create IPUIPlugin
2024-08-03 18:17:48,796 [INFO] IPUIPlugin:80 - create IPUIPlugin
2024-08-03 18:17:48,796 [INFO] IPUIPlugin:80 - create IPUIPlugin
2024-08-03 18:17:48,797 [INFO] IPUIPlugin:80 - create IPUIPlugin
2024-08-03 18:17:48,797 [INFO] IPUIPlugin:80 - create IPUIPlugin
2024-08-03 18:17:48,797 [INFO] IPUIPlugin:80 - create IPUIPlugin
2024-08-03 18:17:48,798 [INFO] IPUIPlugin:80 - create IPUIPlugin
2024-08-03 18:17:48,800 [INFO] IPUIPlugin:80 - create IPUIPlugin
2024-08-03 18:17:48,801 [INFO] IPUIPlugin:80 - create IPUIPlugin
2024-08-03 18:17:48,802 [INFO] IPUIPlugin:80 - create IPUIPlugin
2024-08-03 18:17:48,802 [INFO] IPUIPlugin:80 - create IPUIPlugin
2024-08-03 18:17:48,803 [INFO] IPUIPlugin:80 - create IPUIPlugin
2024-08-03 18:17:48,803 [INFO] IPUIPlugin:80 - create IPUIPlugin
2024-08-03 18:17:48,803 [INFO] IPUIPlugin:80 - create IPUIPlugin
2024-08-03 18:17:48,804 [INFO] IPUIPlugin:80 - create IPUIPlugin
2024-08-03 18:17:48,804 [INFO] IPUIPlugin:80 - create IPUIPlugin
2024-08-03 18:17:48,805 [INFO] IPUIPlugin:80 - create IPUIPlugin
2024-08-03 18:17:48,805 [INFO] IPUIPlugin:80 - create IPUIPlugin
2024-08-03 18:17:48,806 [INFO] IPUIPlugin:80 - create IPUIPlugin
2024-08-03 18:17:48,806 [INFO] IPUIPlugin:80 - create IPUIPlugin
2024-08-03 18:17:48,806 [INFO] IPUIPlugin:80 - create IPUIPlugin
2024-08-03 18:17:48,807 [INFO] IPUIPlugin:80 - create IPUIPlugin
2024-08-03 18:17:49,124 [INFO] CADModel:165 - CPN selected for project levelSTM32F103C8T6
2024-08-03 18:17:49,124 [INFO] CADModel:114 - Register for checkConnection events
2024-08-03 18:17:49,186 [INFO] OpenFileManager:343 - Restore cursor
