2024-08-20 21:35:27,366 [INFO] Activator:176 - 


2024-08-20 21:35:27,373 [INFO] Activator:177 - !SESSION log4j initialized
2024-08-20 21:35:31,117 [INFO] LogOutputStream:77 - [STDOUT_REDIRECT] 
2024-08-20 21:35:34,183 [INFO] ApplicationProperties:184 - Using Application install path: C:\ST\STM32CubeIDE_1.12.1\STM32CubeIDE\plugins\com.st.stm32cube.common.mx_6.12.0.202406281431
2024-08-20 21:35:34,205 [INFO] DbMcusXml:78 - Set database path to: C:\ST\STM32CubeIDE_1.12.1\STM32CubeIDE\plugins\com.st.stm32cube.common.mx_6.12.0.202406281431\\db\/mcu/
2024-08-20 21:35:34,205 [INFO] ApiDb:274 - Set plugin database path to: C:\ST\STM32CubeIDE_1.12.1\STM32CubeIDE\plugins\com.st.stm32cube.common.mx_6.12.0.202406281431\\db\/plugins/boardmanager/
2024-08-20 21:35:34,206 [WARN] ApiDb:259 - Overriding images path with different value:  => C:\ST\STM32CubeIDE_1.12.1\STM32CubeIDE\plugins\com.st.stm32cube.common.mx_6.12.0.202406281431\\db\/plugins/mcufinder/images/
2024-08-20 21:35:34,215 [INFO] ApiDb:250 - Set database path to: C:\Users\kha\.stmcufinder\plugins\mcufinder//mcu/
2024-08-20 21:35:34,216 [INFO] DbMcusAds:125 - Set database path to: C:\Users\kha\.stmcufinder\plugins\mcufinder//mcu/
2024-08-20 21:35:35,188 [INFO] CrossReferenceDbSqlite:203 - Set database path to: C:\Users\kha\.stmcufinder\plugins\mcufinder//mcu/cs/
2024-08-20 21:35:35,287 [INFO] RulesReader:64 - Compatibility file has been processed (297 Rules)
2024-08-20 21:35:35,372 [INFO] DbMcusXml:78 - Set database path to: C:\ST\STM32CubeIDE_1.12.1\STM32CubeIDE\plugins\com.st.stm32cube.common.mx_6.12.0.202406281431\\db\/mcu/
2024-08-20 21:35:35,372 [INFO] ApiDb:274 - Set plugin database path to: C:\ST\STM32CubeIDE_1.12.1\STM32CubeIDE\plugins\com.st.stm32cube.common.mx_6.12.0.202406281431\\db\/plugins/boardmanager/
2024-08-20 21:35:35,372 [INFO] ApiDb:261 - Set plugin images path to: C:\ST\STM32CubeIDE_1.12.1\STM32CubeIDE\plugins\com.st.stm32cube.common.mx_6.12.0.202406281431\\db\/plugins/mcufinder/images/
2024-08-20 21:35:35,373 [WARN] DbFile:41 - Overriding database path with different value: C:\Users\kha\.stmcufinder\plugins\mcufinder/ => C:\Users\kha\.stmcufinder\plugins\mcufinder
2024-08-20 21:35:35,373 [INFO] ApiDb:250 - Set database path to: C:\Users\kha\.stmcufinder\plugins\mcufinder//mcu/
2024-08-20 21:35:35,373 [WARN] DbFile:41 - Overriding database path with different value: C:\Users\kha\.stmcufinder\plugins\mcufinder/ => C:\Users\kha\.stmcufinder\plugins\mcufinder
2024-08-20 21:35:35,373 [INFO] DbMcusAds:125 - Set database path to: C:\Users\kha\.stmcufinder\plugins\mcufinder//mcu/
2024-08-20 21:35:35,373 [WARN] DbFile:41 - Overriding database path with different value: C:\Users\kha\.stmcufinder\plugins\mcufinder/ => C:\Users\kha\.stmcufinder\plugins\mcufinder
2024-08-20 21:35:35,373 [WARN] DbFile:41 - Overriding database path with different value: C:\Users\kha\.stmcufinder\plugins\mcufinder/ => C:\Users\kha\.stmcufinder\plugins\mcufinder
2024-08-20 21:35:36,187 [INFO] CrossReferenceDbSqlite:203 - Set database path to: C:\Users\kha\.stmcufinder\plugins\mcufinder//mcu/cs/
2024-08-20 21:35:36,279 [INFO] MainPanel:268 - HeapMemory: 268435456
2024-08-20 21:35:36,389 [INFO] DbMcusXml:78 - Set database path to: C:\ST\STM32CubeIDE_1.12.1\STM32CubeIDE\plugins\com.st.stm32cube.common.mx_6.12.0.202406281431\\db\/mcu/
2024-08-20 21:35:36,389 [INFO] ApiDb:274 - Set plugin database path to: C:\ST\STM32CubeIDE_1.12.1\STM32CubeIDE\plugins\com.st.stm32cube.common.mx_6.12.0.202406281431\\db\/plugins/boardmanager/
2024-08-20 21:35:36,389 [INFO] ApiDb:261 - Set plugin images path to: C:\ST\STM32CubeIDE_1.12.1\STM32CubeIDE\plugins\com.st.stm32cube.common.mx_6.12.0.202406281431\\db\/plugins/mcufinder/images/
2024-08-20 21:35:36,389 [WARN] DbFile:41 - Overriding database path with different value: C:\Users\kha\.stmcufinder\plugins\mcufinder/ => C:\Users\kha\.stmcufinder\plugins\mcufinder
2024-08-20 21:35:36,389 [INFO] ApiDb:250 - Set database path to: C:\Users\kha\.stmcufinder\plugins\mcufinder//mcu/
2024-08-20 21:35:36,389 [WARN] DbFile:41 - Overriding database path with different value: C:\Users\kha\.stmcufinder\plugins\mcufinder/ => C:\Users\kha\.stmcufinder\plugins\mcufinder
2024-08-20 21:35:36,389 [INFO] DbMcusAds:125 - Set database path to: C:\Users\kha\.stmcufinder\plugins\mcufinder//mcu/
2024-08-20 21:35:36,389 [WARN] DbFile:41 - Overriding database path with different value: C:\Users\kha\.stmcufinder\plugins\mcufinder/ => C:\Users\kha\.stmcufinder\plugins\mcufinder
2024-08-20 21:35:36,390 [WARN] DbFile:41 - Overriding database path with different value: C:\Users\kha\.stmcufinder\plugins\mcufinder/ => C:\Users\kha\.stmcufinder\plugins\mcufinder
2024-08-20 21:35:37,187 [INFO] CrossReferenceDbSqlite:203 - Set database path to: C:\Users\kha\.stmcufinder\plugins\mcufinder//mcu/cs/
2024-08-20 21:35:37,207 [INFO] ApplicationProperties:184 - Using Application install path: C:\ST\STM32CubeIDE_1.12.1\STM32CubeIDE\plugins\com.st.stm32cube.common.mx_6.12.0.202406281431
2024-08-20 21:35:37,208 [INFO] PluginManage:196 - Search for loadable plugins [exclusion list=, ]
2024-08-20 21:35:37,210 [INFO] PluginManage:310 - Check plugin analytics
2024-08-20 21:35:38,263 [INFO] AnalyticsPlugin:253 - Accepted Software Licenses: 
2024-08-20 21:35:38,264 [INFO] AnalyticsPlugin:255 - Accepted CMSIS Pack Licenses: 
2024-08-20 21:35:38,264 [INFO] AnalyticsPlugin:257 - Accepted Firmware Licenses: 
2024-08-20 21:35:38,264 [INFO] PluginManage:359 - Loaded plugin analytics (category:tool,tabindex:-1)
2024-08-20 21:35:38,265 [INFO] PluginManage:310 - Check plugin cadmodel
2024-08-20 21:35:38,270 [INFO] CADModel:105 - Init CAD model plugin
2024-08-20 21:35:38,271 [INFO] PluginManage:359 - Loaded plugin cadmodel (category:power,tabindex:5)
2024-08-20 21:35:38,271 [INFO] PluginManage:310 - Check plugin clock
2024-08-20 21:35:38,285 [INFO] PluginManage:359 - Loaded plugin clock (category:base,tabindex:2)
2024-08-20 21:35:38,286 [INFO] PluginManage:310 - Check plugin ddr
2024-08-20 21:35:38,288 [INFO] PluginManage:359 - Loaded plugin ddr (category:tool,tabindex:6)
2024-08-20 21:35:38,288 [INFO] PluginManage:310 - Check plugin filemanager
2024-08-20 21:35:38,421 [INFO] PluginManage:359 - Loaded plugin filemanager (category:base,tabindex:10)
2024-08-20 21:35:38,421 [INFO] PluginManage:310 - Check plugin ipmanager
2024-08-20 21:35:38,427 [INFO] PluginManage:359 - Loaded plugin ipmanager (category:base,tabindex:5)
2024-08-20 21:35:38,428 [INFO] PluginManage:310 - Check plugin lpbam
2024-08-20 21:35:38,435 [INFO] PluginManage:359 - Loaded plugin lpbam (category:base,tabindex:0)
2024-08-20 21:35:38,435 [INFO] PluginManage:310 - Check plugin memorymap
2024-08-20 21:35:38,450 [INFO] PluginManage:359 - Loaded plugin memorymap (category:base,tabindex:4)
2024-08-20 21:35:38,450 [INFO] PluginManage:310 - Check plugin pinoutandconfiguration
2024-08-20 21:35:38,458 [INFO] PluginManage:359 - Loaded plugin pinoutandconfiguration (category:base,tabindex:1)
2024-08-20 21:35:38,458 [INFO] PluginManage:310 - Check plugin pinoutconfig
2024-08-20 21:35:38,560 [WARN] SupportedApi:132 - Cannot load RTOS API schema: s4s-elt-must-match.1: The content of 'definitions' must match (annotation?, (simpleType | complexType)?, (unique | key | keyref)*)). A problem was found starting at: attribute.
2024-08-20 21:35:38,739 [INFO] PluginManage:359 - Loaded plugin pinoutconfig (category:base,tabindex:0)
2024-08-20 21:35:38,740 [INFO] PluginManage:310 - Check plugin power
2024-08-20 21:35:38,751 [INFO] PluginManage:359 - Loaded plugin power (category:power,tabindex:4)
2024-08-20 21:35:38,751 [INFO] PluginManage:310 - Check plugin projectmanager
2024-08-20 21:35:38,780 [INFO] PluginManage:359 - Loaded plugin projectmanager (category:projectmanager,tabindex:4)
2024-08-20 21:35:38,780 [INFO] PluginManage:310 - Check plugin rif
2024-08-20 21:35:38,788 [INFO] PluginManage:359 - Loaded plugin rif (category:base,tabindex:3)
2024-08-20 21:35:38,789 [INFO] PluginManage:310 - Check plugin thirdparty
2024-08-20 21:35:38,932 [WARN] IntegrityCheckThread:84 - waiting for thirdparty lock release [integrity check]
2024-08-20 21:35:38,932 [INFO] PluginManage:359 - Loaded plugin thirdparty (category:base,tabindex:-1)
2024-08-20 21:35:38,932 [INFO] IntegrityCheckThread:86 - entering critical section [integrity check]
2024-08-20 21:35:38,932 [INFO] PluginManage:310 - Check plugin tools
2024-08-20 21:35:38,932 [INFO] ThirdPartyUpdaterWithRetryManager:70 - Updater plugin not ready yet. [1/15]
2024-08-20 21:35:38,935 [INFO] PluginManage:359 - Loaded plugin tools (category:base,tabindex:7)
2024-08-20 21:35:38,935 [INFO] PluginManage:310 - Check plugin tutovideos
2024-08-20 21:35:39,100 [INFO] PluginManage:359 - Loaded plugin tutovideos (category:base,tabindex:-1)
2024-08-20 21:35:39,100 [INFO] PluginManage:310 - Check plugin updater
2024-08-20 21:35:39,115 [INFO] PluginManage:359 - Loaded plugin updater (category:base,tabindex:12)
2024-08-20 21:35:39,115 [INFO] PluginManage:310 - Check plugin userauth
2024-08-20 21:35:39,121 [INFO] UserAuth:113 - Init User Auth plugin
2024-08-20 21:35:39,121 [INFO] PluginManage:359 - Loaded plugin userauth (category:base,tabindex:14)
2024-08-20 21:35:39,121 [INFO] PluginManage:283 - PluginManage : Loaded plugins [18]
2024-08-20 21:35:39,308 [INFO] PinOutPanel:1561 - setPackage(No Configuration,No Configuration)
2024-08-20 21:35:39,385 [INFO] CADModel:165 - CPN selected for project level
2024-08-20 21:35:39,386 [INFO] CADModel:114 - Register for checkConnection events
2024-08-20 21:35:39,401 [INFO] IPUIPlugin:80 - create IPUIPlugin
2024-08-20 21:35:39,401 [INFO] PluginManager:220 - loadIPPluginJar : add adc
2024-08-20 21:35:39,404 [INFO] IPUIPlugin:80 - create IPUIPlugin
2024-08-20 21:35:39,404 [INFO] PluginManager:220 - loadIPPluginJar : add aes
2024-08-20 21:35:39,407 [INFO] IPUIPlugin:80 - create IPUIPlugin
2024-08-20 21:35:39,408 [INFO] PluginManager:220 - loadIPPluginJar : add can
2024-08-20 21:35:39,409 [INFO] IPUIPlugin:80 - create IPUIPlugin
2024-08-20 21:35:39,410 [INFO] PluginManager:220 - loadIPPluginJar : add comp
2024-08-20 21:35:39,413 [INFO] IPUIPlugin:80 - create IPUIPlugin
2024-08-20 21:35:39,413 [INFO] PluginManager:220 - loadIPPluginJar : add cryp
2024-08-20 21:35:39,417 [INFO] IPUIPlugin:80 - create IPUIPlugin
2024-08-20 21:35:39,417 [INFO] PluginManager:220 - loadIPPluginJar : add ddr_ctrl_phy
2024-08-20 21:35:39,421 [INFO] IPUIPlugin:80 - create IPUIPlugin
2024-08-20 21:35:39,421 [INFO] PluginManager:220 - loadIPPluginJar : add dfsdm
2024-08-20 21:35:39,428 [INFO] IPUIPlugin:80 - create IPUIPlugin
2024-08-20 21:35:39,429 [INFO] PluginManager:220 - loadIPPluginJar : add dma
2024-08-20 21:35:39,433 [INFO] IPUIPlugin:80 - create IPUIPlugin
2024-08-20 21:35:39,433 [INFO] PluginManager:220 - loadIPPluginJar : add dma3
2024-08-20 21:35:39,436 [INFO] IPUIPlugin:80 - create IPUIPlugin
2024-08-20 21:35:39,436 [INFO] PluginManager:220 - loadIPPluginJar : add extmemmanager
2024-08-20 21:35:39,439 [INFO] IPUIPlugin:80 - create IPUIPlugin
2024-08-20 21:35:39,439 [INFO] PluginManager:220 - loadIPPluginJar : add fatfs
2024-08-20 21:35:39,444 [INFO] IPUIPlugin:80 - create IPUIPlugin
2024-08-20 21:35:39,444 [INFO] PluginManager:220 - loadIPPluginJar : add fmc
2024-08-20 21:35:39,450 [INFO] IPUIPlugin:80 - create IPUIPlugin
2024-08-20 21:35:39,450 [INFO] PluginManager:220 - loadIPPluginJar : add freertos
2024-08-20 21:35:39,452 [INFO] IPUIPlugin:80 - create IPUIPlugin
2024-08-20 21:35:39,452 [INFO] PluginManager:220 - loadIPPluginJar : add genericplugin
2024-08-20 21:35:39,455 [INFO] IPUIPlugin:80 - create IPUIPlugin
2024-08-20 21:35:39,455 [INFO] PluginManager:220 - loadIPPluginJar : add gfxmmu
2024-08-20 21:35:39,460 [INFO] IPUIPlugin:80 - create IPUIPlugin
2024-08-20 21:35:39,460 [INFO] PluginManager:220 - loadIPPluginJar : add gic
2024-08-20 21:35:39,464 [INFO] IPUIPlugin:80 - create IPUIPlugin
2024-08-20 21:35:39,465 [INFO] PluginManager:220 - loadIPPluginJar : add gpio
2024-08-20 21:35:39,467 [INFO] IPUIPlugin:80 - create IPUIPlugin
2024-08-20 21:35:39,467 [INFO] PluginManager:220 - loadIPPluginJar : add gtzc
2024-08-20 21:35:39,470 [INFO] IPUIPlugin:80 - create IPUIPlugin
2024-08-20 21:35:39,470 [INFO] PluginManager:220 - loadIPPluginJar : add hash
2024-08-20 21:35:39,473 [INFO] IPUIPlugin:80 - create IPUIPlugin
2024-08-20 21:35:39,473 [INFO] PluginManager:220 - loadIPPluginJar : add i2c
2024-08-20 21:35:39,476 [INFO] IPUIPlugin:80 - create IPUIPlugin
2024-08-20 21:35:39,476 [INFO] PluginManager:220 - loadIPPluginJar : add i2s
2024-08-20 21:35:39,478 [INFO] IPUIPlugin:80 - create IPUIPlugin
2024-08-20 21:35:39,479 [INFO] PluginManager:220 - loadIPPluginJar : add i3c
2024-08-20 21:35:39,482 [INFO] IPUIPlugin:80 - create IPUIPlugin
2024-08-20 21:35:39,482 [INFO] PluginManager:220 - loadIPPluginJar : add ipddr
2024-08-20 21:35:39,488 [INFO] IPUIPlugin:80 - create IPUIPlugin
2024-08-20 21:35:39,489 [INFO] PluginManager:220 - loadIPPluginJar : add linkedlist
2024-08-20 21:35:39,492 [INFO] IPUIPlugin:80 - create IPUIPlugin
2024-08-20 21:35:39,492 [INFO] PluginManager:220 - loadIPPluginJar : add lorawan
2024-08-20 21:35:39,494 [INFO] IPUIPlugin:80 - create IPUIPlugin
2024-08-20 21:35:39,494 [INFO] PluginManager:220 - loadIPPluginJar : add ltdc
2024-08-20 21:35:39,502 [INFO] IPUIPlugin:80 - create IPUIPlugin
2024-08-20 21:35:39,502 [INFO] PluginManager:220 - loadIPPluginJar : add mdma
2024-08-20 21:35:39,506 [INFO] IPUIPlugin:80 - create IPUIPlugin
2024-08-20 21:35:39,506 [INFO] PluginManager:220 - loadIPPluginJar : add nvic
2024-08-20 21:35:39,511 [INFO] IPUIPlugin:80 - create IPUIPlugin
2024-08-20 21:35:39,511 [INFO] PluginManager:220 - loadIPPluginJar : add opamp
2024-08-20 21:35:39,515 [INFO] IPUIPlugin:80 - create IPUIPlugin
2024-08-20 21:35:39,515 [INFO] PluginManager:220 - loadIPPluginJar : add openamp
2024-08-20 21:35:39,518 [INFO] IPUIPlugin:80 - create IPUIPlugin
2024-08-20 21:35:39,519 [INFO] PluginManager:220 - loadIPPluginJar : add pdm2pcm
2024-08-20 21:35:39,526 [INFO] IPUIPlugin:80 - create IPUIPlugin
2024-08-20 21:35:39,529 [INFO] PluginManager:220 - loadIPPluginJar : add plateformsettings
2024-08-20 21:35:39,531 [INFO] IPUIPlugin:80 - create IPUIPlugin
2024-08-20 21:35:39,531 [INFO] PluginManager:220 - loadIPPluginJar : add quadspi
2024-08-20 21:35:39,533 [INFO] IPUIPlugin:80 - create IPUIPlugin
2024-08-20 21:35:39,533 [INFO] PluginManager:220 - loadIPPluginJar : add radio
2024-08-20 21:35:39,538 [INFO] IPUIPlugin:80 - create IPUIPlugin
2024-08-20 21:35:39,538 [INFO] PluginManager:220 - loadIPPluginJar : add resmgrutility
2024-08-20 21:35:39,542 [INFO] IPUIPlugin:80 - create IPUIPlugin
2024-08-20 21:35:39,542 [INFO] PluginManager:220 - loadIPPluginJar : add sai
2024-08-20 21:35:39,546 [INFO] IPUIPlugin:80 - create IPUIPlugin
2024-08-20 21:35:39,546 [INFO] PluginManager:220 - loadIPPluginJar : add spi
2024-08-20 21:35:39,552 [INFO] IPUIPlugin:80 - create IPUIPlugin
2024-08-20 21:35:39,552 [INFO] PluginManager:220 - loadIPPluginJar : add stm32_wpan
2024-08-20 21:35:39,555 [INFO] IPUIPlugin:80 - create IPUIPlugin
2024-08-20 21:35:39,555 [INFO] PluginManager:220 - loadIPPluginJar : add tim
2024-08-20 21:35:39,560 [INFO] IPUIPlugin:80 - create IPUIPlugin
2024-08-20 21:35:39,560 [INFO] PluginManager:220 - loadIPPluginJar : add touchsensing
2024-08-20 21:35:39,563 [INFO] IPUIPlugin:80 - create IPUIPlugin
2024-08-20 21:35:39,563 [INFO] PluginManager:220 - loadIPPluginJar : add tracer_emb
2024-08-20 21:35:39,565 [INFO] IPUIPlugin:80 - create IPUIPlugin
2024-08-20 21:35:39,566 [INFO] PluginManager:220 - loadIPPluginJar : add ts
2024-08-20 21:35:39,568 [INFO] IPUIPlugin:80 - create IPUIPlugin
2024-08-20 21:35:39,568 [INFO] PluginManager:220 - loadIPPluginJar : add tsc
2024-08-20 21:35:39,571 [INFO] IPUIPlugin:80 - create IPUIPlugin
2024-08-20 21:35:39,571 [INFO] PluginManager:220 - loadIPPluginJar : add ucpd
2024-08-20 21:35:39,575 [INFO] IPUIPlugin:80 - create IPUIPlugin
2024-08-20 21:35:39,575 [INFO] PluginManager:220 - loadIPPluginJar : add usart
2024-08-20 21:35:39,579 [INFO] IPUIPlugin:80 - create IPUIPlugin
2024-08-20 21:35:39,579 [INFO] PluginManager:220 - loadIPPluginJar : add usbx
2024-08-20 21:35:39,709 [INFO] CADModel:165 - CPN selected for project level
2024-08-20 21:35:39,709 [INFO] CADModel:114 - Register for checkConnection events
2024-08-20 21:35:39,709 [FATAL] Updater:334 - Updater called before beeing initialized
2024-08-20 21:35:39,709 [ERROR] CADModel:125 - Updater not yet initialized, retry later 
2024-08-20 21:35:39,831 [INFO] CADModel:165 - CPN selected for project level
2024-08-20 21:35:39,831 [INFO] CADModel:114 - Register for checkConnection events
2024-08-20 21:35:39,831 [FATAL] Updater:334 - Updater called before beeing initialized
2024-08-20 21:35:39,832 [ERROR] CADModel:125 - Updater not yet initialized, retry later 
2024-08-20 21:35:39,834 [FATAL] Updater:334 - Updater called before beeing initialized
2024-08-20 21:35:39,931 [FATAL] Updater:334 - Updater called before beeing initialized
2024-08-20 21:35:39,934 [INFO] DbMcusAds:53 - JSON generation date=Thu May 16 16:22:00 ICT 2024 (1715851320667)
2024-08-20 21:35:39,934 [FATAL] Updater:334 - Updater called before beeing initialized
2024-08-20 21:35:39,974 [WARN] DetailPanel:346 - Failed to get advertising image, set to default
2024-08-20 21:35:40,058 [FATAL] Updater:334 - Updater called before beeing initialized
2024-08-20 21:35:40,059 [FATAL] Updater:334 - Updater called before beeing initialized
2024-08-20 21:35:40,059 [FATAL] Updater:334 - Updater called before beeing initialized
2024-08-20 21:35:40,060 [WARN] DetailPanel:346 - Failed to get advertising image, set to default
2024-08-20 21:35:40,060 [FATAL] Updater:334 - Updater called before beeing initialized
2024-08-20 21:35:40,103 [ERROR] Updater:1164 - MainUpdater not yet initialized. External WinMGr cannot be set.
2024-08-20 21:35:40,104 [INFO] Updater:1100 - Updater Version found : 6.12.0
2024-08-20 21:35:40,122 [INFO] ApplicationProperties:184 - Using Application install path: C:\ST\STM32CubeIDE_1.12.1\STM32CubeIDE\plugins\com.st.stm32cube.common.mx_6.12.0.202406281431
2024-08-20 21:35:40,199 [INFO] MainUpdater:526 - Copy updater definitions from MX database
2024-08-20 21:35:40,621 [INFO] MainUpdater:2873 - connection check result : 10
2024-08-20 21:35:40,621 [INFO] MainUpdater:3567 - Updater definition file requires update
2024-08-20 21:35:40,621 [INFO] MainUpdater:290 - Updater Check For Update Now.
2024-08-20 21:35:40,622 [INFO] MicroXplorer:498 - Change Database Version : DB.6.0.120
2024-08-20 21:35:40,630 [INFO] McuFinderGlobals:63 - Set McuFinder mode to 2 (CubeIDE integrated)
2024-08-20 21:35:40,630 [INFO] UserAuth:417 - Internet connection configuration mode: 1
2024-08-20 21:35:40,650 [INFO] JxBrowserEngine:152 - Initiate JxBrowser Engine with user profile folder
2024-08-20 21:35:40,909 [INFO] ServerAccessManage:473 - Download File updaters.zip
2024-08-20 21:35:41,205 [INFO] FileExtend:240 - Unzip File : updaters.zip
2024-08-20 21:35:41,206 [INFO] FileExtend:255 - Standard Zip Deflate
2024-08-20 21:35:41,641 [INFO] ServerAccessManage:473 - Download File PacksControlFlags.xml
2024-08-20 21:35:41,737 [INFO] WebApp:167 - Instantiating new browser for Auth
2024-08-20 21:35:41,771 [INFO] ServerAccessManage:473 - Download File cubemx.pidx
2024-08-20 21:35:41,934 [WARN] MainUpdater:1194 - Updater busy. Cannot search thirdparties
2024-08-20 21:35:41,934 [INFO] ThirdPartyUpdaterWithRetryManager:96 - Updater plugin is busy. [1/15]
2024-08-20 21:35:42,792 [INFO] ServerAccessManage:473 - Download File STMicroelectronics.X-CUBE-MEMS1.pdsc
2024-08-20 21:35:43,056 [INFO] WebApp:448 - Apply proxy settings
2024-08-20 21:35:43,057 [INFO] WebApp:533 - Chromium requires no authentication
2024-08-20 21:35:43,069 [INFO] WebApp:476 - Direct internet connection detected
2024-08-20 21:35:43,108 [INFO] WebApp:869 - Register for checkConnection events
2024-08-20 21:35:43,108 [INFO] WebApp:448 - Apply proxy settings
2024-08-20 21:35:43,109 [INFO] WebApp:533 - Chromium requires no authentication
2024-08-20 21:35:43,109 [INFO] WebApp:476 - Direct internet connection detected
2024-08-20 21:35:43,319 [INFO] WebApp:220 - Starting web application
2024-08-20 21:35:43,319 [INFO] WebApp:578 - Web application path used C:\ST\STM32CubeIDE_1.12.1\STM32CubeIDE\plugins\com.st.stm32cube.common.mx_6.12.0.202406281431\db\plugins\mcufinder\reactClient1\index.html
2024-08-20 21:35:43,454 [INFO] UserAuth:417 - Internet connection configuration mode: 1
2024-08-20 21:35:43,534 [INFO] WebApp:186 - Connection restablished
2024-08-20 21:35:44,937 [WARN] MainUpdater:1194 - Updater busy. Cannot search thirdparties
2024-08-20 21:35:44,937 [INFO] ThirdPartyUpdaterWithRetryManager:96 - Updater plugin is busy. [2/15]
2024-08-20 21:35:47,084 [INFO] ServerAccessManage:473 - Download File STMicroelectronics.X-CUBE-AZRTOS-H7.pdsc
2024-08-20 21:35:47,939 [WARN] MainUpdater:1194 - Updater busy. Cannot search thirdparties
2024-08-20 21:35:47,939 [INFO] ThirdPartyUpdaterWithRetryManager:96 - Updater plugin is busy. [3/15]
2024-08-20 21:35:48,855 [WARN] PackLoader:240 - Cannot read IP mode file for STMicroelectronics.X-CUBE-MEMS1.11.0.0
2024-08-20 21:35:48,904 [INFO] CheckServerUpdateThread:120 - End of CheckServer Thread
2024-08-20 21:35:49,042 [WARN] PackLoader:240 - Cannot read IP mode file for STMicroelectronics.X-CUBE-AZRTOS-H7.3.3.0
2024-08-20 21:35:49,046 [INFO] PopulateThirdPartyThread:66 - Ending populate Thread
2024-08-20 21:35:49,047 [INFO] ThirdParty:1030 - CMSIS Pack Vendor :STMicroelectronics X-CUBE-AZRTOS-H7 3.3.0
2024-08-20 21:35:49,048 [INFO] ThirdParty:1030 - CMSIS Pack Vendor :STMicroelectronics X-CUBE-MEMS1 11.0.0
2024-08-20 21:35:49,048 [INFO] LoadServerUpdatesThread:375 - End of LoadServerUpdate Thread
2024-08-20 21:35:51,167 [WARN] PackLoader:240 - Cannot read IP mode file for STMicroelectronics.FP-SNS-MOTENVWB1.1.4.0
2024-08-20 21:35:51,175 [WARN] PackLoader:240 - Cannot read IP mode file for STMicroelectronics.X-CUBE-SMBUS.2.1.0
2024-08-20 21:35:51,179 [WARN] PackLoader:240 - Cannot read IP mode file for STMicroelectronics.X-CUBE-TOUCHGFX.4.23.1
2024-08-20 21:35:51,180 [WARN] PackLoader:240 - Cannot read IP mode file for STMicroelectronics.X-CUBE-TOUCHGFX.4.23.0
2024-08-20 21:35:51,182 [WARN] PackLoader:240 - Cannot read IP mode file for STMicroelectronics.X-CUBE-TOUCHGFX.4.23.2
2024-08-20 21:35:51,195 [WARN] PackLoader:240 - Cannot read IP mode file for STMicroelectronics.X-CUBE-AZRTOS-F7.1.1.0
2024-08-20 21:35:51,233 [WARN] PackLoader:240 - Cannot read IP mode file for STMicroelectronics.FP-SNS-MOTENV1.4.3.2
2024-08-20 21:35:51,240 [ERROR] RealEvaluatedCondition:428 - Found unsupported composite condition: CLASS='Data Exchange' GROUP='STM32_MetaDataManager'
2024-08-20 21:35:51,240 [ERROR] RealEvaluatedCondition:428 - Found unsupported composite condition: CLASS='Data Exchange' GROUP='STM32_MetaDataManager'
2024-08-20 21:35:51,242 [WARN] PackLoader:240 - Cannot read IP mode file for STMicroelectronics.FP-SNS-MOTENV1.4.3.1
2024-08-20 21:35:51,248 [WARN] PackLoader:240 - Cannot read IP mode file for STMicroelectronics.FP-SNS-FLIGHT1.5.0.1
2024-08-20 21:35:51,311 [WARN] PackLoader:240 - Cannot read IP mode file for STMicroelectronics.X-CUBE-MEMS1.11.0.0
2024-08-20 21:35:51,455 [WARN] PackLoader:240 - Cannot read IP mode file for STMicroelectronics.X-CUBE-BLE1.6.2.4
2024-08-20 21:35:51,460 [WARN] PackLoader:240 - Cannot read IP mode file for STMicroelectronics.FP-SNS-FLIGHT1.5.0.2
2024-08-20 21:35:51,467 [WARN] PackLoader:240 - Cannot read IP mode file for STMicroelectronics.X-CUBE-DISPLAY.3.0.0
2024-08-20 21:35:51,475 [WARN] PackLoader:240 - Cannot read IP mode file for STMicroelectronics.X-CUBE-BLE1.7.0.0
2024-08-20 21:35:51,481 [WARN] PackLoader:240 - Cannot read IP mode file for emotas.I-CUBE-CANOPEN.1.3.0
2024-08-20 21:35:51,484 [WARN] PackLoader:240 - Cannot read IP mode file for STMicroelectronics.X-CUBE-TOUCHGFX.4.22.0
2024-08-20 21:35:51,487 [WARN] PackLoader:240 - Cannot read IP mode file for STMicroelectronics.X-CUBE-TOUCHGFX.4.22.1
2024-08-20 21:35:51,498 [WARN] PackLoader:240 - Cannot read IP mode file for STMicroelectronics.X-CUBE-BLEMGR.3.1.0
2024-08-20 21:35:51,504 [WARN] PackLoader:240 - Cannot read IP mode file for STMicroelectronics.FP-SNS-SMARTAG2.1.2.0
2024-08-20 21:35:51,515 [INFO] LogOutputStream:77 - [STDOUT_REDIRECT] 1 : Invalid condition id : UX_CORESTACK_Condition cause : null
2024-08-20 21:35:51,515 [INFO] LogOutputStream:77 - [STDOUT_REDIRECT] 1 : Invalid condition id : UX_CORESTACK_Condition cause : null
2024-08-20 21:35:51,517 [INFO] LogOutputStream:77 - [STDOUT_REDIRECT] 1 : Invalid condition id : UX_CORESTACK_Condition cause : null
2024-08-20 21:35:51,519 [INFO] LogOutputStream:77 - [STDOUT_REDIRECT] 1 : Invalid condition id : UX_CORESTACK_Condition cause : null
2024-08-20 21:35:51,521 [INFO] LogOutputStream:77 - [STDOUT_REDIRECT] 1 : Invalid condition id : UX_CORESTACK_Condition cause : null
2024-08-20 21:35:51,525 [WARN] PackLoader:240 - Cannot read IP mode file for STMicroelectronics.X-CUBE-AZRTOS-WL.2.0.0
2024-08-20 21:35:51,532 [WARN] PackLoader:240 - Cannot read IP mode file for STMicroelectronics.FP-SNS-MOTENV1.5.0.0
2024-08-20 21:35:51,538 [WARN] PackLoader:240 - Cannot read IP mode file for wolfSSL.I-CUBE-wolfMQTT.1.19.0
2024-08-20 21:35:51,548 [WARN] PackLoader:240 - Cannot read IP mode file for WES.I-CUBE-Cesium.1.3.0
2024-08-20 21:35:51,553 [WARN] PackLoader:240 - Cannot read IP mode file for STMicroelectronics.X-CUBE-BLE2.3.3.0
2024-08-20 21:35:51,562 [WARN] PackLoader:240 - Cannot read IP mode file for STMicroelectronics.X-CUBE-TCPP.4.1.0
2024-08-20 21:35:51,567 [WARN] PackLoader:240 - Cannot read IP mode file for STMicroelectronics.X-CUBE-TOUCHGFX.4.21.3
2024-08-20 21:35:51,570 [WARN] PackLoader:240 - Cannot read IP mode file for STMicroelectronics.X-CUBE-TOUCHGFX.4.21.4
2024-08-20 21:35:51,576 [WARN] PackLoader:240 - Cannot read IP mode file for STMicroelectronics.X-CUBE-ALGOBUILD.1.3.0
2024-08-20 21:35:51,596 [WARN] PackLoader:240 - Cannot read IP mode file for STMicroelectronics.X-CUBE-AZRTOS-G0.1.1.0
2024-08-20 21:35:51,604 [WARN] PackLoader:240 - Cannot read IP mode file for STMicroelectronics.X-CUBE-SAFEA1.1.2.2
2024-08-20 21:35:51,610 [WARN] PackLoader:240 - Cannot read IP mode file for STMicroelectronics.X-CUBE-NFC4.3.0.0
2024-08-20 21:35:51,614 [WARN] PackLoader:240 - Cannot read IP mode file for wolfSSL.I-CUBE-wolfMQTT.1.18.0
2024-08-20 21:35:51,623 [WARN] PackLoader:240 - Cannot read IP mode file for EmbeddedOffice.I-CUBE-FS-RTOS.1.0.1
2024-08-20 21:35:51,623 [ERROR] ConditionMgr:805 - Attr not supported : Dmpu
2024-08-20 21:35:51,623 [ERROR] ConditionMgr:805 - Attr not supported : Dmpu
2024-08-20 21:35:51,623 [ERROR] ConditionMgr:805 - Attr not supported : Dmpu
2024-08-20 21:35:51,623 [ERROR] ConditionMgr:805 - Attr not supported : Dmpu
2024-08-20 21:35:51,623 [ERROR] ConditionMgr:805 - Attr not supported : Dmpu
2024-08-20 21:35:51,623 [ERROR] ConditionMgr:805 - Attr not supported : Dmpu
2024-08-20 21:35:51,623 [ERROR] ConditionMgr:805 - Attr not supported : Dmpu
2024-08-20 21:35:51,623 [ERROR] ConditionMgr:805 - Attr not supported : Dmpu
2024-08-20 21:35:51,623 [ERROR] ConditionMgr:805 - Attr not supported : Dmpu
2024-08-20 21:35:51,623 [ERROR] ConditionMgr:805 - Attr not supported : Dmpu
2024-08-20 21:35:51,623 [ERROR] ConditionMgr:805 - Attr not supported : Dmpu
2024-08-20 21:35:51,623 [ERROR] ConditionMgr:805 - Attr not supported : Dmpu
2024-08-20 21:35:51,624 [ERROR] ConditionMgr:805 - Attr not supported : Dmpu
2024-08-20 21:35:51,624 [ERROR] ConditionMgr:805 - Attr not supported : Dmpu
2024-08-20 21:35:51,624 [ERROR] ConditionMgr:805 - Attr not supported : Dmpu
2024-08-20 21:35:51,624 [ERROR] ConditionMgr:805 - Attr not supported : Dmpu
2024-08-20 21:35:51,624 [ERROR] ConditionMgr:805 - Attr not supported : Dmpu
2024-08-20 21:35:51,624 [ERROR] ConditionMgr:805 - Attr not supported : Dmpu
2024-08-20 21:35:51,624 [ERROR] ConditionMgr:805 - Attr not supported : Dmpu
2024-08-20 21:35:51,624 [ERROR] ConditionMgr:805 - Attr not supported : Dmpu
2024-08-20 21:35:51,624 [ERROR] ConditionMgr:805 - Attr not supported : Dmpu
2024-08-20 21:35:51,624 [ERROR] ConditionMgr:805 - Attr not supported : Dmpu
2024-08-20 21:35:51,624 [ERROR] ConditionMgr:805 - Attr not supported : Dmpu
2024-08-20 21:35:51,624 [ERROR] ConditionMgr:805 - Attr not supported : Dmpu
2024-08-20 21:35:51,624 [ERROR] ConditionMgr:805 - Attr not supported : Dmpu
2024-08-20 21:35:51,624 [ERROR] ConditionMgr:805 - Attr not supported : Dmpu
2024-08-20 21:35:51,624 [ERROR] ConditionMgr:805 - Attr not supported : Dmpu
2024-08-20 21:35:51,624 [ERROR] ConditionMgr:805 - Attr not supported : Dmpu
2024-08-20 21:35:51,624 [ERROR] ConditionMgr:805 - Attr not supported : Dmpu
2024-08-20 21:35:51,624 [ERROR] ConditionMgr:805 - Attr not supported : Dmpu
2024-08-20 21:35:51,625 [ERROR] ConditionMgr:805 - Attr not supported : Dmpu
2024-08-20 21:35:51,625 [ERROR] ConditionMgr:805 - Attr not supported : Dmpu
2024-08-20 21:35:51,625 [ERROR] ConditionMgr:805 - Attr not supported : Dmpu
2024-08-20 21:35:51,625 [ERROR] ConditionMgr:805 - Attr not supported : Dmpu
2024-08-20 21:35:51,625 [ERROR] ConditionMgr:805 - Attr not supported : Dmpu
2024-08-20 21:35:51,625 [ERROR] ConditionMgr:805 - Attr not supported : Dmpu
2024-08-20 21:35:51,625 [ERROR] ConditionMgr:805 - Attr not supported : Dmpu
2024-08-20 21:35:51,625 [ERROR] ConditionMgr:805 - Attr not supported : Dmpu
2024-08-20 21:35:51,625 [ERROR] ConditionMgr:805 - Attr not supported : Dmpu
2024-08-20 21:35:51,625 [ERROR] ConditionMgr:805 - Attr not supported : Dmpu
2024-08-20 21:35:51,625 [ERROR] ConditionMgr:805 - Attr not supported : Dmpu
2024-08-20 21:35:51,625 [ERROR] ConditionMgr:805 - Attr not supported : Dmpu
2024-08-20 21:35:51,625 [ERROR] ConditionMgr:805 - Attr not supported : Dmpu
2024-08-20 21:35:51,625 [ERROR] ConditionMgr:805 - Attr not supported : Dmpu
2024-08-20 21:35:51,625 [ERROR] ConditionMgr:805 - Attr not supported : Dmpu
2024-08-20 21:35:51,625 [ERROR] ConditionMgr:805 - Attr not supported : Dmpu
2024-08-20 21:35:51,627 [ERROR] ConditionMgr:805 - Attr not supported : Dmpu
2024-08-20 21:35:51,627 [ERROR] ConditionMgr:805 - Attr not supported : Dmpu
2024-08-20 21:35:51,627 [ERROR] ConditionMgr:805 - Attr not supported : Dmpu
2024-08-20 21:35:51,627 [ERROR] ConditionMgr:805 - Attr not supported : Dmpu
2024-08-20 21:35:51,627 [ERROR] ConditionMgr:805 - Attr not supported : Dmpu
2024-08-20 21:35:51,627 [ERROR] ConditionMgr:805 - Attr not supported : Dmpu
2024-08-20 21:35:51,627 [ERROR] ConditionMgr:805 - Attr not supported : Dmpu
2024-08-20 21:35:51,628 [ERROR] ConditionMgr:805 - Attr not supported : Dmpu
2024-08-20 21:35:51,628 [ERROR] ConditionMgr:805 - Attr not supported : Dmpu
2024-08-20 21:35:51,628 [ERROR] ConditionMgr:805 - Attr not supported : Dmpu
2024-08-20 21:35:51,628 [ERROR] ConditionMgr:805 - Attr not supported : Dmpu
2024-08-20 21:35:51,628 [ERROR] ConditionMgr:805 - Attr not supported : Dmpu
2024-08-20 21:35:51,628 [ERROR] ConditionMgr:805 - Attr not supported : Dmpu
2024-08-20 21:35:51,628 [ERROR] ConditionMgr:805 - Attr not supported : Dmpu
2024-08-20 21:35:51,628 [ERROR] ConditionMgr:805 - Attr not supported : Dmpu
2024-08-20 21:35:51,628 [ERROR] ConditionMgr:805 - Attr not supported : Dmpu
2024-08-20 21:35:51,628 [ERROR] ConditionMgr:805 - Attr not supported : Dmpu
2024-08-20 21:35:51,629 [ERROR] ConditionMgr:805 - Attr not supported : Dmpu
2024-08-20 21:35:51,638 [WARN] PackLoader:240 - Cannot read IP mode file for STMicroelectronics.X-CUBE-BLEMGR.3.0.0
2024-08-20 21:35:51,647 [WARN] PackLoader:240 - Cannot read IP mode file for RealThread.X-CUBE-RT-Thread_Nano.4.1.1
2024-08-20 21:35:51,651 [WARN] PackLoader:240 - Cannot read IP mode file for wolfSSL.I-CUBE-wolfSSL.5.7.0
2024-08-20 21:35:51,654 [WARN] PackLoader:240 - Cannot read IP mode file for STMicroelectronics.FP-ATR-SIGFOX1.3.2.0
2024-08-20 21:35:51,660 [WARN] PackLoader:240 - Cannot read IP mode file for STMicroelectronics.X-CUBE-EEPRMA1.5.1.0
2024-08-20 21:35:51,669 [WARN] PackLoader:240 - Cannot read IP mode file for ITTIA_DB.I-CUBE-ITTIADB.8.9.0
2024-08-20 21:35:51,709 [WARN] PackLoader:240 - Cannot read IP mode file for SEGGER.I-CUBE-embOS.1.3.1
2024-08-20 21:35:51,773 [WARN] PackLoader:240 - Cannot read IP mode file for STMicroelectronics.X-CUBE-ALGOBUILD.1.4.0
2024-08-20 21:35:51,781 [WARN] PackLoader:240 - Cannot read IP mode file for STMicroelectronics.X-CUBE-GNSS1.6.0.0
2024-08-20 21:35:51,802 [WARN] PackLoader:240 - Cannot read IP mode file for STMicroelectronics.X-CUBE-AZRTOS-F4.1.1.0
2024-08-20 21:35:51,809 [WARN] PackLoader:240 - Cannot read IP mode file for wolfSSL.I-CUBE-wolfSSL.5.6.0
2024-08-20 21:35:51,815 [WARN] PackLoader:240 - Cannot read IP mode file for STMicroelectronics.X-CUBE-FREERTOS.1.2.0
2024-08-20 21:35:51,837 [WARN] PackLoader:240 - Cannot read IP mode file for STMicroelectronics.X-CUBE-AZRTOS-L5.2.0.0
2024-08-20 21:35:51,892 [WARN] PackLoader:240 - Cannot read IP mode file for STMicroelectronics.X-CUBE-MEMS1.9.6.0
2024-08-20 21:35:52,083 [WARN] PackLoader:240 - Cannot read IP mode file for STMicroelectronics.X-CUBE-EEPRMA1.4.2.0
2024-08-20 21:35:52,088 [WARN] PackLoader:240 - Cannot read IP mode file for STMicroelectronics.X-CUBE-NFC6.3.1.0
2024-08-20 21:35:52,095 [WARN] PackLoader:240 - Cannot read IP mode file for ITTIA_DB.I-CUBE-ITTIADB.8.8.0
2024-08-20 21:35:52,102 [WARN] PackLoader:240 - Cannot read IP mode file for emotas.I-CUBE-CANOPEN.1.1.3
2024-08-20 21:35:52,112 [WARN] PackLoader:240 - Cannot read IP mode file for STMicroelectronics.X-CUBE-BLEMGR.2.0.0
2024-08-20 21:35:52,120 [WARN] PackLoader:240 - Cannot read IP mode file for STMicroelectronics.X-CUBE-DPower.1.2.0
2024-08-20 21:35:52,123 [WARN] PackLoader:240 - Cannot read IP mode file for STMicroelectronics.X-CUBE-AI.9.0.0
2024-08-20 21:35:52,141 [WARN] ConditionMgr:438 - getConditionDescription Invalid condition id : UX DEVICE CLASS RTOS Condition cause : null
2024-08-20 21:35:52,141 [WARN] ConditionMgr:438 - getConditionDescription Invalid condition id : UX DEVICE CLASS RTOS Condition cause : null
2024-08-20 21:35:52,144 [WARN] PackLoader:240 - Cannot read IP mode file for STMicroelectronics.X-CUBE-AZRTOS-H7.3.1.0
2024-08-20 21:35:52,145 [WARN] ConditionMgr:1039 - genDependencies : Invalid condition id : UX DEVICE CLASS RTOS Condition cause : null
2024-08-20 21:35:52,145 [WARN] ConditionMgr:1039 - genDependencies : Invalid condition id : UX DEVICE CLASS RTOS Condition cause : null
2024-08-20 21:35:52,146 [WARN] ConditionMgr:1039 - genDependencies : Invalid condition id : UX DEVICE CLASS RTOS Condition cause : null
2024-08-20 21:35:52,147 [WARN] ConditionMgr:1039 - genDependencies : Invalid condition id : UX DEVICE CLASS RTOS Condition cause : null
2024-08-20 21:35:52,147 [WARN] ConditionMgr:1039 - genDependencies : Invalid condition id : UX DEVICE CLASS RTOS Condition cause : null
2024-08-20 21:35:52,152 [WARN] PackLoader:240 - Cannot read IP mode file for STMicroelectronics.X-CUBE-NFC7.1.0.1
2024-08-20 21:35:52,157 [WARN] PackLoader:240 - Cannot read IP mode file for STMicroelectronics.X-CUBE-NFC7.1.0.0
2024-08-20 21:35:52,161 [WARN] PackLoader:240 - Cannot read IP mode file for wolfSSL.I-CUBE-wolfTPM.3.2.0
2024-08-20 21:35:52,167 [WARN] PackLoader:240 - Cannot read IP mode file for STMicroelectronics.X-CUBE-NFC6.3.0.0
2024-08-20 21:35:52,172 [WARN] PackLoader:240 - Cannot read IP mode file for STMicroelectronics.X-CUBE-EEPRMA1.4.1.0
2024-08-20 21:35:52,175 [WARN] PackLoader:240 - Cannot read IP mode file for STMicroelectronics.X-CUBE-AI.8.1.0
2024-08-20 21:35:52,191 [WARN] ConditionMgr:438 - getConditionDescription Invalid condition id : LAN8742 Phy interface Condition cause : null
2024-08-20 21:35:52,191 [WARN] PackLoader:240 - Cannot read IP mode file for STMicroelectronics.X-CUBE-AZRTOS-L4.2.0.0
2024-08-20 21:35:52,192 [WARN] ConditionMgr:1039 - genDependencies : Invalid condition id : LAN8742 Phy interface Condition cause : null
2024-08-20 21:35:52,192 [WARN] ConditionMgr:1039 - genDependencies : Invalid condition id : LAN8742 Phy interface Condition cause : null
2024-08-20 21:35:52,193 [WARN] ConditionMgr:1039 - genDependencies : Invalid condition id : LAN8742 Phy interface Condition cause : null
2024-08-20 21:35:52,203 [WARN] PackLoader:240 - Cannot read IP mode file for STMicroelectronics.X-CUBE-SFXS2LP1.4.0.0
2024-08-20 21:35:52,207 [WARN] PackLoader:240 - Cannot read IP mode file for STMicroelectronics.X-CUBE-ISPU.1.1.0
2024-08-20 21:35:52,225 [WARN] PackLoader:240 - Cannot read IP mode file for STMicroelectronics.X-CUBE-AZRTOS-H7.3.3.0
2024-08-20 21:35:52,233 [WARN] PackLoader:240 - Cannot read IP mode file for STMicroelectronics.X-CUBE-AI.8.0.0
2024-08-20 21:35:52,244 [WARN] ConditionMgr:438 - getConditionDescription Invalid condition id : UX DEVICE CLASS RTOS Condition cause : null
2024-08-20 21:35:52,244 [WARN] ConditionMgr:438 - getConditionDescription Invalid condition id : UX DEVICE CLASS RTOS Condition cause : null
2024-08-20 21:35:52,247 [WARN] PackLoader:240 - Cannot read IP mode file for STMicroelectronics.X-CUBE-AZRTOS-WB.2.0.0
2024-08-20 21:35:52,248 [WARN] ConditionMgr:1039 - genDependencies : Invalid condition id : UX DEVICE CLASS RTOS Condition cause : null
2024-08-20 21:35:52,248 [WARN] ConditionMgr:1039 - genDependencies : Invalid condition id : UX DEVICE CLASS RTOS Condition cause : null
2024-08-20 21:35:52,248 [WARN] ConditionMgr:1039 - genDependencies : Invalid condition id : UX DEVICE CLASS RTOS Condition cause : null
2024-08-20 21:35:52,249 [WARN] ConditionMgr:1039 - genDependencies : Invalid condition id : UX DEVICE CLASS RTOS Condition cause : null
2024-08-20 21:35:52,249 [WARN] ConditionMgr:1039 - genDependencies : Invalid condition id : UX DEVICE CLASS RTOS Condition cause : null
2024-08-20 21:35:52,254 [WARN] PackLoader:240 - Cannot read IP mode file for STMicroelectronics.X-CUBE-FREERTOS.1.0.1
2024-08-20 21:35:52,270 [WARN] PackLoader:240 - Cannot read IP mode file for STMicroelectronics.FP-SNS-STBOX1.2.0.0
2024-08-20 21:35:52,289 [WARN] PackLoader:240 - Cannot read IP mode file for STMicroelectronics.X-CUBE-AZRTOS-L5.1.1.0
2024-08-20 21:35:52,297 [WARN] PackLoader:240 - Cannot read IP mode file for STMicroelectronics.X-CUBE-AI.8.0.1
2024-08-20 21:35:52,310 [WARN] PackLoader:240 - Cannot read IP mode file for STMicroelectronics.X-CUBE-SUBG2.5.0.0
2024-08-20 21:35:52,322 [WARN] PackLoader:240 - Cannot read IP mode file for Cesanta.I-CUBE-Mongoose.7.13.0
2024-08-20 21:35:52,334 [WARN] PackLoader:240 - Cannot read IP mode file for STMicroelectronics.X-CUBE-TOF1.3.3.1
2024-08-20 21:35:52,356 [WARN] PackLoader:240 - Cannot read IP mode file for STMicroelectronics.X-CUBE-AZRTOS-G4.2.0.0
2024-08-20 21:35:52,367 [WARN] PackLoader:240 - Cannot read IP mode file for STMicroelectronics.X-CUBE-TOF1.3.3.0
2024-08-20 21:35:52,383 [WARN] PackLoader:240 - Cannot read IP mode file for Infineon.AIROC-Wi-Fi-Bluetooth-STM32.1.5.1
2024-08-20 21:35:52,388 [WARN] PackLoader:240 - Cannot read IP mode file for STMicroelectronics.FP-SNS-MOTENVWB1.1.3.1
2024-08-20 21:35:52,401 [WARN] PackLoader:240 - Cannot read IP mode file for STMicroelectronics.X-CUBE-AZRTOS-L4.1.0.0
2024-08-20 21:35:52,406 [WARN] PackLoader:240 - Cannot read IP mode file for STMicroelectronics.X-CUBE-ISPU.2.0.0
2024-08-20 21:35:52,412 [WARN] PackLoader:240 - Cannot read IP mode file for STMicroelectronics.X-CUBE-ALS.1.0.2
2024-08-20 21:35:52,455 [WARN] PackLoader:240 - Cannot read IP mode file for STMicroelectronics.X-CUBE-MEMS1.10.0.0
2024-08-20 21:35:52,586 [WARN] PackLoader:240 - Cannot read IP mode file for STMicroelectronics.X-CUBE-FREERTOS.1.1.0
2024-08-20 21:35:52,589 [WARN] PackLoader:240 - Cannot read IP mode file for STMicroelectronics.X-CUBE-TOUCHGFX.4.24.0
2024-08-20 21:35:52,597 [WARN] PackLoader:240 - Cannot read IP mode file for STMicroelectronics.X-CUBE-AZRTOS-WL.1.0.0
2024-08-20 21:35:52,602 [WARN] PackLoader:240 - Cannot read IP mode file for portGmbH.I-Cube-SoM-uGOAL.1.1.0
2024-08-20 21:35:52,606 [WARN] PackLoader:240 - Cannot read IP mode file for STMicroelectronics.X-CUBE-ALS.1.0.1
2024-08-20 21:35:52,616 [WARN] PackLoader:240 - Cannot read IP mode file for STMicroelectronics.X-CUBE-AZRTOS-WB.1.1.0
2024-08-20 21:35:52,633 [WARN] PackLoader:240 - Cannot read IP mode file for STMicroelectronics.X-CUBE-AZRTOS-H7RS.1.0.0
2024-08-20 21:35:52,638 [WARN] PackLoader:240 - Cannot read IP mode file for STMicroelectronics.FP-ATR-ASTRA1.2.0.0
2024-08-20 21:35:52,651 [WARN] PackLoader:240 - Cannot read IP mode file for STMicroelectronics.X-CUBE-TOF1.3.4.2
2024-08-20 21:35:52,667 [WARN] PackLoader:240 - Cannot read IP mode file for STMicroelectronics.X-CUBE-TOF1.3.4.0
2024-08-20 21:35:52,684 [WARN] PackLoader:240 - Cannot read IP mode file for STMicroelectronics.X-CUBE-TOF1.3.4.1
2024-08-20 21:35:52,712 [WARN] PackLoader:240 - Cannot read IP mode file for STMicroelectronics.X-CUBE-AZRTOS-H7.3.2.0
2024-08-20 21:35:52,726 [WARN] PackLoader:240 - Cannot read IP mode file for Infineon.AIROC-Wi-Fi-Bluetooth-STM32.1.6.0
2024-08-20 21:35:52,734 [WARN] PackLoader:240 - Cannot read IP mode file for wolfSSL.I-CUBE-wolfSSH.1.4.17
2024-08-20 21:35:52,736 [INFO] ThirdParty:978 - Integrity check success = true
2024-08-20 21:35:52,736 [INFO] IntegrityCheckThread:100 - exiting critical section [integrity check]
2024-08-20 21:35:52,736 [INFO] IntegrityCheckThread:103 - End integrity checks thread
