2024-07-29 11:16:26,422 [INFO] Activator:176 - 


2024-07-29 11:16:26,428 [INFO] Activator:177 - !SESSION log4j initialized
2024-07-29 11:16:32,567 [INFO] LogOutputStream:77 - [STDOUT_REDIRECT] 
2024-07-29 11:16:38,332 [INFO] ApplicationProperties:184 - Using Application install path: C:\ST\STM32CubeIDE_1.12.1\STM32CubeIDE\plugins\com.st.stm32cube.common.mx_6.11.0.202403141607
2024-07-29 11:16:38,358 [INFO] DbMcusXml:78 - Set database path to: C:\ST\STM32CubeIDE_1.12.1\STM32CubeIDE\plugins\com.st.stm32cube.common.mx_6.11.0.202403141607\\db\/mcu/
2024-07-29 11:16:38,359 [INFO] ApiDb:274 - Set plugin database path to: C:\ST\STM32CubeIDE_1.12.1\STM32CubeIDE\plugins\com.st.stm32cube.common.mx_6.11.0.202403141607\\db\/plugins/boardmanager/
2024-07-29 11:16:38,360 [WARN] ApiDb:259 - Overriding images path with different value:  => C:\ST\STM32CubeIDE_1.12.1\STM32CubeIDE\plugins\com.st.stm32cube.common.mx_6.11.0.202403141607\\db\/plugins/mcufinder/images/
2024-07-29 11:16:38,372 [INFO] ApiDb:250 - Set database path to: C:\Users\kha\.stmcufinder\plugins\mcufinder//mcu/
2024-07-29 11:16:38,373 [INFO] DbMcusAds:125 - Set database path to: C:\Users\kha\.stmcufinder\plugins\mcufinder//mcu/
2024-07-29 11:16:39,188 [INFO] CrossReferenceDbSqlite:203 - Set database path to: C:\Users\kha\.stmcufinder\plugins\mcufinder//mcu/cs/
2024-07-29 11:16:39,419 [INFO] RulesReader:64 - Compatibility file has been processed (297 Rules)
2024-07-29 11:16:39,559 [INFO] DbMcusXml:78 - Set database path to: C:\ST\STM32CubeIDE_1.12.1\STM32CubeIDE\plugins\com.st.stm32cube.common.mx_6.11.0.202403141607\\db\/mcu/
2024-07-29 11:16:39,559 [INFO] ApiDb:274 - Set plugin database path to: C:\ST\STM32CubeIDE_1.12.1\STM32CubeIDE\plugins\com.st.stm32cube.common.mx_6.11.0.202403141607\\db\/plugins/boardmanager/
2024-07-29 11:16:39,559 [INFO] ApiDb:261 - Set plugin images path to: C:\ST\STM32CubeIDE_1.12.1\STM32CubeIDE\plugins\com.st.stm32cube.common.mx_6.11.0.202403141607\\db\/plugins/mcufinder/images/
2024-07-29 11:16:39,560 [WARN] DbFile:41 - Overriding database path with different value: C:\Users\kha\.stmcufinder\plugins\mcufinder/ => C:\Users\kha\.stmcufinder\plugins\mcufinder
2024-07-29 11:16:39,560 [INFO] ApiDb:250 - Set database path to: C:\Users\kha\.stmcufinder\plugins\mcufinder//mcu/
2024-07-29 11:16:39,561 [WARN] DbFile:41 - Overriding database path with different value: C:\Users\kha\.stmcufinder\plugins\mcufinder/ => C:\Users\kha\.stmcufinder\plugins\mcufinder
2024-07-29 11:16:39,561 [INFO] DbMcusAds:125 - Set database path to: C:\Users\kha\.stmcufinder\plugins\mcufinder//mcu/
2024-07-29 11:16:39,561 [WARN] DbFile:41 - Overriding database path with different value: C:\Users\kha\.stmcufinder\plugins\mcufinder/ => C:\Users\kha\.stmcufinder\plugins\mcufinder
2024-07-29 11:16:39,561 [WARN] DbFile:41 - Overriding database path with different value: C:\Users\kha\.stmcufinder\plugins\mcufinder/ => C:\Users\kha\.stmcufinder\plugins\mcufinder
2024-07-29 11:16:40,187 [INFO] CrossReferenceDbSqlite:203 - Set database path to: C:\Users\kha\.stmcufinder\plugins\mcufinder//mcu/cs/
2024-07-29 11:16:40,308 [INFO] MainPanel:264 - HeapMemory: 268435456
2024-07-29 11:16:40,431 [INFO] DbMcusXml:78 - Set database path to: C:\ST\STM32CubeIDE_1.12.1\STM32CubeIDE\plugins\com.st.stm32cube.common.mx_6.11.0.202403141607\\db\/mcu/
2024-07-29 11:16:40,431 [INFO] ApiDb:274 - Set plugin database path to: C:\ST\STM32CubeIDE_1.12.1\STM32CubeIDE\plugins\com.st.stm32cube.common.mx_6.11.0.202403141607\\db\/plugins/boardmanager/
2024-07-29 11:16:40,431 [INFO] ApiDb:261 - Set plugin images path to: C:\ST\STM32CubeIDE_1.12.1\STM32CubeIDE\plugins\com.st.stm32cube.common.mx_6.11.0.202403141607\\db\/plugins/mcufinder/images/
2024-07-29 11:16:40,432 [WARN] DbFile:41 - Overriding database path with different value: C:\Users\kha\.stmcufinder\plugins\mcufinder/ => C:\Users\kha\.stmcufinder\plugins\mcufinder
2024-07-29 11:16:40,432 [INFO] ApiDb:250 - Set database path to: C:\Users\kha\.stmcufinder\plugins\mcufinder//mcu/
2024-07-29 11:16:40,432 [WARN] DbFile:41 - Overriding database path with different value: C:\Users\kha\.stmcufinder\plugins\mcufinder/ => C:\Users\kha\.stmcufinder\plugins\mcufinder
2024-07-29 11:16:40,432 [INFO] DbMcusAds:125 - Set database path to: C:\Users\kha\.stmcufinder\plugins\mcufinder//mcu/
2024-07-29 11:16:40,432 [WARN] DbFile:41 - Overriding database path with different value: C:\Users\kha\.stmcufinder\plugins\mcufinder/ => C:\Users\kha\.stmcufinder\plugins\mcufinder
2024-07-29 11:16:40,432 [WARN] DbFile:41 - Overriding database path with different value: C:\Users\kha\.stmcufinder\plugins\mcufinder/ => C:\Users\kha\.stmcufinder\plugins\mcufinder
2024-07-29 11:16:41,188 [INFO] CrossReferenceDbSqlite:203 - Set database path to: C:\Users\kha\.stmcufinder\plugins\mcufinder//mcu/cs/
2024-07-29 11:16:41,207 [INFO] ApplicationProperties:184 - Using Application install path: C:\ST\STM32CubeIDE_1.12.1\STM32CubeIDE\plugins\com.st.stm32cube.common.mx_6.11.0.202403141607
2024-07-29 11:16:41,208 [INFO] PluginManage:196 - Search for loadable plugins [exclusion list=, ]
2024-07-29 11:16:41,209 [INFO] PluginManage:310 - Check plugin analytics
2024-07-29 11:16:42,265 [INFO] AnalyticsPlugin:253 - Accepted Software Licenses: 
2024-07-29 11:16:42,265 [INFO] AnalyticsPlugin:255 - Accepted CMSIS Pack Licenses: 
2024-07-29 11:16:42,265 [INFO] AnalyticsPlugin:257 - Accepted Firmware Licenses: 
2024-07-29 11:16:42,268 [INFO] PluginManage:359 - Loaded plugin analytics (category:tool,tabindex:-1)
2024-07-29 11:16:42,268 [INFO] PluginManage:310 - Check plugin cadmodel
2024-07-29 11:16:42,273 [INFO] CADModel:105 - Init CAD model plugin
2024-07-29 11:16:42,274 [INFO] PluginManage:359 - Loaded plugin cadmodel (category:power,tabindex:5)
2024-07-29 11:16:42,274 [INFO] PluginManage:310 - Check plugin clock
2024-07-29 11:16:42,289 [INFO] PluginManage:359 - Loaded plugin clock (category:base,tabindex:2)
2024-07-29 11:16:42,289 [INFO] PluginManage:310 - Check plugin ddr
2024-07-29 11:16:42,291 [INFO] PluginManage:359 - Loaded plugin ddr (category:tool,tabindex:6)
2024-07-29 11:16:42,292 [INFO] PluginManage:310 - Check plugin filemanager
2024-07-29 11:16:42,435 [INFO] PluginManage:359 - Loaded plugin filemanager (category:base,tabindex:10)
2024-07-29 11:16:42,435 [INFO] PluginManage:310 - Check plugin ipmanager
2024-07-29 11:16:42,441 [INFO] PluginManage:359 - Loaded plugin ipmanager (category:base,tabindex:5)
2024-07-29 11:16:42,442 [INFO] PluginManage:310 - Check plugin lpbam
2024-07-29 11:16:42,451 [INFO] PluginManage:359 - Loaded plugin lpbam (category:base,tabindex:0)
2024-07-29 11:16:42,451 [INFO] PluginManage:310 - Check plugin memorymap
2024-07-29 11:16:42,467 [INFO] PluginManage:359 - Loaded plugin memorymap (category:base,tabindex:4)
2024-07-29 11:16:42,468 [INFO] PluginManage:310 - Check plugin pinoutandconfiguration
2024-07-29 11:16:42,481 [INFO] PluginManage:359 - Loaded plugin pinoutandconfiguration (category:base,tabindex:1)
2024-07-29 11:16:42,481 [INFO] PluginManage:310 - Check plugin pinoutconfig
2024-07-29 11:16:42,577 [WARN] SupportedApi:132 - Cannot load RTOS API schema: s4s-elt-must-match.1: The content of 'definitions' must match (annotation?, (simpleType | complexType)?, (unique | key | keyref)*)). A problem was found starting at: attribute.
2024-07-29 11:16:42,723 [INFO] PluginManage:359 - Loaded plugin pinoutconfig (category:base,tabindex:0)
2024-07-29 11:16:42,723 [INFO] PluginManage:310 - Check plugin power
2024-07-29 11:16:42,734 [INFO] PluginManage:359 - Loaded plugin power (category:power,tabindex:4)
2024-07-29 11:16:42,734 [INFO] PluginManage:310 - Check plugin projectmanager
2024-07-29 11:16:42,753 [INFO] PluginManage:359 - Loaded plugin projectmanager (category:projectmanager,tabindex:3)
2024-07-29 11:16:42,753 [INFO] PluginManage:310 - Check plugin thirdparty
2024-07-29 11:16:42,913 [WARN] IntegrityCheckThread:84 - waiting for thirdparty lock release [integrity check]
2024-07-29 11:16:42,913 [INFO] IntegrityCheckThread:86 - entering critical section [integrity check]
2024-07-29 11:16:42,913 [INFO] PluginManage:359 - Loaded plugin thirdparty (category:base,tabindex:-1)
2024-07-29 11:16:42,914 [INFO] PluginManage:310 - Check plugin tools
2024-07-29 11:16:42,914 [INFO] ThirdPartyUpdaterWithRetryManager:70 - Updater plugin not ready yet. [1/15]
2024-07-29 11:16:42,917 [INFO] PluginManage:359 - Loaded plugin tools (category:base,tabindex:7)
2024-07-29 11:16:42,917 [INFO] PluginManage:310 - Check plugin tutovideos
2024-07-29 11:16:43,105 [INFO] PluginManage:359 - Loaded plugin tutovideos (category:base,tabindex:-1)
2024-07-29 11:16:43,105 [INFO] PluginManage:310 - Check plugin updater
2024-07-29 11:16:43,120 [INFO] PluginManage:359 - Loaded plugin updater (category:base,tabindex:12)
2024-07-29 11:16:43,120 [INFO] PluginManage:310 - Check plugin userauth
2024-07-29 11:16:43,125 [INFO] UserAuth:114 - Init User Auth plugin
2024-07-29 11:16:43,125 [INFO] PluginManage:359 - Loaded plugin userauth (category:base,tabindex:14)
2024-07-29 11:16:43,125 [INFO] PluginManage:283 - PluginManage : Loaded plugins [17]
2024-07-29 11:16:43,340 [INFO] PinOutPanel:1561 - setPackage(No Configuration,No Configuration)
2024-07-29 11:16:43,430 [INFO] CADModel:165 - CPN selected for project level
2024-07-29 11:16:43,430 [INFO] CADModel:114 - Register for checkConnection events
2024-07-29 11:16:43,444 [INFO] IPUIPlugin:80 - create IPUIPlugin
2024-07-29 11:16:43,444 [INFO] PluginManager:220 - loadIPPluginJar : add adc
2024-07-29 11:16:43,447 [INFO] IPUIPlugin:80 - create IPUIPlugin
2024-07-29 11:16:43,447 [INFO] PluginManager:220 - loadIPPluginJar : add aes
2024-07-29 11:16:43,450 [INFO] IPUIPlugin:80 - create IPUIPlugin
2024-07-29 11:16:43,450 [INFO] PluginManager:220 - loadIPPluginJar : add can
2024-07-29 11:16:43,451 [INFO] IPUIPlugin:80 - create IPUIPlugin
2024-07-29 11:16:43,451 [INFO] PluginManager:220 - loadIPPluginJar : add comp
2024-07-29 11:16:43,454 [INFO] IPUIPlugin:80 - create IPUIPlugin
2024-07-29 11:16:43,454 [INFO] PluginManager:220 - loadIPPluginJar : add cryp
2024-07-29 11:16:43,456 [INFO] IPUIPlugin:80 - create IPUIPlugin
2024-07-29 11:16:43,456 [INFO] PluginManager:220 - loadIPPluginJar : add dfsdm
2024-07-29 11:16:43,460 [INFO] IPUIPlugin:80 - create IPUIPlugin
2024-07-29 11:16:43,460 [INFO] PluginManager:220 - loadIPPluginJar : add dma
2024-07-29 11:16:43,463 [INFO] IPUIPlugin:80 - create IPUIPlugin
2024-07-29 11:16:43,463 [INFO] PluginManager:220 - loadIPPluginJar : add dma3
2024-07-29 11:16:43,465 [INFO] IPUIPlugin:80 - create IPUIPlugin
2024-07-29 11:16:43,465 [INFO] PluginManager:220 - loadIPPluginJar : add extmemmanager
2024-07-29 11:16:43,467 [INFO] IPUIPlugin:80 - create IPUIPlugin
2024-07-29 11:16:43,467 [INFO] PluginManager:220 - loadIPPluginJar : add fatfs
2024-07-29 11:16:43,471 [INFO] IPUIPlugin:80 - create IPUIPlugin
2024-07-29 11:16:43,471 [INFO] PluginManager:220 - loadIPPluginJar : add fmc
2024-07-29 11:16:43,476 [INFO] IPUIPlugin:80 - create IPUIPlugin
2024-07-29 11:16:43,476 [INFO] PluginManager:220 - loadIPPluginJar : add freertos
2024-07-29 11:16:43,477 [INFO] IPUIPlugin:80 - create IPUIPlugin
2024-07-29 11:16:43,478 [INFO] PluginManager:220 - loadIPPluginJar : add genericplugin
2024-07-29 11:16:43,482 [INFO] IPUIPlugin:80 - create IPUIPlugin
2024-07-29 11:16:43,482 [INFO] PluginManager:220 - loadIPPluginJar : add gfxmmu
2024-07-29 11:16:43,486 [INFO] IPUIPlugin:80 - create IPUIPlugin
2024-07-29 11:16:43,486 [INFO] PluginManager:220 - loadIPPluginJar : add gic
2024-07-29 11:16:43,490 [INFO] IPUIPlugin:80 - create IPUIPlugin
2024-07-29 11:16:43,490 [INFO] PluginManager:220 - loadIPPluginJar : add gpio
2024-07-29 11:16:43,491 [INFO] IPUIPlugin:80 - create IPUIPlugin
2024-07-29 11:16:43,491 [INFO] PluginManager:220 - loadIPPluginJar : add gtzc
2024-07-29 11:16:43,493 [INFO] IPUIPlugin:80 - create IPUIPlugin
2024-07-29 11:16:43,493 [INFO] PluginManager:220 - loadIPPluginJar : add hash
2024-07-29 11:16:43,496 [INFO] IPUIPlugin:80 - create IPUIPlugin
2024-07-29 11:16:43,496 [INFO] PluginManager:220 - loadIPPluginJar : add i2c
2024-07-29 11:16:43,500 [INFO] IPUIPlugin:80 - create IPUIPlugin
2024-07-29 11:16:43,500 [INFO] PluginManager:220 - loadIPPluginJar : add i2s
2024-07-29 11:16:43,503 [INFO] IPUIPlugin:80 - create IPUIPlugin
2024-07-29 11:16:43,503 [INFO] PluginManager:220 - loadIPPluginJar : add i3c
2024-07-29 11:16:43,506 [INFO] IPUIPlugin:80 - create IPUIPlugin
2024-07-29 11:16:43,506 [INFO] PluginManager:220 - loadIPPluginJar : add ipddr
2024-07-29 11:16:43,513 [INFO] IPUIPlugin:80 - create IPUIPlugin
2024-07-29 11:16:43,513 [INFO] PluginManager:220 - loadIPPluginJar : add linkedlist
2024-07-29 11:16:43,516 [INFO] IPUIPlugin:80 - create IPUIPlugin
2024-07-29 11:16:43,517 [INFO] PluginManager:220 - loadIPPluginJar : add lorawan
2024-07-29 11:16:43,518 [INFO] IPUIPlugin:80 - create IPUIPlugin
2024-07-29 11:16:43,518 [INFO] PluginManager:220 - loadIPPluginJar : add ltdc
2024-07-29 11:16:43,526 [INFO] IPUIPlugin:80 - create IPUIPlugin
2024-07-29 11:16:43,526 [INFO] PluginManager:220 - loadIPPluginJar : add mdma
2024-07-29 11:16:43,531 [INFO] IPUIPlugin:80 - create IPUIPlugin
2024-07-29 11:16:43,531 [INFO] PluginManager:220 - loadIPPluginJar : add nvic
2024-07-29 11:16:43,534 [INFO] IPUIPlugin:80 - create IPUIPlugin
2024-07-29 11:16:43,534 [INFO] PluginManager:220 - loadIPPluginJar : add opamp
2024-07-29 11:16:43,539 [INFO] IPUIPlugin:80 - create IPUIPlugin
2024-07-29 11:16:43,539 [INFO] PluginManager:220 - loadIPPluginJar : add openamp
2024-07-29 11:16:43,542 [INFO] IPUIPlugin:80 - create IPUIPlugin
2024-07-29 11:16:43,542 [INFO] PluginManager:220 - loadIPPluginJar : add pdm2pcm
2024-07-29 11:16:43,549 [INFO] IPUIPlugin:80 - create IPUIPlugin
2024-07-29 11:16:43,551 [INFO] PluginManager:220 - loadIPPluginJar : add plateformsettings
2024-07-29 11:16:43,552 [INFO] IPUIPlugin:80 - create IPUIPlugin
2024-07-29 11:16:43,553 [INFO] PluginManager:220 - loadIPPluginJar : add quadspi
2024-07-29 11:16:43,556 [INFO] IPUIPlugin:80 - create IPUIPlugin
2024-07-29 11:16:43,556 [INFO] PluginManager:220 - loadIPPluginJar : add resmgrutility
2024-07-29 11:16:43,559 [INFO] IPUIPlugin:80 - create IPUIPlugin
2024-07-29 11:16:43,560 [INFO] PluginManager:220 - loadIPPluginJar : add sai
2024-07-29 11:16:43,562 [INFO] IPUIPlugin:80 - create IPUIPlugin
2024-07-29 11:16:43,562 [INFO] PluginManager:220 - loadIPPluginJar : add spi
2024-07-29 11:16:43,567 [INFO] IPUIPlugin:80 - create IPUIPlugin
2024-07-29 11:16:43,567 [INFO] PluginManager:220 - loadIPPluginJar : add stm32_wpan
2024-07-29 11:16:43,569 [INFO] IPUIPlugin:80 - create IPUIPlugin
2024-07-29 11:16:43,569 [INFO] PluginManager:220 - loadIPPluginJar : add tim
2024-07-29 11:16:43,572 [INFO] IPUIPlugin:80 - create IPUIPlugin
2024-07-29 11:16:43,572 [INFO] PluginManager:220 - loadIPPluginJar : add touchsensing
2024-07-29 11:16:43,575 [INFO] IPUIPlugin:80 - create IPUIPlugin
2024-07-29 11:16:43,575 [INFO] PluginManager:220 - loadIPPluginJar : add tracer_emb
2024-07-29 11:16:43,578 [INFO] IPUIPlugin:80 - create IPUIPlugin
2024-07-29 11:16:43,578 [INFO] PluginManager:220 - loadIPPluginJar : add ts
2024-07-29 11:16:43,581 [INFO] IPUIPlugin:80 - create IPUIPlugin
2024-07-29 11:16:43,581 [INFO] PluginManager:220 - loadIPPluginJar : add tsc
2024-07-29 11:16:43,584 [INFO] IPUIPlugin:80 - create IPUIPlugin
2024-07-29 11:16:43,584 [INFO] PluginManager:220 - loadIPPluginJar : add ucpd
2024-07-29 11:16:43,587 [INFO] IPUIPlugin:80 - create IPUIPlugin
2024-07-29 11:16:43,587 [INFO] PluginManager:220 - loadIPPluginJar : add usart
2024-07-29 11:16:43,590 [INFO] IPUIPlugin:80 - create IPUIPlugin
2024-07-29 11:16:43,590 [INFO] PluginManager:220 - loadIPPluginJar : add usbx
2024-07-29 11:16:43,737 [INFO] CADModel:165 - CPN selected for project level
2024-07-29 11:16:43,737 [INFO] CADModel:114 - Register for checkConnection events
2024-07-29 11:16:43,737 [FATAL] Updater:308 - Updater called before beeing initialized
2024-07-29 11:16:43,737 [ERROR] CADModel:125 - Updater not yet initialized, retry later 
2024-07-29 11:16:43,866 [INFO] CADModel:165 - CPN selected for project level
2024-07-29 11:16:43,867 [INFO] CADModel:114 - Register for checkConnection events
2024-07-29 11:16:43,867 [FATAL] Updater:308 - Updater called before beeing initialized
2024-07-29 11:16:43,867 [ERROR] CADModel:125 - Updater not yet initialized, retry later 
2024-07-29 11:16:43,869 [FATAL] Updater:308 - Updater called before beeing initialized
2024-07-29 11:16:44,003 [FATAL] Updater:308 - Updater called before beeing initialized
2024-07-29 11:16:44,011 [INFO] DbMcusAds:53 - JSON generation date=Thu May 16 16:22:00 ICT 2024 (1715851320667)
2024-07-29 11:16:44,012 [FATAL] Updater:308 - Updater called before beeing initialized
2024-07-29 11:16:44,073 [WARN] DetailPanel:346 - Failed to get advertising image, set to default
2024-07-29 11:16:44,199 [FATAL] Updater:308 - Updater called before beeing initialized
2024-07-29 11:16:44,201 [FATAL] Updater:308 - Updater called before beeing initialized
2024-07-29 11:16:44,202 [FATAL] Updater:308 - Updater called before beeing initialized
2024-07-29 11:16:44,202 [WARN] DetailPanel:346 - Failed to get advertising image, set to default
2024-07-29 11:16:44,202 [FATAL] Updater:308 - Updater called before beeing initialized
2024-07-29 11:16:44,263 [ERROR] Updater:1120 - MainUpdater not yet initialized. External WinMGr cannot be set.
2024-07-29 11:16:44,265 [INFO] Updater:1056 - Updater Version found : 6.11.0
2024-07-29 11:16:44,292 [INFO] ApplicationProperties:184 - Using Application install path: C:\ST\STM32CubeIDE_1.12.1\STM32CubeIDE\plugins\com.st.stm32cube.common.mx_6.11.0.202403141607
2024-07-29 11:16:45,115 [INFO] MainUpdater:2873 - connection check result : 10
2024-07-29 11:16:45,116 [INFO] MainUpdater:3567 - Updater definition file requires update
2024-07-29 11:16:45,116 [INFO] MainUpdater:290 - Updater Check For Update Now.
2024-07-29 11:16:45,116 [INFO] MicroXplorer:498 - Change Database Version : DB.6.0.110
2024-07-29 11:16:45,122 [INFO] McuFinderGlobals:63 - Set McuFinder mode to 2 (CubeIDE integrated)
2024-07-29 11:16:45,127 [INFO] UserAuth:415 - Internet connection configuration mode: 1
2024-07-29 11:16:45,143 [INFO] JxBrowserEngine:152 - Initiate JxBrowser Engine with user profile folder
2024-07-29 11:16:45,340 [INFO] ServerAccessManage:473 - Download File updaters.zip
2024-07-29 11:16:45,665 [INFO] FileExtend:240 - Unzip File : updaters.zip
2024-07-29 11:16:45,665 [INFO] FileExtend:255 - Standard Zip Deflate
2024-07-29 11:16:45,915 [WARN] MainUpdater:1194 - Updater busy. Cannot search thirdparties
2024-07-29 11:16:45,915 [INFO] ThirdPartyUpdaterWithRetryManager:96 - Updater plugin is busy. [1/15]
2024-07-29 11:16:46,094 [INFO] ServerAccessManage:473 - Download File PacksControlFlags.xml
2024-07-29 11:16:46,243 [INFO] ServerAccessManage:473 - Download File cubemx.pidx
2024-07-29 11:16:46,285 [INFO] WebApp:161 - Instantiating new browser for Auth
2024-07-29 11:16:47,481 [INFO] ServerAccessManage:473 - Download File STMicroelectronics.X-CUBE-TOF1.pdsc
2024-07-29 11:16:47,523 [INFO] WebApp:779 - Register for checkConnection events
2024-07-29 11:16:47,523 [INFO] WebApp:414 - Apply proxy settings
2024-07-29 11:16:47,524 [INFO] WebApp:499 - Chromium requires no authentication
2024-07-29 11:16:47,541 [INFO] WebApp:442 - Direct internet connection detected
2024-07-29 11:16:47,895 [INFO] WebApp:192 - Starting web application
2024-07-29 11:16:47,895 [INFO] WebApp:544 - Web application path used C:\ST\STM32CubeIDE_1.12.1\STM32CubeIDE\plugins\com.st.stm32cube.common.mx_6.11.0.202403141607\db\plugins\mcufinder\reactClient1\index.html
2024-07-29 11:16:48,916 [WARN] MainUpdater:1194 - Updater busy. Cannot search thirdparties
2024-07-29 11:16:48,916 [INFO] ThirdPartyUpdaterWithRetryManager:96 - Updater plugin is busy. [2/15]
2024-07-29 11:16:48,987 [ERROR] ServerAccessManage:1089 - Problem, file not found on Server
2024-07-29 11:16:49,585 [WARN] PackLoader:240 - Cannot read IP mode file for STMicroelectronics.X-CUBE-TOF1.3.4.2
2024-07-29 11:16:49,624 [INFO] PopulateThirdPartyThread:66 - Ending populate Thread
2024-07-29 11:16:49,626 [INFO] ThirdParty:1030 - CMSIS Pack Vendor :STMicroelectronics X-CUBE-TOF1 3.4.2
2024-07-29 11:16:49,626 [INFO] LoadServerUpdatesThread:375 - End of LoadServerUpdate Thread
2024-07-29 11:16:49,713 [INFO] CheckServerUpdateThread:120 - End of CheckServer Thread
2024-07-29 11:16:52,163 [WARN] PackLoader:240 - Cannot read IP mode file for STMicroelectronics.FP-SNS-MOTENVWB1.1.4.0
2024-07-29 11:16:52,170 [WARN] PackLoader:240 - Cannot read IP mode file for STMicroelectronics.X-CUBE-SMBUS.2.1.0
2024-07-29 11:16:52,174 [WARN] PackLoader:240 - Cannot read IP mode file for STMicroelectronics.X-CUBE-TOUCHGFX.4.23.1
2024-07-29 11:16:52,176 [WARN] PackLoader:240 - Cannot read IP mode file for STMicroelectronics.X-CUBE-TOUCHGFX.4.23.0
2024-07-29 11:16:52,179 [WARN] PackLoader:240 - Cannot read IP mode file for STMicroelectronics.X-CUBE-TOUCHGFX.4.23.2
2024-07-29 11:16:52,199 [WARN] PackLoader:240 - Cannot read IP mode file for STMicroelectronics.X-CUBE-AZRTOS-F7.1.1.0
2024-07-29 11:16:52,212 [WARN] PackLoader:240 - Cannot read IP mode file for STMicroelectronics.FP-SNS-MOTENV1.4.3.2
2024-07-29 11:16:52,219 [ERROR] RealEvaluatedCondition:428 - Found unsupported composite condition: GROUP='STM32_MetaDataManager' CLASS='Data Exchange'
2024-07-29 11:16:52,220 [ERROR] RealEvaluatedCondition:428 - Found unsupported composite condition: CLASS='Data Exchange' GROUP='STM32_MetaDataManager'
2024-07-29 11:16:52,221 [WARN] PackLoader:240 - Cannot read IP mode file for STMicroelectronics.FP-SNS-MOTENV1.4.3.1
2024-07-29 11:16:52,229 [WARN] PackLoader:240 - Cannot read IP mode file for STMicroelectronics.FP-SNS-FLIGHT1.5.0.1
2024-07-29 11:16:52,238 [WARN] PackLoader:240 - Cannot read IP mode file for STMicroelectronics.X-CUBE-BLE1.6.2.4
2024-07-29 11:16:52,243 [WARN] PackLoader:240 - Cannot read IP mode file for STMicroelectronics.FP-SNS-FLIGHT1.5.0.2
2024-07-29 11:16:52,251 [WARN] PackLoader:240 - Cannot read IP mode file for STMicroelectronics.X-CUBE-DISPLAY.3.0.0
2024-07-29 11:16:52,263 [WARN] PackLoader:240 - Cannot read IP mode file for STMicroelectronics.X-CUBE-BLE1.7.0.0
2024-07-29 11:16:52,270 [WARN] PackLoader:240 - Cannot read IP mode file for emotas.I-CUBE-CANOPEN.1.3.0
2024-07-29 11:16:52,274 [WARN] PackLoader:240 - Cannot read IP mode file for STMicroelectronics.X-CUBE-TOUCHGFX.4.22.0
2024-07-29 11:16:52,277 [WARN] PackLoader:240 - Cannot read IP mode file for STMicroelectronics.X-CUBE-TOUCHGFX.4.22.1
2024-07-29 11:16:52,292 [WARN] PackLoader:240 - Cannot read IP mode file for STMicroelectronics.X-CUBE-BLEMGR.3.1.0
2024-07-29 11:16:52,301 [WARN] PackLoader:240 - Cannot read IP mode file for STMicroelectronics.FP-SNS-SMARTAG2.1.2.0
2024-07-29 11:16:52,320 [INFO] LogOutputStream:77 - [STDOUT_REDIRECT] 1 : Invalid condition id : UX_CORESTACK_Condition cause : null
2024-07-29 11:16:52,321 [INFO] LogOutputStream:77 - [STDOUT_REDIRECT] 1 : Invalid condition id : UX_CORESTACK_Condition cause : null
2024-07-29 11:16:52,323 [INFO] LogOutputStream:77 - [STDOUT_REDIRECT] 1 : Invalid condition id : UX_CORESTACK_Condition cause : null
2024-07-29 11:16:52,324 [INFO] LogOutputStream:77 - [STDOUT_REDIRECT] 1 : Invalid condition id : UX_CORESTACK_Condition cause : null
2024-07-29 11:16:52,326 [INFO] LogOutputStream:77 - [STDOUT_REDIRECT] 1 : Invalid condition id : UX_CORESTACK_Condition cause : null
2024-07-29 11:16:52,329 [WARN] PackLoader:240 - Cannot read IP mode file for STMicroelectronics.X-CUBE-AZRTOS-WL.2.0.0
2024-07-29 11:16:52,336 [WARN] PackLoader:240 - Cannot read IP mode file for STMicroelectronics.FP-SNS-MOTENV1.5.0.0
2024-07-29 11:16:52,342 [WARN] PackLoader:240 - Cannot read IP mode file for wolfSSL.I-CUBE-wolfMQTT.1.19.0
2024-07-29 11:16:52,352 [WARN] PackLoader:240 - Cannot read IP mode file for WES.I-CUBE-Cesium.1.3.0
2024-07-29 11:16:52,357 [WARN] PackLoader:240 - Cannot read IP mode file for STMicroelectronics.X-CUBE-BLE2.3.3.0
2024-07-29 11:16:52,364 [WARN] PackLoader:240 - Cannot read IP mode file for STMicroelectronics.X-CUBE-TCPP.4.1.0
2024-07-29 11:16:52,370 [WARN] PackLoader:240 - Cannot read IP mode file for STMicroelectronics.X-CUBE-TOUCHGFX.4.21.3
2024-07-29 11:16:52,372 [WARN] PackLoader:240 - Cannot read IP mode file for STMicroelectronics.X-CUBE-TOUCHGFX.4.21.4
2024-07-29 11:16:52,378 [WARN] PackLoader:240 - Cannot read IP mode file for STMicroelectronics.X-CUBE-ALGOBUILD.1.3.0
2024-07-29 11:16:52,396 [WARN] PackLoader:240 - Cannot read IP mode file for STMicroelectronics.X-CUBE-AZRTOS-G0.1.1.0
2024-07-29 11:16:52,407 [WARN] PackLoader:240 - Cannot read IP mode file for STMicroelectronics.X-CUBE-SAFEA1.1.2.2
2024-07-29 11:16:52,416 [WARN] PackLoader:240 - Cannot read IP mode file for STMicroelectronics.X-CUBE-NFC4.3.0.0
2024-07-29 11:16:52,420 [WARN] PackLoader:240 - Cannot read IP mode file for wolfSSL.I-CUBE-wolfMQTT.1.18.0
2024-07-29 11:16:52,433 [WARN] PackLoader:240 - Cannot read IP mode file for EmbeddedOffice.I-CUBE-FS-RTOS.1.0.1
2024-07-29 11:16:52,434 [ERROR] ConditionMgr:805 - Attr not supported : Dmpu
2024-07-29 11:16:52,434 [ERROR] ConditionMgr:805 - Attr not supported : Dmpu
2024-07-29 11:16:52,434 [ERROR] ConditionMgr:805 - Attr not supported : Dmpu
2024-07-29 11:16:52,435 [ERROR] ConditionMgr:805 - Attr not supported : Dmpu
2024-07-29 11:16:52,435 [ERROR] ConditionMgr:805 - Attr not supported : Dmpu
2024-07-29 11:16:52,435 [ERROR] ConditionMgr:805 - Attr not supported : Dmpu
2024-07-29 11:16:52,435 [ERROR] ConditionMgr:805 - Attr not supported : Dmpu
2024-07-29 11:16:52,435 [ERROR] ConditionMgr:805 - Attr not supported : Dmpu
2024-07-29 11:16:52,435 [ERROR] ConditionMgr:805 - Attr not supported : Dmpu
2024-07-29 11:16:52,435 [ERROR] ConditionMgr:805 - Attr not supported : Dmpu
2024-07-29 11:16:52,435 [ERROR] ConditionMgr:805 - Attr not supported : Dmpu
2024-07-29 11:16:52,435 [ERROR] ConditionMgr:805 - Attr not supported : Dmpu
2024-07-29 11:16:52,436 [ERROR] ConditionMgr:805 - Attr not supported : Dmpu
2024-07-29 11:16:52,436 [ERROR] ConditionMgr:805 - Attr not supported : Dmpu
2024-07-29 11:16:52,436 [ERROR] ConditionMgr:805 - Attr not supported : Dmpu
2024-07-29 11:16:52,436 [ERROR] ConditionMgr:805 - Attr not supported : Dmpu
2024-07-29 11:16:52,436 [ERROR] ConditionMgr:805 - Attr not supported : Dmpu
2024-07-29 11:16:52,436 [ERROR] ConditionMgr:805 - Attr not supported : Dmpu
2024-07-29 11:16:52,436 [ERROR] ConditionMgr:805 - Attr not supported : Dmpu
2024-07-29 11:16:52,436 [ERROR] ConditionMgr:805 - Attr not supported : Dmpu
2024-07-29 11:16:52,436 [ERROR] ConditionMgr:805 - Attr not supported : Dmpu
2024-07-29 11:16:52,436 [ERROR] ConditionMgr:805 - Attr not supported : Dmpu
2024-07-29 11:16:52,436 [ERROR] ConditionMgr:805 - Attr not supported : Dmpu
2024-07-29 11:16:52,436 [ERROR] ConditionMgr:805 - Attr not supported : Dmpu
2024-07-29 11:16:52,436 [ERROR] ConditionMgr:805 - Attr not supported : Dmpu
2024-07-29 11:16:52,436 [ERROR] ConditionMgr:805 - Attr not supported : Dmpu
2024-07-29 11:16:52,437 [ERROR] ConditionMgr:805 - Attr not supported : Dmpu
2024-07-29 11:16:52,437 [ERROR] ConditionMgr:805 - Attr not supported : Dmpu
2024-07-29 11:16:52,437 [ERROR] ConditionMgr:805 - Attr not supported : Dmpu
2024-07-29 11:16:52,437 [ERROR] ConditionMgr:805 - Attr not supported : Dmpu
2024-07-29 11:16:52,437 [ERROR] ConditionMgr:805 - Attr not supported : Dmpu
2024-07-29 11:16:52,437 [ERROR] ConditionMgr:805 - Attr not supported : Dmpu
2024-07-29 11:16:52,437 [ERROR] ConditionMgr:805 - Attr not supported : Dmpu
2024-07-29 11:16:52,437 [ERROR] ConditionMgr:805 - Attr not supported : Dmpu
2024-07-29 11:16:52,437 [ERROR] ConditionMgr:805 - Attr not supported : Dmpu
2024-07-29 11:16:52,437 [ERROR] ConditionMgr:805 - Attr not supported : Dmpu
2024-07-29 11:16:52,437 [ERROR] ConditionMgr:805 - Attr not supported : Dmpu
2024-07-29 11:16:52,437 [ERROR] ConditionMgr:805 - Attr not supported : Dmpu
2024-07-29 11:16:52,438 [ERROR] ConditionMgr:805 - Attr not supported : Dmpu
2024-07-29 11:16:52,438 [ERROR] ConditionMgr:805 - Attr not supported : Dmpu
2024-07-29 11:16:52,438 [ERROR] ConditionMgr:805 - Attr not supported : Dmpu
2024-07-29 11:16:52,438 [ERROR] ConditionMgr:805 - Attr not supported : Dmpu
2024-07-29 11:16:52,438 [ERROR] ConditionMgr:805 - Attr not supported : Dmpu
2024-07-29 11:16:52,438 [ERROR] ConditionMgr:805 - Attr not supported : Dmpu
2024-07-29 11:16:52,438 [ERROR] ConditionMgr:805 - Attr not supported : Dmpu
2024-07-29 11:16:52,438 [ERROR] ConditionMgr:805 - Attr not supported : Dmpu
2024-07-29 11:16:52,438 [ERROR] ConditionMgr:805 - Attr not supported : Dmpu
2024-07-29 11:16:52,438 [ERROR] ConditionMgr:805 - Attr not supported : Dmpu
2024-07-29 11:16:52,438 [ERROR] ConditionMgr:805 - Attr not supported : Dmpu
2024-07-29 11:16:52,438 [ERROR] ConditionMgr:805 - Attr not supported : Dmpu
2024-07-29 11:16:52,438 [ERROR] ConditionMgr:805 - Attr not supported : Dmpu
2024-07-29 11:16:52,438 [ERROR] ConditionMgr:805 - Attr not supported : Dmpu
2024-07-29 11:16:52,438 [ERROR] ConditionMgr:805 - Attr not supported : Dmpu
2024-07-29 11:16:52,439 [ERROR] ConditionMgr:805 - Attr not supported : Dmpu
2024-07-29 11:16:52,439 [ERROR] ConditionMgr:805 - Attr not supported : Dmpu
2024-07-29 11:16:52,439 [ERROR] ConditionMgr:805 - Attr not supported : Dmpu
2024-07-29 11:16:52,439 [ERROR] ConditionMgr:805 - Attr not supported : Dmpu
2024-07-29 11:16:52,439 [ERROR] ConditionMgr:805 - Attr not supported : Dmpu
2024-07-29 11:16:52,439 [ERROR] ConditionMgr:805 - Attr not supported : Dmpu
2024-07-29 11:16:52,439 [ERROR] ConditionMgr:805 - Attr not supported : Dmpu
2024-07-29 11:16:52,439 [ERROR] ConditionMgr:805 - Attr not supported : Dmpu
2024-07-29 11:16:52,439 [ERROR] ConditionMgr:805 - Attr not supported : Dmpu
2024-07-29 11:16:52,439 [ERROR] ConditionMgr:805 - Attr not supported : Dmpu
2024-07-29 11:16:52,439 [ERROR] ConditionMgr:805 - Attr not supported : Dmpu
2024-07-29 11:16:52,450 [WARN] PackLoader:240 - Cannot read IP mode file for STMicroelectronics.X-CUBE-BLEMGR.3.0.0
2024-07-29 11:16:52,460 [WARN] PackLoader:240 - Cannot read IP mode file for RealThread.X-CUBE-RT-Thread_Nano.4.1.1
2024-07-29 11:16:52,465 [WARN] PackLoader:240 - Cannot read IP mode file for wolfSSL.I-CUBE-wolfSSL.5.7.0
2024-07-29 11:16:52,470 [WARN] PackLoader:240 - Cannot read IP mode file for STMicroelectronics.FP-ATR-SIGFOX1.3.2.0
2024-07-29 11:16:52,478 [WARN] PackLoader:240 - Cannot read IP mode file for STMicroelectronics.X-CUBE-EEPRMA1.5.1.0
2024-07-29 11:16:52,488 [WARN] PackLoader:240 - Cannot read IP mode file for ITTIA_DB.I-CUBE-ITTIADB.8.9.0
2024-07-29 11:16:52,525 [WARN] PackLoader:240 - Cannot read IP mode file for SEGGER.I-CUBE-embOS.1.3.1
2024-07-29 11:16:52,590 [WARN] PackLoader:240 - Cannot read IP mode file for STMicroelectronics.X-CUBE-ALGOBUILD.1.4.0
2024-07-29 11:16:52,599 [WARN] PackLoader:240 - Cannot read IP mode file for STMicroelectronics.X-CUBE-GNSS1.6.0.0
2024-07-29 11:16:52,616 [WARN] PackLoader:240 - Cannot read IP mode file for STMicroelectronics.X-CUBE-AZRTOS-F4.1.1.0
2024-07-29 11:16:52,622 [WARN] PackLoader:240 - Cannot read IP mode file for wolfSSL.I-CUBE-wolfSSL.5.6.0
2024-07-29 11:16:52,628 [WARN] PackLoader:240 - Cannot read IP mode file for STMicroelectronics.X-CUBE-FREERTOS.1.2.0
2024-07-29 11:16:52,643 [WARN] PackLoader:240 - Cannot read IP mode file for STMicroelectronics.X-CUBE-AZRTOS-L5.2.0.0
2024-07-29 11:16:52,688 [WARN] PackLoader:240 - Cannot read IP mode file for STMicroelectronics.X-CUBE-MEMS1.9.6.0
2024-07-29 11:16:52,830 [WARN] PackLoader:240 - Cannot read IP mode file for STMicroelectronics.X-CUBE-EEPRMA1.4.2.0
2024-07-29 11:16:52,837 [WARN] PackLoader:240 - Cannot read IP mode file for STMicroelectronics.X-CUBE-NFC6.3.1.0
2024-07-29 11:16:52,842 [WARN] PackLoader:240 - Cannot read IP mode file for ITTIA_DB.I-CUBE-ITTIADB.8.8.0
2024-07-29 11:16:52,847 [WARN] PackLoader:240 - Cannot read IP mode file for emotas.I-CUBE-CANOPEN.1.1.3
2024-07-29 11:16:52,853 [WARN] PackLoader:240 - Cannot read IP mode file for STMicroelectronics.X-CUBE-BLEMGR.2.0.0
2024-07-29 11:16:52,859 [WARN] PackLoader:240 - Cannot read IP mode file for STMicroelectronics.X-CUBE-DPower.1.2.0
2024-07-29 11:16:52,864 [WARN] PackLoader:240 - Cannot read IP mode file for STMicroelectronics.X-CUBE-AI.9.0.0
2024-07-29 11:16:52,879 [WARN] ConditionMgr:438 - getConditionDescription Invalid condition id : UX DEVICE CLASS RTOS Condition cause : null
2024-07-29 11:16:52,879 [WARN] ConditionMgr:438 - getConditionDescription Invalid condition id : UX DEVICE CLASS RTOS Condition cause : null
2024-07-29 11:16:52,883 [WARN] PackLoader:240 - Cannot read IP mode file for STMicroelectronics.X-CUBE-AZRTOS-H7.3.1.0
2024-07-29 11:16:52,884 [WARN] ConditionMgr:1039 - genDependencies : Invalid condition id : UX DEVICE CLASS RTOS Condition cause : null
2024-07-29 11:16:52,885 [WARN] ConditionMgr:1039 - genDependencies : Invalid condition id : UX DEVICE CLASS RTOS Condition cause : null
2024-07-29 11:16:52,885 [WARN] ConditionMgr:1039 - genDependencies : Invalid condition id : UX DEVICE CLASS RTOS Condition cause : null
2024-07-29 11:16:52,886 [WARN] ConditionMgr:1039 - genDependencies : Invalid condition id : UX DEVICE CLASS RTOS Condition cause : null
2024-07-29 11:16:52,886 [WARN] ConditionMgr:1039 - genDependencies : Invalid condition id : UX DEVICE CLASS RTOS Condition cause : null
2024-07-29 11:16:52,892 [WARN] PackLoader:240 - Cannot read IP mode file for STMicroelectronics.X-CUBE-NFC7.1.0.1
2024-07-29 11:16:52,897 [WARN] PackLoader:240 - Cannot read IP mode file for STMicroelectronics.X-CUBE-NFC7.1.0.0
2024-07-29 11:16:52,901 [WARN] PackLoader:240 - Cannot read IP mode file for wolfSSL.I-CUBE-wolfTPM.3.2.0
2024-07-29 11:16:52,906 [WARN] PackLoader:240 - Cannot read IP mode file for STMicroelectronics.X-CUBE-NFC6.3.0.0
2024-07-29 11:16:52,912 [WARN] PackLoader:240 - Cannot read IP mode file for STMicroelectronics.X-CUBE-EEPRMA1.4.1.0
2024-07-29 11:16:52,916 [WARN] PackLoader:240 - Cannot read IP mode file for STMicroelectronics.X-CUBE-AI.8.1.0
2024-07-29 11:16:52,933 [WARN] ConditionMgr:438 - getConditionDescription Invalid condition id : LAN8742 Phy interface Condition cause : null
2024-07-29 11:16:52,934 [WARN] PackLoader:240 - Cannot read IP mode file for STMicroelectronics.X-CUBE-AZRTOS-L4.2.0.0
2024-07-29 11:16:52,935 [WARN] ConditionMgr:1039 - genDependencies : Invalid condition id : LAN8742 Phy interface Condition cause : null
2024-07-29 11:16:52,935 [WARN] ConditionMgr:1039 - genDependencies : Invalid condition id : LAN8742 Phy interface Condition cause : null
2024-07-29 11:16:52,935 [WARN] ConditionMgr:1039 - genDependencies : Invalid condition id : LAN8742 Phy interface Condition cause : null
2024-07-29 11:16:52,941 [WARN] PackLoader:240 - Cannot read IP mode file for STMicroelectronics.X-CUBE-SFXS2LP1.4.0.0
2024-07-29 11:16:52,946 [WARN] PackLoader:240 - Cannot read IP mode file for STMicroelectronics.X-CUBE-ISPU.1.1.0
2024-07-29 11:16:52,951 [WARN] PackLoader:240 - Cannot read IP mode file for STMicroelectronics.X-CUBE-AI.8.0.0
2024-07-29 11:16:52,960 [WARN] ConditionMgr:438 - getConditionDescription Invalid condition id : UX DEVICE CLASS RTOS Condition cause : null
2024-07-29 11:16:52,961 [WARN] ConditionMgr:438 - getConditionDescription Invalid condition id : UX DEVICE CLASS RTOS Condition cause : null
2024-07-29 11:16:52,963 [WARN] PackLoader:240 - Cannot read IP mode file for STMicroelectronics.X-CUBE-AZRTOS-WB.2.0.0
2024-07-29 11:16:52,964 [WARN] ConditionMgr:1039 - genDependencies : Invalid condition id : UX DEVICE CLASS RTOS Condition cause : null
2024-07-29 11:16:52,964 [WARN] ConditionMgr:1039 - genDependencies : Invalid condition id : UX DEVICE CLASS RTOS Condition cause : null
2024-07-29 11:16:52,965 [WARN] ConditionMgr:1039 - genDependencies : Invalid condition id : UX DEVICE CLASS RTOS Condition cause : null
2024-07-29 11:16:52,966 [WARN] ConditionMgr:1039 - genDependencies : Invalid condition id : UX DEVICE CLASS RTOS Condition cause : null
2024-07-29 11:16:52,966 [WARN] ConditionMgr:1039 - genDependencies : Invalid condition id : UX DEVICE CLASS RTOS Condition cause : null
2024-07-29 11:16:52,971 [WARN] PackLoader:240 - Cannot read IP mode file for STMicroelectronics.X-CUBE-FREERTOS.1.0.1
2024-07-29 11:16:52,977 [WARN] PackLoader:240 - Cannot read IP mode file for STMicroelectronics.FP-SNS-STBOX1.2.0.0
2024-07-29 11:16:52,994 [WARN] PackLoader:240 - Cannot read IP mode file for STMicroelectronics.X-CUBE-AZRTOS-L5.1.1.0
2024-07-29 11:16:52,999 [WARN] PackLoader:240 - Cannot read IP mode file for STMicroelectronics.X-CUBE-AI.8.0.1
2024-07-29 11:16:53,009 [WARN] PackLoader:240 - Cannot read IP mode file for STMicroelectronics.X-CUBE-SUBG2.5.0.0
2024-07-29 11:16:53,018 [WARN] PackLoader:240 - Cannot read IP mode file for Cesanta.I-CUBE-Mongoose.7.13.0
2024-07-29 11:16:53,029 [WARN] PackLoader:240 - Cannot read IP mode file for STMicroelectronics.X-CUBE-TOF1.3.3.1
2024-07-29 11:16:53,070 [WARN] PackLoader:240 - Cannot read IP mode file for STMicroelectronics.X-CUBE-AZRTOS-G4.2.0.0
2024-07-29 11:16:53,083 [WARN] PackLoader:240 - Cannot read IP mode file for STMicroelectronics.X-CUBE-TOF1.3.3.0
2024-07-29 11:16:53,107 [WARN] PackLoader:240 - Cannot read IP mode file for Infineon.AIROC-Wi-Fi-Bluetooth-STM32.1.5.1
2024-07-29 11:16:53,116 [WARN] PackLoader:240 - Cannot read IP mode file for STMicroelectronics.FP-SNS-MOTENVWB1.1.3.1
2024-07-29 11:16:53,137 [WARN] PackLoader:240 - Cannot read IP mode file for STMicroelectronics.X-CUBE-AZRTOS-L4.1.0.0
2024-07-29 11:16:53,144 [WARN] PackLoader:240 - Cannot read IP mode file for STMicroelectronics.X-CUBE-ISPU.2.0.0
2024-07-29 11:16:53,151 [WARN] PackLoader:240 - Cannot read IP mode file for STMicroelectronics.X-CUBE-ALS.1.0.2
2024-07-29 11:16:53,210 [WARN] PackLoader:240 - Cannot read IP mode file for STMicroelectronics.X-CUBE-MEMS1.10.0.0
2024-07-29 11:16:53,365 [WARN] PackLoader:240 - Cannot read IP mode file for STMicroelectronics.X-CUBE-FREERTOS.1.1.0
2024-07-29 11:16:53,373 [WARN] PackLoader:240 - Cannot read IP mode file for STMicroelectronics.X-CUBE-TOUCHGFX.4.24.0
2024-07-29 11:16:53,385 [WARN] PackLoader:240 - Cannot read IP mode file for STMicroelectronics.X-CUBE-AZRTOS-WL.1.0.0
2024-07-29 11:16:53,393 [WARN] PackLoader:240 - Cannot read IP mode file for portGmbH.I-Cube-SoM-uGOAL.1.1.0
2024-07-29 11:16:53,398 [WARN] PackLoader:240 - Cannot read IP mode file for STMicroelectronics.X-CUBE-ALS.1.0.1
2024-07-29 11:16:53,411 [WARN] PackLoader:240 - Cannot read IP mode file for STMicroelectronics.X-CUBE-AZRTOS-WB.1.1.0
2024-07-29 11:16:53,437 [WARN] PackLoader:240 - Cannot read IP mode file for STMicroelectronics.X-CUBE-AZRTOS-H7RS.1.0.0
2024-07-29 11:16:53,445 [WARN] PackLoader:240 - Cannot read IP mode file for STMicroelectronics.FP-ATR-ASTRA1.2.0.0
2024-07-29 11:16:53,457 [WARN] PackLoader:240 - Cannot read IP mode file for STMicroelectronics.X-CUBE-TOF1.3.4.2
2024-07-29 11:16:53,484 [WARN] PackLoader:240 - Cannot read IP mode file for STMicroelectronics.X-CUBE-TOF1.3.4.0
2024-07-29 11:16:53,512 [WARN] PackLoader:240 - Cannot read IP mode file for STMicroelectronics.X-CUBE-TOF1.3.4.1
2024-07-29 11:16:53,548 [WARN] PackLoader:240 - Cannot read IP mode file for STMicroelectronics.X-CUBE-AZRTOS-H7.3.2.0
2024-07-29 11:16:53,564 [WARN] PackLoader:240 - Cannot read IP mode file for Infineon.AIROC-Wi-Fi-Bluetooth-STM32.1.6.0
2024-07-29 11:16:53,573 [WARN] PackLoader:240 - Cannot read IP mode file for wolfSSL.I-CUBE-wolfSSH.1.4.17
2024-07-29 11:16:53,574 [INFO] ThirdParty:978 - Integrity check success = true
2024-07-29 11:16:53,574 [INFO] IntegrityCheckThread:100 - exiting critical section [integrity check]
2024-07-29 11:16:53,574 [INFO] IntegrityCheckThread:103 - End integrity checks thread
2024-07-29 12:10:11,812 [ERROR] LogOutputStream:75 - [STDERR_REDIRECT] 
