Removed Pin From Net: NetName=3V3 Pin=TP1-1
Removed Pin From Net: NetName=SWDIO Pin=TP2-1
Removed Pin From Net: NetName=SWCLK Pin=TP3-1
Removed Pin From Net: NetName=GND Pin=TP4-1
Removed Member From Class: ClassName=D_FEE PID Member=TP1
Removed Member From Class: ClassName=D_FEE PID Member=TP2
Removed Member From Class: ClassName=D_FEE PID Member=TP3
Removed Member From Class: ClassName=D_FEE PID Member=TP4
Added Component: Designator=Debug(JP4-C1T)
Add component (AddParameter): Name = "ComponentLink1 Description"; Value = "Manufacturer"; VariantName = "[No Variations]"
Add component (AddParameter): Name = "ComponentLink1URL"; Value = "http://www.we-online.com"; VariantName = "[No Variations]"
Add component (AddParameter): Name = "ComponentLink2 Description"; Value = "Datasheet"; VariantName = "[No Variations]"
Add component (AddParameter): Name = "ComponentLink2URL"; Value = "http://katalog.we-online.de/em/datasheet/6130xx143121.pdf"; VariantName = "[No Variations]"
Add component (AddParameter): Name = "Created by"; Value = "Karrer Zheng"; VariantName = "[No Variations]"
Add component (AddParameter): Name = "Created Date"; Value = "29 March 2013"; VariantName = "[No Variations]"
Add component (AddParameter): Name = "Manufacturer"; Value = "W¨¹rth Elektronik eiSos GmbH"; VariantName = "[No Variations]"
Add component (AddParameter): Name = "NoPins"; Value = "04"; VariantName = "[No Variations]"
Add component (AddParameter): Name = "partNo"; Value = "613004143121"; VariantName = "[No Variations]"
Added Pin To Net: NetName=GND Pin=Debug-1
Added Pin To Net: NetName=SWCLK Pin=Debug-2
Added Pin To Net: NetName=SWDIO Pin=Debug-3
Added Pin To Net: NetName=3V3 Pin=Debug-4
Added Member To Class: ClassName=D_FEE PID Member=Component Debug JP4
