Added Component: Designator=J1(JST GH 4PIN)
Add component (AddParameter): Name = "Mfr_Name"; Value = "JST"; VariantName = "[No Variations]"
Add component (AddParameter): Name = "RefDes"; Value = "RefDes"; VariantName = "[No Variations]"
Add component (AddParameter): Name = "Type"; Value = "Type"; VariantName = "[No Variations]"
Added Component: Designator=J2(JST GH 4PIN)
Add component (AddParameter): Name = "Mfr_Name"; Value = "JST"; VariantName = "[No Variations]"
Add component (AddParameter): Name = "RefDes"; Value = "RefDes"; VariantName = "[No Variations]"
Add component (AddParameter): Name = "Type"; Value = "Type"; VariantName = "[No Variations]"
Added Component: Designator=J4(JST GH 4PIN)
Add component (AddParameter): Name = "Mfr_Name"; Value = "JST"; VariantName = "[No Variations]"
Add component (AddParameter): Name = "RefDes"; Value = "RefDes"; VariantName = "[No Variations]"
Add component (AddParameter): Name = "Type"; Value = "Type"; VariantName = "[No Variations]"
Added Pin To Net: NetName=ENB Pin=J1-1
Added Pin To Net: NetName=ENA Pin=J1-2
Added Pin To Net: NetName=VBUS Pin=J1-3
Added Pin To Net: NetName=GND Pin=J1-4
Added Pin To Net: NetName=CAN_L Pin=J2-1
Added Pin To Net: NetName=CAN_H Pin=J2-2
Added Pin To Net: NetName=VBUS Pin=J2-3
Added Pin To Net: NetName=GND Pin=J2-4
Added Pin To Net: NetName=TX Pin=J4-1
Added Pin To Net: NetName=RX Pin=J4-2
Added Pin To Net: NetName=VBUS Pin=J4-3
Added Pin To Net: NetName=GND Pin=J4-4
Added Member To Class: ClassName=D_FEE PID Member=Component J1 JST GH 4PIN
Added Member To Class: ClassName=D_FEE PID Member=Component J2 JST GH 4PIN
Added Member To Class: ClassName=D_FEE PID Member=Component J4
