Change Component Designator: Old Designator= New Designator=1
Change Component Designator: Old Designator=C4 New Designator=C6
Change Component Designator: Old Designator=C5 New Designator=C4
Change Component Designator: Old Designator=C6 New Designator=C5
Change Component Designator: Old Designator=D8 New Designator=D9
Change Component Designator: Old Designator=D9 New Designator=D10
Change Component Designator: Old Designator=D10 New Designator=D11
Change Component Designator: Old Designator=D11 New Designator=D12
Change Component Designator: Old Designator=D12 New Designator=D13
Change Component Designator: Old Designator=D? New Designator=D8
Change Component Designator: Old Designator=J? New Designator=J6
Change Component Designator: Old Designator=R20 New Designator=R21
Change Component Designator: Old Designator=R21 New Designator=R20
Change Component Designator: Old Designator=R25 New Designator=R26
Change Component Designator: Old Designator=R26 New Designator=R27
Change Component Designator: Old Designator=R27 New Designator=R28
Change Component Designator: Old Designator=R28 New Designator=R29
Change Component Designator: Old Designator=R29 New Designator=R30
Change Component Designator: Old Designator=R30 New Designator=R31
Change Component Designator: Old Designator=R31 New Designator=R32
Change Component Designator: Old Designator=R32 New Designator=R33
Change Component Designator: Old Designator=R33 New Designator=R34
Change Component Designator: Old Designator=R34 New Designator=R35
Change Component Designator: Old Designator=R35 New Designator=R36
Change Component Designator: Old Designator=R36 New Designator=R37
Change Component Designator: Old Designator=R37 New Designator=R38
Change Component Designator: Old Designator=R? New Designator=R25
