Update Managed Component C1 From CMP-2100-03600-2[100nF] To CMP-2100-03600-2[CC0603KRX7R9BB103] in D_FEE PID.SchDoc
Update Managed Component C2 From CMP-2100-03600-2[10uF] To CMP-2100-03600-2[CC0603KRX7R9BB103] in D_FEE PID.SchDoc
Update Managed Component C3 From CMP-2100-03600-2[10uF] To CMP-2100-03600-2[CC0603KRX7R9BB103] in D_FEE PID.SchDoc
Replace Part C4 CN-ALU-DIP in D:\PID_2024\PCB\D_FEE PID\D_FEE PID.SchDoc with CN-ALU-DIP from Thu Vi?n Altium FULL HD.IntLib
Update Managed Component C5 From CMP-2100-03600-2[10uF] To CMP-2100-03600-2[CC0603KRX7R9BB103] in D_FEE PID.SchDoc
Update Managed Component C6 From CMP-2100-03600-2[100nF] To CMP-2100-03600-2[CC0603KRX7R9BB103] in D_FEE PID.SchDoc
Update Managed Component C7 From CMP-2100-03600-2[1uF] To CMP-2100-03600-2[CC0603KRX7R9BB103] in D_FEE PID.SchDoc
Update Managed Component C8 From CMP-2100-03600-2[1uF] To CMP-2100-03600-2[CC0603KRX7R9BB103] in D_FEE PID.SchDoc
Update Managed Component C9 From CMP-2100-03600-2[1uF] To CMP-2100-03600-2[CC0603KRX7R9BB103] in D_FEE PID.SchDoc
Update Managed Component C10 From CMP-2100-03600-2[1uF] To CMP-2100-03600-2[CC0603KRX7R9BB103] in D_FEE PID.SchDoc
Update Managed Component C11 From CMP-2100-03600-2[1uF] To CMP-2100-03600-2[CC0603KRX7R9BB103] in D_FEE PID.SchDoc
Update Managed Component C12 From CMP-2100-03600-2[100nF] To CMP-2100-03600-2[CC0603KRX7R9BB103] in D_FEE PID.SchDoc
Update Managed Component C13 From CMP-2100-03600-2[100nF] To CMP-2100-03600-2[CC0603KRX7R9BB103] in D_FEE PID.SchDoc
Update Managed Component C14 From CMP-2100-03600-2[100nF] To CMP-2100-03600-2[CC0603KRX7R9BB103] in D_FEE PID.SchDoc
Update Managed Component C15 From CMP-2100-03600-2[1uF] To CMP-2100-03600-2[CC0603KRX7R9BB103] in D_FEE PID.SchDoc
Update Managed Component C16 From CMP-2100-03600-2[10pF] To CMP-2100-03600-2[CC0603KRX7R9BB103] in D_FEE PID.SchDoc
Update Managed Component C17 From CMP-2100-03600-2[10pF] To CMP-2100-03600-2[CC0603KRX7R9BB103] in D_FEE PID.SchDoc
Update Managed Component C18 From CMP-2100-03600-2[22nF] To CMP-2100-03600-2[CC0603KRX7R9BB103] in D_FEE PID.SchDoc
Update Managed Component C19 From CMP-2100-03600-2[100nF] To CMP-2100-03600-2[CC0603KRX7R9BB103] in D_FEE PID.SchDoc
Update Managed Component C20 From CMP-2100-03600-2[100nF] To CMP-2100-03600-2[CC0603KRX7R9BB103] in D_FEE PID.SchDoc
Update Managed Component C21 From CMP-2100-03600-2[100nF] To CMP-2100-03600-2[CC0603KRX7R9BB103] in D_FEE PID.SchDoc
Update Managed Component C22 From CMP-2100-03600-2[100nF] To CMP-2100-03600-2[CC0603KRX7R9BB103] in D_FEE PID.SchDoc
Update Managed Component C23 From CMP-2100-03600-2[100nF] To CMP-2100-03600-2[CC0603KRX7R9BB103] in D_FEE PID.SchDoc
Update Managed Component C24 From CMP-2100-03600-2[1uF] To CMP-2100-03600-2[CC0603KRX7R9BB103] in D_FEE PID.SchDoc
Update Managed Component C25 From CMP-2100-03600-2[1uF] To CMP-2100-03600-2[CC0603KRX7R9BB103] in D_FEE PID.SchDoc
Update Managed Component D1 From CMP-2000-05199-2[LTST-C191KRKT] To CMP-2000-05199-2[LTST-C191KRKT] in D_FEE PID.SchDoc
Update Managed Component D2 From CMP-06359-000012-1[1N4148] To CMP-06359-000012-1[JANTXV1N4148UR-1] in D_FEE PID.SchDoc
Update Managed Component D3 From CMP-22017-000008-1[LTST-C191TBKT] To CMP-22017-000008-1[LTST-C191TBKT] in D_FEE PID.SchDoc
Update Managed Component D4 From CMP-22017-000008-1[LTST-C191TBKT] To CMP-22017-000008-1[LTST-C191TBKT] in D_FEE PID.SchDoc
Update Managed Component D5 From CMP-22017-000008-1[LTST-C191TBKT] To CMP-22017-000008-1[LTST-C191TBKT] in D_FEE PID.SchDoc
Update Managed Component D6 From CMP-22017-000008-1[LTST-C191TBKT] To CMP-22017-000008-1[LTST-C191TBKT] in D_FEE PID.SchDoc
Update Managed Component D7 From CMP-06359-000012-1[1N4148] To CMP-06359-000012-1[JANTXV1N4148UR-1] in D_FEE PID.SchDoc
Update Managed Component D8 From CMP-22017-000008-1[LTST-C191TBKT] To CMP-22017-000008-1[LTST-C191TBKT] in D_FEE PID.SchDoc
Update Managed Component D9 From CMP-22017-000008-1[LTST-C191TBKT] To CMP-22017-000008-1[LTST-C191TBKT] in D_FEE PID.SchDoc
Update Managed Component D10 From CMP-22017-000008-1[LTST-C191TBKT] To CMP-22017-000008-1[LTST-C191TBKT] in D_FEE PID.SchDoc
Update Managed Component D11 From CMP-22017-000008-1[LTST-C191TBKT] To CMP-22017-000008-1[LTST-C191TBKT] in D_FEE PID.SchDoc
Update Managed Component D12 From CMP-2000-05199-2[LTST-C191KRKT] To CMP-2000-05199-2[LTST-C191KRKT] in D_FEE PID.SchDoc
Replace Part F1 Fuse in D:\PID_2024\PCB\D_FEE PID\D_FEE PID.SchDoc with Fuse from Thu Vi?n Altium FULL HD.IntLib
Update Managed Component F2 From CMP-07400-000012-1[FUSE 1206] To CMP-07400-000012-1[MF-NSMF110-2] in D_FEE PID.SchDoc
Update Managed Component fet1 From CMP-32901-000011-1[IRF3205STRLPBF] To CMP-32901-000011-1[IRF3205STRLPBF] in D_FEE PID.SchDoc
Update Managed Component fet2 From CMP-32901-000011-1[IRF3205STRLPBF] To CMP-32901-000011-1[IRF3205STRLPBF] in D_FEE PID.SchDoc
Update Managed Component fet3 From CMP-32901-000011-1[IRF3205STRLPBF] To CMP-32901-000011-1[IRF3205STRLPBF] in D_FEE PID.SchDoc
Update Managed Component fet4 From CMP-32901-000011-1[IRF3205STRLPBF] To CMP-32901-000011-1[IRF3205STRLPBF] in D_FEE PID.SchDoc
Replace Part IC1 RT9193-33GB in D:\PID_2024\PCB\D_FEE PID\D_FEE PID.SchDoc with RT9193-33GB from Library_Official.IntLib
Update Managed Component J1 From CMP-17439-000164-1[SPI] To CMP-17439-000164-1[S6B-XH-SM4-TB(LF)(SN)] in D_FEE PID.SchDoc
Update Managed Component J2 From CMP-17439-000072-1[UART] To CMP-17439-000072-1[S4B-XH-SM4-TB(LF)(SN)] in D_FEE PID.SchDoc
Update Managed Component J3 From CMP-17439-000072-1[ENCODER] To CMP-17439-000072-1[S4B-XH-SM4-TB(LF)(SN)] in D_FEE PID.SchDoc
Update Managed Component J4 From CMP-17439-000072-1[CAN_BUS] To CMP-17439-000072-1[S4B-XH-SM4-TB(LF)(SN)] in D_FEE PID.SchDoc
Replace Part MOTOR1 XT60PW-M in D:\PID_2024\PCB\D_FEE PID\D_FEE PID.SchDoc with XT60PW-M from Library_Official.IntLib
Replace Part PWR1 XT60PW-M in D:\PID_2024\PCB\D_FEE PID\D_FEE PID.SchDoc with XT60PW-M from Library_Official.IntLib
Replace Part R1 Res-SMD in D:\PID_2024\PCB\D_FEE PID\D_FEE PID.SchDoc with Res-SMD from Thu Vi?n Altium FULL HD.IntLib
Replace Part R2 Res-SMD in D:\PID_2024\PCB\D_FEE PID\D_FEE PID.SchDoc with Res-SMD from Thu Vi?n Altium FULL HD.IntLib
Replace Part R3 Res-SMD in D:\PID_2024\PCB\D_FEE PID\D_FEE PID.SchDoc with Res-SMD from Thu Vi?n Altium FULL HD.IntLib
Replace Part R4 Res-SMD in D:\PID_2024\PCB\D_FEE PID\D_FEE PID.SchDoc with Res-SMD from Thu Vi?n Altium FULL HD.IntLib
Replace Part R5 Res-SMD in D:\PID_2024\PCB\D_FEE PID\D_FEE PID.SchDoc with Res-SMD from Thu Vi?n Altium FULL HD.IntLib
Replace Part R6 Res-SMD in D:\PID_2024\PCB\D_FEE PID\D_FEE PID.SchDoc with Res-SMD from Thu Vi?n Altium FULL HD.IntLib
Replace Part R7 Res-SMD in D:\PID_2024\PCB\D_FEE PID\D_FEE PID.SchDoc with Res-SMD from Thu Vi?n Altium FULL HD.IntLib
Replace Part R8 Res-SMD in D:\PID_2024\PCB\D_FEE PID\D_FEE PID.SchDoc with Res-SMD from Thu Vi?n Altium FULL HD.IntLib
Replace Part R9 Res-SMD in D:\PID_2024\PCB\D_FEE PID\D_FEE PID.SchDoc with Res-SMD from Thu Vi?n Altium FULL HD.IntLib
Replace Part R10 Res-SMD in D:\PID_2024\PCB\D_FEE PID\D_FEE PID.SchDoc with Res-SMD from Thu Vi?n Altium FULL HD.IntLib
Replace Part R11 Res-SMD in D:\PID_2024\PCB\D_FEE PID\D_FEE PID.SchDoc with Res-SMD from Thu Vi?n Altium FULL HD.IntLib
Replace Part R12 Res-SMD in D:\PID_2024\PCB\D_FEE PID\D_FEE PID.SchDoc with Res-SMD from Thu Vi?n Altium FULL HD.IntLib
Replace Part R13 Res-SMD in D:\PID_2024\PCB\D_FEE PID\D_FEE PID.SchDoc with Res-SMD from Thu Vi?n Altium FULL HD.IntLib
Replace Part R14 Res-SMD in D:\PID_2024\PCB\D_FEE PID\D_FEE PID.SchDoc with Res-SMD from Thu Vi?n Altium FULL HD.IntLib
Replace Part R15 Res-SMD in D:\PID_2024\PCB\D_FEE PID\D_FEE PID.SchDoc with Res-SMD from Thu Vi?n Altium FULL HD.IntLib
Replace Part R16 Res-SMD in D:\PID_2024\PCB\D_FEE PID\D_FEE PID.SchDoc with Res-SMD from Thu Vi?n Altium FULL HD.IntLib
Replace Part R17 Res-SMD in D:\PID_2024\PCB\D_FEE PID\D_FEE PID.SchDoc with Res-SMD from Thu Vi?n Altium FULL HD.IntLib
Replace Part R18 Res-SMD in D:\PID_2024\PCB\D_FEE PID\D_FEE PID.SchDoc with Res-SMD from Thu Vi?n Altium FULL HD.IntLib
Replace Part R19 Res-SMD in D:\PID_2024\PCB\D_FEE PID\D_FEE PID.SchDoc with Res-SMD from Thu Vi?n Altium FULL HD.IntLib
Replace Part R20 Res-SMD in D:\PID_2024\PCB\D_FEE PID\D_FEE PID.SchDoc with Res-SMD from Thu Vi?n Altium FULL HD.IntLib
Replace Part R21 Res-SMD in D:\PID_2024\PCB\D_FEE PID\D_FEE PID.SchDoc with Res-SMD from Thu Vi?n Altium FULL HD.IntLib
Replace Part R22 Res-SMD in D:\PID_2024\PCB\D_FEE PID\D_FEE PID.SchDoc with Res-SMD from Thu Vi?n Altium FULL HD.IntLib
Replace Part R23 Res-SMD in D:\PID_2024\PCB\D_FEE PID\D_FEE PID.SchDoc with Res-SMD from Thu Vi?n Altium FULL HD.IntLib
Replace Part R24 Res-SMD in D:\PID_2024\PCB\D_FEE PID\D_FEE PID.SchDoc with Res-SMD from Thu Vi?n Altium FULL HD.IntLib
Replace Part R25 Res-SMD in D:\PID_2024\PCB\D_FEE PID\D_FEE PID.SchDoc with Res-SMD from Thu Vi?n Altium FULL HD.IntLib
Replace Part R26 Res-SMD in D:\PID_2024\PCB\D_FEE PID\D_FEE PID.SchDoc with Res-SMD from Thu Vi?n Altium FULL HD.IntLib
Replace Part R27 Res-SMD in D:\PID_2024\PCB\D_FEE PID\D_FEE PID.SchDoc with Res-SMD from Thu Vi?n Altium FULL HD.IntLib
Replace Part R28 Res-SMD in D:\PID_2024\PCB\D_FEE PID\D_FEE PID.SchDoc with Res-SMD from Thu Vi?n Altium FULL HD.IntLib
Replace Part R29 Res-SMD in D:\PID_2024\PCB\D_FEE PID\D_FEE PID.SchDoc with Res-SMD from Thu Vi?n Altium FULL HD.IntLib
Replace Part R30 Res-SMD in D:\PID_2024\PCB\D_FEE PID\D_FEE PID.SchDoc with Res-SMD from Thu Vi?n Altium FULL HD.IntLib
Replace Part R31 Res-SMD in D:\PID_2024\PCB\D_FEE PID\D_FEE PID.SchDoc with Res-SMD from Thu Vi?n Altium FULL HD.IntLib
Replace Part R32 Res-SMD in D:\PID_2024\PCB\D_FEE PID\D_FEE PID.SchDoc with Res-SMD from Thu Vi?n Altium FULL HD.IntLib
Replace Part R33 Res-SMD in D:\PID_2024\PCB\D_FEE PID\D_FEE PID.SchDoc with Res-SMD from Thu Vi?n Altium FULL HD.IntLib
Replace Part R34 Res-SMD in D:\PID_2024\PCB\D_FEE PID\D_FEE PID.SchDoc with Res-SMD from Thu Vi?n Altium FULL HD.IntLib
Replace Part R35 Res-SMD in D:\PID_2024\PCB\D_FEE PID\D_FEE PID.SchDoc with Res-SMD from Thu Vi?n Altium FULL HD.IntLib
Replace Part TP1 TP in D:\PID_2024\PCB\D_FEE PID\D_FEE PID.SchDoc with TP from Library_Official.IntLib
Replace Part TP2 TP in D:\PID_2024\PCB\D_FEE PID\D_FEE PID.SchDoc with TP from Library_Official.IntLib
Replace Part TP3 TP in D:\PID_2024\PCB\D_FEE PID\D_FEE PID.SchDoc with TP from Library_Official.IntLib
Replace Part TP4 TP in D:\PID_2024\PCB\D_FEE PID\D_FEE PID.SchDoc with TP from Library_Official.IntLib
Update Managed Component U1 From CMP-0244-00203-1[L78M15CDT-TR] To CMP-0244-00203-1[L78M15CDT-TR] in D_FEE PID.SchDoc
Update Managed Component U2 From CMP-0244-00406-1[L78L05ABUTR] To CMP-0244-00406-1[L78L05ABUTR] in D_FEE PID.SchDoc
Update Managed Component U3 From CMP-0859-00454-5[SN74LVC2G14DCKR] To CMP-0859-00454-5[SN74LVC2G14DCKR] in D_FEE PID.SchDoc
Update Managed Component U4 From CMP-32851-000025-1[IR2184SPBF] To CMP-32851-000025-1[IR2184SPBF] in D_FEE PID.SchDoc
Update Managed Component U5 From CMP-0859-00454-5[SN74LVC2G14DCKR] To CMP-0859-00454-5[SN74LVC2G14DCKR] in D_FEE PID.SchDoc
Update Managed Component U6 From CMP-18400-000027-1[HCPL-0631-500E] To CMP-18400-000027-1[HCPL-0631-500E] in D_FEE PID.SchDoc
Update Managed Component U7 From CMP-32851-000025-1[IR2184SPBF] To CMP-32851-000025-1[IR2184SPBF] in D_FEE PID.SchDoc
Update Managed Component U8 From CMP-0237-00215-3[STM32F103C8T6] To CMP-0237-00215-3[STM32F103C8T6] in D_FEE PID.SchDoc
Update Managed Component U8 From CMP-0237-00215-3[STM32F103C8T6] To CMP-0237-00215-3[STM32F103C8T6] in D_FEE PID.SchDoc
Update Managed Component U9 From CMP-0186-00138-3[MCP2551-I/SN] To CMP-0186-00138-3[MCP2551-I/SN] in D_FEE PID.SchDoc
Update Managed Component USB1 From CMP-245163-000002-1[USB4110-GF-A] To CMP-245163-000002-1[USB4110-GF-A] in D_FEE PID.SchDoc
Update Managed Component X1 From CMP-2000-05034-2[8Mhz] To CMP-2000-05034-2[ABM7-8.000MHZ-D2Y-T] in D_FEE PID.SchDoc
