Change Component Designator: Old Designator=C15 New Designator=C16
Change Component Designator: Old Designator=C16 New Designator=C17
Change Component Designator: Old Designator=C17 New Designator=C18
Change Component Designator: Old Designator=C18 New Designator=C19
Change Component Designator: Old Designator=C19 New Designator=C20
Change Component Designator: Old Designator=C20 New Designator=C21
Change Component Designator: Old Designator=C21 New Designator=C22
Change Component Designator: Old Designator=C22 New Designator=C23
Change Component Designator: Old Designator=C23 New Designator=C24
Change Component Designator: Old Designator=C24 New Designator=C25
Change Component Designator: Old Designator=C? New Designator=C15
Change Component Designator: Old Designator=J? New Designator=J5
Change Component Designator: Old Designator=R28 New Designator=R29
Change Component Designator: Old Designator=R29 New Designator=R30
Change Component Designator: Old Designator=R30 New Designator=R32
Change Component Designator: Old Designator=R31 New Designator=R33
Change Component Designator: Old Designator=R32 New Designator=R34
Change Component Designator: Old Designator=R33 New Designator=R35
Change Component Designator: Old Designator=R34 New Designator=R36
Change Component Designator: Old Designator=R35 New Designator=R37
Change Component Designator: Old Designator=R? New Designator=R28
Change Component Designator: Old Designator=R? New Designator=R31
Change Component Designator: Old Designator=U9 New Designator=U10
Change Component Designator: Old Designator=U? New Designator=U9
